2023-03-20 05:57:56,644 - [INFO] - {'dataset': 'amazon-book', 'data_path': './data/', 'name': 'amazon-book_MF_mode_weight_mean_uniform_gpu_cosine_TAU_Adap_tau_Loss_2048_1024_lr_1e-3_l2_1e-7_t1_1.0_t2_1.0_nodrop_20_03_2023_05:57:56', 'train_ratio': 0.8, 'gnn': 'mf_simplex', 'epoch': 1000, 'batch_size': 2048, 'test_batch_size': 2048, 'dim': 64, 'l2': 1e-07, 'lr': 0.001, 'mess_dropout': False, 'mess_dropout_rate': 0.1, 'edge_dropout': False, 'edge_dropout_rate': 0.1, 'batch_test_flag': True, 'ns': 'uniform', 'K': 1, 'n_negs': 1024, 'pool': 'mean', 'cuda': True, 'gpu_id': 0, 'Ks': '[10, 20, 50]', 'test_flag': 'part', 'context_hops': 3, 'eval_earlystop': 'recall@20', 'tau_plus': 0.1, 'temperature': 1.0, 'beta': 1.0, 'sample_num': 2048, 's_neg': 64, 's_pos': 64, 'norm_change': False, 'norm_path': None, 'u_norm': True, 'i_norm': True, 'alpha': 0.1, 'save': False, 'save_analyses': False, 'log_hard_rate': False, 'norm_before': False, 'norm_after': False, 'batch_var': False, 'out_dir': './weights/', 'log_dir': './log/', 'config_dir': './config/', 'restore': False, 'bash_train': False, 'emb_l2': False, 'lam': 0.1, 'lam_per_epoch': 0.1, 'margin': 0.9, 'negative_weight': 150, 'loss_fn': 'Adap_tau_Loss', 'sampling_method': 'uniform_gpu', 'load_name': 'uniform', 'generate_mode': 'cosine', 'reweight_period': 5, 'mix_target': 'mix_target', 'mask_distribution': 'mask_distribution', 'neg_alpha': 1.6, 'pos_alpha': 2.0, 'dim_mask': 'both', 'expolation_mask': False, 'mix_replace': False, 'save_emb': False, 'sample_replace': False, 'init_norm': 'uniform', 'init_mean': 2.0, 'init_std': 2.0, 'pop_pow': 1.0, 'save_mle': False, 'l2_mode': 'static', 'temperature_2': 1.0, 'temperature_3': 1.0, 'group_valid': False, 'score_save': 'alpha', 'tau_min': 0.05, 'tau_max': 0.15, 'm': 0.9, 'pow_rate': 0.9, 't_min': 0.05, 't_max': 0.15, 't_epoch': 0.01, 't_patience': 10, 'tau_mode': 'weight_mean', 'pos_num': 10, 'beta_1': 10, 'beta_2': 10, 'kl_mode': 'kl', 'lam_bank': False, 'neg_rate': '', 'trans_mode': 'minmax', 'pos_memory_func': 'v1', 'tau_memory_func': 'v1', 'kl_memory_fun': 'v0', 'm_tau': 0.9, 'just_lr': False, 'min_lr': 1e-06, 'cnt_lr': 100, 'pos_mode': 'feed_loss'}
2023-03-20 05:57:59,889 - [INFO] - load train.txt
2023-03-20 05:58:05,998 - [INFO] - building the adj mat ...
2023-03-20 05:58:06,992 - [INFO] - train set len is 2380730
2023-03-20 05:58:06,992 - [INFO] - test set len is 603378
2023-03-20 05:58:06,992 - [INFO] - loading over ...
2023-03-20 05:58:06,992 - [INFO] - users are 52643 items are 91599
Adap_tau_Loss
start to make tables
2023-03-20 05:58:16,258 - [INFO] - Evaluation Protocols is 1 @ 20
2023-03-20 05:58:16,259 - [INFO] - start training ...
6.761529952716888
2023-03-20 05:58:16,343 - [INFO] - current w_0 is 9.65932889229748
2023-03-20 05:59:31,461 - [INFO] - E:0|TAU:9.659 9.659, train_time: 73.37, VALID_time: 1.745, loss: 6.749e+03, emb_loss:1.307e-06, best_valid(recall@20): -inf
valid 	 N@10: 0.02055, R@10: 0.01933, P@10: 0.01622
valid 	 N@20: 0.02591, R@20: 0.03292, P@20: 0.01419
valid 	 N@50: 0.03695, R@50: 0.06249, P@50: 0.01116

6.761529952716888
2023-03-20 05:59:31,638 - [INFO] - current w_0 is 9.65932889229748
2023-03-20 06:00:45,886 - [INFO] - E:1|TAU:7.858 26.26, train_time: 72.45, VALID_time: 1.794, loss: 4.692e+03, emb_loss:3.109e-06, best_valid(recall@20): 0.03292
valid 	 N@10: 0.02573, R@10: 0.02439, P@10: 0.01972
valid 	 N@20: 0.03234, R@20: 0.04116, P@20: 0.01704
valid 	 N@50: 0.04591, R@50: 0.07762, P@50: 0.01337

6.761529952716888
2023-03-20 06:00:46,044 - [INFO] - current w_0 is 9.65932889229748
2023-03-20 06:02:00,299 - [INFO] - E:2|TAU:7.835 17.31, train_time: 72.52, VALID_time: 1.734, loss: 4.159e+03, emb_loss:4.949e-06, best_valid(recall@20): 0.04116
valid 	 N@10: 0.02775, R@10: 0.02648, P@10: 0.02112
valid 	 N@20: 0.03507, R@20: 0.04492, P@20: 0.01833
valid 	 N@50: 0.04969, R@50: 0.08418, P@50: 0.01434

6.761529952716888
2023-03-20 06:02:00,453 - [INFO] - current w_0 is 9.65932889229748
2023-03-20 06:03:14,692 - [INFO] - E:3|TAU:7.775 20.86, train_time: 72.51, VALID_time: 1.723, loss: 3.994e+03, emb_loss:7.027e-06, best_valid(recall@20): 0.04492
valid 	 N@10: 0.0286, R@10: 0.02761, P@10: 0.02177
valid 	 N@20: 0.03635, R@20: 0.0468, P@20: 0.01903
valid 	 N@50: 0.05169, R@50: 0.0879, P@50: 0.0149

6.761529952716888
2023-03-20 06:03:14,846 - [INFO] - current w_0 is 9.65932889229748
2023-03-20 06:04:29,023 - [INFO] - E:4|TAU:7.761 16.87, train_time: 72.47, VALID_time: 1.7, loss: 3.884e+03, emb_loss:9.385e-06, best_valid(recall@20): 0.0468
valid 	 N@10: 0.0293, R@10: 0.02825, P@10: 0.02219
valid 	 N@20: 0.03729, R@20: 0.04801, P@20: 0.01941
valid 	 N@50: 0.05297, R@50: 0.09004, P@50: 0.01521

6.761529952716888
2023-03-20 06:04:29,196 - [INFO] - current w_0 is 9.65932889229748
2023-03-20 06:05:43,324 - [INFO] - E:5|TAU:7.742 17.52, train_time: 72.44, VALID_time: 1.688, loss: 3.812e+03, emb_loss:1.199e-05, best_valid(recall@20): 0.04801
valid 	 N@10: 0.02995, R@10: 0.02889, P@10: 0.02274
valid 	 N@20: 0.038, R@20: 0.04891, P@20: 0.01975
valid 	 N@50: 0.05372, R@50: 0.09105, P@50: 0.01537

6.761529952716888
2023-03-20 06:05:43,485 - [INFO] - current w_0 is 9.65932889229748
2023-03-20 06:06:57,726 - [INFO] - E:6|TAU:7.724 17.2, train_time: 72.5, VALID_time: 1.736, loss: 3.757e+03, emb_loss:1.48e-05, best_valid(recall@20): 0.04891
valid 	 N@10: 0.03015, R@10: 0.02926, P@10: 0.02302
valid 	 N@20: 0.03826, R@20: 0.0494, P@20: 0.01996
valid 	 N@50: 0.05435, R@50: 0.09248, P@50: 0.01561

6.761529952716888
2023-03-20 06:06:57,892 - [INFO] - current w_0 is 9.65932889229748
2023-03-20 06:08:12,385 - [INFO] - E:7|TAU:7.71 16.97, train_time: 72.52, VALID_time: 1.972, loss: 3.711e+03, emb_loss:1.775e-05, best_valid(recall@20): 0.0494
valid 	 N@10: 0.03077, R@10: 0.02972, P@10: 0.02335
valid 	 N@20: 0.03892, R@20: 0.04992, P@20: 0.02023
valid 	 N@50: 0.05512, R@50: 0.09336, P@50: 0.0158

6.761529952716888
2023-03-20 06:08:12,516 - [INFO] - current w_0 is 9.65932889229748
2023-03-20 06:09:26,675 - [INFO] - E:8|TAU:7.699 16.72, train_time: 72.5, VALID_time: 1.657, loss: 3.673e+03, emb_loss:2.082e-05, best_valid(recall@20): 0.04992
valid 	 N@10: 0.03077, R@10: 0.02964, P@10: 0.02343
valid 	 N@20: 0.03903, R@20: 0.05033, P@20: 0.02034
valid 	 N@50: 0.05523, R@50: 0.09376, P@50: 0.01585

6.761529952716888
2023-03-20 06:09:26,854 - [INFO] - current w_0 is 9.65932889229748
2023-03-20 06:10:41,102 - [INFO] - E:9|TAU:7.687 17.2, train_time: 72.57, VALID_time: 1.675, loss: 3.641e+03, emb_loss:2.397e-05, best_valid(recall@20): 0.05033
valid 	 N@10: 0.0308, R@10: 0.02975, P@10: 0.02336
valid 	 N@20: 0.03913, R@20: 0.05041, P@20: 0.02033
valid 	 N@50: 0.05543, R@50: 0.09414, P@50: 0.01585

6.761529952716888
2023-03-20 06:10:41,257 - [INFO] - current w_0 is 9.65932889229748
2023-03-20 06:11:55,398 - [INFO] - E:10|TAU:7.679 16.34, train_time: 72.52, VALID_time: 1.62, loss: 3.613e+03, emb_loss:2.718e-05, best_valid(recall@20): 0.05041
valid 	 N@10: 0.03107, R@10: 0.02992, P@10: 0.02353
valid 	 N@20: 0.03953, R@20: 0.05092, P@20: 0.02056
valid 	 N@50: 0.056, R@50: 0.09514, P@50: 0.01602

6.761529952716888
2023-03-20 06:11:55,547 - [INFO] - current w_0 is 9.65932889229748
2023-03-20 06:13:09,803 - [INFO] - E:11|TAU:7.676 17.04, train_time: 72.59, VALID_time: 1.661, loss: 3.589e+03, emb_loss:3.045e-05, best_valid(recall@20): 0.05092
valid 	 N@10: 0.03146, R@10: 0.0304, P@10: 0.02389
valid 	 N@20: 0.03971, R@20: 0.051, P@20: 0.02059
valid 	 N@50: 0.05602, R@50: 0.09477, P@50: 0.01598

6.761529952716888
2023-03-20 06:13:09,945 - [INFO] - current w_0 is 9.65932889229748
2023-03-20 06:14:24,134 - [INFO] - E:12|TAU:7.67 16.97, train_time: 72.52, VALID_time: 1.664, loss: 3.568e+03, emb_loss:3.376e-05, best_valid(recall@20): 0.051
valid 	 N@10: 0.03125, R@10: 0.0303, P@10: 0.02373
valid 	 N@20: 0.0395, R@20: 0.05072, P@20: 0.02052
valid 	 N@50: 0.05619, R@50: 0.09557, P@50: 0.01607

6.761529952716888
2023-03-20 06:14:24,219 - [INFO] - current w_0 is 9.65932889229748
2023-03-20 06:15:38,392 - [INFO] - E:13|TAU:7.664 16.97, train_time: 72.46, VALID_time: 1.708, loss: 3.55e+03, emb_loss:3.711e-05, best_valid(recall@20): 0.051
valid 	 N@10: 0.03122, R@10: 0.03038, P@10: 0.02379
valid 	 N@20: 0.0396, R@20: 0.05114, P@20: 0.02063
valid 	 N@50: 0.05616, R@50: 0.09565, P@50: 0.01609

6.761529952716888
2023-03-20 06:15:38,552 - [INFO] - current w_0 is 9.65932889229748
2023-03-20 06:16:52,851 - [INFO] - E:14|TAU:7.661 16.5, train_time: 72.51, VALID_time: 1.791, loss: 3.533e+03, emb_loss:4.049e-05, best_valid(recall@20): 0.05114
valid 	 N@10: 0.03147, R@10: 0.03045, P@10: 0.02394
valid 	 N@20: 0.03978, R@20: 0.0511, P@20: 0.02069
valid 	 N@50: 0.05641, R@50: 0.09574, P@50: 0.01614

6.761529952716888
2023-03-20 06:16:52,928 - [INFO] - current w_0 is 9.65932889229748
2023-03-20 06:18:07,030 - [INFO] - E:15|TAU:7.655 17.16, train_time: 72.51, VALID_time: 1.592, loss: 3.518e+03, emb_loss:4.39e-05, best_valid(recall@20): 0.05114
valid 	 N@10: 0.03138, R@10: 0.0303, P@10: 0.02383
valid 	 N@20: 0.03979, R@20: 0.05128, P@20: 0.02069
valid 	 N@50: 0.05654, R@50: 0.09625, P@50: 0.01618

6.761529952716888
2023-03-20 06:18:07,168 - [INFO] - current w_0 is 9.65932889229748
2023-03-20 06:19:21,932 - [INFO] - E:16|TAU:7.651 16.18, train_time: 72.54, VALID_time: 2.224, loss: 3.505e+03, emb_loss:4.733e-05, best_valid(recall@20): 0.05128
valid 	 N@10: 0.03151, R@10: 0.03037, P@10: 0.02386
valid 	 N@20: 0.04005, R@20: 0.05161, P@20: 0.0208
valid 	 N@50: 0.05672, R@50: 0.09634, P@50: 0.01622

6.761529952716888
2023-03-20 06:19:22,082 - [INFO] - current w_0 is 9.65932889229748
2023-03-20 06:20:36,805 - [INFO] - E:17|TAU:7.652 16.62, train_time: 72.96, VALID_time: 1.765, loss: 3.493e+03, emb_loss:5.077e-05, best_valid(recall@20): 0.05161
valid 	 N@10: 0.03153, R@10: 0.03054, P@10: 0.024
valid 	 N@20: 0.04011, R@20: 0.05183, P@20: 0.02092
valid 	 N@50: 0.05671, R@50: 0.09638, P@50: 0.01623

6.761529952716888
2023-03-20 06:20:36,971 - [INFO] - current w_0 is 9.65932889229748
2023-03-20 06:21:51,099 - [INFO] - E:18|TAU:7.648 17.16, train_time: 72.44, VALID_time: 1.681, loss: 3.482e+03, emb_loss:5.424e-05, best_valid(recall@20): 0.05183
valid 	 N@10: 0.03164, R@10: 0.03059, P@10: 0.02405
valid 	 N@20: 0.04016, R@20: 0.0518, P@20: 0.02088
valid 	 N@50: 0.0569, R@50: 0.09674, P@50: 0.01627

6.761529952716888
2023-03-20 06:21:51,190 - [INFO] - current w_0 is 9.65932889229748
2023-03-20 06:23:05,445 - [INFO] - E:19|TAU:7.645 16.44, train_time: 72.47, VALID_time: 1.786, loss: 3.472e+03, emb_loss:5.772e-05, best_valid(recall@20): 0.05183
valid 	 N@10: 0.03186, R@10: 0.03096, P@10: 0.02431
valid 	 N@20: 0.0402, R@20: 0.0518, P@20: 0.0209
valid 	 N@50: 0.05678, R@50: 0.09633, P@50: 0.0162

6.761529952716888
2023-03-20 06:23:05,536 - [INFO] - current w_0 is 9.65932889229748
2023-03-20 06:24:20,046 - [INFO] - E:20|TAU:7.643 16.5, train_time: 72.51, VALID_time: 1.996, loss: 3.462e+03, emb_loss:6.122e-05, best_valid(recall@20): 0.05183
valid 	 N@10: 0.03181, R@10: 0.03076, P@10: 0.02427
valid 	 N@20: 0.04022, R@20: 0.05178, P@20: 0.02092
valid 	 N@50: 0.05683, R@50: 0.09641, P@50: 0.01623

6.761529952716888
2023-03-20 06:24:20,119 - [INFO] - current w_0 is 9.65932889229748
2023-03-20 06:25:34,301 - [INFO] - E:21|TAU:7.638 17.02, train_time: 72.47, VALID_time: 1.714, loss: 3.454e+03, emb_loss:6.474e-05, best_valid(recall@20): 0.05183
valid 	 N@10: 0.03196, R@10: 0.03098, P@10: 0.02433
valid 	 N@20: 0.04041, R@20: 0.05212, P@20: 0.02097
valid 	 N@50: 0.05721, R@50: 0.09717, P@50: 0.01636

6.761529952716888
2023-03-20 06:25:34,468 - [INFO] - current w_0 is 9.65932889229748
2023-03-20 06:26:48,827 - [INFO] - E:22|TAU:7.639 16.68, train_time: 72.59, VALID_time: 1.767, loss: 3.445e+03, emb_loss:6.827e-05, best_valid(recall@20): 0.05212
valid 	 N@10: 0.03186, R@10: 0.03074, P@10: 0.02422
valid 	 N@20: 0.04044, R@20: 0.05212, P@20: 0.02101
valid 	 N@50: 0.05718, R@50: 0.09703, P@50: 0.01632

6.761529952716888
2023-03-20 06:26:48,985 - [INFO] - current w_0 is 9.65932889229748
2023-03-20 06:28:03,324 - [INFO] - E:23|TAU:7.638 16.68, train_time: 72.58, VALID_time: 1.756, loss: 3.438e+03, emb_loss:7.18e-05, best_valid(recall@20): 0.05212
valid 	 N@10: 0.03202, R@10: 0.03105, P@10: 0.02444
valid 	 N@20: 0.04044, R@20: 0.05213, P@20: 0.02107
valid 	 N@50: 0.05719, R@50: 0.09716, P@50: 0.01634

6.761529952716888
2023-03-20 06:28:03,507 - [INFO] - current w_0 is 9.65932889229748
2023-03-20 06:29:17,898 - [INFO] - E:24|TAU:7.636 16.45, train_time: 72.58, VALID_time: 1.805, loss: 3.431e+03, emb_loss:7.535e-05, best_valid(recall@20): 0.05213
valid 	 N@10: 0.03178, R@10: 0.03073, P@10: 0.02422
valid 	 N@20: 0.04032, R@20: 0.052, P@20: 0.02101
valid 	 N@50: 0.05714, R@50: 0.09717, P@50: 0.01635

6.761529952716888
2023-03-20 06:29:18,000 - [INFO] - current w_0 is 9.65932889229748
2023-03-20 06:30:32,388 - [INFO] - E:25|TAU:7.635 17.11, train_time: 72.46, VALID_time: 1.928, loss: 3.425e+03, emb_loss:7.891e-05, best_valid(recall@20): 0.05213
valid 	 N@10: 0.03195, R@10: 0.03108, P@10: 0.02441
valid 	 N@20: 0.04044, R@20: 0.05222, P@20: 0.02108
valid 	 N@50: 0.05726, R@50: 0.09736, P@50: 0.01638

6.761529952716888
2023-03-20 06:30:32,554 - [INFO] - current w_0 is 9.65932889229748
2023-03-20 06:31:46,712 - [INFO] - E:26|TAU:7.633 16.62, train_time: 72.45, VALID_time: 1.706, loss: 3.418e+03, emb_loss:8.248e-05, best_valid(recall@20): 0.05222
valid 	 N@10: 0.03193, R@10: 0.03097, P@10: 0.02438
valid 	 N@20: 0.04045, R@20: 0.05224, P@20: 0.02108
valid 	 N@50: 0.0573, R@50: 0.09749, P@50: 0.0164

6.761529952716888
2023-03-20 06:31:46,877 - [INFO] - current w_0 is 9.65932889229748
2023-03-20 06:33:01,012 - [INFO] - E:27|TAU:7.632 16.37, train_time: 72.48, VALID_time: 1.651, loss: 3.412e+03, emb_loss:8.606e-05, best_valid(recall@20): 0.05224
valid 	 N@10: 0.03201, R@10: 0.0312, P@10: 0.02448
valid 	 N@20: 0.04051, R@20: 0.05241, P@20: 0.02111
valid 	 N@50: 0.05735, R@50: 0.09765, P@50: 0.0164

6.761529952716888
2023-03-20 06:33:01,176 - [INFO] - current w_0 is 9.65932889229748
2023-03-20 06:34:15,418 - [INFO] - E:28|TAU:7.631 16.52, train_time: 72.41, VALID_time: 1.831, loss: 3.407e+03, emb_loss:8.964e-05, best_valid(recall@20): 0.05241
valid 	 N@10: 0.03188, R@10: 0.03092, P@10: 0.02433
valid 	 N@20: 0.04054, R@20: 0.05246, P@20: 0.02112
valid 	 N@50: 0.0574, R@50: 0.09778, P@50: 0.01638

6.761529952716888
2023-03-20 06:34:18,277 - [INFO] - current w_0 is 9.65932889229748
2023-03-20 06:35:32,388 - [INFO] - E:29|TAU:7.629 16.87, train_time: 72.47, VALID_time: 1.635, loss: 3.402e+03, emb_loss:9.323e-05, best_valid(recall@20): 0.05246
valid 	 N@10: 0.03205, R@10: 0.03104, P@10: 0.02443
valid 	 N@20: 0.04055, R@20: 0.05231, P@20: 0.02106
valid 	 N@50: 0.0574, R@50: 0.09759, P@50: 0.01639

6.761529952716888
2023-03-20 06:35:32,477 - [INFO] - current w_0 is 9.65932889229748
2023-03-20 06:36:47,138 - [INFO] - E:30|TAU:7.629 16.47, train_time: 72.48, VALID_time: 2.184, loss: 3.397e+03, emb_loss:9.683e-05, best_valid(recall@20): 0.05246
valid 	 N@10: 0.03208, R@10: 0.03103, P@10: 0.02443
valid 	 N@20: 0.04055, R@20: 0.05225, P@20: 0.02104
valid 	 N@50: 0.05735, R@50: 0.09734, P@50: 0.01635

6.761529952716888
2023-03-20 06:36:47,232 - [INFO] - current w_0 is 9.65932889229748
2023-03-20 06:38:01,327 - [INFO] - E:31|TAU:7.63 16.49, train_time: 72.43, VALID_time: 1.667, loss: 3.392e+03, emb_loss:0.0001004, best_valid(recall@20): 0.05246
valid 	 N@10: 0.03194, R@10: 0.03095, P@10: 0.02435
valid 	 N@20: 0.04047, R@20: 0.05229, P@20: 0.02104
valid 	 N@50: 0.05737, R@50: 0.09768, P@50: 0.01639

6.761529952716888
2023-03-20 06:38:01,409 - [INFO] - current w_0 is 9.65932889229748
2023-03-20 06:39:15,620 - [INFO] - E:32|TAU:7.628 16.72, train_time: 72.44, VALID_time: 1.773, loss: 3.388e+03, emb_loss:0.0001041, best_valid(recall@20): 0.05246
valid 	 N@10: 0.03195, R@10: 0.03111, P@10: 0.02443
valid 	 N@20: 0.04049, R@20: 0.0524, P@20: 0.02113
valid 	 N@50: 0.05739, R@50: 0.09786, P@50: 0.01644

6.761529952716888
2023-03-20 06:39:15,711 - [INFO] - current w_0 is 9.65932889229748
2023-03-20 06:40:29,787 - [INFO] - E:33|TAU:7.626 16.36, train_time: 72.42, VALID_time: 1.653, loss: 3.383e+03, emb_loss:0.0001077, best_valid(recall@20): 0.05246
valid 	 N@10: 0.03211, R@10: 0.03117, P@10: 0.02448
valid 	 N@20: 0.04078, R@20: 0.05268, P@20: 0.02127
valid 	 N@50: 0.05753, R@50: 0.09772, P@50: 0.01644

6.761529952716888
2023-03-20 06:40:29,960 - [INFO] - current w_0 is 9.65932889229748
2023-03-20 06:41:44,200 - [INFO] - E:34|TAU:7.627 16.76, train_time: 72.5, VALID_time: 1.734, loss: 3.379e+03, emb_loss:0.0001113, best_valid(recall@20): 0.05268
valid 	 N@10: 0.03204, R@10: 0.03123, P@10: 0.0245
valid 	 N@20: 0.04054, R@20: 0.0524, P@20: 0.02112
valid 	 N@50: 0.05749, R@50: 0.09797, P@50: 0.01644

6.761529952716888
2023-03-20 06:41:44,279 - [INFO] - current w_0 is 9.65932889229748
2023-03-20 06:42:58,547 - [INFO] - E:35|TAU:7.625 16.29, train_time: 72.5, VALID_time: 1.766, loss: 3.376e+03, emb_loss:0.0001149, best_valid(recall@20): 0.05268
valid 	 N@10: 0.03225, R@10: 0.03139, P@10: 0.02461
valid 	 N@20: 0.0406, R@20: 0.05223, P@20: 0.02108
valid 	 N@50: 0.05761, R@50: 0.09796, P@50: 0.01644

6.761529952716888
2023-03-20 06:42:58,759 - [INFO] - current w_0 is 9.65932889229748
2023-03-20 06:44:13,114 - [INFO] - E:36|TAU:7.622 16.4, train_time: 72.65, VALID_time: 1.706, loss: 3.372e+03, emb_loss:0.0001186, best_valid(recall@20): 0.05268
valid 	 N@10: 0.03221, R@10: 0.03131, P@10: 0.02454
valid 	 N@20: 0.04078, R@20: 0.05266, P@20: 0.02123
valid 	 N@50: 0.0576, R@50: 0.09791, P@50: 0.01643

6.761529952716888
2023-03-20 06:44:13,230 - [INFO] - current w_0 is 9.65932889229748
2023-03-20 06:45:27,591 - [INFO] - E:37|TAU:7.623 16.47, train_time: 72.49, VALID_time: 1.867, loss: 3.369e+03, emb_loss:0.0001222, best_valid(recall@20): 0.05268
valid 	 N@10: 0.03228, R@10: 0.03133, P@10: 0.02458
valid 	 N@20: 0.04079, R@20: 0.05255, P@20: 0.0212
valid 	 N@50: 0.05763, R@50: 0.09784, P@50: 0.01644

6.761529952716888
2023-03-20 06:45:27,669 - [INFO] - current w_0 is 9.65932889229748
2023-03-20 06:46:42,062 - [INFO] - E:38|TAU:7.625 16.49, train_time: 72.43, VALID_time: 1.957, loss: 3.365e+03, emb_loss:0.0001259, best_valid(recall@20): 0.05268
valid 	 N@10: 0.03238, R@10: 0.03139, P@10: 0.02463
valid 	 N@20: 0.04088, R@20: 0.05263, P@20: 0.02119
valid 	 N@50: 0.05779, R@50: 0.09812, P@50: 0.01647

6.761529952716888
2023-03-20 06:46:42,146 - [INFO] - current w_0 is 9.65932889229748
2023-03-20 06:47:56,618 - [INFO] - E:39|TAU:7.621 16.21, train_time: 72.59, VALID_time: 1.878, loss: 3.362e+03, emb_loss:0.0001295, best_valid(recall@20): 0.05268
valid 	 N@10: 0.03217, R@10: 0.03114, P@10: 0.0245
valid 	 N@20: 0.04074, R@20: 0.05249, P@20: 0.02116
valid 	 N@50: 0.05775, R@50: 0.09821, P@50: 0.0165

6.761529952716888
2023-03-20 06:47:56,699 - [INFO] - current w_0 is 9.65932889229748
2023-03-20 06:49:10,924 - [INFO] - E:40|TAU:7.624 16.9, train_time: 72.45, VALID_time: 1.768, loss: 3.359e+03, emb_loss:0.0001332, best_valid(recall@20): 0.05268
valid 	 N@10: 0.03227, R@10: 0.03145, P@10: 0.02463
valid 	 N@20: 0.04083, R@20: 0.05275, P@20: 0.02125
valid 	 N@50: 0.05787, R@50: 0.0985, P@50: 0.01655

6.761529952716888
2023-03-20 06:49:11,104 - [INFO] - current w_0 is 9.65932889229748
2023-03-20 06:50:25,245 - [INFO] - E:41|TAU:7.619 16.46, train_time: 72.48, VALID_time: 1.655, loss: 3.355e+03, emb_loss:0.0001369, best_valid(recall@20): 0.05275
valid 	 N@10: 0.03233, R@10: 0.03141, P@10: 0.02461
valid 	 N@20: 0.04089, R@20: 0.05271, P@20: 0.02126
valid 	 N@50: 0.05782, R@50: 0.09824, P@50: 0.01649

6.761529952716888
2023-03-20 06:50:25,331 - [INFO] - current w_0 is 9.65932889229748
2023-03-20 06:51:39,771 - [INFO] - E:42|TAU:7.621 16.4, train_time: 72.47, VALID_time: 1.966, loss: 3.353e+03, emb_loss:0.0001406, best_valid(recall@20): 0.05275
valid 	 N@10: 0.03227, R@10: 0.03144, P@10: 0.02472
valid 	 N@20: 0.04079, R@20: 0.05274, P@20: 0.02128
valid 	 N@50: 0.05766, R@50: 0.09811, P@50: 0.01646

6.761529952716888
2023-03-20 06:51:39,850 - [INFO] - current w_0 is 9.65932889229748
2023-03-20 06:52:54,368 - [INFO] - E:43|TAU:7.621 16.82, train_time: 72.5, VALID_time: 2.011, loss: 3.35e+03, emb_loss:0.0001442, best_valid(recall@20): 0.05275
valid 	 N@10: 0.03217, R@10: 0.03133, P@10: 0.02462
valid 	 N@20: 0.04083, R@20: 0.05295, P@20: 0.02129
valid 	 N@50: 0.0576, R@50: 0.098, P@50: 0.01646

6.761529952716888
2023-03-20 06:52:54,519 - [INFO] - current w_0 is 9.65932889229748
2023-03-20 06:54:08,659 - [INFO] - E:44|TAU:7.619 16.51, train_time: 72.44, VALID_time: 1.695, loss: 3.347e+03, emb_loss:0.0001479, best_valid(recall@20): 0.05295
valid 	 N@10: 0.03214, R@10: 0.03121, P@10: 0.02455
valid 	 N@20: 0.04077, R@20: 0.0527, P@20: 0.02123
valid 	 N@50: 0.05774, R@50: 0.09833, P@50: 0.01652

6.761529952716888
2023-03-20 06:54:08,746 - [INFO] - current w_0 is 9.65932889229748
2023-03-20 06:55:22,813 - [INFO] - E:45|TAU:7.619 16.48, train_time: 72.47, VALID_time: 1.593, loss: 3.345e+03, emb_loss:0.0001516, best_valid(recall@20): 0.05295
valid 	 N@10: 0.03231, R@10: 0.03142, P@10: 0.02462
valid 	 N@20: 0.04087, R@20: 0.05275, P@20: 0.02125
valid 	 N@50: 0.05777, R@50: 0.09817, P@50: 0.0165

6.761529952716888
2023-03-20 06:55:22,887 - [INFO] - current w_0 is 9.65932889229748
2023-03-20 06:56:36,992 - [INFO] - E:46|TAU:7.618 16.8, train_time: 72.44, VALID_time: 1.659, loss: 3.342e+03, emb_loss:0.0001553, best_valid(recall@20): 0.05295
valid 	 N@10: 0.03222, R@10: 0.03132, P@10: 0.02451
valid 	 N@20: 0.04089, R@20: 0.05276, P@20: 0.02129
valid 	 N@50: 0.05778, R@50: 0.09821, P@50: 0.0165

6.761529952716888
2023-03-20 06:56:37,075 - [INFO] - current w_0 is 9.65932889229748
2023-03-20 06:57:51,318 - [INFO] - E:47|TAU:7.619 16.27, train_time: 72.46, VALID_time: 1.779, loss: 3.339e+03, emb_loss:0.000159, best_valid(recall@20): 0.05295
valid 	 N@10: 0.03235, R@10: 0.03152, P@10: 0.02466
valid 	 N@20: 0.04098, R@20: 0.05292, P@20: 0.02134
valid 	 N@50: 0.05783, R@50: 0.09826, P@50: 0.01652

6.761529952716888
2023-03-20 06:57:51,412 - [INFO] - current w_0 is 9.65932889229748
2023-03-20 06:59:05,872 - [INFO] - E:48|TAU:7.617 16.38, train_time: 72.55, VALID_time: 1.906, loss: 3.337e+03, emb_loss:0.0001627, best_valid(recall@20): 0.05295
valid 	 N@10: 0.03233, R@10: 0.03149, P@10: 0.02462
valid 	 N@20: 0.04095, R@20: 0.05285, P@20: 0.02129
valid 	 N@50: 0.05783, R@50: 0.09823, P@50: 0.0165

6.761529952716888
2023-03-20 06:59:05,970 - [INFO] - current w_0 is 9.65932889229748
2023-03-20 07:00:20,123 - [INFO] - E:49|TAU:7.618 16.77, train_time: 72.48, VALID_time: 1.668, loss: 3.335e+03, emb_loss:0.0001664, best_valid(recall@20): 0.05295
valid 	 N@10: 0.03224, R@10: 0.0313, P@10: 0.02459
valid 	 N@20: 0.04079, R@20: 0.05262, P@20: 0.0212
valid 	 N@50: 0.05779, R@50: 0.09829, P@50: 0.01649

6.761529952716888
2023-03-20 07:00:20,202 - [INFO] - current w_0 is 9.65932889229748
2023-03-20 07:01:34,355 - [INFO] - E:50|TAU:7.617 16.88, train_time: 72.47, VALID_time: 1.685, loss: 3.333e+03, emb_loss:0.0001701, best_valid(recall@20): 0.05295
valid 	 N@10: 0.03238, R@10: 0.0315, P@10: 0.02466
valid 	 N@20: 0.04092, R@20: 0.05272, P@20: 0.02125
valid 	 N@50: 0.05798, R@50: 0.09851, P@50: 0.01656

6.761529952716888
2023-03-20 07:01:34,435 - [INFO] - current w_0 is 9.65932889229748
2023-03-20 07:02:49,840 - [INFO] - E:51|TAU:7.617 16.21, train_time: 73.35, VALID_time: 2.053, loss: 3.331e+03, emb_loss:0.0001738, best_valid(recall@20): 0.05295
valid 	 N@10: 0.03241, R@10: 0.03157, P@10: 0.02473
valid 	 N@20: 0.04104, R@20: 0.05309, P@20: 0.02134
valid 	 N@50: 0.05797, R@50: 0.09847, P@50: 0.01656

6.761529952716888
2023-03-20 07:02:50,018 - [INFO] - current w_0 is 9.65932889229748
2023-03-20 07:04:04,324 - [INFO] - E:52|TAU:7.617 16.66, train_time: 72.55, VALID_time: 1.755, loss: 3.328e+03, emb_loss:0.0001775, best_valid(recall@20): 0.05309
valid 	 N@10: 0.03225, R@10: 0.03156, P@10: 0.02469
valid 	 N@20: 0.04078, R@20: 0.0528, P@20: 0.02127
valid 	 N@50: 0.05765, R@50: 0.09804, P@50: 0.01651

6.761529952716888
2023-03-20 07:04:04,405 - [INFO] - current w_0 is 9.65932889229748
2023-03-20 07:05:18,717 - [INFO] - E:53|TAU:7.615 16.33, train_time: 72.61, VALID_time: 1.699, loss: 3.327e+03, emb_loss:0.0001813, best_valid(recall@20): 0.05309
valid 	 N@10: 0.0321, R@10: 0.03131, P@10: 0.02452
valid 	 N@20: 0.04069, R@20: 0.05263, P@20: 0.02119
valid 	 N@50: 0.05758, R@50: 0.09789, P@50: 0.01648

6.761529952716888
2023-03-20 07:05:18,791 - [INFO] - current w_0 is 9.65932889229748
2023-03-20 07:06:33,187 - [INFO] - E:54|TAU:7.615 16.41, train_time: 72.49, VALID_time: 1.906, loss: 3.325e+03, emb_loss:0.000185, best_valid(recall@20): 0.05309
valid 	 N@10: 0.0323, R@10: 0.03155, P@10: 0.02473
valid 	 N@20: 0.04083, R@20: 0.05278, P@20: 0.02129
valid 	 N@50: 0.05775, R@50: 0.09818, P@50: 0.01653

6.761529952716888
2023-03-20 07:06:33,270 - [INFO] - current w_0 is 9.65932889229748
2023-03-20 07:07:47,442 - [INFO] - E:55|TAU:7.615 16.54, train_time: 72.54, VALID_time: 1.635, loss: 3.323e+03, emb_loss:0.0001887, best_valid(recall@20): 0.05309
valid 	 N@10: 0.0323, R@10: 0.03145, P@10: 0.02463
valid 	 N@20: 0.04094, R@20: 0.05287, P@20: 0.02134
valid 	 N@50: 0.05792, R@50: 0.09848, P@50: 0.01655

6.761529952716888
2023-03-20 07:07:47,535 - [INFO] - current w_0 is 9.65932889229748
2023-03-20 07:09:01,723 - [INFO] - E:56|TAU:7.616 16.48, train_time: 72.5, VALID_time: 1.69, loss: 3.321e+03, emb_loss:0.0001925, best_valid(recall@20): 0.05309
valid 	 N@10: 0.0322, R@10: 0.03134, P@10: 0.0246
valid 	 N@20: 0.04081, R@20: 0.05272, P@20: 0.02126
valid 	 N@50: 0.05773, R@50: 0.09818, P@50: 0.01649

6.761529952716888
2023-03-20 07:09:01,791 - [INFO] - current w_0 is 9.65932889229748
2023-03-20 07:10:16,068 - [INFO] - E:57|TAU:7.615 16.43, train_time: 72.51, VALID_time: 1.761, loss: 3.319e+03, emb_loss:0.0001962, best_valid(recall@20): 0.05309
valid 	 N@10: 0.03226, R@10: 0.03145, P@10: 0.02465
valid 	 N@20: 0.04081, R@20: 0.05276, P@20: 0.02127
valid 	 N@50: 0.05776, R@50: 0.09826, P@50: 0.01651

6.761529952716888
2023-03-20 07:10:16,143 - [INFO] - current w_0 is 9.65932889229748
2023-03-20 07:11:30,707 - [INFO] - E:58|TAU:7.614 16.33, train_time: 72.51, VALID_time: 2.051, loss: 3.317e+03, emb_loss:0.0001999, best_valid(recall@20): 0.05309
valid 	 N@10: 0.03216, R@10: 0.03128, P@10: 0.02452
valid 	 N@20: 0.0408, R@20: 0.05264, P@20: 0.02124
valid 	 N@50: 0.05785, R@50: 0.09842, P@50: 0.01654

6.761529952716888
2023-03-20 07:11:30,792 - [INFO] - current w_0 is 9.65932889229748
2023-03-20 07:12:44,928 - [INFO] - E:59|TAU:7.614 16.56, train_time: 72.49, VALID_time: 1.64, loss: 3.316e+03, emb_loss:0.0002037, best_valid(recall@20): 0.05309
valid 	 N@10: 0.03224, R@10: 0.0313, P@10: 0.02453
valid 	 N@20: 0.04089, R@20: 0.05272, P@20: 0.02123
valid 	 N@50: 0.05796, R@50: 0.09848, P@50: 0.01656

6.761529952716888
2023-03-20 07:12:45,004 - [INFO] - current w_0 is 9.65932889229748
2023-03-20 07:13:59,305 - [INFO] - E:60|TAU:7.615 16.29, train_time: 72.47, VALID_time: 1.826, loss: 3.314e+03, emb_loss:0.0002074, best_valid(recall@20): 0.05309
valid 	 N@10: 0.03228, R@10: 0.03144, P@10: 0.02466
valid 	 N@20: 0.04092, R@20: 0.05293, P@20: 0.02131
valid 	 N@50: 0.0579, R@50: 0.0985, P@50: 0.01657

6.761529952716888
2023-03-20 07:13:59,388 - [INFO] - current w_0 is 9.65932889229748
2023-03-20 07:15:14,889 - [INFO] - E:61|TAU:7.612 16.51, train_time: 72.6, VALID_time: 2.895, loss: 3.312e+03, emb_loss:0.0002112, best_valid(recall@20): 0.05309
valid 	 N@10: 0.03231, R@10: 0.0316, P@10: 0.02472
valid 	 N@20: 0.04083, R@20: 0.05275, P@20: 0.02128
valid 	 N@50: 0.05792, R@50: 0.09869, P@50: 0.0166

6.761529952716888
2023-03-20 07:15:15,062 - [INFO] - current w_0 is 9.65932889229748
2023-03-20 07:16:29,466 - [INFO] - E:62|TAU:7.613 16.61, train_time: 72.76, VALID_time: 1.642, loss: 3.311e+03, emb_loss:0.0002149, best_valid(recall@20): 0.05309
valid 	 N@10: 0.03236, R@10: 0.03153, P@10: 0.02474
valid 	 N@20: 0.04086, R@20: 0.0527, P@20: 0.02127
valid 	 N@50: 0.05786, R@50: 0.09839, P@50: 0.01654

6.761529952716888
2023-03-20 07:16:29,538 - [INFO] - current w_0 is 9.65932889229748
2023-03-20 07:17:44,168 - [INFO] - E:63|TAU:7.614 16.37, train_time: 72.44, VALID_time: 2.186, loss: 3.309e+03, emb_loss:0.0002187, best_valid(recall@20): 0.05309
valid 	 N@10: 0.03227, R@10: 0.03148, P@10: 0.02472
valid 	 N@20: 0.04078, R@20: 0.05269, P@20: 0.02125
valid 	 N@50: 0.05792, R@50: 0.09871, P@50: 0.0166

6.761529952716888
2023-03-20 07:17:44,268 - [INFO] - current w_0 is 9.65932889229748
2023-03-20 07:18:58,409 - [INFO] - E:64|TAU:7.61 16.3, train_time: 72.46, VALID_time: 1.677, loss: 3.308e+03, emb_loss:0.0002224, best_valid(recall@20): 0.05309
valid 	 N@10: 0.03233, R@10: 0.03149, P@10: 0.0247
valid 	 N@20: 0.04084, R@20: 0.05271, P@20: 0.02123
valid 	 N@50: 0.05786, R@50: 0.09841, P@50: 0.01654

6.761529952716888
2023-03-20 07:18:58,488 - [INFO] - current w_0 is 9.65932889229748
2023-03-20 07:20:12,585 - [INFO] - E:65|TAU:7.613 16.68, train_time: 72.44, VALID_time: 1.655, loss: 3.306e+03, emb_loss:0.0002262, best_valid(recall@20): 0.05309
valid 	 N@10: 0.03221, R@10: 0.03134, P@10: 0.02457
valid 	 N@20: 0.04091, R@20: 0.0529, P@20: 0.02131
valid 	 N@50: 0.05784, R@50: 0.0983, P@50: 0.01653

6.761529952716888
2023-03-20 07:20:12,655 - [INFO] - current w_0 is 9.65932889229748
2023-03-20 07:21:26,852 - [INFO] - E:66|TAU:7.613 16.86, train_time: 72.56, VALID_time: 1.635, loss: 3.305e+03, emb_loss:0.00023, best_valid(recall@20): 0.05309
valid 	 N@10: 0.03238, R@10: 0.03153, P@10: 0.02477
valid 	 N@20: 0.04087, R@20: 0.05272, P@20: 0.02127
valid 	 N@50: 0.05786, R@50: 0.09838, P@50: 0.01654

6.761529952716888
2023-03-20 07:21:26,932 - [INFO] - current w_0 is 9.65932889229748
2023-03-20 07:22:41,197 - [INFO] - E:67|TAU:7.612 16.56, train_time: 72.53, VALID_time: 1.727, loss: 3.303e+03, emb_loss:0.0002337, best_valid(recall@20): 0.05309
valid 	 N@10: 0.03239, R@10: 0.03158, P@10: 0.02475
valid 	 N@20: 0.04096, R@20: 0.05296, P@20: 0.02133
valid 	 N@50: 0.05792, R@50: 0.09855, P@50: 0.01655

6.761529952716888
2023-03-20 07:22:41,279 - [INFO] - current w_0 is 9.65932889229748
2023-03-20 07:23:55,569 - [INFO] - E:68|TAU:7.61 16.54, train_time: 72.58, VALID_time: 1.704, loss: 3.302e+03, emb_loss:0.0002375, best_valid(recall@20): 0.05309
valid 	 N@10: 0.03239, R@10: 0.03155, P@10: 0.02474
valid 	 N@20: 0.041, R@20: 0.05294, P@20: 0.02137
valid 	 N@50: 0.05787, R@50: 0.09827, P@50: 0.01651

6.761529952716888
2023-03-20 07:23:55,674 - [INFO] - current w_0 is 9.65932889229748
2023-03-20 07:25:10,030 - [INFO] - E:69|TAU:7.612 16.43, train_time: 72.62, VALID_time: 1.732, loss: 3.301e+03, emb_loss:0.0002413, best_valid(recall@20): 0.05309
valid 	 N@10: 0.03246, R@10: 0.03161, P@10: 0.02477
valid 	 N@20: 0.04105, R@20: 0.05294, P@20: 0.02136
valid 	 N@50: 0.05799, R@50: 0.09845, P@50: 0.01654

6.761529952716888
2023-03-20 07:25:10,133 - [INFO] - current w_0 is 9.65932889229748
2023-03-20 07:26:24,387 - [INFO] - E:70|TAU:7.61 16.63, train_time: 72.52, VALID_time: 1.732, loss: 3.3e+03, emb_loss:0.0002451, best_valid(recall@20): 0.05309
valid 	 N@10: 0.03235, R@10: 0.03138, P@10: 0.02463
valid 	 N@20: 0.04101, R@20: 0.05293, P@20: 0.02134
valid 	 N@50: 0.05805, R@50: 0.09871, P@50: 0.0166

6.761529952716888
2023-03-20 07:26:24,462 - [INFO] - current w_0 is 9.65932889229748
2023-03-20 07:27:38,792 - [INFO] - E:71|TAU:7.611 16.33, train_time: 72.5, VALID_time: 1.829, loss: 3.298e+03, emb_loss:0.0002489, best_valid(recall@20): 0.05309
valid 	 N@10: 0.03247, R@10: 0.03161, P@10: 0.02476
valid 	 N@20: 0.04104, R@20: 0.05296, P@20: 0.02133
valid 	 N@50: 0.058, R@50: 0.09849, P@50: 0.01656

6.761529952716888
2023-03-20 07:27:38,862 - [INFO] - current w_0 is 9.65932889229748
2023-03-20 07:28:52,979 - [INFO] - E:72|TAU:7.612 16.13, train_time: 72.4, VALID_time: 1.717, loss: 3.297e+03, emb_loss:0.0002526, best_valid(recall@20): 0.05309
valid 	 N@10: 0.0323, R@10: 0.03134, P@10: 0.02461
valid 	 N@20: 0.04099, R@20: 0.05292, P@20: 0.02132
valid 	 N@50: 0.05793, R@50: 0.09844, P@50: 0.01655

6.761529952716888
2023-03-20 07:28:53,054 - [INFO] - current w_0 is 9.65932889229748
2023-03-20 07:30:07,337 - [INFO] - E:73|TAU:7.611 16.7, train_time: 72.51, VALID_time: 1.766, loss: 3.295e+03, emb_loss:0.0002564, best_valid(recall@20): 0.05309
valid 	 N@10: 0.03248, R@10: 0.0316, P@10: 0.02475
valid 	 N@20: 0.04103, R@20: 0.05288, P@20: 0.02131
valid 	 N@50: 0.05795, R@50: 0.0983, P@50: 0.01653

6.761529952716888
2023-03-20 07:30:07,417 - [INFO] - current w_0 is 9.65932889229748
2023-03-20 07:31:21,466 - [INFO] - E:74|TAU:7.611 16.45, train_time: 72.46, VALID_time: 1.584, loss: 3.295e+03, emb_loss:0.0002602, best_valid(recall@20): 0.05309
valid 	 N@10: 0.03243, R@10: 0.03146, P@10: 0.02475
valid 	 N@20: 0.0411, R@20: 0.05302, P@20: 0.02139
valid 	 N@50: 0.05802, R@50: 0.09849, P@50: 0.01655

6.761529952716888
2023-03-20 07:31:21,563 - [INFO] - current w_0 is 9.65932889229748
2023-03-20 07:32:35,868 - [INFO] - E:75|TAU:7.609 16.29, train_time: 72.53, VALID_time: 1.77, loss: 3.293e+03, emb_loss:0.000264, best_valid(recall@20): 0.05309
valid 	 N@10: 0.03247, R@10: 0.03156, P@10: 0.02475
valid 	 N@20: 0.0411, R@20: 0.05305, P@20: 0.02137
valid 	 N@50: 0.058, R@50: 0.09851, P@50: 0.01655

6.761529952716888
2023-03-20 07:32:35,945 - [INFO] - current w_0 is 9.65932889229748
2023-03-20 07:33:51,738 - [INFO] - E:76|TAU:7.611 16.44, train_time: 73.98, VALID_time: 1.807, loss: 3.292e+03, emb_loss:0.0002678, best_valid(recall@20): 0.05309
valid 	 N@10: 0.03234, R@10: 0.03136, P@10: 0.02466
valid 	 N@20: 0.04108, R@20: 0.05308, P@20: 0.02137
valid 	 N@50: 0.05802, R@50: 0.09859, P@50: 0.01656

6.761529952716888
2023-03-20 07:33:51,816 - [INFO] - current w_0 is 9.65932889229748
2023-03-20 07:35:05,910 - [INFO] - E:77|TAU:7.61 16.25, train_time: 72.48, VALID_time: 1.604, loss: 3.291e+03, emb_loss:0.0002716, best_valid(recall@20): 0.05309
valid 	 N@10: 0.03232, R@10: 0.03134, P@10: 0.02458
valid 	 N@20: 0.04101, R@20: 0.05291, P@20: 0.02129
valid 	 N@50: 0.05797, R@50: 0.09845, P@50: 0.01654

6.761529952716888
2023-03-20 07:35:05,989 - [INFO] - current w_0 is 9.65932889229748
2023-03-20 07:36:19,965 - [INFO] - E:78|TAU:7.609 16.72, train_time: 72.43, VALID_time: 1.544, loss: 3.29e+03, emb_loss:0.0002754, best_valid(recall@20): 0.05309
valid 	 N@10: 0.03235, R@10: 0.03141, P@10: 0.02472
valid 	 N@20: 0.04104, R@20: 0.05306, P@20: 0.02138
valid 	 N@50: 0.05799, R@50: 0.09859, P@50: 0.01657

6.761529952716888
2023-03-20 07:36:20,033 - [INFO] - current w_0 is 9.65932889229748
2023-03-20 07:37:34,787 - [INFO] - E:79|TAU:7.611 16.54, train_time: 72.48, VALID_time: 2.274, loss: 3.289e+03, emb_loss:0.0002792, best_valid(recall@20): 0.05309
valid 	 N@10: 0.03239, R@10: 0.03146, P@10: 0.02469
valid 	 N@20: 0.0411, R@20: 0.05309, P@20: 0.0214
valid 	 N@50: 0.05804, R@50: 0.09861, P@50: 0.01658

6.761529952716888
2023-03-20 07:37:34,974 - [INFO] - current w_0 is 9.65932889229748
2023-03-20 07:38:49,263 - [INFO] - E:80|TAU:7.608 16.21, train_time: 72.54, VALID_time: 1.748, loss: 3.288e+03, emb_loss:0.000283, best_valid(recall@20): 0.05309
valid 	 N@10: 0.03242, R@10: 0.03144, P@10: 0.02467
valid 	 N@20: 0.04114, R@20: 0.05308, P@20: 0.02138
valid 	 N@50: 0.05808, R@50: 0.09857, P@50: 0.01657

6.761529952716888
2023-03-20 07:38:49,345 - [INFO] - current w_0 is 9.65932889229748
2023-03-20 07:40:03,410 - [INFO] - E:81|TAU:7.61 16.68, train_time: 72.42, VALID_time: 1.641, loss: 3.287e+03, emb_loss:0.0002868, best_valid(recall@20): 0.05309
valid 	 N@10: 0.03238, R@10: 0.03154, P@10: 0.0247
valid 	 N@20: 0.04097, R@20: 0.05286, P@20: 0.0213
valid 	 N@50: 0.05804, R@50: 0.09872, P@50: 0.01658

6.761529952716888
2023-03-20 07:40:03,490 - [INFO] - current w_0 is 9.65932889229748
2023-03-20 07:41:17,552 - [INFO] - E:82|TAU:7.609 16.3, train_time: 72.5, VALID_time: 1.557, loss: 3.285e+03, emb_loss:0.0002906, best_valid(recall@20): 0.05309
valid 	 N@10: 0.03231, R@10: 0.0315, P@10: 0.0247
valid 	 N@20: 0.041, R@20: 0.05302, P@20: 0.02139
valid 	 N@50: 0.05796, R@50: 0.0986, P@50: 0.01658

6.761529952716888
2023-03-20 07:41:17,626 - [INFO] - current w_0 is 9.65932889229748
2023-03-20 07:42:32,730 - [INFO] - E:83|TAU:7.608 16.17, train_time: 72.51, VALID_time: 2.592, loss: 3.284e+03, emb_loss:0.0002945, best_valid(recall@20): 0.05309
valid 	 N@10: 0.03224, R@10: 0.03141, P@10: 0.02461
valid 	 N@20: 0.04101, R@20: 0.05309, P@20: 0.0214
valid 	 N@50: 0.05793, R@50: 0.09856, P@50: 0.01657

6.761529952716888
2023-03-20 07:42:32,827 - [INFO] - current w_0 is 9.65932889229748
2023-03-20 07:43:47,238 - [INFO] - E:84|TAU:7.609 16.72, train_time: 72.68, VALID_time: 1.732, loss: 3.284e+03, emb_loss:0.0002983, best_valid(recall@20): 0.05309
valid 	 N@10: 0.03224, R@10: 0.03142, P@10: 0.0246
valid 	 N@20: 0.04098, R@20: 0.05304, P@20: 0.02136
valid 	 N@50: 0.05796, R@50: 0.09865, P@50: 0.01657

6.761529952716888
2023-03-20 07:43:47,323 - [INFO] - current w_0 is 9.65932889229748
2023-03-20 07:45:01,511 - [INFO] - E:85|TAU:7.609 16.44, train_time: 72.5, VALID_time: 1.685, loss: 3.283e+03, emb_loss:0.0003021, best_valid(recall@20): 0.05309
valid 	 N@10: 0.03229, R@10: 0.03149, P@10: 0.02465
valid 	 N@20: 0.04107, R@20: 0.05328, P@20: 0.02144
valid 	 N@50: 0.05798, R@50: 0.09866, P@50: 0.01659

6.761529952716888
2023-03-20 07:45:01,666 - [INFO] - current w_0 is 9.65932889229748
2023-03-20 07:46:17,040 - [INFO] - E:86|TAU:7.609 16.09, train_time: 72.51, VALID_time: 2.858, loss: 3.282e+03, emb_loss:0.0003059, best_valid(recall@20): 0.05328
valid 	 N@10: 0.03234, R@10: 0.03153, P@10: 0.02468
valid 	 N@20: 0.04105, R@20: 0.05318, P@20: 0.0214
valid 	 N@50: 0.058, R@50: 0.09871, P@50: 0.01659

6.761529952716888
2023-03-20 07:46:17,244 - [INFO] - current w_0 is 9.65932889229748
2023-03-20 07:47:31,956 - [INFO] - E:87|TAU:7.607 16.4, train_time: 72.6, VALID_time: 2.111, loss: 3.281e+03, emb_loss:0.0003097, best_valid(recall@20): 0.05328
valid 	 N@10: 0.03225, R@10: 0.03138, P@10: 0.02452
valid 	 N@20: 0.04102, R@20: 0.053, P@20: 0.02138
valid 	 N@50: 0.05805, R@50: 0.09878, P@50: 0.01661

6.761529952716888
2023-03-20 07:47:32,056 - [INFO] - current w_0 is 9.65932889229748
2023-03-20 07:48:46,646 - [INFO] - E:88|TAU:7.608 16.35, train_time: 72.59, VALID_time: 1.997, loss: 3.279e+03, emb_loss:0.0003136, best_valid(recall@20): 0.05328
valid 	 N@10: 0.03243, R@10: 0.03164, P@10: 0.0248
valid 	 N@20: 0.04105, R@20: 0.05307, P@20: 0.02139
valid 	 N@50: 0.05807, R@50: 0.09882, P@50: 0.0166

6.761529952716888
2023-03-20 07:48:46,727 - [INFO] - current w_0 is 9.65932889229748
2023-03-20 07:50:01,100 - [INFO] - E:89|TAU:7.607 16.25, train_time: 72.73, VALID_time: 1.644, loss: 3.279e+03, emb_loss:0.0003174, best_valid(recall@20): 0.05328
valid 	 N@10: 0.0325, R@10: 0.03166, P@10: 0.02479
valid 	 N@20: 0.04112, R@20: 0.05304, P@20: 0.0214
valid 	 N@50: 0.05814, R@50: 0.09879, P@50: 0.01661

6.761529952716888
2023-03-20 07:50:01,169 - [INFO] - current w_0 is 9.65932889229748
2023-03-20 07:51:15,470 - [INFO] - E:90|TAU:7.609 16.41, train_time: 72.6, VALID_time: 1.698, loss: 3.278e+03, emb_loss:0.0003212, best_valid(recall@20): 0.05328
valid 	 N@10: 0.03256, R@10: 0.03164, P@10: 0.02482
valid 	 N@20: 0.04107, R@20: 0.05291, P@20: 0.02133
valid 	 N@50: 0.05805, R@50: 0.09851, P@50: 0.01656

6.761529952716888
2023-03-20 07:51:15,554 - [INFO] - current w_0 is 9.65932889229748
2023-03-20 07:52:29,783 - [INFO] - E:91|TAU:7.607 16.58, train_time: 72.63, VALID_time: 1.597, loss: 3.277e+03, emb_loss:0.0003251, best_valid(recall@20): 0.05328
valid 	 N@10: 0.03243, R@10: 0.03149, P@10: 0.02473
valid 	 N@20: 0.04103, R@20: 0.05289, P@20: 0.02134
valid 	 N@50: 0.05803, R@50: 0.09855, P@50: 0.01657

6.761529952716888
2023-03-20 07:52:29,862 - [INFO] - current w_0 is 9.65932889229748
2023-03-20 07:53:44,272 - [INFO] - E:92|TAU:7.607 16.38, train_time: 72.52, VALID_time: 1.887, loss: 3.276e+03, emb_loss:0.0003289, best_valid(recall@20): 0.05328
valid 	 N@10: 0.03232, R@10: 0.03148, P@10: 0.02467
valid 	 N@20: 0.04101, R@20: 0.05303, P@20: 0.02137
valid 	 N@50: 0.05794, R@50: 0.0985, P@50: 0.01655

6.761529952716888
2023-03-20 07:53:44,353 - [INFO] - current w_0 is 9.65932889229748
2023-03-20 07:54:58,582 - [INFO] - E:93|TAU:7.609 16.36, train_time: 72.59, VALID_time: 1.635, loss: 3.275e+03, emb_loss:0.0003327, best_valid(recall@20): 0.05328
valid 	 N@10: 0.03236, R@10: 0.03151, P@10: 0.02473
valid 	 N@20: 0.04099, R@20: 0.05299, P@20: 0.02136
valid 	 N@50: 0.05798, R@50: 0.09861, P@50: 0.01658

6.761529952716888
2023-03-20 07:54:58,658 - [INFO] - current w_0 is 9.65932889229748
2023-03-20 07:56:13,714 - [INFO] - E:94|TAU:7.607 16.73, train_time: 72.56, VALID_time: 2.497, loss: 3.274e+03, emb_loss:0.0003366, best_valid(recall@20): 0.05328
valid 	 N@10: 0.03236, R@10: 0.03141, P@10: 0.02468
valid 	 N@20: 0.041, R@20: 0.05284, P@20: 0.02134
valid 	 N@50: 0.05805, R@50: 0.09871, P@50: 0.01657

6.761529952716888
2023-03-20 07:56:13,874 - [INFO] - current w_0 is 9.65932889229748
2023-03-20 07:57:28,064 - [INFO] - E:95|TAU:7.607 16.73, train_time: 72.53, VALID_time: 1.658, loss: 3.274e+03, emb_loss:0.0003404, best_valid(recall@20): 0.05328
valid 	 N@10: 0.0323, R@10: 0.0315, P@10: 0.02473
valid 	 N@20: 0.04087, R@20: 0.05281, P@20: 0.02131
valid 	 N@50: 0.05789, R@50: 0.09855, P@50: 0.01656

6.761529952716888
2023-03-20 07:57:28,145 - [INFO] - current w_0 is 9.65932889229748
2023-03-20 07:58:42,725 - [INFO] - E:96|TAU:7.607 16.21, train_time: 72.58, VALID_time: 1.997, loss: 3.273e+03, emb_loss:0.0003443, best_valid(recall@20): 0.05328
valid 	 N@10: 0.03231, R@10: 0.03143, P@10: 0.02465
valid 	 N@20: 0.041, R@20: 0.05298, P@20: 0.02136
valid 	 N@50: 0.05802, R@50: 0.09876, P@50: 0.01659

6.761529952716888
2023-03-20 07:58:42,809 - [INFO] - current w_0 is 9.65932889229748
2023-03-20 07:59:57,166 - [INFO] - E:97|TAU:7.608 16.38, train_time: 72.61, VALID_time: 1.744, loss: 3.272e+03, emb_loss:0.0003481, best_valid(recall@20): 0.05328
valid 	 N@10: 0.03233, R@10: 0.03136, P@10: 0.02461
valid 	 N@20: 0.04097, R@20: 0.05281, P@20: 0.0213
valid 	 N@50: 0.05802, R@50: 0.09864, P@50: 0.01657

6.761529952716888
2023-03-20 07:59:57,239 - [INFO] - current w_0 is 9.65932889229748
2023-03-20 08:01:12,236 - [INFO] - E:98|TAU:7.606 16.5, train_time: 72.56, VALID_time: 2.439, loss: 3.271e+03, emb_loss:0.000352, best_valid(recall@20): 0.05328
valid 	 N@10: 0.03233, R@10: 0.03148, P@10: 0.02469
valid 	 N@20: 0.04093, R@20: 0.05282, P@20: 0.02133
valid 	 N@50: 0.0581, R@50: 0.09896, P@50: 0.01663

6.761529952716888
2023-03-20 08:01:12,336 - [INFO] - current w_0 is 9.65932889229748
2023-03-20 08:02:26,991 - [INFO] - E:99|TAU:7.608 16.51, train_time: 72.53, VALID_time: 2.12, loss: 3.271e+03, emb_loss:0.0003558, best_valid(recall@20): 0.05328
valid 	 N@10: 0.03244, R@10: 0.03166, P@10: 0.0248
valid 	 N@20: 0.04107, R@20: 0.05311, P@20: 0.02139
valid 	 N@50: 0.05814, R@50: 0.09895, P@50: 0.01662

2023-03-20 08:02:27,091 - [INFO] - current w_0 is 11.564571380615234
2023-03-20 08:03:42,201 - [INFO] - E:100|TAU:9.105 19.45, train_time: 72.76, VALID_time: 2.359, loss: 2.849e+03, emb_loss:0.0003601, best_valid(recall@20): 0.05328
valid 	 N@10: 0.03335, R@10: 0.03245, P@10: 0.02545
valid 	 N@20: 0.04208, R@20: 0.05426, P@20: 0.02185
valid 	 N@50: 0.05914, R@50: 0.1001, P@50: 0.01679

2023-03-20 08:03:42,382 - [INFO] - current w_0 is 11.821727752685547
2023-03-20 08:04:56,855 - [INFO] - E:101|TAU:9.33 20.16, train_time: 72.7, VALID_time: 1.777, loss: 2.761e+03, emb_loss:0.0003645, best_valid(recall@20): 0.05426
valid 	 N@10: 0.0336, R@10: 0.03268, P@10: 0.02557
valid 	 N@20: 0.04245, R@20: 0.05467, P@20: 0.02202
valid 	 N@50: 0.05953, R@50: 0.1006, P@50: 0.01689

2023-03-20 08:04:57,030 - [INFO] - current w_0 is 11.957425117492676
2023-03-20 08:06:12,233 - [INFO] - E:102|TAU:9.464 21.62, train_time: 72.67, VALID_time: 2.534, loss: 2.712e+03, emb_loss:0.0003685, best_valid(recall@20): 0.05467
valid 	 N@10: 0.03374, R@10: 0.03286, P@10: 0.02558
valid 	 N@20: 0.04262, R@20: 0.05486, P@20: 0.02207
valid 	 N@50: 0.05971, R@50: 0.1008, P@50: 0.01693

2023-03-20 08:06:12,383 - [INFO] - current w_0 is 12.036519050598145
2023-03-20 08:07:27,114 - [INFO] - E:103|TAU:9.537 21.96, train_time: 72.64, VALID_time: 2.096, loss: 2.687e+03, emb_loss:0.0003724, best_valid(recall@20): 0.05486
valid 	 N@10: 0.03382, R@10: 0.03289, P@10: 0.02561
valid 	 N@20: 0.04278, R@20: 0.05505, P@20: 0.02212
valid 	 N@50: 0.05972, R@50: 0.1006, P@50: 0.01689

2023-03-20 08:07:27,308 - [INFO] - current w_0 is 12.090079307556152
2023-03-20 08:08:41,718 - [INFO] - E:104|TAU:9.587 22.17, train_time: 72.71, VALID_time: 1.71, loss: 2.671e+03, emb_loss:0.0003763, best_valid(recall@20): 0.05505
valid 	 N@10: 0.03404, R@10: 0.03324, P@10: 0.02584
valid 	 N@20: 0.04277, R@20: 0.05496, P@20: 0.02206
valid 	 N@50: 0.05977, R@50: 0.1005, P@50: 0.01689

2023-03-20 08:08:41,787 - [INFO] - current w_0 is 12.12897777557373
2023-03-20 08:09:56,016 - [INFO] - E:105|TAU:9.622 21.89, train_time: 72.56, VALID_time: 1.67, loss: 2.66e+03, emb_loss:0.0003801, best_valid(recall@20): 0.05505
valid 	 N@10: 0.0339, R@10: 0.03294, P@10: 0.0257
valid 	 N@20: 0.04284, R@20: 0.05521, P@20: 0.02211
valid 	 N@50: 0.05979, R@50: 0.1007, P@50: 0.01688

2023-03-20 08:09:56,181 - [INFO] - current w_0 is 12.15765380859375
2023-03-20 08:11:10,453 - [INFO] - E:106|TAU:9.642 22.07, train_time: 72.62, VALID_time: 1.658, loss: 2.652e+03, emb_loss:0.0003839, best_valid(recall@20): 0.05521
valid 	 N@10: 0.03403, R@10: 0.03309, P@10: 0.02574
valid 	 N@20: 0.04293, R@20: 0.05518, P@20: 0.02211
valid 	 N@50: 0.05989, R@50: 0.1007, P@50: 0.01689

2023-03-20 08:11:10,538 - [INFO] - current w_0 is 12.179137229919434
2023-03-20 08:12:24,845 - [INFO] - E:107|TAU:9.664 21.87, train_time: 72.67, VALID_time: 1.647, loss: 2.644e+03, emb_loss:0.0003878, best_valid(recall@20): 0.05521
valid 	 N@10: 0.03403, R@10: 0.0332, P@10: 0.02578
valid 	 N@20: 0.04288, R@20: 0.05519, P@20: 0.0221
valid 	 N@50: 0.05985, R@50: 0.1007, P@50: 0.0169

2023-03-20 08:12:24,951 - [INFO] - current w_0 is 12.195158958435059
2023-03-20 08:13:39,137 - [INFO] - E:108|TAU:9.675 21.57, train_time: 72.58, VALID_time: 1.613, loss: 2.639e+03, emb_loss:0.0003916, best_valid(recall@20): 0.05521
valid 	 N@10: 0.03399, R@10: 0.03297, P@10: 0.0257
valid 	 N@20: 0.04296, R@20: 0.05523, P@20: 0.02213
valid 	 N@50: 0.05989, R@50: 0.1007, P@50: 0.01689

2023-03-20 08:13:39,296 - [INFO] - current w_0 is 12.20784854888916
2023-03-20 08:14:53,383 - [INFO] - E:109|TAU:9.683 21.97, train_time: 72.55, VALID_time: 1.54, loss: 2.635e+03, emb_loss:0.0003955, best_valid(recall@20): 0.05523
valid 	 N@10: 0.03398, R@10: 0.03296, P@10: 0.02568
valid 	 N@20: 0.04293, R@20: 0.0552, P@20: 0.02213
valid 	 N@50: 0.05985, R@50: 0.1007, P@50: 0.01688

2023-03-20 08:14:53,456 - [INFO] - current w_0 is 12.217611312866211
2023-03-20 08:16:07,765 - [INFO] - E:110|TAU:9.694 22.26, train_time: 72.55, VALID_time: 1.762, loss: 2.631e+03, emb_loss:0.0003993, best_valid(recall@20): 0.05523
valid 	 N@10: 0.03404, R@10: 0.03297, P@10: 0.02567
valid 	 N@20: 0.04292, R@20: 0.055, P@20: 0.02209
valid 	 N@50: 0.05988, R@50: 0.1006, P@50: 0.01687

2023-03-20 08:16:07,854 - [INFO] - current w_0 is 12.225317001342773
2023-03-20 08:17:22,414 - [INFO] - E:111|TAU:9.697 21.52, train_time: 72.56, VALID_time: 2.003, loss: 2.628e+03, emb_loss:0.0004032, best_valid(recall@20): 0.05523
valid 	 N@10: 0.03401, R@10: 0.03309, P@10: 0.0257
valid 	 N@20: 0.04284, R@20: 0.05499, P@20: 0.02207
valid 	 N@50: 0.05977, R@50: 0.1005, P@50: 0.01685

2023-03-20 08:17:22,495 - [INFO] - current w_0 is 12.232250213623047
2023-03-20 08:18:36,802 - [INFO] - E:112|TAU:9.703 21.82, train_time: 72.55, VALID_time: 1.765, loss: 2.625e+03, emb_loss:0.000407, best_valid(recall@20): 0.05523
valid 	 N@10: 0.03396, R@10: 0.03289, P@10: 0.0256
valid 	 N@20: 0.04288, R@20: 0.055, P@20: 0.02207
valid 	 N@50: 0.05984, R@50: 0.1006, P@50: 0.01687

2023-03-20 08:18:36,889 - [INFO] - current w_0 is 12.237791061401367
2023-03-20 08:19:51,142 - [INFO] - E:113|TAU:9.707 21.97, train_time: 72.57, VALID_time: 1.693, loss: 2.623e+03, emb_loss:0.0004109, best_valid(recall@20): 0.05523
valid 	 N@10: 0.03408, R@10: 0.03305, P@10: 0.02572
valid 	 N@20: 0.04294, R@20: 0.05509, P@20: 0.02208
valid 	 N@50: 0.05978, R@50: 0.1003, P@50: 0.01683

2023-03-20 08:19:51,235 - [INFO] - current w_0 is 12.24197769165039
2023-03-20 08:21:05,559 - [INFO] - E:114|TAU:9.71 21.83, train_time: 72.74, VALID_time: 1.59, loss: 2.621e+03, emb_loss:0.0004147, best_valid(recall@20): 0.05523
valid 	 N@10: 0.03417, R@10: 0.03314, P@10: 0.02582
valid 	 N@20: 0.04295, R@20: 0.05505, P@20: 0.02209
valid 	 N@50: 0.05984, R@50: 0.1003, P@50: 0.01686

2023-03-20 08:21:05,648 - [INFO] - current w_0 is 12.245260238647461
2023-03-20 08:22:19,880 - [INFO] - E:115|TAU:9.714 21.81, train_time: 72.59, VALID_time: 1.651, loss: 2.62e+03, emb_loss:0.0004186, best_valid(recall@20): 0.05523
valid 	 N@10: 0.03409, R@10: 0.03307, P@10: 0.02576
valid 	 N@20: 0.04294, R@20: 0.05506, P@20: 0.02212
valid 	 N@50: 0.05979, R@50: 0.1003, P@50: 0.01685

2023-03-20 08:22:19,959 - [INFO] - current w_0 is 12.248270034790039
2023-03-20 08:23:34,082 - [INFO] - E:116|TAU:9.714 22.01, train_time: 72.51, VALID_time: 1.613, loss: 2.618e+03, emb_loss:0.0004224, best_valid(recall@20): 0.05523
valid 	 N@10: 0.03409, R@10: 0.03315, P@10: 0.02577
valid 	 N@20: 0.04298, R@20: 0.05524, P@20: 0.02212
valid 	 N@50: 0.05984, R@50: 0.1005, P@50: 0.01687

2023-03-20 08:23:34,262 - [INFO] - current w_0 is 12.250516891479492
2023-03-20 08:24:48,509 - [INFO] - E:117|TAU:9.716 22.23, train_time: 72.54, VALID_time: 1.713, loss: 2.616e+03, emb_loss:0.0004263, best_valid(recall@20): 0.05524
valid 	 N@10: 0.03405, R@10: 0.033, P@10: 0.02568
valid 	 N@20: 0.04303, R@20: 0.05526, P@20: 0.02212
valid 	 N@50: 0.05983, R@50: 0.1004, P@50: 0.01685

2023-03-20 08:24:48,705 - [INFO] - current w_0 is 12.25311279296875
2023-03-20 08:26:02,777 - [INFO] - E:118|TAU:9.718 22.15, train_time: 72.49, VALID_time: 1.592, loss: 2.614e+03, emb_loss:0.0004302, best_valid(recall@20): 0.05526
valid 	 N@10: 0.03404, R@10: 0.0331, P@10: 0.0258
valid 	 N@20: 0.0428, R@20: 0.05493, P@20: 0.02202
valid 	 N@50: 0.05977, R@50: 0.1005, P@50: 0.01686

2023-03-20 08:26:02,861 - [INFO] - current w_0 is 12.254776000976562
2023-03-20 08:27:17,120 - [INFO] - E:119|TAU:9.719 21.61, train_time: 72.56, VALID_time: 1.702, loss: 2.614e+03, emb_loss:0.000434, best_valid(recall@20): 0.05526
valid 	 N@10: 0.03414, R@10: 0.03308, P@10: 0.02575
valid 	 N@20: 0.043, R@20: 0.05511, P@20: 0.0221
valid 	 N@50: 0.05987, R@50: 0.1005, P@50: 0.01685

2023-03-20 08:27:17,205 - [INFO] - current w_0 is 12.256338119506836
2023-03-20 08:28:31,404 - [INFO] - E:120|TAU:9.721 21.84, train_time: 72.51, VALID_time: 1.693, loss: 2.612e+03, emb_loss:0.0004379, best_valid(recall@20): 0.05526
valid 	 N@10: 0.03401, R@10: 0.03301, P@10: 0.02569
valid 	 N@20: 0.04287, R@20: 0.05498, P@20: 0.02206
valid 	 N@50: 0.0598, R@50: 0.1005, P@50: 0.01685

2023-03-20 08:28:31,496 - [INFO] - current w_0 is 12.257532119750977
2023-03-20 08:29:45,877 - [INFO] - E:121|TAU:9.723 21.87, train_time: 72.53, VALID_time: 1.861, loss: 2.611e+03, emb_loss:0.0004418, best_valid(recall@20): 0.05526
valid 	 N@10: 0.03389, R@10: 0.03291, P@10: 0.02565
valid 	 N@20: 0.0428, R@20: 0.05502, P@20: 0.02205
valid 	 N@50: 0.05973, R@50: 0.1005, P@50: 0.01684

2023-03-20 08:29:45,961 - [INFO] - current w_0 is 12.258539199829102
2023-03-20 08:31:00,341 - [INFO] - E:122|TAU:9.722 22.05, train_time: 72.52, VALID_time: 1.869, loss: 2.61e+03, emb_loss:0.0004457, best_valid(recall@20): 0.05526
valid 	 N@10: 0.034, R@10: 0.03293, P@10: 0.02571
valid 	 N@20: 0.04293, R@20: 0.05518, P@20: 0.02209
valid 	 N@50: 0.05975, R@50: 0.1003, P@50: 0.01683

2023-03-20 08:31:00,425 - [INFO] - current w_0 is 12.259064674377441
2023-03-20 08:32:14,633 - [INFO] - E:123|TAU:9.721 21.95, train_time: 72.53, VALID_time: 1.687, loss: 2.609e+03, emb_loss:0.0004495, best_valid(recall@20): 0.05526
valid 	 N@10: 0.03408, R@10: 0.03312, P@10: 0.02578
valid 	 N@20: 0.0429, R@20: 0.05511, P@20: 0.02206
valid 	 N@50: 0.0597, R@50: 0.1002, P@50: 0.01681

2023-03-20 08:32:14,722 - [INFO] - current w_0 is 12.260607719421387
2023-03-20 08:33:29,013 - [INFO] - E:124|TAU:9.727 22.06, train_time: 72.57, VALID_time: 1.727, loss: 2.608e+03, emb_loss:0.0004534, best_valid(recall@20): 0.05526
valid 	 N@10: 0.03412, R@10: 0.03311, P@10: 0.02576
valid 	 N@20: 0.04291, R@20: 0.05494, P@20: 0.02203
valid 	 N@50: 0.05985, R@50: 0.1004, P@50: 0.01684

2023-03-20 08:33:29,118 - [INFO] - current w_0 is 12.26122760772705
2023-03-20 08:34:43,256 - [INFO] - E:125|TAU:9.724 21.84, train_time: 72.53, VALID_time: 1.618, loss: 2.607e+03, emb_loss:0.0004573, best_valid(recall@20): 0.05526
valid 	 N@10: 0.03413, R@10: 0.033, P@10: 0.02573
valid 	 N@20: 0.04297, R@20: 0.05501, P@20: 0.02205
valid 	 N@50: 0.05982, R@50: 0.1002, P@50: 0.01683

2023-03-20 08:34:43,342 - [INFO] - current w_0 is 12.261962890625
2023-03-20 08:35:57,614 - [INFO] - E:126|TAU:9.724 21.75, train_time: 72.57, VALID_time: 1.703, loss: 2.606e+03, emb_loss:0.0004612, best_valid(recall@20): 0.05526
valid 	 N@10: 0.03397, R@10: 0.03291, P@10: 0.02557
valid 	 N@20: 0.04283, R@20: 0.05486, P@20: 0.02203
valid 	 N@50: 0.05973, R@50: 0.1002, P@50: 0.01683

2023-03-20 08:35:57,705 - [INFO] - current w_0 is 12.262782096862793
2023-03-20 08:37:12,101 - [INFO] - E:127|TAU:9.725 21.77, train_time: 72.69, VALID_time: 1.715, loss: 2.605e+03, emb_loss:0.0004651, best_valid(recall@20): 0.05526
valid 	 N@10: 0.03421, R@10: 0.03306, P@10: 0.02571
valid 	 N@20: 0.04302, R@20: 0.05503, P@20: 0.02205
valid 	 N@50: 0.05992, R@50: 0.1004, P@50: 0.01685

2023-03-20 08:37:12,182 - [INFO] - current w_0 is 12.263669967651367
2023-03-20 08:38:26,341 - [INFO] - E:128|TAU:9.727 21.73, train_time: 72.55, VALID_time: 1.613, loss: 2.604e+03, emb_loss:0.000469, best_valid(recall@20): 0.05526
valid 	 N@10: 0.03422, R@10: 0.03307, P@10: 0.02575
valid 	 N@20: 0.04293, R@20: 0.05484, P@20: 0.02198
valid 	 N@50: 0.05985, R@50: 0.1003, P@50: 0.01681

2023-03-20 08:38:26,431 - [INFO] - current w_0 is 12.264297485351562
2023-03-20 08:39:40,892 - [INFO] - E:129|TAU:9.728 21.67, train_time: 72.74, VALID_time: 1.726, loss: 2.603e+03, emb_loss:0.0004728, best_valid(recall@20): 0.05526
valid 	 N@10: 0.03419, R@10: 0.03317, P@10: 0.02575
valid 	 N@20: 0.04306, R@20: 0.05521, P@20: 0.02211
valid 	 N@50: 0.05987, R@50: 0.1003, P@50: 0.01683

2023-03-20 08:39:40,983 - [INFO] - current w_0 is 12.264409065246582
2023-03-20 08:40:55,194 - [INFO] - E:130|TAU:9.726 21.98, train_time: 72.54, VALID_time: 1.673, loss: 2.603e+03, emb_loss:0.0004767, best_valid(recall@20): 0.05526
valid 	 N@10: 0.03399, R@10: 0.03295, P@10: 0.02565
valid 	 N@20: 0.0429, R@20: 0.0551, P@20: 0.02206
valid 	 N@50: 0.05983, R@50: 0.1005, P@50: 0.01686

2023-03-20 08:40:55,281 - [INFO] - current w_0 is 12.26453971862793
2023-03-20 08:42:09,461 - [INFO] - E:131|TAU:9.725 21.63, train_time: 72.55, VALID_time: 1.635, loss: 2.602e+03, emb_loss:0.0004806, best_valid(recall@20): 0.05526
valid 	 N@10: 0.03391, R@10: 0.03286, P@10: 0.0256
valid 	 N@20: 0.04285, R@20: 0.05503, P@20: 0.02206
valid 	 N@50: 0.05981, R@50: 0.1006, P@50: 0.01687

2023-03-20 08:42:09,539 - [INFO] - current w_0 is 12.26499080657959
2023-03-20 08:43:23,788 - [INFO] - E:132|TAU:9.728 21.84, train_time: 72.5, VALID_time: 1.752, loss: 2.601e+03, emb_loss:0.0004845, best_valid(recall@20): 0.05526
valid 	 N@10: 0.03406, R@10: 0.03304, P@10: 0.02569
valid 	 N@20: 0.04286, R@20: 0.05492, P@20: 0.02203
valid 	 N@50: 0.05976, R@50: 0.1003, P@50: 0.01683

2023-03-20 08:43:23,942 - [INFO] - current w_0 is 12.265296936035156
2023-03-20 08:44:38,184 - [INFO] - E:133|TAU:9.726 21.86, train_time: 72.59, VALID_time: 1.655, loss: 2.6e+03, emb_loss:0.0004884, best_valid(recall@20): 0.05526
valid 	 N@10: 0.03398, R@10: 0.03287, P@10: 0.02562
valid 	 N@20: 0.04289, R@20: 0.05496, P@20: 0.02207
valid 	 N@50: 0.05977, R@50: 0.1003, P@50: 0.01682

2023-03-20 08:44:38,273 - [INFO] - current w_0 is 12.264960289001465
2023-03-20 08:45:52,773 - [INFO] - E:134|TAU:9.727 21.81, train_time: 72.55, VALID_time: 1.955, loss: 2.599e+03, emb_loss:0.0004923, best_valid(recall@20): 0.05526
valid 	 N@10: 0.03407, R@10: 0.03312, P@10: 0.02575
valid 	 N@20: 0.0429, R@20: 0.05507, P@20: 0.02209
valid 	 N@50: 0.05975, R@50: 0.1003, P@50: 0.01684

2023-03-20 08:45:52,861 - [INFO] - current w_0 is 12.26586627960205
2023-03-20 08:47:07,067 - [INFO] - E:135|TAU:9.729 21.79, train_time: 72.54, VALID_time: 1.674, loss: 2.599e+03, emb_loss:0.0004962, best_valid(recall@20): 0.05526
valid 	 N@10: 0.03413, R@10: 0.03319, P@10: 0.0258
valid 	 N@20: 0.04294, R@20: 0.0551, P@20: 0.02211
valid 	 N@50: 0.05975, R@50: 0.1003, P@50: 0.01682

2023-03-20 08:47:07,156 - [INFO] - current w_0 is 12.2659912109375
2023-03-20 08:48:21,391 - [INFO] - E:136|TAU:9.728 21.69, train_time: 72.55, VALID_time: 1.692, loss: 2.598e+03, emb_loss:0.0005001, best_valid(recall@20): 0.05526
valid 	 N@10: 0.03413, R@10: 0.0331, P@10: 0.02577
valid 	 N@20: 0.04292, R@20: 0.05503, P@20: 0.02207
valid 	 N@50: 0.05978, R@50: 0.1004, P@50: 0.01683

2023-03-20 08:48:21,474 - [INFO] - current w_0 is 12.266449928283691
2023-03-20 08:49:35,821 - [INFO] - E:137|TAU:9.729 21.78, train_time: 72.6, VALID_time: 1.752, loss: 2.597e+03, emb_loss:0.0005041, best_valid(recall@20): 0.05526
valid 	 N@10: 0.03411, R@10: 0.03309, P@10: 0.02579
valid 	 N@20: 0.04283, R@20: 0.05488, P@20: 0.02202
valid 	 N@50: 0.05973, R@50: 0.1002, P@50: 0.01683

2023-03-20 08:49:35,915 - [INFO] - current w_0 is 12.266770362854004
2023-03-20 08:50:50,120 - [INFO] - E:138|TAU:9.727 22.16, train_time: 72.58, VALID_time: 1.633, loss: 2.596e+03, emb_loss:0.000508, best_valid(recall@20): 0.05526
valid 	 N@10: 0.03403, R@10: 0.03297, P@10: 0.02565
valid 	 N@20: 0.04286, R@20: 0.05493, P@20: 0.02201
valid 	 N@50: 0.05978, R@50: 0.1003, P@50: 0.01685

2023-03-20 08:50:50,206 - [INFO] - current w_0 is 12.267073631286621
2023-03-20 08:52:04,358 - [INFO] - E:139|TAU:9.728 22.28, train_time: 72.56, VALID_time: 1.593, loss: 2.596e+03, emb_loss:0.0005119, best_valid(recall@20): 0.05526
valid 	 N@10: 0.03408, R@10: 0.03307, P@10: 0.02574
valid 	 N@20: 0.04289, R@20: 0.05502, P@20: 0.02203
valid 	 N@50: 0.05984, R@50: 0.1005, P@50: 0.01686

2023-03-20 08:52:04,446 - [INFO] - current w_0 is 12.26683521270752
2023-03-20 08:53:18,557 - [INFO] - E:140|TAU:9.727 22.0, train_time: 72.54, VALID_time: 1.579, loss: 2.595e+03, emb_loss:0.0005158, best_valid(recall@20): 0.05526
valid 	 N@10: 0.03417, R@10: 0.0331, P@10: 0.0258
valid 	 N@20: 0.04288, R@20: 0.05491, P@20: 0.02201
valid 	 N@50: 0.0598, R@50: 0.1003, P@50: 0.01684

2023-03-20 08:53:18,632 - [INFO] - current w_0 is 12.267449378967285
2023-03-20 08:54:32,859 - [INFO] - E:141|TAU:9.728 22.42, train_time: 72.48, VALID_time: 1.751, loss: 2.595e+03, emb_loss:0.0005197, best_valid(recall@20): 0.05526
valid 	 N@10: 0.03404, R@10: 0.03304, P@10: 0.02573
valid 	 N@20: 0.04288, R@20: 0.05506, P@20: 0.02206
valid 	 N@50: 0.05969, R@50: 0.1002, P@50: 0.01682

2023-03-20 08:54:32,945 - [INFO] - current w_0 is 12.267434120178223
2023-03-20 08:55:47,106 - [INFO] - E:142|TAU:9.73 22.24, train_time: 72.5, VALID_time: 1.67, loss: 2.594e+03, emb_loss:0.0005236, best_valid(recall@20): 0.05526
valid 	 N@10: 0.03403, R@10: 0.03307, P@10: 0.02572
valid 	 N@20: 0.0428, R@20: 0.0549, P@20: 0.02201
valid 	 N@50: 0.05964, R@50: 0.1001, P@50: 0.0168

2023-03-20 08:55:47,187 - [INFO] - current w_0 is 12.267553329467773
2023-03-20 08:57:01,410 - [INFO] - E:143|TAU:9.728 21.96, train_time: 72.5, VALID_time: 1.731, loss: 2.594e+03, emb_loss:0.0005275, best_valid(recall@20): 0.05526
valid 	 N@10: 0.0341, R@10: 0.03323, P@10: 0.0258
valid 	 N@20: 0.04284, R@20: 0.05505, P@20: 0.02203
valid 	 N@50: 0.05964, R@50: 0.1001, P@50: 0.01681

2023-03-20 08:57:01,499 - [INFO] - current w_0 is 12.26778793334961
2023-03-20 08:58:15,638 - [INFO] - E:144|TAU:9.729 21.87, train_time: 72.47, VALID_time: 1.678, loss: 2.593e+03, emb_loss:0.0005314, best_valid(recall@20): 0.05526
valid 	 N@10: 0.03408, R@10: 0.0331, P@10: 0.02579
valid 	 N@20: 0.04289, R@20: 0.05504, P@20: 0.02207
valid 	 N@50: 0.0598, R@50: 0.1005, P@50: 0.01685

2023-03-20 08:58:15,733 - [INFO] - current w_0 is 12.268086433410645
2023-03-20 08:59:29,965 - [INFO] - E:145|TAU:9.728 21.83, train_time: 72.55, VALID_time: 1.687, loss: 2.592e+03, emb_loss:0.0005354, best_valid(recall@20): 0.05526
valid 	 N@10: 0.03401, R@10: 0.03308, P@10: 0.02573
valid 	 N@20: 0.04287, R@20: 0.05511, P@20: 0.02208
valid 	 N@50: 0.05974, R@50: 0.1004, P@50: 0.01683

2023-03-20 08:59:30,052 - [INFO] - current w_0 is 12.26795768737793
2023-03-20 09:00:44,323 - [INFO] - E:146|TAU:9.727 21.74, train_time: 72.46, VALID_time: 1.821, loss: 2.591e+03, emb_loss:0.0005393, best_valid(recall@20): 0.05526
valid 	 N@10: 0.03403, R@10: 0.03312, P@10: 0.02573
valid 	 N@20: 0.04287, R@20: 0.05511, P@20: 0.02205
valid 	 N@50: 0.05972, R@50: 0.1003, P@50: 0.01682

2023-03-20 09:00:44,413 - [INFO] - current w_0 is 12.268119812011719
2023-03-20 09:01:58,660 - [INFO] - E:147|TAU:9.728 21.86, train_time: 72.54, VALID_time: 1.709, loss: 2.591e+03, emb_loss:0.0005432, best_valid(recall@20): 0.05526
valid 	 N@10: 0.03399, R@10: 0.03298, P@10: 0.02563
valid 	 N@20: 0.04296, R@20: 0.05514, P@20: 0.02211
valid 	 N@50: 0.05978, R@50: 0.1003, P@50: 0.01683

2023-03-20 09:01:58,892 - [INFO] - current w_0 is 12.268533706665039
2023-03-20 09:03:13,257 - [INFO] - E:148|TAU:9.729 22.07, train_time: 72.57, VALID_time: 1.804, loss: 2.59e+03, emb_loss:0.0005471, best_valid(recall@20): 0.05526
valid 	 N@10: 0.03407, R@10: 0.03306, P@10: 0.02568
valid 	 N@20: 0.04291, R@20: 0.05495, P@20: 0.02205
valid 	 N@50: 0.05976, R@50: 0.1001, P@50: 0.01682

2023-03-20 09:03:13,346 - [INFO] - current w_0 is 12.268447875976562
2023-03-20 09:04:27,533 - [INFO] - E:149|TAU:9.729 22.03, train_time: 72.51, VALID_time: 1.686, loss: 2.59e+03, emb_loss:0.000551, best_valid(recall@20): 0.05526
valid 	 N@10: 0.03412, R@10: 0.03317, P@10: 0.02578
valid 	 N@20: 0.04286, R@20: 0.05489, P@20: 0.02202
valid 	 N@50: 0.05976, R@50: 0.1002, P@50: 0.01683

2023-03-20 09:04:27,626 - [INFO] - current w_0 is 12.268522262573242
2023-03-20 09:05:41,757 - [INFO] - E:150|TAU:9.731 22.02, train_time: 72.58, VALID_time: 1.56, loss: 2.589e+03, emb_loss:0.000555, best_valid(recall@20): 0.05526
valid 	 N@10: 0.03418, R@10: 0.03317, P@10: 0.02578
valid 	 N@20: 0.04297, R@20: 0.05504, P@20: 0.02206
valid 	 N@50: 0.05969, R@50: 0.0999, P@50: 0.01677

2023-03-20 09:05:41,841 - [INFO] - current w_0 is 12.268704414367676
2023-03-20 09:06:56,343 - [INFO] - E:151|TAU:9.729 22.27, train_time: 72.74, VALID_time: 1.765, loss: 2.589e+03, emb_loss:0.0005589, best_valid(recall@20): 0.05526
valid 	 N@10: 0.03409, R@10: 0.03298, P@10: 0.02567
valid 	 N@20: 0.04296, R@20: 0.05498, P@20: 0.02206
valid 	 N@50: 0.05971, R@50: 0.09991, P@50: 0.01678

2023-03-20 09:06:56,489 - [INFO] - current w_0 is 12.26848316192627
2023-03-20 09:08:10,650 - [INFO] - E:152|TAU:9.731 21.96, train_time: 72.5, VALID_time: 1.671, loss: 2.588e+03, emb_loss:0.0005628, best_valid(recall@20): 0.05526
valid 	 N@10: 0.03411, R@10: 0.03302, P@10: 0.02568
valid 	 N@20: 0.04297, R@20: 0.05504, P@20: 0.02207
valid 	 N@50: 0.0598, R@50: 0.1002, P@50: 0.01683

2023-03-20 09:08:10,733 - [INFO] - current w_0 is 12.268916130065918
2023-03-20 09:09:25,132 - [INFO] - E:153|TAU:9.728 22.15, train_time: 72.52, VALID_time: 1.88, loss: 2.587e+03, emb_loss:0.0005668, best_valid(recall@20): 0.05526
valid 	 N@10: 0.03404, R@10: 0.03299, P@10: 0.02572
valid 	 N@20: 0.04284, R@20: 0.0549, P@20: 0.02203
valid 	 N@50: 0.05972, R@50: 0.1003, P@50: 0.01683

2023-03-20 09:09:25,223 - [INFO] - current w_0 is 12.269392013549805
2023-03-20 09:10:39,420 - [INFO] - E:154|TAU:9.728 22.01, train_time: 72.54, VALID_time: 1.659, loss: 2.586e+03, emb_loss:0.0005707, best_valid(recall@20): 0.05526
valid 	 N@10: 0.03416, R@10: 0.03312, P@10: 0.02581
valid 	 N@20: 0.04297, R@20: 0.05509, P@20: 0.02207
valid 	 N@50: 0.05976, R@50: 0.1002, P@50: 0.01681

2023-03-20 09:10:39,501 - [INFO] - current w_0 is 12.26915168762207
2023-03-20 09:11:53,652 - [INFO] - E:155|TAU:9.731 22.24, train_time: 72.45, VALID_time: 1.704, loss: 2.586e+03, emb_loss:0.0005746, best_valid(recall@20): 0.05526
valid 	 N@10: 0.03407, R@10: 0.03287, P@10: 0.02568
valid 	 N@20: 0.04303, R@20: 0.05517, P@20: 0.02213
valid 	 N@50: 0.05975, R@50: 0.1001, P@50: 0.0168

2023-03-20 09:11:53,742 - [INFO] - current w_0 is 12.269037246704102
2023-03-20 09:13:08,327 - [INFO] - E:156|TAU:9.728 22.16, train_time: 72.54, VALID_time: 2.048, loss: 2.586e+03, emb_loss:0.0005786, best_valid(recall@20): 0.05526
valid 	 N@10: 0.03415, R@10: 0.03312, P@10: 0.02581
valid 	 N@20: 0.043, R@20: 0.05519, P@20: 0.02211
valid 	 N@50: 0.05983, R@50: 0.1005, P@50: 0.01685

2023-03-20 09:13:08,416 - [INFO] - current w_0 is 12.269485473632812
2023-03-20 09:14:22,571 - [INFO] - E:157|TAU:9.73 22.0, train_time: 72.51, VALID_time: 1.645, loss: 2.585e+03, emb_loss:0.0005825, best_valid(recall@20): 0.05526
valid 	 N@10: 0.03417, R@10: 0.03322, P@10: 0.02581
valid 	 N@20: 0.04303, R@20: 0.05526, P@20: 0.02212
valid 	 N@50: 0.0598, R@50: 0.1003, P@50: 0.01681

2023-03-20 09:14:22,656 - [INFO] - current w_0 is 12.269831657409668
2023-03-20 09:15:37,179 - [INFO] - E:158|TAU:9.729 21.79, train_time: 72.59, VALID_time: 1.941, loss: 2.585e+03, emb_loss:0.0005864, best_valid(recall@20): 0.05526
valid 	 N@10: 0.03413, R@10: 0.03315, P@10: 0.02579
valid 	 N@20: 0.04295, R@20: 0.0551, P@20: 0.02209
valid 	 N@50: 0.05971, R@50: 0.1001, P@50: 0.01681

2023-03-20 09:15:37,248 - [INFO] - current w_0 is 12.269739151000977
2023-03-20 09:16:51,354 - [INFO] - E:159|TAU:9.728 22.07, train_time: 72.49, VALID_time: 1.618, loss: 2.584e+03, emb_loss:0.0005904, best_valid(recall@20): 0.05526
valid 	 N@10: 0.03421, R@10: 0.03324, P@10: 0.02589
valid 	 N@20: 0.04299, R@20: 0.05517, P@20: 0.02209
valid 	 N@50: 0.05976, R@50: 0.1003, P@50: 0.0168

2023-03-20 09:16:51,440 - [INFO] - current w_0 is 12.269657135009766
2023-03-20 09:18:05,700 - [INFO] - E:160|TAU:9.729 21.78, train_time: 72.54, VALID_time: 1.73, loss: 2.584e+03, emb_loss:0.0005943, best_valid(recall@20): 0.05526
valid 	 N@10: 0.03423, R@10: 0.03327, P@10: 0.02586
valid 	 N@20: 0.04303, R@20: 0.05523, P@20: 0.02211
valid 	 N@50: 0.05978, R@50: 0.1002, P@50: 0.01681

2023-03-20 09:18:05,793 - [INFO] - current w_0 is 12.269730567932129
2023-03-20 09:19:20,265 - [INFO] - E:161|TAU:9.73 21.93, train_time: 72.49, VALID_time: 1.992, loss: 2.583e+03, emb_loss:0.0005982, best_valid(recall@20): 0.05526
valid 	 N@10: 0.03413, R@10: 0.03315, P@10: 0.02579
valid 	 N@20: 0.04296, R@20: 0.05516, P@20: 0.02212
valid 	 N@50: 0.05977, R@50: 0.1004, P@50: 0.01683

2023-03-20 09:19:20,355 - [INFO] - current w_0 is 12.269570350646973
2023-03-20 09:20:34,407 - [INFO] - E:162|TAU:9.731 21.47, train_time: 72.49, VALID_time: 1.567, loss: 2.583e+03, emb_loss:0.0006022, best_valid(recall@20): 0.05526
valid 	 N@10: 0.0341, R@10: 0.03315, P@10: 0.02577
valid 	 N@20: 0.04295, R@20: 0.05519, P@20: 0.02208
valid 	 N@50: 0.05974, R@50: 0.1003, P@50: 0.01681

2023-03-20 09:20:34,491 - [INFO] - current w_0 is 12.269490242004395
2023-03-20 09:21:48,571 - [INFO] - E:163|TAU:9.73 21.68, train_time: 72.54, VALID_time: 1.549, loss: 2.582e+03, emb_loss:0.0006061, best_valid(recall@20): 0.05526
valid 	 N@10: 0.03422, R@10: 0.03315, P@10: 0.02586
valid 	 N@20: 0.04299, R@20: 0.05513, P@20: 0.02206
valid 	 N@50: 0.05974, R@50: 0.1001, P@50: 0.01679

2023-03-20 09:21:48,656 - [INFO] - current w_0 is 12.269489288330078
2023-03-20 09:23:02,782 - [INFO] - E:164|TAU:9.728 21.8, train_time: 72.49, VALID_time: 1.644, loss: 2.581e+03, emb_loss:0.0006101, best_valid(recall@20): 0.05526
valid 	 N@10: 0.03424, R@10: 0.0332, P@10: 0.02587
valid 	 N@20: 0.04303, R@20: 0.05515, P@20: 0.02209
valid 	 N@50: 0.05979, R@50: 0.1001, P@50: 0.01681

2023-03-20 09:23:02,854 - [INFO] - current w_0 is 12.269988059997559
2023-03-20 09:24:17,412 - [INFO] - E:165|TAU:9.731 21.78, train_time: 72.63, VALID_time: 1.93, loss: 2.581e+03, emb_loss:0.000614, best_valid(recall@20): 0.05526
valid 	 N@10: 0.03404, R@10: 0.03304, P@10: 0.02577
valid 	 N@20: 0.04288, R@20: 0.05505, P@20: 0.02204
valid 	 N@50: 0.05971, R@50: 0.1002, P@50: 0.01682

2023-03-20 09:24:17,511 - [INFO] - current w_0 is 12.269906997680664
2023-03-20 09:25:31,707 - [INFO] - E:166|TAU:9.73 22.17, train_time: 72.51, VALID_time: 1.692, loss: 2.58e+03, emb_loss:0.000618, best_valid(recall@20): 0.05526
valid 	 N@10: 0.03416, R@10: 0.03316, P@10: 0.02583
valid 	 N@20: 0.04289, R@20: 0.05493, P@20: 0.02202
valid 	 N@50: 0.0598, R@50: 0.1004, P@50: 0.01683

2023-03-20 09:25:31,779 - [INFO] - current w_0 is 12.270035743713379
2023-03-20 09:26:46,264 - [INFO] - E:167|TAU:9.727 21.94, train_time: 72.54, VALID_time: 1.95, loss: 2.58e+03, emb_loss:0.0006219, best_valid(recall@20): 0.05526
valid 	 N@10: 0.03408, R@10: 0.03306, P@10: 0.02574
valid 	 N@20: 0.04296, R@20: 0.05514, P@20: 0.02208
valid 	 N@50: 0.05972, R@50: 0.1001, P@50: 0.01681

2023-03-20 09:26:46,344 - [INFO] - current w_0 is 12.270051002502441
2023-03-20 09:28:00,597 - [INFO] - E:168|TAU:9.731 21.62, train_time: 72.58, VALID_time: 1.681, loss: 2.579e+03, emb_loss:0.0006259, best_valid(recall@20): 0.05526
valid 	 N@10: 0.03414, R@10: 0.03319, P@10: 0.02579
valid 	 N@20: 0.04296, R@20: 0.05513, P@20: 0.0221
valid 	 N@50: 0.0597, R@50: 0.1001, P@50: 0.0168

2023-03-20 09:28:00,598 - [INFO] - start to test!!

2023-03-20 09:28:01,436 - [INFO] - 
TEST 	 N@10: 0.03405, R@10: 0.033, P@10: 0.02568
TEST 	 N@20: 0.04303, R@20: 0.05526, P@20: 0.02212
TEST 	 N@50: 0.05983, R@50: 0.1004, P@50: 0.01685

