2023-03-20 14:19:32,860 - [INFO] - {'dataset': 'amazon-book', 'data_path': './data/', 'name': 'amazon-book_LGN_mode_weight_v0_no_sample_nocosine_TAU_Adap_tau_Loss_2048_1024_lr_1e-4_l2_1e-1_t1_1.0_t2_1.0_nodrop_20_03_2023_14:19:32', 'train_ratio': 0.8, 'gnn': 'lgn_simplex', 'epoch': 1000, 'batch_size': 2048, 'test_batch_size': 2048, 'dim': 64, 'l2': 0.1, 'lr': 0.0001, 'mess_dropout': False, 'mess_dropout_rate': 0.1, 'edge_dropout': False, 'edge_dropout_rate': 0.1, 'batch_test_flag': True, 'ns': 'uniform', 'K': 1, 'n_negs': 1024, 'pool': 'mean', 'cuda': True, 'gpu_id': 0, 'Ks': '[10, 20, 50]', 'test_flag': 'part', 'context_hops': 3, 'eval_earlystop': 'recall@20', 'tau_plus': 0.1, 'temperature': 1.0, 'beta': 1.0, 'sample_num': 2048, 's_neg': 64, 's_pos': 64, 'norm_change': False, 'norm_path': None, 'u_norm': True, 'i_norm': True, 'alpha': 0.1, 'save': False, 'save_analyses': False, 'log_hard_rate': False, 'norm_before': False, 'norm_after': False, 'batch_var': False, 'out_dir': './weights/', 'log_dir': './log/', 'config_dir': './config/', 'restore': False, 'bash_train': False, 'emb_l2': False, 'lam': 0.1, 'lam_per_epoch': 0.1, 'margin': 0.9, 'negative_weight': 150, 'loss_fn': 'Adap_tau_Loss', 'sampling_method': 'no_sample', 'load_name': 'uniform', 'generate_mode': 'nocosine', 'reweight_period': 5, 'mix_target': 'mix_target', 'mask_distribution': 'mask_distribution', 'neg_alpha': 1.6, 'pos_alpha': 2.0, 'dim_mask': 'both', 'expolation_mask': False, 'mix_replace': False, 'save_emb': False, 'sample_replace': False, 'init_norm': 'uniform', 'init_mean': 2.0, 'init_std': 2.0, 'pop_pow': 1.0, 'save_mle': False, 'l2_mode': 'static', 'temperature_2': 1.0, 'temperature_3': 1.0, 'group_valid': False, 'score_save': 'alpha', 'tau_min': 0.05, 'tau_max': 0.15, 'm': 0.9, 'pow_rate': 0.9, 't_min': 0.05, 't_max': 0.15, 't_epoch': 0.01, 't_patience': 10, 'tau_mode': 'weight_v0', 'pos_num': 10, 'beta_1': 10, 'beta_2': 10, 'kl_mode': 'kl', 'lam_bank': False, 'neg_rate': '', 'trans_mode': 'minmax', 'pos_memory_func': 'v1', 'tau_memory_func': 'v1', 'kl_memory_fun': 'v0', 'm_tau': 0.9, 'just_lr': False, 'min_lr': 1e-06, 'cnt_lr': 100, 'pos_mode': 'feed_loss'}
2023-03-20 14:19:36,106 - [INFO] - load train.txt
2023-03-20 14:19:41,698 - [INFO] - building the adj mat ...
2023-03-20 14:19:42,719 - [INFO] - train set len is 2380730
2023-03-20 14:19:42,719 - [INFO] - test set len is 603378
2023-03-20 14:19:42,719 - [INFO] - loading over ...
2023-03-20 14:19:42,719 - [INFO] - users are 52643 items are 91599
Adap_tau_Loss
start to make tables
2023-03-20 14:19:53,038 - [INFO] - Evaluation Protocols is 1 @ 20
2023-03-20 14:19:53,038 - [INFO] - start training ...
6.761529952716888
2023-03-20 14:19:53,120 - [INFO] - current w_0 is 9.65932889229748
2023-03-20 14:21:35,657 - [INFO] - E:0|TAU:9.659 9.659, train_time: 100.8, VALID_time: 1.776, loss: 6.304e+03, emb_loss:0.0003993, best_valid(recall@20): -inf
valid 	 N@10: 0.02412, R@10: 0.02191, P@10: 0.01881
valid 	 N@20: 0.02996, R@20: 0.03736, P@20: 0.01636
valid 	 N@50: 0.04271, R@50: 0.07206, P@50: 0.01294

6.761529952716888
2023-03-20 14:21:35,797 - [INFO] - current w_0 is 9.65932889229748
2023-03-20 14:23:17,095 - [INFO] - E:1|TAU:9.659 9.659, train_time: 99.52, VALID_time: 1.777, loss: 5.251e+03, emb_loss:0.0005781, best_valid(recall@20): 0.03736
valid 	 N@10: 0.02848, R@10: 0.02627, P@10: 0.02219
valid 	 N@20: 0.03554, R@20: 0.04482, P@20: 0.01924
valid 	 N@50: 0.05032, R@50: 0.085, P@50: 0.01502

6.761529952716888
2023-03-20 14:23:17,291 - [INFO] - current w_0 is 9.65932889229748
2023-03-20 14:24:58,824 - [INFO] - E:2|TAU:9.659 9.659, train_time: 99.78, VALID_time: 1.75, loss: 4.984e+03, emb_loss:0.0007108, best_valid(recall@20): 0.04482
valid 	 N@10: 0.03078, R@10: 0.02858, P@10: 0.02395
valid 	 N@20: 0.03825, R@20: 0.04826, P@20: 0.02052
valid 	 N@50: 0.05395, R@50: 0.09084, P@50: 0.01596

6.761529952716888
2023-03-20 14:24:58,970 - [INFO] - current w_0 is 9.65932889229748
2023-03-20 14:26:39,992 - [INFO] - E:3|TAU:9.659 9.659, train_time: 99.34, VALID_time: 1.684, loss: 4.864e+03, emb_loss:0.0008433, best_valid(recall@20): 0.04826
valid 	 N@10: 0.03204, R@10: 0.02982, P@10: 0.0248
valid 	 N@20: 0.03975, R@20: 0.05003, P@20: 0.02123
valid 	 N@50: 0.05591, R@50: 0.09392, P@50: 0.01645

6.761529952716888
2023-03-20 14:26:40,161 - [INFO] - current w_0 is 9.65932889229748
2023-03-20 14:28:21,230 - [INFO] - E:4|TAU:9.659 9.659, train_time: 99.28, VALID_time: 1.788, loss: 4.797e+03, emb_loss:0.0009771, best_valid(recall@20): 0.05003
valid 	 N@10: 0.03271, R@10: 0.03049, P@10: 0.02522
valid 	 N@20: 0.04057, R@20: 0.05092, P@20: 0.02159
valid 	 N@50: 0.05719, R@50: 0.09601, P@50: 0.01679

6.761529952716888
2023-03-20 14:28:21,408 - [INFO] - current w_0 is 9.65932889229748
2023-03-20 14:30:02,599 - [INFO] - E:5|TAU:9.659 9.659, train_time: 99.44, VALID_time: 1.749, loss: 4.754e+03, emb_loss:0.001112, best_valid(recall@20): 0.05092
valid 	 N@10: 0.03332, R@10: 0.031, P@10: 0.02567
valid 	 N@20: 0.04123, R@20: 0.05176, P@20: 0.02186
valid 	 N@50: 0.05806, R@50: 0.0974, P@50: 0.017

6.761529952716888
2023-03-20 14:30:02,766 - [INFO] - current w_0 is 9.65932889229748
2023-03-20 14:31:44,057 - [INFO] - E:6|TAU:9.659 9.659, train_time: 99.46, VALID_time: 1.833, loss: 4.724e+03, emb_loss:0.001249, best_valid(recall@20): 0.05176
valid 	 N@10: 0.03358, R@10: 0.03132, P@10: 0.02588
valid 	 N@20: 0.04159, R@20: 0.05221, P@20: 0.02208
valid 	 N@50: 0.05851, R@50: 0.09812, P@50: 0.01713

6.761529952716888
2023-03-20 14:31:44,202 - [INFO] - current w_0 is 9.65932889229748
2023-03-20 14:33:25,233 - [INFO] - E:7|TAU:9.659 9.659, train_time: 99.3, VALID_time: 1.726, loss: 4.701e+03, emb_loss:0.001387, best_valid(recall@20): 0.05221
valid 	 N@10: 0.03402, R@10: 0.03164, P@10: 0.02617
valid 	 N@20: 0.04213, R@20: 0.05289, P@20: 0.02235
valid 	 N@50: 0.05917, R@50: 0.09915, P@50: 0.0173

6.761529952716888
2023-03-20 14:33:25,404 - [INFO] - current w_0 is 9.65932889229748
2023-03-20 14:35:06,868 - [INFO] - E:8|TAU:9.659 9.659, train_time: 99.37, VALID_time: 2.089, loss: 4.682e+03, emb_loss:0.001525, best_valid(recall@20): 0.05289
valid 	 N@10: 0.03429, R@10: 0.03185, P@10: 0.02636
valid 	 N@20: 0.04251, R@20: 0.05333, P@20: 0.02254
valid 	 N@50: 0.05954, R@50: 0.09956, P@50: 0.01739

6.761529952716888
2023-03-20 14:35:07,024 - [INFO] - current w_0 is 9.65932889229748
2023-03-20 14:36:48,338 - [INFO] - E:9|TAU:9.659 9.659, train_time: 99.57, VALID_time: 1.746, loss: 4.667e+03, emb_loss:0.001664, best_valid(recall@20): 0.05333
valid 	 N@10: 0.03458, R@10: 0.03214, P@10: 0.02658
valid 	 N@20: 0.0427, R@20: 0.05349, P@20: 0.0226
valid 	 N@50: 0.05988, R@50: 0.1001, P@50: 0.01748

6.761529952716888
2023-03-20 14:36:48,499 - [INFO] - current w_0 is 9.65932889229748
2023-03-20 14:38:30,306 - [INFO] - E:10|TAU:9.659 9.659, train_time: 100.1, VALID_time: 1.739, loss: 4.654e+03, emb_loss:0.001803, best_valid(recall@20): 0.05349
valid 	 N@10: 0.03475, R@10: 0.03223, P@10: 0.02669
valid 	 N@20: 0.04294, R@20: 0.05376, P@20: 0.0227
valid 	 N@50: 0.06018, R@50: 0.1006, P@50: 0.01755

6.761529952716888
2023-03-20 14:38:30,473 - [INFO] - current w_0 is 9.65932889229748
2023-03-20 14:40:11,672 - [INFO] - E:11|TAU:9.659 9.659, train_time: 99.47, VALID_time: 1.731, loss: 4.643e+03, emb_loss:0.001942, best_valid(recall@20): 0.05376
valid 	 N@10: 0.03477, R@10: 0.03231, P@10: 0.02668
valid 	 N@20: 0.04305, R@20: 0.05392, P@20: 0.02277
valid 	 N@50: 0.06034, R@50: 0.1009, P@50: 0.01758

6.761529952716888
2023-03-20 14:40:11,812 - [INFO] - current w_0 is 9.65932889229748
2023-03-20 14:41:53,042 - [INFO] - E:12|TAU:9.659 9.659, train_time: 99.35, VALID_time: 1.874, loss: 4.633e+03, emb_loss:0.002082, best_valid(recall@20): 0.05392
valid 	 N@10: 0.03495, R@10: 0.03251, P@10: 0.02688
valid 	 N@20: 0.04318, R@20: 0.05411, P@20: 0.02285
valid 	 N@50: 0.06062, R@50: 0.1014, P@50: 0.01769

6.761529952716888
2023-03-20 14:41:53,216 - [INFO] - current w_0 is 9.65932889229748
2023-03-20 14:43:34,689 - [INFO] - E:13|TAU:9.659 9.659, train_time: 99.28, VALID_time: 2.191, loss: 4.625e+03, emb_loss:0.002221, best_valid(recall@20): 0.05411
valid 	 N@10: 0.03511, R@10: 0.03264, P@10: 0.02694
valid 	 N@20: 0.04338, R@20: 0.05434, P@20: 0.02291
valid 	 N@50: 0.06078, R@50: 0.1015, P@50: 0.01771

6.761529952716888
2023-03-20 14:43:34,833 - [INFO] - current w_0 is 9.65932889229748
2023-03-20 14:45:16,189 - [INFO] - E:14|TAU:9.659 9.659, train_time: 99.44, VALID_time: 1.911, loss: 4.617e+03, emb_loss:0.002361, best_valid(recall@20): 0.05434
valid 	 N@10: 0.03516, R@10: 0.03264, P@10: 0.02699
valid 	 N@20: 0.04349, R@20: 0.05448, P@20: 0.023
valid 	 N@50: 0.06091, R@50: 0.1018, P@50: 0.01776

6.761529952716888
2023-03-20 14:45:16,356 - [INFO] - current w_0 is 9.65932889229748
2023-03-20 14:46:57,726 - [INFO] - E:15|TAU:9.659 9.659, train_time: 99.44, VALID_time: 1.923, loss: 4.61e+03, emb_loss:0.002499, best_valid(recall@20): 0.05448
valid 	 N@10: 0.03525, R@10: 0.03274, P@10: 0.027
valid 	 N@20: 0.04355, R@20: 0.05448, P@20: 0.02296
valid 	 N@50: 0.06107, R@50: 0.102, P@50: 0.01778

6.761529952716888
2023-03-20 14:46:57,910 - [INFO] - current w_0 is 9.65932889229748
2023-03-20 14:48:39,027 - [INFO] - E:16|TAU:9.659 9.659, train_time: 99.4, VALID_time: 1.71, loss: 4.604e+03, emb_loss:0.002638, best_valid(recall@20): 0.05448
valid 	 N@10: 0.03544, R@10: 0.03289, P@10: 0.02716
valid 	 N@20: 0.04371, R@20: 0.05464, P@20: 0.02304
valid 	 N@50: 0.06126, R@50: 0.1023, P@50: 0.01782

6.761529952716888
2023-03-20 14:48:39,191 - [INFO] - current w_0 is 9.65932889229748
2023-03-20 14:50:20,329 - [INFO] - E:17|TAU:9.659 9.659, train_time: 99.34, VALID_time: 1.792, loss: 4.598e+03, emb_loss:0.002777, best_valid(recall@20): 0.05464
valid 	 N@10: 0.03549, R@10: 0.03287, P@10: 0.02716
valid 	 N@20: 0.0439, R@20: 0.05491, P@20: 0.02313
valid 	 N@50: 0.06139, R@50: 0.1024, P@50: 0.01784

6.761529952716888
2023-03-20 14:50:20,483 - [INFO] - current w_0 is 9.65932889229748
2023-03-20 14:52:02,229 - [INFO] - E:18|TAU:9.659 9.659, train_time: 99.4, VALID_time: 2.347, loss: 4.593e+03, emb_loss:0.002915, best_valid(recall@20): 0.05491
valid 	 N@10: 0.0356, R@10: 0.03298, P@10: 0.02722
valid 	 N@20: 0.04405, R@20: 0.05513, P@20: 0.02319
valid 	 N@50: 0.06149, R@50: 0.1025, P@50: 0.01787

6.761529952716888
2023-03-20 14:52:02,400 - [INFO] - current w_0 is 9.65932889229748
2023-03-20 14:53:43,696 - [INFO] - E:19|TAU:9.659 9.659, train_time: 99.44, VALID_time: 1.852, loss: 4.588e+03, emb_loss:0.003052, best_valid(recall@20): 0.05513
valid 	 N@10: 0.03571, R@10: 0.03309, P@10: 0.02733
valid 	 N@20: 0.04407, R@20: 0.05508, P@20: 0.02317
valid 	 N@50: 0.06159, R@50: 0.1026, P@50: 0.01788

6.761529952716888
2023-03-20 14:53:43,777 - [INFO] - current w_0 is 9.65932889229748
2023-03-20 14:55:25,031 - [INFO] - E:20|TAU:9.659 9.659, train_time: 99.44, VALID_time: 1.809, loss: 4.584e+03, emb_loss:0.003189, best_valid(recall@20): 0.05513
valid 	 N@10: 0.03579, R@10: 0.03309, P@10: 0.02737
valid 	 N@20: 0.0442, R@20: 0.05525, P@20: 0.02325
valid 	 N@50: 0.06169, R@50: 0.1027, P@50: 0.01791

6.761529952716888
2023-03-20 14:55:25,209 - [INFO] - current w_0 is 9.65932889229748
2023-03-20 14:57:06,469 - [INFO] - E:21|TAU:9.659 9.659, train_time: 99.5, VALID_time: 1.758, loss: 4.58e+03, emb_loss:0.003326, best_valid(recall@20): 0.05525
valid 	 N@10: 0.03585, R@10: 0.03316, P@10: 0.02743
valid 	 N@20: 0.04425, R@20: 0.05532, P@20: 0.02327
valid 	 N@50: 0.06178, R@50: 0.1028, P@50: 0.01794

6.761529952716888
2023-03-20 14:57:06,633 - [INFO] - current w_0 is 9.65932889229748
2023-03-20 14:58:47,875 - [INFO] - E:22|TAU:9.659 9.659, train_time: 99.38, VALID_time: 1.862, loss: 4.576e+03, emb_loss:0.003463, best_valid(recall@20): 0.05532
valid 	 N@10: 0.03586, R@10: 0.03321, P@10: 0.02745
valid 	 N@20: 0.04428, R@20: 0.05539, P@20: 0.02329
valid 	 N@50: 0.06181, R@50: 0.1029, P@50: 0.01795

6.761529952716888
2023-03-20 14:58:48,055 - [INFO] - current w_0 is 9.65932889229748
2023-03-20 15:00:29,181 - [INFO] - E:23|TAU:9.659 9.659, train_time: 99.36, VALID_time: 1.765, loss: 4.572e+03, emb_loss:0.003598, best_valid(recall@20): 0.05539
valid 	 N@10: 0.03582, R@10: 0.03317, P@10: 0.0274
valid 	 N@20: 0.04432, R@20: 0.05548, P@20: 0.02333
valid 	 N@50: 0.06187, R@50: 0.103, P@50: 0.01797

6.761529952716888
2023-03-20 15:00:29,345 - [INFO] - current w_0 is 9.65932889229748
2023-03-20 15:02:10,442 - [INFO] - E:24|TAU:9.659 9.659, train_time: 99.4, VALID_time: 1.689, loss: 4.569e+03, emb_loss:0.003733, best_valid(recall@20): 0.05548
valid 	 N@10: 0.03583, R@10: 0.03319, P@10: 0.02743
valid 	 N@20: 0.04439, R@20: 0.05563, P@20: 0.02338
valid 	 N@50: 0.06197, R@50: 0.1032, P@50: 0.01802

6.761529952716888
2023-03-20 15:02:10,601 - [INFO] - current w_0 is 9.65932889229748
2023-03-20 15:03:51,795 - [INFO] - E:25|TAU:9.659 9.659, train_time: 99.32, VALID_time: 1.874, loss: 4.566e+03, emb_loss:0.003867, best_valid(recall@20): 0.05563
valid 	 N@10: 0.03595, R@10: 0.03322, P@10: 0.02745
valid 	 N@20: 0.04449, R@20: 0.05563, P@20: 0.02338
valid 	 N@50: 0.06208, R@50: 0.1033, P@50: 0.01802

6.761529952716888
2023-03-20 15:03:51,877 - [INFO] - current w_0 is 9.65932889229748
2023-03-20 15:05:34,868 - [INFO] - E:26|TAU:9.659 9.659, train_time: 99.96, VALID_time: 3.024, loss: 4.563e+03, emb_loss:0.004001, best_valid(recall@20): 0.05563
valid 	 N@10: 0.03596, R@10: 0.03325, P@10: 0.02752
valid 	 N@20: 0.04448, R@20: 0.05561, P@20: 0.02339
valid 	 N@50: 0.06207, R@50: 0.1032, P@50: 0.01801

6.761529952716888
2023-03-20 15:05:35,332 - [INFO] - current w_0 is 9.65932889229748
2023-03-20 15:07:16,697 - [INFO] - E:27|TAU:9.659 9.659, train_time: 99.58, VALID_time: 1.779, loss: 4.56e+03, emb_loss:0.004135, best_valid(recall@20): 0.05563
valid 	 N@10: 0.03609, R@10: 0.03331, P@10: 0.02755
valid 	 N@20: 0.0447, R@20: 0.05591, P@20: 0.02349
valid 	 N@50: 0.06221, R@50: 0.1034, P@50: 0.01802

6.761529952716888
2023-03-20 15:07:16,866 - [INFO] - current w_0 is 9.65932889229748
2023-03-20 15:08:58,137 - [INFO] - E:28|TAU:9.659 9.659, train_time: 99.47, VALID_time: 1.797, loss: 4.558e+03, emb_loss:0.004266, best_valid(recall@20): 0.05591
valid 	 N@10: 0.03617, R@10: 0.03347, P@10: 0.02767
valid 	 N@20: 0.04469, R@20: 0.05591, P@20: 0.02349
valid 	 N@50: 0.06221, R@50: 0.1034, P@50: 0.01803

6.761529952716888
2023-03-20 15:08:58,297 - [INFO] - current w_0 is 9.65932889229748
2023-03-20 15:10:39,706 - [INFO] - E:29|TAU:9.659 9.659, train_time: 99.29, VALID_time: 2.118, loss: 4.555e+03, emb_loss:0.004399, best_valid(recall@20): 0.05591
valid 	 N@10: 0.0362, R@10: 0.03353, P@10: 0.02771
valid 	 N@20: 0.04478, R@20: 0.05609, P@20: 0.02355
valid 	 N@50: 0.0623, R@50: 0.1035, P@50: 0.01806

6.761529952716888
2023-03-20 15:10:39,879 - [INFO] - current w_0 is 9.65932889229748
2023-03-20 15:12:21,257 - [INFO] - E:30|TAU:9.659 9.659, train_time: 99.56, VALID_time: 1.819, loss: 4.553e+03, emb_loss:0.00453, best_valid(recall@20): 0.05609
valid 	 N@10: 0.03622, R@10: 0.03358, P@10: 0.02777
valid 	 N@20: 0.04473, R@20: 0.05599, P@20: 0.02353
valid 	 N@50: 0.06227, R@50: 0.1035, P@50: 0.01805

6.761529952716888
2023-03-20 15:12:21,326 - [INFO] - current w_0 is 9.65932889229748
2023-03-20 15:14:02,454 - [INFO] - E:31|TAU:9.659 9.659, train_time: 99.35, VALID_time: 1.772, loss: 4.551e+03, emb_loss:0.004661, best_valid(recall@20): 0.05609
valid 	 N@10: 0.03626, R@10: 0.03365, P@10: 0.02779
valid 	 N@20: 0.04482, R@20: 0.05615, P@20: 0.0236
valid 	 N@50: 0.06227, R@50: 0.1035, P@50: 0.01804

6.761529952716888
2023-03-20 15:14:02,617 - [INFO] - current w_0 is 9.65932889229748
2023-03-20 15:15:43,657 - [INFO] - E:32|TAU:9.659 9.659, train_time: 99.38, VALID_time: 1.658, loss: 4.549e+03, emb_loss:0.004791, best_valid(recall@20): 0.05615
valid 	 N@10: 0.03636, R@10: 0.03374, P@10: 0.02785
valid 	 N@20: 0.04485, R@20: 0.05612, P@20: 0.02359
valid 	 N@50: 0.06239, R@50: 0.1037, P@50: 0.01808

6.761529952716888
2023-03-20 15:15:43,737 - [INFO] - current w_0 is 9.65932889229748
2023-03-20 15:17:24,883 - [INFO] - E:33|TAU:9.659 9.659, train_time: 99.35, VALID_time: 1.797, loss: 4.546e+03, emb_loss:0.00492, best_valid(recall@20): 0.05615
valid 	 N@10: 0.03635, R@10: 0.03373, P@10: 0.02784
valid 	 N@20: 0.0449, R@20: 0.05619, P@20: 0.02363
valid 	 N@50: 0.06239, R@50: 0.1036, P@50: 0.01808

6.761529952716888
2023-03-20 15:17:25,044 - [INFO] - current w_0 is 9.65932889229748
2023-03-20 15:19:06,288 - [INFO] - E:34|TAU:9.659 9.659, train_time: 99.46, VALID_time: 1.778, loss: 4.545e+03, emb_loss:0.005049, best_valid(recall@20): 0.05619
valid 	 N@10: 0.03645, R@10: 0.03383, P@10: 0.02792
valid 	 N@20: 0.04501, R@20: 0.05636, P@20: 0.02367
valid 	 N@50: 0.06245, R@50: 0.1036, P@50: 0.01809

6.761529952716888
2023-03-20 15:19:06,435 - [INFO] - current w_0 is 9.65932889229748
2023-03-20 15:20:47,689 - [INFO] - E:35|TAU:9.659 9.659, train_time: 99.42, VALID_time: 1.833, loss: 4.543e+03, emb_loss:0.005177, best_valid(recall@20): 0.05636
valid 	 N@10: 0.03647, R@10: 0.03384, P@10: 0.02791
valid 	 N@20: 0.04504, R@20: 0.05634, P@20: 0.02368
valid 	 N@50: 0.06255, R@50: 0.1038, P@50: 0.01811

6.761529952716888
2023-03-20 15:20:47,768 - [INFO] - current w_0 is 9.65932889229748
2023-03-20 15:22:28,959 - [INFO] - E:36|TAU:9.659 9.659, train_time: 99.43, VALID_time: 1.757, loss: 4.541e+03, emb_loss:0.005304, best_valid(recall@20): 0.05636
valid 	 N@10: 0.03651, R@10: 0.03385, P@10: 0.02794
valid 	 N@20: 0.04509, R@20: 0.0564, P@20: 0.02371
valid 	 N@50: 0.06259, R@50: 0.1038, P@50: 0.01812

6.761529952716888
2023-03-20 15:22:29,121 - [INFO] - current w_0 is 9.65932889229748
2023-03-20 15:24:10,400 - [INFO] - E:37|TAU:9.659 9.659, train_time: 99.44, VALID_time: 1.838, loss: 4.539e+03, emb_loss:0.00543, best_valid(recall@20): 0.0564
valid 	 N@10: 0.03659, R@10: 0.03391, P@10: 0.02794
valid 	 N@20: 0.04517, R@20: 0.05642, P@20: 0.02372
valid 	 N@50: 0.06268, R@50: 0.1039, P@50: 0.01814

6.761529952716888
2023-03-20 15:24:10,578 - [INFO] - current w_0 is 9.65932889229748
2023-03-20 15:25:51,709 - [INFO] - E:38|TAU:9.659 9.659, train_time: 99.38, VALID_time: 1.744, loss: 4.538e+03, emb_loss:0.005557, best_valid(recall@20): 0.05642
valid 	 N@10: 0.03663, R@10: 0.03398, P@10: 0.02805
valid 	 N@20: 0.04518, R@20: 0.05649, P@20: 0.02374
valid 	 N@50: 0.06274, R@50: 0.1041, P@50: 0.01815

6.761529952716888
2023-03-20 15:25:51,855 - [INFO] - current w_0 is 9.65932889229748
2023-03-20 15:27:33,246 - [INFO] - E:39|TAU:9.659 9.659, train_time: 99.5, VALID_time: 1.887, loss: 4.536e+03, emb_loss:0.005681, best_valid(recall@20): 0.05649
valid 	 N@10: 0.03662, R@10: 0.03398, P@10: 0.02803
valid 	 N@20: 0.04515, R@20: 0.05643, P@20: 0.02372
valid 	 N@50: 0.06274, R@50: 0.1041, P@50: 0.01815

6.761529952716888
2023-03-20 15:27:33,337 - [INFO] - current w_0 is 9.65932889229748
2023-03-20 15:29:14,537 - [INFO] - E:40|TAU:9.659 9.659, train_time: 99.44, VALID_time: 1.762, loss: 4.535e+03, emb_loss:0.005806, best_valid(recall@20): 0.05649
valid 	 N@10: 0.0367, R@10: 0.03408, P@10: 0.02808
valid 	 N@20: 0.04525, R@20: 0.05659, P@20: 0.02376
valid 	 N@50: 0.06278, R@50: 0.1041, P@50: 0.01813

6.761529952716888
2023-03-20 15:29:14,694 - [INFO] - current w_0 is 9.65932889229748
2023-03-20 15:30:55,585 - [INFO] - E:41|TAU:9.659 9.659, train_time: 99.23, VALID_time: 1.657, loss: 4.533e+03, emb_loss:0.00593, best_valid(recall@20): 0.05659
valid 	 N@10: 0.03675, R@10: 0.03416, P@10: 0.02809
valid 	 N@20: 0.04532, R@20: 0.05661, P@20: 0.0238
valid 	 N@50: 0.06283, R@50: 0.1041, P@50: 0.01815

6.761529952716888
2023-03-20 15:30:55,776 - [INFO] - current w_0 is 9.65932889229748
2023-03-20 15:32:36,921 - [INFO] - E:42|TAU:9.659 9.659, train_time: 99.35, VALID_time: 1.789, loss: 4.532e+03, emb_loss:0.006052, best_valid(recall@20): 0.05661
valid 	 N@10: 0.03679, R@10: 0.03414, P@10: 0.02811
valid 	 N@20: 0.04537, R@20: 0.0567, P@20: 0.0238
valid 	 N@50: 0.0629, R@50: 0.1042, P@50: 0.01817

6.761529952716888
2023-03-20 15:32:37,123 - [INFO] - current w_0 is 9.65932889229748
2023-03-20 15:34:19,049 - [INFO] - E:43|TAU:9.659 9.659, train_time: 100.1, VALID_time: 1.778, loss: 4.531e+03, emb_loss:0.006175, best_valid(recall@20): 0.0567
valid 	 N@10: 0.03683, R@10: 0.03422, P@10: 0.02812
valid 	 N@20: 0.04545, R@20: 0.0568, P@20: 0.02386
valid 	 N@50: 0.06297, R@50: 0.1043, P@50: 0.01819

6.761529952716888
2023-03-20 15:34:19,199 - [INFO] - current w_0 is 9.65932889229748
2023-03-20 15:36:00,359 - [INFO] - E:44|TAU:9.659 9.659, train_time: 99.44, VALID_time: 1.721, loss: 4.53e+03, emb_loss:0.006295, best_valid(recall@20): 0.0568
valid 	 N@10: 0.03684, R@10: 0.03423, P@10: 0.02816
valid 	 N@20: 0.04546, R@20: 0.05683, P@20: 0.02388
valid 	 N@50: 0.06297, R@50: 0.1043, P@50: 0.01819

6.761529952716888
2023-03-20 15:36:00,512 - [INFO] - current w_0 is 9.65932889229748
2023-03-20 15:37:41,675 - [INFO] - E:45|TAU:9.659 9.659, train_time: 99.48, VALID_time: 1.677, loss: 4.528e+03, emb_loss:0.006416, best_valid(recall@20): 0.05683
valid 	 N@10: 0.0368, R@10: 0.03427, P@10: 0.02817
valid 	 N@20: 0.04536, R@20: 0.05673, P@20: 0.02383
valid 	 N@50: 0.06294, R@50: 0.1044, P@50: 0.0182

6.761529952716888
2023-03-20 15:37:41,765 - [INFO] - current w_0 is 9.65932889229748
2023-03-20 15:39:23,090 - [INFO] - E:46|TAU:9.659 9.659, train_time: 99.5, VALID_time: 1.825, loss: 4.527e+03, emb_loss:0.006536, best_valid(recall@20): 0.05683
valid 	 N@10: 0.03691, R@10: 0.03434, P@10: 0.02825
valid 	 N@20: 0.04542, R@20: 0.05675, P@20: 0.02384
valid 	 N@50: 0.06304, R@50: 0.1045, P@50: 0.01822

6.761529952716888
2023-03-20 15:39:23,156 - [INFO] - current w_0 is 9.65932889229748
2023-03-20 15:41:04,302 - [INFO] - E:47|TAU:9.659 9.659, train_time: 99.37, VALID_time: 1.768, loss: 4.526e+03, emb_loss:0.006655, best_valid(recall@20): 0.05683
valid 	 N@10: 0.03695, R@10: 0.03432, P@10: 0.02823
valid 	 N@20: 0.0455, R@20: 0.0568, P@20: 0.02386
valid 	 N@50: 0.06311, R@50: 0.1046, P@50: 0.01824

6.761529952716888
2023-03-20 15:41:04,391 - [INFO] - current w_0 is 9.65932889229748
2023-03-20 15:42:45,651 - [INFO] - E:48|TAU:9.659 9.659, train_time: 99.37, VALID_time: 1.886, loss: 4.525e+03, emb_loss:0.006774, best_valid(recall@20): 0.05683
valid 	 N@10: 0.03697, R@10: 0.0343, P@10: 0.02825
valid 	 N@20: 0.04552, R@20: 0.05684, P@20: 0.02387
valid 	 N@50: 0.06311, R@50: 0.1045, P@50: 0.01823

6.761529952716888
2023-03-20 15:42:45,822 - [INFO] - current w_0 is 9.65932889229748
2023-03-20 15:44:26,866 - [INFO] - E:49|TAU:9.659 9.659, train_time: 99.35, VALID_time: 1.688, loss: 4.524e+03, emb_loss:0.006892, best_valid(recall@20): 0.05684
valid 	 N@10: 0.03703, R@10: 0.03436, P@10: 0.02827
valid 	 N@20: 0.04562, R@20: 0.05692, P@20: 0.02392
valid 	 N@50: 0.06314, R@50: 0.1045, P@50: 0.01821

6.761529952716888
2023-03-20 15:44:27,023 - [INFO] - current w_0 is 9.65932889229748
2023-03-20 15:46:08,056 - [INFO] - E:50|TAU:9.659 9.659, train_time: 99.33, VALID_time: 1.701, loss: 4.523e+03, emb_loss:0.007008, best_valid(recall@20): 0.05692
valid 	 N@10: 0.03703, R@10: 0.03425, P@10: 0.02825
valid 	 N@20: 0.0456, R@20: 0.05683, P@20: 0.02388
valid 	 N@50: 0.0632, R@50: 0.1045, P@50: 0.01822

6.761529952716888
2023-03-20 15:46:08,134 - [INFO] - current w_0 is 9.65932889229748
2023-03-20 15:47:49,393 - [INFO] - E:51|TAU:9.659 9.659, train_time: 99.36, VALID_time: 1.901, loss: 4.522e+03, emb_loss:0.007124, best_valid(recall@20): 0.05692
valid 	 N@10: 0.03703, R@10: 0.03431, P@10: 0.0283
valid 	 N@20: 0.04564, R@20: 0.05698, P@20: 0.02393
valid 	 N@50: 0.06322, R@50: 0.1047, P@50: 0.01824

6.761529952716888
2023-03-20 15:47:49,562 - [INFO] - current w_0 is 9.65932889229748
2023-03-20 15:49:30,796 - [INFO] - E:52|TAU:9.659 9.659, train_time: 99.37, VALID_time: 1.864, loss: 4.521e+03, emb_loss:0.00724, best_valid(recall@20): 0.05698
valid 	 N@10: 0.03699, R@10: 0.03432, P@10: 0.02824
valid 	 N@20: 0.04565, R@20: 0.05701, P@20: 0.02395
valid 	 N@50: 0.0632, R@50: 0.1046, P@50: 0.01824

6.761529952716888
2023-03-20 15:49:30,974 - [INFO] - current w_0 is 9.65932889229748
2023-03-20 15:51:12,185 - [INFO] - E:53|TAU:9.659 9.659, train_time: 99.45, VALID_time: 1.758, loss: 4.52e+03, emb_loss:0.007355, best_valid(recall@20): 0.05701
valid 	 N@10: 0.03701, R@10: 0.03432, P@10: 0.02825
valid 	 N@20: 0.04566, R@20: 0.05703, P@20: 0.02396
valid 	 N@50: 0.06324, R@50: 0.1047, P@50: 0.01825

6.761529952716888
2023-03-20 15:51:12,332 - [INFO] - current w_0 is 9.65932889229748
2023-03-20 15:52:53,498 - [INFO] - E:54|TAU:9.659 9.659, train_time: 99.41, VALID_time: 1.753, loss: 4.519e+03, emb_loss:0.007469, best_valid(recall@20): 0.05703
valid 	 N@10: 0.03702, R@10: 0.0343, P@10: 0.02825
valid 	 N@20: 0.04571, R@20: 0.05712, P@20: 0.02398
valid 	 N@50: 0.06329, R@50: 0.1048, P@50: 0.01826

6.761529952716888
2023-03-20 15:52:53,669 - [INFO] - current w_0 is 9.65932889229748
2023-03-20 15:54:35,210 - [INFO] - E:55|TAU:9.659 9.659, train_time: 99.43, VALID_time: 2.106, loss: 4.518e+03, emb_loss:0.007582, best_valid(recall@20): 0.05712
valid 	 N@10: 0.037, R@10: 0.03433, P@10: 0.02828
valid 	 N@20: 0.04569, R@20: 0.05718, P@20: 0.02398
valid 	 N@50: 0.06327, R@50: 0.1049, P@50: 0.01827

6.761529952716888
2023-03-20 15:54:35,348 - [INFO] - current w_0 is 9.65932889229748
2023-03-20 15:56:16,571 - [INFO] - E:56|TAU:9.659 9.659, train_time: 99.44, VALID_time: 1.779, loss: 4.518e+03, emb_loss:0.007695, best_valid(recall@20): 0.05718
valid 	 N@10: 0.03704, R@10: 0.0344, P@10: 0.0283
valid 	 N@20: 0.04565, R@20: 0.05702, P@20: 0.02395
valid 	 N@50: 0.06328, R@50: 0.1048, P@50: 0.01827

6.761529952716888
2023-03-20 15:56:16,631 - [INFO] - current w_0 is 9.65932889229748
2023-03-20 15:57:57,726 - [INFO] - E:57|TAU:9.659 9.659, train_time: 99.39, VALID_time: 1.699, loss: 4.517e+03, emb_loss:0.007806, best_valid(recall@20): 0.05718
valid 	 N@10: 0.03714, R@10: 0.0345, P@10: 0.02841
valid 	 N@20: 0.04575, R@20: 0.05717, P@20: 0.02401
valid 	 N@50: 0.06336, R@50: 0.105, P@50: 0.01829

6.761529952716888
2023-03-20 15:57:57,808 - [INFO] - current w_0 is 9.65932889229748
2023-03-20 15:59:38,852 - [INFO] - E:58|TAU:9.659 9.659, train_time: 99.31, VALID_time: 1.733, loss: 4.516e+03, emb_loss:0.007917, best_valid(recall@20): 0.05718
valid 	 N@10: 0.03712, R@10: 0.03446, P@10: 0.02837
valid 	 N@20: 0.04573, R@20: 0.05712, P@20: 0.02398
valid 	 N@50: 0.06338, R@50: 0.105, P@50: 0.01829

6.761529952716888
2023-03-20 15:59:38,929 - [INFO] - current w_0 is 9.65932889229748
2023-03-20 16:01:20,975 - [INFO] - E:59|TAU:9.659 9.659, train_time: 100.2, VALID_time: 1.858, loss: 4.515e+03, emb_loss:0.008027, best_valid(recall@20): 0.05718
valid 	 N@10: 0.03719, R@10: 0.0346, P@10: 0.02844
valid 	 N@20: 0.04574, R@20: 0.05713, P@20: 0.02399
valid 	 N@50: 0.06343, R@50: 0.1051, P@50: 0.01831

6.761529952716888
2023-03-20 16:01:21,055 - [INFO] - current w_0 is 9.65932889229748
2023-03-20 16:03:02,231 - [INFO] - E:60|TAU:9.659 9.659, train_time: 99.38, VALID_time: 1.798, loss: 4.515e+03, emb_loss:0.008137, best_valid(recall@20): 0.05718
valid 	 N@10: 0.03721, R@10: 0.03455, P@10: 0.02843
valid 	 N@20: 0.04584, R@20: 0.05729, P@20: 0.02401
valid 	 N@50: 0.06347, R@50: 0.1051, P@50: 0.01831

6.761529952716888
2023-03-20 16:03:02,388 - [INFO] - current w_0 is 9.65932889229748
2023-03-20 16:04:43,532 - [INFO] - E:61|TAU:9.659 9.659, train_time: 99.41, VALID_time: 1.727, loss: 4.514e+03, emb_loss:0.008245, best_valid(recall@20): 0.05729
valid 	 N@10: 0.03725, R@10: 0.03463, P@10: 0.02848
valid 	 N@20: 0.04585, R@20: 0.05733, P@20: 0.02403
valid 	 N@50: 0.06346, R@50: 0.1051, P@50: 0.01829

6.761529952716888
2023-03-20 16:04:43,687 - [INFO] - current w_0 is 9.65932889229748
2023-03-20 16:06:25,010 - [INFO] - E:62|TAU:9.659 9.659, train_time: 99.46, VALID_time: 1.86, loss: 4.513e+03, emb_loss:0.008352, best_valid(recall@20): 0.05733
valid 	 N@10: 0.03723, R@10: 0.03455, P@10: 0.02842
valid 	 N@20: 0.04587, R@20: 0.05728, P@20: 0.02404
valid 	 N@50: 0.06346, R@50: 0.105, P@50: 0.01828

6.761529952716888
2023-03-20 16:06:25,085 - [INFO] - current w_0 is 9.65932889229748
2023-03-20 16:08:06,318 - [INFO] - E:63|TAU:9.659 9.659, train_time: 99.35, VALID_time: 1.882, loss: 4.513e+03, emb_loss:0.008461, best_valid(recall@20): 0.05733
valid 	 N@10: 0.03721, R@10: 0.03452, P@10: 0.02838
valid 	 N@20: 0.04586, R@20: 0.0572, P@20: 0.02403
valid 	 N@50: 0.06354, R@50: 0.1052, P@50: 0.01831

6.761529952716888
2023-03-20 16:08:06,396 - [INFO] - current w_0 is 9.65932889229748
2023-03-20 16:09:47,556 - [INFO] - E:64|TAU:9.659 9.659, train_time: 99.44, VALID_time: 1.719, loss: 4.512e+03, emb_loss:0.008567, best_valid(recall@20): 0.05733
valid 	 N@10: 0.03722, R@10: 0.03461, P@10: 0.02842
valid 	 N@20: 0.04586, R@20: 0.05727, P@20: 0.02403
valid 	 N@50: 0.06351, R@50: 0.1051, P@50: 0.01831

6.761529952716888
2023-03-20 16:09:47,635 - [INFO] - current w_0 is 9.65932889229748
2023-03-20 16:11:28,817 - [INFO] - E:65|TAU:9.659 9.659, train_time: 99.4, VALID_time: 1.777, loss: 4.511e+03, emb_loss:0.008673, best_valid(recall@20): 0.05733
valid 	 N@10: 0.03727, R@10: 0.03458, P@10: 0.0284
valid 	 N@20: 0.04594, R@20: 0.05731, P@20: 0.02406
valid 	 N@50: 0.0636, R@50: 0.1052, P@50: 0.01833

6.761529952716888
2023-03-20 16:11:28,908 - [INFO] - current w_0 is 9.65932889229748
2023-03-20 16:13:10,466 - [INFO] - E:66|TAU:9.659 9.659, train_time: 99.47, VALID_time: 2.081, loss: 4.511e+03, emb_loss:0.008778, best_valid(recall@20): 0.05733
valid 	 N@10: 0.03728, R@10: 0.03467, P@10: 0.02849
valid 	 N@20: 0.04593, R@20: 0.05737, P@20: 0.02408
valid 	 N@50: 0.06353, R@50: 0.1051, P@50: 0.01831

6.761529952716888
2023-03-20 16:13:10,606 - [INFO] - current w_0 is 9.65932889229748
2023-03-20 16:14:51,781 - [INFO] - E:67|TAU:9.659 9.659, train_time: 99.4, VALID_time: 1.773, loss: 4.51e+03, emb_loss:0.008882, best_valid(recall@20): 0.05737
valid 	 N@10: 0.03731, R@10: 0.03465, P@10: 0.0285
valid 	 N@20: 0.046, R@20: 0.0575, P@20: 0.02412
valid 	 N@50: 0.0636, R@50: 0.1052, P@50: 0.01833

6.761529952716888
2023-03-20 16:14:51,943 - [INFO] - current w_0 is 9.65932889229748
2023-03-20 16:16:33,172 - [INFO] - E:68|TAU:9.659 9.659, train_time: 99.34, VALID_time: 1.882, loss: 4.51e+03, emb_loss:0.008987, best_valid(recall@20): 0.0575
valid 	 N@10: 0.03727, R@10: 0.03463, P@10: 0.02848
valid 	 N@20: 0.04599, R@20: 0.05752, P@20: 0.02412
valid 	 N@50: 0.06359, R@50: 0.1053, P@50: 0.01833

6.761529952716888
2023-03-20 16:16:33,349 - [INFO] - current w_0 is 9.65932889229748
2023-03-20 16:18:14,477 - [INFO] - E:69|TAU:9.659 9.659, train_time: 99.44, VALID_time: 1.684, loss: 4.509e+03, emb_loss:0.009089, best_valid(recall@20): 0.05752
valid 	 N@10: 0.0372, R@10: 0.03452, P@10: 0.02837
valid 	 N@20: 0.04599, R@20: 0.0575, P@20: 0.02412
valid 	 N@50: 0.06361, R@50: 0.1053, P@50: 0.01833

6.761529952716888
2023-03-20 16:18:14,547 - [INFO] - current w_0 is 9.65932889229748
2023-03-20 16:19:55,685 - [INFO] - E:70|TAU:9.659 9.659, train_time: 99.4, VALID_time: 1.735, loss: 4.509e+03, emb_loss:0.009191, best_valid(recall@20): 0.05752
valid 	 N@10: 0.03726, R@10: 0.03461, P@10: 0.02842
valid 	 N@20: 0.04601, R@20: 0.05748, P@20: 0.02411
valid 	 N@50: 0.06365, R@50: 0.1053, P@50: 0.01834

6.761529952716888
2023-03-20 16:19:55,763 - [INFO] - current w_0 is 9.65932889229748
2023-03-20 16:21:37,492 - [INFO] - E:71|TAU:9.659 9.659, train_time: 99.54, VALID_time: 2.182, loss: 4.508e+03, emb_loss:0.009292, best_valid(recall@20): 0.05752
valid 	 N@10: 0.03727, R@10: 0.03459, P@10: 0.02841
valid 	 N@20: 0.04603, R@20: 0.05752, P@20: 0.02411
valid 	 N@50: 0.06362, R@50: 0.1052, P@50: 0.01832

6.761529952716888
2023-03-20 16:21:37,567 - [INFO] - current w_0 is 9.65932889229748
2023-03-20 16:23:18,927 - [INFO] - E:72|TAU:9.659 9.659, train_time: 99.49, VALID_time: 1.862, loss: 4.508e+03, emb_loss:0.009393, best_valid(recall@20): 0.05752
valid 	 N@10: 0.03734, R@10: 0.03466, P@10: 0.02847
valid 	 N@20: 0.04612, R@20: 0.05763, P@20: 0.02417
valid 	 N@50: 0.06371, R@50: 0.1054, P@50: 0.01834

6.761529952716888
2023-03-20 16:23:19,087 - [INFO] - current w_0 is 9.65932889229748
2023-03-20 16:25:00,174 - [INFO] - E:73|TAU:9.659 9.659, train_time: 99.38, VALID_time: 1.709, loss: 4.507e+03, emb_loss:0.009493, best_valid(recall@20): 0.05763
valid 	 N@10: 0.03729, R@10: 0.03461, P@10: 0.02842
valid 	 N@20: 0.04608, R@20: 0.05761, P@20: 0.02415
valid 	 N@50: 0.06365, R@50: 0.1053, P@50: 0.01832

6.761529952716888
2023-03-20 16:25:00,258 - [INFO] - current w_0 is 9.65932889229748
2023-03-20 16:26:41,508 - [INFO] - E:74|TAU:9.659 9.659, train_time: 99.43, VALID_time: 1.819, loss: 4.506e+03, emb_loss:0.009592, best_valid(recall@20): 0.05763
valid 	 N@10: 0.03738, R@10: 0.03471, P@10: 0.0285
valid 	 N@20: 0.04608, R@20: 0.05756, P@20: 0.02413
valid 	 N@50: 0.06368, R@50: 0.1053, P@50: 0.01832

6.761529952716888
2023-03-20 16:26:41,580 - [INFO] - current w_0 is 9.65932889229748
2023-03-20 16:28:23,445 - [INFO] - E:75|TAU:9.659 9.659, train_time: 99.91, VALID_time: 1.952, loss: 4.506e+03, emb_loss:0.009691, best_valid(recall@20): 0.05763
valid 	 N@10: 0.0373, R@10: 0.03458, P@10: 0.02839
valid 	 N@20: 0.04613, R@20: 0.05763, P@20: 0.02416
valid 	 N@50: 0.06372, R@50: 0.1054, P@50: 0.01833

6.761529952716888
2023-03-20 16:28:23,610 - [INFO] - current w_0 is 9.65932889229748
2023-03-20 16:30:04,788 - [INFO] - E:76|TAU:9.659 9.659, train_time: 99.41, VALID_time: 1.769, loss: 4.506e+03, emb_loss:0.009789, best_valid(recall@20): 0.05763
valid 	 N@10: 0.03732, R@10: 0.0346, P@10: 0.02844
valid 	 N@20: 0.04611, R@20: 0.0576, P@20: 0.02415
valid 	 N@50: 0.06375, R@50: 0.1054, P@50: 0.01835

6.761529952716888
2023-03-20 16:30:04,846 - [INFO] - current w_0 is 9.65932889229748
2023-03-20 16:31:46,340 - [INFO] - E:77|TAU:9.659 9.659, train_time: 99.38, VALID_time: 2.109, loss: 4.505e+03, emb_loss:0.009887, best_valid(recall@20): 0.05763
valid 	 N@10: 0.03742, R@10: 0.03475, P@10: 0.02853
valid 	 N@20: 0.04613, R@20: 0.05762, P@20: 0.02414
valid 	 N@50: 0.06376, R@50: 0.1055, P@50: 0.01833

6.761529952716888
2023-03-20 16:31:46,421 - [INFO] - current w_0 is 9.65932889229748
2023-03-20 16:33:27,512 - [INFO] - E:78|TAU:9.659 9.659, train_time: 99.38, VALID_time: 1.71, loss: 4.505e+03, emb_loss:0.009983, best_valid(recall@20): 0.05763
valid 	 N@10: 0.03746, R@10: 0.0348, P@10: 0.02856
valid 	 N@20: 0.04618, R@20: 0.05767, P@20: 0.02419
valid 	 N@50: 0.06384, R@50: 0.1056, P@50: 0.01836

6.761529952716888
2023-03-20 16:33:27,688 - [INFO] - current w_0 is 9.65932889229748
2023-03-20 16:35:08,910 - [INFO] - E:79|TAU:9.659 9.659, train_time: 99.52, VALID_time: 1.695, loss: 4.504e+03, emb_loss:0.01008, best_valid(recall@20): 0.05767
valid 	 N@10: 0.03741, R@10: 0.03472, P@10: 0.02852
valid 	 N@20: 0.0462, R@20: 0.05773, P@20: 0.0242
valid 	 N@50: 0.06384, R@50: 0.1056, P@50: 0.01836

6.761529952716888
2023-03-20 16:35:09,071 - [INFO] - current w_0 is 9.65932889229748
2023-03-20 16:36:50,381 - [INFO] - E:80|TAU:9.659 9.659, train_time: 99.38, VALID_time: 1.923, loss: 4.504e+03, emb_loss:0.01017, best_valid(recall@20): 0.05773
valid 	 N@10: 0.0374, R@10: 0.03473, P@10: 0.02853
valid 	 N@20: 0.04619, R@20: 0.05776, P@20: 0.02419
valid 	 N@50: 0.06384, R@50: 0.1056, P@50: 0.01837

6.761529952716888
2023-03-20 16:36:50,533 - [INFO] - current w_0 is 9.65932889229748
2023-03-20 16:38:31,845 - [INFO] - E:81|TAU:9.659 9.659, train_time: 99.46, VALID_time: 1.854, loss: 4.503e+03, emb_loss:0.01027, best_valid(recall@20): 0.05776
valid 	 N@10: 0.03749, R@10: 0.03482, P@10: 0.02859
valid 	 N@20: 0.04627, R@20: 0.05782, P@20: 0.02422
valid 	 N@50: 0.06386, R@50: 0.1056, P@50: 0.01836

6.761529952716888
2023-03-20 16:38:32,037 - [INFO] - current w_0 is 9.65932889229748
2023-03-20 16:40:13,407 - [INFO] - E:82|TAU:9.659 9.659, train_time: 99.44, VALID_time: 1.929, loss: 4.503e+03, emb_loss:0.01036, best_valid(recall@20): 0.05782
valid 	 N@10: 0.03746, R@10: 0.03471, P@10: 0.02856
valid 	 N@20: 0.04625, R@20: 0.05781, P@20: 0.02421
valid 	 N@50: 0.06385, R@50: 0.1055, P@50: 0.01835

6.761529952716888
2023-03-20 16:40:13,468 - [INFO] - current w_0 is 9.65932889229748
2023-03-20 16:41:54,536 - [INFO] - E:83|TAU:9.659 9.659, train_time: 99.36, VALID_time: 1.701, loss: 4.502e+03, emb_loss:0.01046, best_valid(recall@20): 0.05782
valid 	 N@10: 0.03749, R@10: 0.03482, P@10: 0.02861
valid 	 N@20: 0.04622, R@20: 0.05777, P@20: 0.02419
valid 	 N@50: 0.06385, R@50: 0.1056, P@50: 0.01835

6.761529952716888
2023-03-20 16:41:54,618 - [INFO] - current w_0 is 9.65932889229748
2023-03-20 16:43:35,836 - [INFO] - E:84|TAU:9.659 9.659, train_time: 99.51, VALID_time: 1.703, loss: 4.502e+03, emb_loss:0.01055, best_valid(recall@20): 0.05782
valid 	 N@10: 0.03745, R@10: 0.03471, P@10: 0.02853
valid 	 N@20: 0.04628, R@20: 0.05784, P@20: 0.02421
valid 	 N@50: 0.0639, R@50: 0.1056, P@50: 0.01836

6.761529952716888
2023-03-20 16:43:35,978 - [INFO] - current w_0 is 9.65932889229748
2023-03-20 16:45:17,133 - [INFO] - E:85|TAU:9.659 9.659, train_time: 99.42, VALID_time: 1.735, loss: 4.502e+03, emb_loss:0.01064, best_valid(recall@20): 0.05784
valid 	 N@10: 0.03757, R@10: 0.03484, P@10: 0.02864
valid 	 N@20: 0.04631, R@20: 0.05782, P@20: 0.0242
valid 	 N@50: 0.06395, R@50: 0.1056, P@50: 0.01838

6.761529952716888
2023-03-20 16:45:17,195 - [INFO] - current w_0 is 9.65932889229748
2023-03-20 16:46:58,363 - [INFO] - E:86|TAU:9.659 9.659, train_time: 99.46, VALID_time: 1.705, loss: 4.501e+03, emb_loss:0.01073, best_valid(recall@20): 0.05784
valid 	 N@10: 0.03758, R@10: 0.03489, P@10: 0.02867
valid 	 N@20: 0.04634, R@20: 0.05792, P@20: 0.02425
valid 	 N@50: 0.06391, R@50: 0.1056, P@50: 0.01836

6.761529952716888
2023-03-20 16:46:58,532 - [INFO] - current w_0 is 9.65932889229748
2023-03-20 16:48:39,761 - [INFO] - E:87|TAU:9.659 9.659, train_time: 99.37, VALID_time: 1.857, loss: 4.501e+03, emb_loss:0.01082, best_valid(recall@20): 0.05792
valid 	 N@10: 0.03757, R@10: 0.0349, P@10: 0.02867
valid 	 N@20: 0.04632, R@20: 0.0579, P@20: 0.02422
valid 	 N@50: 0.06397, R@50: 0.1058, P@50: 0.01838

6.761529952716888
2023-03-20 16:48:39,826 - [INFO] - current w_0 is 9.65932889229748
2023-03-20 16:50:20,837 - [INFO] - E:88|TAU:9.659 9.659, train_time: 99.32, VALID_time: 1.692, loss: 4.501e+03, emb_loss:0.01091, best_valid(recall@20): 0.05792
valid 	 N@10: 0.03755, R@10: 0.03488, P@10: 0.02865
valid 	 N@20: 0.04631, R@20: 0.05788, P@20: 0.02423
valid 	 N@50: 0.06389, R@50: 0.1055, P@50: 0.01835

6.761529952716888
2023-03-20 16:50:20,916 - [INFO] - current w_0 is 9.65932889229748
2023-03-20 16:52:02,062 - [INFO] - E:89|TAU:9.659 9.659, train_time: 99.45, VALID_time: 1.695, loss: 4.5e+03, emb_loss:0.011, best_valid(recall@20): 0.05792
valid 	 N@10: 0.03754, R@10: 0.03481, P@10: 0.02863
valid 	 N@20: 0.04633, R@20: 0.05789, P@20: 0.02422
valid 	 N@50: 0.0639, R@50: 0.1055, P@50: 0.01835

6.761529952716888
2023-03-20 16:52:02,144 - [INFO] - current w_0 is 9.65932889229748
2023-03-20 16:53:43,310 - [INFO] - E:90|TAU:9.659 9.659, train_time: 99.27, VALID_time: 1.893, loss: 4.5e+03, emb_loss:0.01109, best_valid(recall@20): 0.05792
valid 	 N@10: 0.03761, R@10: 0.03486, P@10: 0.02866
valid 	 N@20: 0.04641, R@20: 0.05799, P@20: 0.02428
valid 	 N@50: 0.06397, R@50: 0.1056, P@50: 0.01836

6.761529952716888
2023-03-20 16:53:43,483 - [INFO] - current w_0 is 9.65932889229748
2023-03-20 16:55:24,545 - [INFO] - E:91|TAU:9.659 9.659, train_time: 99.28, VALID_time: 1.776, loss: 4.5e+03, emb_loss:0.01118, best_valid(recall@20): 0.05799
valid 	 N@10: 0.03763, R@10: 0.03482, P@10: 0.02863
valid 	 N@20: 0.04646, R@20: 0.05801, P@20: 0.02428
valid 	 N@50: 0.06402, R@50: 0.1057, P@50: 0.01835

6.761529952716888
2023-03-20 16:55:24,711 - [INFO] - current w_0 is 9.65932889229748
2023-03-20 16:57:06,466 - [INFO] - E:92|TAU:9.659 9.659, train_time: 100.0, VALID_time: 1.725, loss: 4.5e+03, emb_loss:0.01127, best_valid(recall@20): 0.05801
valid 	 N@10: 0.03761, R@10: 0.03485, P@10: 0.02863
valid 	 N@20: 0.04645, R@20: 0.05801, P@20: 0.02429
valid 	 N@50: 0.06402, R@50: 0.1057, P@50: 0.01837

6.761529952716888
2023-03-20 16:57:06,629 - [INFO] - current w_0 is 9.65932889229748
2023-03-20 16:58:47,678 - [INFO] - E:93|TAU:9.659 9.659, train_time: 99.34, VALID_time: 1.701, loss: 4.499e+03, emb_loss:0.01135, best_valid(recall@20): 0.05801
valid 	 N@10: 0.03755, R@10: 0.03481, P@10: 0.02859
valid 	 N@20: 0.04639, R@20: 0.05797, P@20: 0.02425
valid 	 N@50: 0.064, R@50: 0.1057, P@50: 0.01836

6.761529952716888
2023-03-20 16:58:47,752 - [INFO] - current w_0 is 9.65932889229748
2023-03-20 17:00:28,936 - [INFO] - E:94|TAU:9.659 9.659, train_time: 99.42, VALID_time: 1.766, loss: 4.499e+03, emb_loss:0.01144, best_valid(recall@20): 0.05801
valid 	 N@10: 0.03764, R@10: 0.03488, P@10: 0.02867
valid 	 N@20: 0.04645, R@20: 0.058, P@20: 0.02427
valid 	 N@50: 0.06406, R@50: 0.1058, P@50: 0.01838

6.761529952716888
2023-03-20 17:00:29,028 - [INFO] - current w_0 is 9.65932889229748
2023-03-20 17:02:10,273 - [INFO] - E:95|TAU:9.659 9.659, train_time: 99.39, VALID_time: 1.852, loss: 4.499e+03, emb_loss:0.01152, best_valid(recall@20): 0.05801
valid 	 N@10: 0.03764, R@10: 0.03489, P@10: 0.02868
valid 	 N@20: 0.04641, R@20: 0.05797, P@20: 0.02424
valid 	 N@50: 0.06404, R@50: 0.1058, P@50: 0.01838

6.761529952716888
2023-03-20 17:02:10,338 - [INFO] - current w_0 is 9.65932889229748
2023-03-20 17:03:51,439 - [INFO] - E:96|TAU:9.659 9.659, train_time: 99.37, VALID_time: 1.732, loss: 4.498e+03, emb_loss:0.01161, best_valid(recall@20): 0.05801
valid 	 N@10: 0.03766, R@10: 0.03496, P@10: 0.02871
valid 	 N@20: 0.04642, R@20: 0.05803, P@20: 0.02424
valid 	 N@50: 0.06403, R@50: 0.1058, P@50: 0.01837

6.761529952716888
2023-03-20 17:03:51,590 - [INFO] - current w_0 is 9.65932889229748
2023-03-20 17:05:32,801 - [INFO] - E:97|TAU:9.659 9.659, train_time: 99.51, VALID_time: 1.703, loss: 4.498e+03, emb_loss:0.01169, best_valid(recall@20): 0.05803
valid 	 N@10: 0.03771, R@10: 0.03498, P@10: 0.02875
valid 	 N@20: 0.04643, R@20: 0.05797, P@20: 0.02425
valid 	 N@50: 0.06407, R@50: 0.1058, P@50: 0.01839

6.761529952716888
2023-03-20 17:05:32,875 - [INFO] - current w_0 is 9.65932889229748
2023-03-20 17:07:14,470 - [INFO] - E:98|TAU:9.659 9.659, train_time: 99.32, VALID_time: 2.275, loss: 4.498e+03, emb_loss:0.01177, best_valid(recall@20): 0.05803
valid 	 N@10: 0.03765, R@10: 0.03493, P@10: 0.02869
valid 	 N@20: 0.04646, R@20: 0.05807, P@20: 0.02427
valid 	 N@50: 0.06412, R@50: 0.106, P@50: 0.0184

6.761529952716888
2023-03-20 17:07:14,627 - [INFO] - current w_0 is 9.65932889229748
2023-03-20 17:08:55,752 - [INFO] - E:99|TAU:9.659 9.659, train_time: 99.37, VALID_time: 1.758, loss: 4.497e+03, emb_loss:0.01186, best_valid(recall@20): 0.05807
valid 	 N@10: 0.03769, R@10: 0.03497, P@10: 0.02871
valid 	 N@20: 0.04651, R@20: 0.05811, P@20: 0.0243
valid 	 N@50: 0.0641, R@50: 0.1059, P@50: 0.01837

2023-03-20 17:08:55,953 - [INFO] - current w_0 is 12.639348983764648
2023-03-20 17:10:37,155 - [INFO] - E:100|TAU:12.64 12.64, train_time: 99.4, VALID_time: 1.849, loss: 3.932e+03, emb_loss:0.0116, best_valid(recall@20): 0.05811
valid 	 N@10: 0.03894, R@10: 0.03651, P@10: 0.02955
valid 	 N@20: 0.04793, R@20: 0.06003, P@20: 0.0248
valid 	 N@50: 0.06571, R@50: 0.1081, P@50: 0.01862

2023-03-20 17:10:37,372 - [INFO] - current w_0 is 13.189215660095215
2023-03-20 17:12:18,421 - [INFO] - E:101|TAU:13.19 13.19, train_time: 99.34, VALID_time: 1.75, loss: 3.805e+03, emb_loss:0.0114, best_valid(recall@20): 0.06003
valid 	 N@10: 0.03892, R@10: 0.03658, P@10: 0.02946
valid 	 N@20: 0.04795, R@20: 0.06009, P@20: 0.02471
valid 	 N@50: 0.06546, R@50: 0.1075, P@50: 0.01844

2023-03-20 17:12:18,608 - [INFO] - current w_0 is 13.38751220703125
2023-03-20 17:13:59,829 - [INFO] - E:102|TAU:13.39 13.39, train_time: 99.43, VALID_time: 1.832, loss: 3.755e+03, emb_loss:0.01136, best_valid(recall@20): 0.06009
valid 	 N@10: 0.03872, R@10: 0.03641, P@10: 0.02922
valid 	 N@20: 0.04777, R@20: 0.05981, P@20: 0.0246
valid 	 N@50: 0.06518, R@50: 0.107, P@50: 0.01832

2023-03-20 17:13:59,956 - [INFO] - current w_0 is 13.480560302734375
2023-03-20 17:15:41,388 - [INFO] - E:103|TAU:13.48 13.48, train_time: 99.39, VALID_time: 2.088, loss: 3.731e+03, emb_loss:0.01137, best_valid(recall@20): 0.06009
valid 	 N@10: 0.03857, R@10: 0.03631, P@10: 0.0291
valid 	 N@20: 0.04757, R@20: 0.05961, P@20: 0.02447
valid 	 N@50: 0.0649, R@50: 0.1065, P@50: 0.01823

2023-03-20 17:15:41,500 - [INFO] - current w_0 is 13.532299041748047
2023-03-20 17:17:22,774 - [INFO] - E:104|TAU:13.53 13.53, train_time: 99.48, VALID_time: 1.837, loss: 3.718e+03, emb_loss:0.01142, best_valid(recall@20): 0.06009
valid 	 N@10: 0.03848, R@10: 0.03624, P@10: 0.02905
valid 	 N@20: 0.04743, R@20: 0.05945, P@20: 0.0244
valid 	 N@50: 0.06463, R@50: 0.106, P@50: 0.01814

2023-03-20 17:17:22,900 - [INFO] - current w_0 is 13.56596851348877
2023-03-20 17:19:03,992 - [INFO] - E:105|TAU:13.57 13.57, train_time: 99.4, VALID_time: 1.733, loss: 3.708e+03, emb_loss:0.01147, best_valid(recall@20): 0.06009
valid 	 N@10: 0.03833, R@10: 0.03604, P@10: 0.02889
valid 	 N@20: 0.04729, R@20: 0.05923, P@20: 0.0243
valid 	 N@50: 0.06452, R@50: 0.1059, P@50: 0.01812

2023-03-20 17:19:04,117 - [INFO] - current w_0 is 13.587752342224121
2023-03-20 17:20:45,332 - [INFO] - E:106|TAU:13.59 13.59, train_time: 99.55, VALID_time: 1.707, loss: 3.702e+03, emb_loss:0.01154, best_valid(recall@20): 0.06009
valid 	 N@10: 0.03826, R@10: 0.03597, P@10: 0.0288
valid 	 N@20: 0.04719, R@20: 0.05906, P@20: 0.02423
valid 	 N@50: 0.06436, R@50: 0.1055, P@50: 0.01807

2023-03-20 17:20:45,455 - [INFO] - current w_0 is 13.604448318481445
2023-03-20 17:22:26,503 - [INFO] - E:107|TAU:13.6 13.6, train_time: 99.35, VALID_time: 1.744, loss: 3.698e+03, emb_loss:0.01161, best_valid(recall@20): 0.06009
valid 	 N@10: 0.03813, R@10: 0.03584, P@10: 0.0287
valid 	 N@20: 0.04714, R@20: 0.05904, P@20: 0.02424
valid 	 N@50: 0.06425, R@50: 0.1054, P@50: 0.01805

2023-03-20 17:22:26,620 - [INFO] - current w_0 is 13.616331100463867
2023-03-20 17:24:08,885 - [INFO] - E:108|TAU:13.62 13.62, train_time: 100.1, VALID_time: 2.17, loss: 3.694e+03, emb_loss:0.01169, best_valid(recall@20): 0.06009
valid 	 N@10: 0.0381, R@10: 0.03585, P@10: 0.02868
valid 	 N@20: 0.04706, R@20: 0.05897, P@20: 0.02419
valid 	 N@50: 0.06412, R@50: 0.1051, P@50: 0.01801

2023-03-20 17:24:09,004 - [INFO] - current w_0 is 13.624090194702148
2023-03-20 17:25:50,664 - [INFO] - E:109|TAU:13.62 13.62, train_time: 99.87, VALID_time: 1.83, loss: 3.691e+03, emb_loss:0.01177, best_valid(recall@20): 0.06009
valid 	 N@10: 0.03818, R@10: 0.03589, P@10: 0.02874
valid 	 N@20: 0.04704, R@20: 0.05887, P@20: 0.02414
valid 	 N@50: 0.06413, R@50: 0.1051, P@50: 0.01799

2023-03-20 17:25:50,819 - [INFO] - current w_0 is 13.630367279052734
2023-03-20 17:27:32,213 - [INFO] - E:110|TAU:13.63 13.63, train_time: 99.56, VALID_time: 1.873, loss: 3.689e+03, emb_loss:0.01185, best_valid(recall@20): 0.06009
valid 	 N@10: 0.03811, R@10: 0.03582, P@10: 0.02869
valid 	 N@20: 0.04698, R@20: 0.05883, P@20: 0.02412
valid 	 N@50: 0.06406, R@50: 0.105, P@50: 0.01797

2023-03-20 17:27:32,316 - [INFO] - current w_0 is 13.636896133422852
2023-03-20 17:29:13,440 - [INFO] - E:111|TAU:13.64 13.64, train_time: 99.38, VALID_time: 1.789, loss: 3.687e+03, emb_loss:0.01193, best_valid(recall@20): 0.06009
valid 	 N@10: 0.03808, R@10: 0.03578, P@10: 0.02867
valid 	 N@20: 0.04695, R@20: 0.05879, P@20: 0.0241
valid 	 N@50: 0.06403, R@50: 0.105, P@50: 0.01796

2023-03-20 17:29:13,556 - [INFO] - current w_0 is 13.643091201782227
2023-03-20 17:30:55,022 - [INFO] - E:112|TAU:13.64 13.64, train_time: 99.68, VALID_time: 1.835, loss: 3.685e+03, emb_loss:0.01201, best_valid(recall@20): 0.06009
valid 	 N@10: 0.03808, R@10: 0.03584, P@10: 0.02869
valid 	 N@20: 0.04691, R@20: 0.05871, P@20: 0.02411
valid 	 N@50: 0.06393, R@50: 0.1048, P@50: 0.01795

2023-03-20 17:30:55,137 - [INFO] - current w_0 is 13.64954948425293
2023-03-20 17:32:36,637 - [INFO] - E:113|TAU:13.65 13.65, train_time: 99.51, VALID_time: 2.036, loss: 3.683e+03, emb_loss:0.0121, best_valid(recall@20): 0.06009
valid 	 N@10: 0.03804, R@10: 0.03576, P@10: 0.02864
valid 	 N@20: 0.04688, R@20: 0.05861, P@20: 0.02408
valid 	 N@50: 0.06395, R@50: 0.1049, P@50: 0.01795

2023-03-20 17:32:36,777 - [INFO] - current w_0 is 13.651921272277832
2023-03-20 17:34:18,011 - [INFO] - E:114|TAU:13.65 13.65, train_time: 99.51, VALID_time: 1.771, loss: 3.682e+03, emb_loss:0.01218, best_valid(recall@20): 0.06009
valid 	 N@10: 0.03809, R@10: 0.03586, P@10: 0.0287
valid 	 N@20: 0.04686, R@20: 0.05859, P@20: 0.02406
valid 	 N@50: 0.06388, R@50: 0.1047, P@50: 0.01792

2023-03-20 17:34:18,133 - [INFO] - current w_0 is 13.656774520874023
2023-03-20 17:35:59,282 - [INFO] - E:115|TAU:13.66 13.66, train_time: 99.42, VALID_time: 1.775, loss: 3.68e+03, emb_loss:0.01227, best_valid(recall@20): 0.06009
valid 	 N@10: 0.03813, R@10: 0.03583, P@10: 0.0287
valid 	 N@20: 0.04687, R@20: 0.05853, P@20: 0.02404
valid 	 N@50: 0.06391, R@50: 0.1047, P@50: 0.01792

2023-03-20 17:35:59,407 - [INFO] - current w_0 is 13.658373832702637
2023-03-20 17:37:40,516 - [INFO] - E:116|TAU:13.66 13.66, train_time: 99.37, VALID_time: 1.778, loss: 3.679e+03, emb_loss:0.01236, best_valid(recall@20): 0.06009
valid 	 N@10: 0.0381, R@10: 0.03584, P@10: 0.02867
valid 	 N@20: 0.04685, R@20: 0.05853, P@20: 0.02404
valid 	 N@50: 0.06384, R@50: 0.1045, P@50: 0.0179

2023-03-20 17:37:40,632 - [INFO] - current w_0 is 13.66191291809082
2023-03-20 17:39:21,699 - [INFO] - E:117|TAU:13.66 13.66, train_time: 99.44, VALID_time: 1.674, loss: 3.678e+03, emb_loss:0.01244, best_valid(recall@20): 0.06009
valid 	 N@10: 0.03823, R@10: 0.03591, P@10: 0.02874
valid 	 N@20: 0.04694, R@20: 0.0586, P@20: 0.02405
valid 	 N@50: 0.0639, R@50: 0.1045, P@50: 0.0179

2023-03-20 17:39:21,825 - [INFO] - current w_0 is 13.664311408996582
2023-03-20 17:41:03,164 - [INFO] - E:118|TAU:13.66 13.66, train_time: 99.47, VALID_time: 1.913, loss: 3.677e+03, emb_loss:0.01253, best_valid(recall@20): 0.06009
valid 	 N@10: 0.03815, R@10: 0.03587, P@10: 0.0287
valid 	 N@20: 0.04693, R@20: 0.05865, P@20: 0.02407
valid 	 N@50: 0.06382, R@50: 0.1044, P@50: 0.01788

2023-03-20 17:41:03,281 - [INFO] - current w_0 is 13.667082786560059
2023-03-20 17:42:44,504 - [INFO] - E:119|TAU:13.67 13.67, train_time: 99.5, VALID_time: 1.771, loss: 3.676e+03, emb_loss:0.01261, best_valid(recall@20): 0.06009
valid 	 N@10: 0.03808, R@10: 0.03584, P@10: 0.02871
valid 	 N@20: 0.04682, R@20: 0.0586, P@20: 0.02404
valid 	 N@50: 0.06366, R@50: 0.1041, P@50: 0.01785

2023-03-20 17:42:44,620 - [INFO] - current w_0 is 13.66897201538086
2023-03-20 17:44:25,779 - [INFO] - E:120|TAU:13.67 13.67, train_time: 99.46, VALID_time: 1.74, loss: 3.675e+03, emb_loss:0.0127, best_valid(recall@20): 0.06009
valid 	 N@10: 0.03805, R@10: 0.03578, P@10: 0.02865
valid 	 N@20: 0.04677, R@20: 0.05847, P@20: 0.02401
valid 	 N@50: 0.06367, R@50: 0.1043, P@50: 0.01784

2023-03-20 17:44:25,889 - [INFO] - current w_0 is 13.667692184448242
2023-03-20 17:46:06,943 - [INFO] - E:121|TAU:13.67 13.67, train_time: 99.39, VALID_time: 1.711, loss: 3.675e+03, emb_loss:0.01279, best_valid(recall@20): 0.06009
valid 	 N@10: 0.03804, R@10: 0.03581, P@10: 0.02867
valid 	 N@20: 0.04679, R@20: 0.05855, P@20: 0.02403
valid 	 N@50: 0.06367, R@50: 0.1042, P@50: 0.01785

2023-03-20 17:46:07,060 - [INFO] - current w_0 is 13.671478271484375
2023-03-20 17:47:48,991 - [INFO] - E:122|TAU:13.67 13.67, train_time: 99.65, VALID_time: 2.322, loss: 3.674e+03, emb_loss:0.01287, best_valid(recall@20): 0.06009
valid 	 N@10: 0.03809, R@10: 0.03582, P@10: 0.02867
valid 	 N@20: 0.04683, R@20: 0.05856, P@20: 0.02404
valid 	 N@50: 0.06366, R@50: 0.1041, P@50: 0.01782

2023-03-20 17:47:49,126 - [INFO] - current w_0 is 13.672163963317871
2023-03-20 17:49:30,434 - [INFO] - E:123|TAU:13.67 13.67, train_time: 99.57, VALID_time: 1.782, loss: 3.673e+03, emb_loss:0.01296, best_valid(recall@20): 0.06009
valid 	 N@10: 0.03813, R@10: 0.03583, P@10: 0.02868
valid 	 N@20: 0.04686, R@20: 0.05853, P@20: 0.02403
valid 	 N@50: 0.06375, R@50: 0.1043, P@50: 0.01786

2023-03-20 17:49:30,565 - [INFO] - current w_0 is 13.674214363098145
2023-03-20 17:51:12,826 - [INFO] - E:124|TAU:13.67 13.67, train_time: 100.4, VALID_time: 1.884, loss: 3.672e+03, emb_loss:0.01304, best_valid(recall@20): 0.06009
valid 	 N@10: 0.03808, R@10: 0.03578, P@10: 0.02867
valid 	 N@20: 0.0468, R@20: 0.05849, P@20: 0.024
valid 	 N@50: 0.06371, R@50: 0.1042, P@50: 0.01786

2023-03-20 17:51:12,953 - [INFO] - current w_0 is 13.676827430725098
2023-03-20 17:52:54,231 - [INFO] - E:125|TAU:13.68 13.68, train_time: 99.51, VALID_time: 1.809, loss: 3.671e+03, emb_loss:0.01313, best_valid(recall@20): 0.06009
valid 	 N@10: 0.03811, R@10: 0.03587, P@10: 0.02872
valid 	 N@20: 0.04679, R@20: 0.0585, P@20: 0.024
valid 	 N@50: 0.06369, R@50: 0.1042, P@50: 0.01786

2023-03-20 17:52:54,356 - [INFO] - current w_0 is 13.676322937011719
2023-03-20 17:54:35,389 - [INFO] - E:126|TAU:13.68 13.68, train_time: 99.37, VALID_time: 1.705, loss: 3.671e+03, emb_loss:0.01321, best_valid(recall@20): 0.06009
valid 	 N@10: 0.03807, R@10: 0.03578, P@10: 0.02869
valid 	 N@20: 0.04678, R@20: 0.05853, P@20: 0.02398
valid 	 N@50: 0.06369, R@50: 0.1042, P@50: 0.01786

2023-03-20 17:54:35,499 - [INFO] - current w_0 is 13.677054405212402
2023-03-20 17:56:16,661 - [INFO] - E:127|TAU:13.68 13.68, train_time: 99.44, VALID_time: 1.769, loss: 3.67e+03, emb_loss:0.0133, best_valid(recall@20): 0.06009
valid 	 N@10: 0.03802, R@10: 0.03584, P@10: 0.02865
valid 	 N@20: 0.04674, R@20: 0.05849, P@20: 0.02398
valid 	 N@50: 0.06364, R@50: 0.1042, P@50: 0.01786

2023-03-20 17:56:16,785 - [INFO] - current w_0 is 13.678936004638672
2023-03-20 17:57:58,123 - [INFO] - E:128|TAU:13.68 13.68, train_time: 99.58, VALID_time: 1.797, loss: 3.67e+03, emb_loss:0.01338, best_valid(recall@20): 0.06009
valid 	 N@10: 0.03807, R@10: 0.03587, P@10: 0.02869
valid 	 N@20: 0.0468, R@20: 0.05858, P@20: 0.02403
valid 	 N@50: 0.0636, R@50: 0.1041, P@50: 0.01782

2023-03-20 17:57:58,233 - [INFO] - current w_0 is 13.679746627807617
2023-03-20 17:59:39,260 - [INFO] - E:129|TAU:13.68 13.68, train_time: 99.38, VALID_time: 1.687, loss: 3.669e+03, emb_loss:0.01346, best_valid(recall@20): 0.06009
valid 	 N@10: 0.03797, R@10: 0.03578, P@10: 0.02866
valid 	 N@20: 0.04667, R@20: 0.05845, P@20: 0.02398
valid 	 N@50: 0.06354, R@50: 0.1041, P@50: 0.01783

2023-03-20 17:59:39,378 - [INFO] - current w_0 is 13.68168830871582
2023-03-20 18:01:20,448 - [INFO] - E:130|TAU:13.68 13.68, train_time: 99.45, VALID_time: 1.663, loss: 3.669e+03, emb_loss:0.01355, best_valid(recall@20): 0.06009
valid 	 N@10: 0.03795, R@10: 0.03571, P@10: 0.02863
valid 	 N@20: 0.0467, R@20: 0.0585, P@20: 0.02399
valid 	 N@50: 0.06351, R@50: 0.104, P@50: 0.01782

2023-03-20 18:01:20,575 - [INFO] - current w_0 is 13.681978225708008
2023-03-20 18:03:01,742 - [INFO] - E:131|TAU:13.68 13.68, train_time: 99.36, VALID_time: 1.847, loss: 3.668e+03, emb_loss:0.01363, best_valid(recall@20): 0.06009
valid 	 N@10: 0.03803, R@10: 0.03589, P@10: 0.02872
valid 	 N@20: 0.04671, R@20: 0.05853, P@20: 0.02399
valid 	 N@50: 0.06351, R@50: 0.104, P@50: 0.01782

2023-03-20 18:03:01,868 - [INFO] - current w_0 is 13.682835578918457
2023-03-20 18:04:43,085 - [INFO] - E:132|TAU:13.68 13.68, train_time: 99.54, VALID_time: 1.725, loss: 3.667e+03, emb_loss:0.01371, best_valid(recall@20): 0.06009
valid 	 N@10: 0.03801, R@10: 0.03577, P@10: 0.02864
valid 	 N@20: 0.04673, R@20: 0.05846, P@20: 0.02397
valid 	 N@50: 0.06356, R@50: 0.104, P@50: 0.01781

2023-03-20 18:04:43,197 - [INFO] - current w_0 is 13.683406829833984
2023-03-20 18:06:24,174 - [INFO] - E:133|TAU:13.68 13.68, train_time: 99.33, VALID_time: 1.688, loss: 3.667e+03, emb_loss:0.0138, best_valid(recall@20): 0.06009
valid 	 N@10: 0.03804, R@10: 0.0358, P@10: 0.02869
valid 	 N@20: 0.04671, R@20: 0.05845, P@20: 0.02394
valid 	 N@50: 0.06357, R@50: 0.104, P@50: 0.01781

2023-03-20 18:06:24,300 - [INFO] - current w_0 is 13.683077812194824
2023-03-20 18:08:05,628 - [INFO] - E:134|TAU:13.68 13.68, train_time: 99.5, VALID_time: 1.869, loss: 3.667e+03, emb_loss:0.01388, best_valid(recall@20): 0.06009
valid 	 N@10: 0.03803, R@10: 0.03579, P@10: 0.02868
valid 	 N@20: 0.04673, R@20: 0.0585, P@20: 0.02397
valid 	 N@50: 0.06359, R@50: 0.1041, P@50: 0.01782

2023-03-20 18:08:05,732 - [INFO] - current w_0 is 13.68624496459961
2023-03-20 18:09:46,696 - [INFO] - E:135|TAU:13.69 13.69, train_time: 99.3, VALID_time: 1.707, loss: 3.666e+03, emb_loss:0.01396, best_valid(recall@20): 0.06009
valid 	 N@10: 0.03804, R@10: 0.03576, P@10: 0.02864
valid 	 N@20: 0.04674, R@20: 0.05844, P@20: 0.02393
valid 	 N@50: 0.06363, R@50: 0.1041, P@50: 0.01782

2023-03-20 18:09:46,818 - [INFO] - current w_0 is 13.685212135314941
2023-03-20 18:11:28,049 - [INFO] - E:136|TAU:13.69 13.69, train_time: 99.55, VALID_time: 1.721, loss: 3.665e+03, emb_loss:0.01404, best_valid(recall@20): 0.06009
valid 	 N@10: 0.03814, R@10: 0.0359, P@10: 0.02878
valid 	 N@20: 0.04673, R@20: 0.05842, P@20: 0.02395
valid 	 N@50: 0.06361, R@50: 0.1041, P@50: 0.0178

2023-03-20 18:11:28,161 - [INFO] - current w_0 is 13.687236785888672
2023-03-20 18:13:09,525 - [INFO] - E:137|TAU:13.69 13.69, train_time: 99.4, VALID_time: 2.006, loss: 3.665e+03, emb_loss:0.01412, best_valid(recall@20): 0.06009
valid 	 N@10: 0.0381, R@10: 0.03592, P@10: 0.02874
valid 	 N@20: 0.04666, R@20: 0.05831, P@20: 0.0239
valid 	 N@50: 0.06356, R@50: 0.104, P@50: 0.01779

2023-03-20 18:13:09,810 - [INFO] - current w_0 is 13.68713665008545
2023-03-20 18:14:51,215 - [INFO] - E:138|TAU:13.69 13.69, train_time: 99.55, VALID_time: 1.897, loss: 3.664e+03, emb_loss:0.0142, best_valid(recall@20): 0.06009
valid 	 N@10: 0.03809, R@10: 0.03592, P@10: 0.02874
valid 	 N@20: 0.04673, R@20: 0.05846, P@20: 0.02397
valid 	 N@50: 0.06359, R@50: 0.1041, P@50: 0.01781

2023-03-20 18:14:51,335 - [INFO] - current w_0 is 13.687012672424316
2023-03-20 18:16:32,604 - [INFO] - E:139|TAU:13.69 13.69, train_time: 99.52, VALID_time: 1.789, loss: 3.665e+03, emb_loss:0.01429, best_valid(recall@20): 0.06009
valid 	 N@10: 0.03816, R@10: 0.03598, P@10: 0.02877
valid 	 N@20: 0.04674, R@20: 0.05837, P@20: 0.02395
valid 	 N@50: 0.06364, R@50: 0.1041, P@50: 0.01781

2023-03-20 18:16:32,727 - [INFO] - current w_0 is 13.68826675415039
2023-03-20 18:18:14,041 - [INFO] - E:140|TAU:13.69 13.69, train_time: 99.56, VALID_time: 1.801, loss: 3.664e+03, emb_loss:0.01436, best_valid(recall@20): 0.06009
valid 	 N@10: 0.03809, R@10: 0.03591, P@10: 0.02868
valid 	 N@20: 0.04677, R@20: 0.0585, P@20: 0.02398
valid 	 N@50: 0.06358, R@50: 0.104, P@50: 0.0178

2023-03-20 18:18:14,151 - [INFO] - current w_0 is 13.688028335571289
2023-03-20 18:19:56,230 - [INFO] - E:141|TAU:13.69 13.69, train_time: 100.2, VALID_time: 1.9, loss: 3.663e+03, emb_loss:0.01444, best_valid(recall@20): 0.06009
valid 	 N@10: 0.03811, R@10: 0.03595, P@10: 0.02873
valid 	 N@20: 0.04675, R@20: 0.05846, P@20: 0.02399
valid 	 N@50: 0.06355, R@50: 0.1039, P@50: 0.0178

2023-03-20 18:19:56,357 - [INFO] - current w_0 is 13.689767837524414
2023-03-20 18:21:37,534 - [INFO] - E:142|TAU:13.69 13.69, train_time: 99.41, VALID_time: 1.808, loss: 3.663e+03, emb_loss:0.01452, best_valid(recall@20): 0.06009
valid 	 N@10: 0.03817, R@10: 0.03599, P@10: 0.02878
valid 	 N@20: 0.04677, R@20: 0.05849, P@20: 0.02397
valid 	 N@50: 0.06355, R@50: 0.1039, P@50: 0.01778

2023-03-20 18:21:37,641 - [INFO] - current w_0 is 13.689485549926758
2023-03-20 18:23:18,740 - [INFO] - E:143|TAU:13.69 13.69, train_time: 99.34, VALID_time: 1.801, loss: 3.663e+03, emb_loss:0.0146, best_valid(recall@20): 0.06009
valid 	 N@10: 0.03824, R@10: 0.03604, P@10: 0.02882
valid 	 N@20: 0.04683, R@20: 0.05852, P@20: 0.02398
valid 	 N@50: 0.06357, R@50: 0.1038, P@50: 0.01777

2023-03-20 18:23:18,881 - [INFO] - current w_0 is 13.692856788635254
2023-03-20 18:25:00,079 - [INFO] - E:144|TAU:13.69 13.69, train_time: 99.46, VALID_time: 1.783, loss: 3.662e+03, emb_loss:0.01468, best_valid(recall@20): 0.06009
valid 	 N@10: 0.03824, R@10: 0.03602, P@10: 0.02884
valid 	 N@20: 0.04682, R@20: 0.05851, P@20: 0.02399
valid 	 N@50: 0.06357, R@50: 0.1039, P@50: 0.01777

2023-03-20 18:25:00,191 - [INFO] - current w_0 is 13.690256118774414
2023-03-20 18:26:41,486 - [INFO] - E:145|TAU:13.69 13.69, train_time: 99.53, VALID_time: 1.813, loss: 3.662e+03, emb_loss:0.01476, best_valid(recall@20): 0.06009
valid 	 N@10: 0.03822, R@10: 0.03598, P@10: 0.02884
valid 	 N@20: 0.04682, R@20: 0.05846, P@20: 0.02399
valid 	 N@50: 0.06356, R@50: 0.1038, P@50: 0.01777

2023-03-20 18:26:41,613 - [INFO] - current w_0 is 13.69129753112793
2023-03-20 18:28:22,949 - [INFO] - E:146|TAU:13.69 13.69, train_time: 99.42, VALID_time: 1.955, loss: 3.662e+03, emb_loss:0.01484, best_valid(recall@20): 0.06009
valid 	 N@10: 0.03821, R@10: 0.03598, P@10: 0.0288
valid 	 N@20: 0.04688, R@20: 0.05861, P@20: 0.02404
valid 	 N@50: 0.06354, R@50: 0.1037, P@50: 0.01775

2023-03-20 18:28:23,062 - [INFO] - current w_0 is 13.693441390991211
2023-03-20 18:30:04,191 - [INFO] - E:147|TAU:13.69 13.69, train_time: 99.44, VALID_time: 1.732, loss: 3.661e+03, emb_loss:0.01492, best_valid(recall@20): 0.06009
valid 	 N@10: 0.03822, R@10: 0.03596, P@10: 0.02878
valid 	 N@20: 0.04686, R@20: 0.05855, P@20: 0.024
valid 	 N@50: 0.0636, R@50: 0.1039, P@50: 0.01776

2023-03-20 18:30:04,322 - [INFO] - current w_0 is 13.693364143371582
2023-03-20 18:31:45,816 - [INFO] - E:148|TAU:13.69 13.69, train_time: 99.42, VALID_time: 2.115, loss: 3.661e+03, emb_loss:0.01499, best_valid(recall@20): 0.06009
valid 	 N@10: 0.03816, R@10: 0.03602, P@10: 0.02876
valid 	 N@20: 0.04683, R@20: 0.05863, P@20: 0.02402
valid 	 N@50: 0.06352, R@50: 0.1038, P@50: 0.01775

2023-03-20 18:31:45,944 - [INFO] - current w_0 is 13.6933012008667
2023-03-20 18:33:26,984 - [INFO] - E:149|TAU:13.69 13.69, train_time: 99.35, VALID_time: 1.738, loss: 3.661e+03, emb_loss:0.01507, best_valid(recall@20): 0.06009
valid 	 N@10: 0.03818, R@10: 0.03599, P@10: 0.02878
valid 	 N@20: 0.04685, R@20: 0.05865, P@20: 0.02402
valid 	 N@50: 0.06353, R@50: 0.1038, P@50: 0.01776

2023-03-20 18:33:27,121 - [INFO] - current w_0 is 13.692219734191895
2023-03-20 18:35:08,398 - [INFO] - E:150|TAU:13.69 13.69, train_time: 99.53, VALID_time: 1.792, loss: 3.66e+03, emb_loss:0.01515, best_valid(recall@20): 0.06009
valid 	 N@10: 0.03826, R@10: 0.03606, P@10: 0.02882
valid 	 N@20: 0.04684, R@20: 0.05855, P@20: 0.02396
valid 	 N@50: 0.06359, R@50: 0.1038, P@50: 0.01776

2023-03-20 18:35:08,520 - [INFO] - current w_0 is 13.692340850830078
2023-03-20 18:36:49,554 - [INFO] - E:151|TAU:13.69 13.69, train_time: 99.33, VALID_time: 1.751, loss: 3.66e+03, emb_loss:0.01522, best_valid(recall@20): 0.06009
valid 	 N@10: 0.03823, R@10: 0.03602, P@10: 0.02882
valid 	 N@20: 0.04682, R@20: 0.05855, P@20: 0.02397
valid 	 N@50: 0.06355, R@50: 0.1038, P@50: 0.01776

2023-03-20 18:36:49,697 - [INFO] - current w_0 is 13.693225860595703
2023-03-20 18:38:30,749 - [INFO] - E:152|TAU:13.69 13.69, train_time: 99.39, VALID_time: 1.708, loss: 3.66e+03, emb_loss:0.0153, best_valid(recall@20): 0.06009
valid 	 N@10: 0.03828, R@10: 0.03613, P@10: 0.02887
valid 	 N@20: 0.04683, R@20: 0.05857, P@20: 0.02397
valid 	 N@50: 0.06354, R@50: 0.1038, P@50: 0.01774

2023-03-20 18:38:30,749 - [INFO] - start to test!!

2023-03-20 18:38:31,574 - [INFO] - 
TEST 	 N@10: 0.03892, R@10: 0.03658, P@10: 0.02946
TEST 	 N@20: 0.04795, R@20: 0.06009, P@20: 0.02471
TEST 	 N@50: 0.06546, R@50: 0.1075, P@50: 0.01844

