2023-03-20 09:28:03,289 - [INFO] - {'dataset': 'amazon-book', 'data_path': './data/', 'name': 'amazon-book_LGN_mode_weight_mean_no_sample_nocosine_TAU_Adap_tau_Loss_2048_1024_lr_1e-4_l2_1e-1_t1_1.0_t2_1.0_nodrop_20_03_2023_09:28:03', 'train_ratio': 0.8, 'gnn': 'lgn_simplex', 'epoch': 1000, 'batch_size': 2048, 'test_batch_size': 2048, 'dim': 64, 'l2': 0.1, 'lr': 0.0001, 'mess_dropout': False, 'mess_dropout_rate': 0.1, 'edge_dropout': False, 'edge_dropout_rate': 0.1, 'batch_test_flag': True, 'ns': 'uniform', 'K': 1, 'n_negs': 1024, 'pool': 'mean', 'cuda': True, 'gpu_id': 0, 'Ks': '[10, 20, 50]', 'test_flag': 'part', 'context_hops': 3, 'eval_earlystop': 'recall@20', 'tau_plus': 0.1, 'temperature': 1.0, 'beta': 1.0, 'sample_num': 2048, 's_neg': 64, 's_pos': 64, 'norm_change': False, 'norm_path': None, 'u_norm': True, 'i_norm': True, 'alpha': 0.1, 'save': False, 'save_analyses': False, 'log_hard_rate': False, 'norm_before': False, 'norm_after': False, 'batch_var': False, 'out_dir': './weights/', 'log_dir': './log/', 'config_dir': './config/', 'restore': False, 'bash_train': False, 'emb_l2': False, 'lam': 0.1, 'lam_per_epoch': 0.1, 'margin': 0.9, 'negative_weight': 150, 'loss_fn': 'Adap_tau_Loss', 'sampling_method': 'no_sample', 'load_name': 'uniform', 'generate_mode': 'nocosine', 'reweight_period': 5, 'mix_target': 'mix_target', 'mask_distribution': 'mask_distribution', 'neg_alpha': 1.6, 'pos_alpha': 2.0, 'dim_mask': 'both', 'expolation_mask': False, 'mix_replace': False, 'save_emb': False, 'sample_replace': False, 'init_norm': 'uniform', 'init_mean': 2.0, 'init_std': 2.0, 'pop_pow': 1.0, 'save_mle': False, 'l2_mode': 'static', 'temperature_2': 1.0, 'temperature_3': 1.0, 'group_valid': False, 'score_save': 'alpha', 'tau_min': 0.05, 'tau_max': 0.15, 'm': 0.9, 'pow_rate': 0.9, 't_min': 0.05, 't_max': 0.15, 't_epoch': 0.01, 't_patience': 10, 'tau_mode': 'weight_mean', 'pos_num': 10, 'beta_1': 10, 'beta_2': 10, 'kl_mode': 'kl', 'lam_bank': False, 'neg_rate': '', 'trans_mode': 'minmax', 'pos_memory_func': 'v1', 'tau_memory_func': 'v1', 'kl_memory_fun': 'v0', 'm_tau': 0.9, 'just_lr': False, 'min_lr': 1e-06, 'cnt_lr': 100, 'pos_mode': 'feed_loss'}
2023-03-20 09:28:07,035 - [INFO] - load train.txt
2023-03-20 09:28:13,046 - [INFO] - building the adj mat ...
2023-03-20 09:28:14,077 - [INFO] - train set len is 2380730
2023-03-20 09:28:14,077 - [INFO] - test set len is 603378
2023-03-20 09:28:14,077 - [INFO] - loading over ...
2023-03-20 09:28:14,078 - [INFO] - users are 52643 items are 91599
Adap_tau_Loss
start to make tables
2023-03-20 09:28:24,330 - [INFO] - Evaluation Protocols is 1 @ 20
2023-03-20 09:28:24,330 - [INFO] - start training ...
6.761529952716888
2023-03-20 09:28:24,417 - [INFO] - current w_0 is 9.65932889229748
2023-03-20 09:30:06,766 - [INFO] - E:0|TAU:9.659 9.659, train_time: 100.6, VALID_time: 1.786, loss: 6.304e+03, emb_loss:0.0003993, best_valid(recall@20): -inf
valid 	 N@10: 0.02412, R@10: 0.02191, P@10: 0.01881
valid 	 N@20: 0.02996, R@20: 0.03736, P@20: 0.01636
valid 	 N@50: 0.04271, R@50: 0.07206, P@50: 0.01294

6.761529952716888
2023-03-20 09:30:06,918 - [INFO] - current w_0 is 9.65932889229748
2023-03-20 09:31:48,168 - [INFO] - E:1|TAU:7.659 26.26, train_time: 99.35, VALID_time: 1.901, loss: 5.555e+03, emb_loss:0.0005632, best_valid(recall@20): 0.03736
valid 	 N@10: 0.02916, R@10: 0.02692, P@10: 0.02257
valid 	 N@20: 0.0363, R@20: 0.04562, P@20: 0.01938
valid 	 N@50: 0.05123, R@50: 0.08623, P@50: 0.01509

6.761529952716888
2023-03-20 09:31:48,320 - [INFO] - current w_0 is 9.65932889229748
2023-03-20 09:33:29,632 - [INFO] - E:2|TAU:7.829 21.67, train_time: 99.46, VALID_time: 1.846, loss: 5.024e+03, emb_loss:0.0007077, best_valid(recall@20): 0.04562
valid 	 N@10: 0.03123, R@10: 0.02919, P@10: 0.02407
valid 	 N@20: 0.03895, R@20: 0.04922, P@20: 0.02072
valid 	 N@50: 0.05476, R@50: 0.09213, P@50: 0.01602

6.761529952716888
2023-03-20 09:33:29,818 - [INFO] - current w_0 is 9.65932889229748
2023-03-20 09:35:11,551 - [INFO] - E:3|TAU:7.908 15.58, train_time: 100.0, VALID_time: 1.707, loss: 4.873e+03, emb_loss:0.0008429, best_valid(recall@20): 0.04922
valid 	 N@10: 0.03234, R@10: 0.03022, P@10: 0.02483
valid 	 N@20: 0.04035, R@20: 0.05094, P@20: 0.0214
valid 	 N@50: 0.05679, R@50: 0.09552, P@50: 0.01658

6.761529952716888
2023-03-20 09:35:11,710 - [INFO] - current w_0 is 9.65932889229748
2023-03-20 09:36:52,711 - [INFO] - E:4|TAU:7.957 16.77, train_time: 99.32, VALID_time: 1.674, loss: 4.801e+03, emb_loss:0.000978, best_valid(recall@20): 0.05094
valid 	 N@10: 0.03309, R@10: 0.03098, P@10: 0.02535
valid 	 N@20: 0.04129, R@20: 0.0521, P@20: 0.02181
valid 	 N@50: 0.05813, R@50: 0.09771, P@50: 0.01693

6.761529952716888
2023-03-20 09:36:52,858 - [INFO] - current w_0 is 9.65932889229748
2023-03-20 09:38:34,163 - [INFO] - E:5|TAU:7.966 17.34, train_time: 99.48, VALID_time: 1.819, loss: 4.756e+03, emb_loss:0.001114, best_valid(recall@20): 0.0521
valid 	 N@10: 0.03376, R@10: 0.03144, P@10: 0.02578
valid 	 N@20: 0.04217, R@20: 0.05313, P@20: 0.02223
valid 	 N@50: 0.05912, R@50: 0.09909, P@50: 0.01715

6.761529952716888
2023-03-20 09:38:34,326 - [INFO] - current w_0 is 9.65932889229748
2023-03-20 09:40:15,337 - [INFO] - E:6|TAU:7.974 16.51, train_time: 99.25, VALID_time: 1.758, loss: 4.723e+03, emb_loss:0.001253, best_valid(recall@20): 0.05313
valid 	 N@10: 0.03422, R@10: 0.03193, P@10: 0.02614
valid 	 N@20: 0.04258, R@20: 0.0536, P@20: 0.02242
valid 	 N@50: 0.05969, R@50: 0.1, P@50: 0.0173

6.761529952716888
2023-03-20 09:40:15,496 - [INFO] - current w_0 is 9.65932889229748
2023-03-20 09:41:56,735 - [INFO] - E:7|TAU:7.973 16.85, train_time: 99.37, VALID_time: 1.865, loss: 4.698e+03, emb_loss:0.001392, best_valid(recall@20): 0.0536
valid 	 N@10: 0.03468, R@10: 0.03237, P@10: 0.02645
valid 	 N@20: 0.04305, R@20: 0.05407, P@20: 0.02261
valid 	 N@50: 0.06032, R@50: 0.1009, P@50: 0.01744

6.761529952716888
2023-03-20 09:41:56,909 - [INFO] - current w_0 is 9.65932889229748
2023-03-20 09:43:38,242 - [INFO] - E:8|TAU:7.974 16.77, train_time: 99.42, VALID_time: 1.914, loss: 4.678e+03, emb_loss:0.001533, best_valid(recall@20): 0.05407
valid 	 N@10: 0.03501, R@10: 0.03272, P@10: 0.02673
valid 	 N@20: 0.04345, R@20: 0.05457, P@20: 0.02285
valid 	 N@50: 0.06076, R@50: 0.1016, P@50: 0.01758

6.761529952716888
2023-03-20 09:43:38,381 - [INFO] - current w_0 is 9.65932889229748
2023-03-20 09:45:19,478 - [INFO] - E:9|TAU:7.972 16.39, train_time: 99.31, VALID_time: 1.784, loss: 4.662e+03, emb_loss:0.001674, best_valid(recall@20): 0.05457
valid 	 N@10: 0.03511, R@10: 0.0328, P@10: 0.02678
valid 	 N@20: 0.04359, R@20: 0.05477, P@20: 0.02291
valid 	 N@50: 0.06107, R@50: 0.1022, P@50: 0.01766

6.761529952716888
2023-03-20 09:45:19,797 - [INFO] - current w_0 is 9.65932889229748
2023-03-20 09:47:00,811 - [INFO] - E:10|TAU:7.966 16.21, train_time: 99.32, VALID_time: 1.689, loss: 4.648e+03, emb_loss:0.001815, best_valid(recall@20): 0.05477
valid 	 N@10: 0.03527, R@10: 0.03292, P@10: 0.02689
valid 	 N@20: 0.04384, R@20: 0.0551, P@20: 0.02303
valid 	 N@50: 0.06131, R@50: 0.1025, P@50: 0.01771

6.761529952716888
2023-03-20 09:47:00,980 - [INFO] - current w_0 is 9.65932889229748
2023-03-20 09:48:42,116 - [INFO] - E:11|TAU:7.971 16.65, train_time: 99.39, VALID_time: 1.742, loss: 4.636e+03, emb_loss:0.001956, best_valid(recall@20): 0.0551
valid 	 N@10: 0.03539, R@10: 0.03309, P@10: 0.02698
valid 	 N@20: 0.044, R@20: 0.05537, P@20: 0.0231
valid 	 N@50: 0.06144, R@50: 0.1026, P@50: 0.01774

6.761529952716888
2023-03-20 09:48:42,289 - [INFO] - current w_0 is 9.65932889229748
2023-03-20 09:50:23,677 - [INFO] - E:12|TAU:7.967 16.21, train_time: 99.54, VALID_time: 1.84, loss: 4.626e+03, emb_loss:0.002098, best_valid(recall@20): 0.05537
valid 	 N@10: 0.03564, R@10: 0.03336, P@10: 0.02721
valid 	 N@20: 0.04421, R@20: 0.05564, P@20: 0.0232
valid 	 N@50: 0.06177, R@50: 0.1032, P@50: 0.01784

6.761529952716888
2023-03-20 09:50:23,831 - [INFO] - current w_0 is 9.65932889229748
2023-03-20 09:52:05,093 - [INFO] - E:13|TAU:7.965 16.07, train_time: 99.5, VALID_time: 1.759, loss: 4.617e+03, emb_loss:0.002239, best_valid(recall@20): 0.05564
valid 	 N@10: 0.03574, R@10: 0.03342, P@10: 0.02724
valid 	 N@20: 0.04431, R@20: 0.0557, P@20: 0.02321
valid 	 N@50: 0.06194, R@50: 0.1034, P@50: 0.01788

6.761529952716888
2023-03-20 09:52:05,271 - [INFO] - current w_0 is 9.65932889229748
2023-03-20 09:53:46,347 - [INFO] - E:14|TAU:7.964 16.41, train_time: 99.37, VALID_time: 1.702, loss: 4.608e+03, emb_loss:0.002381, best_valid(recall@20): 0.0557
valid 	 N@10: 0.03581, R@10: 0.03349, P@10: 0.02732
valid 	 N@20: 0.04447, R@20: 0.05598, P@20: 0.02336
valid 	 N@50: 0.06215, R@50: 0.1039, P@50: 0.01795

6.761529952716888
2023-03-20 09:53:46,502 - [INFO] - current w_0 is 9.65932889229748
2023-03-20 09:55:27,745 - [INFO] - E:15|TAU:7.959 16.23, train_time: 99.56, VALID_time: 1.682, loss: 4.601e+03, emb_loss:0.002522, best_valid(recall@20): 0.05598
valid 	 N@10: 0.03594, R@10: 0.0336, P@10: 0.02739
valid 	 N@20: 0.04453, R@20: 0.05594, P@20: 0.02334
valid 	 N@50: 0.06222, R@50: 0.1039, P@50: 0.01795

6.761529952716888
2023-03-20 09:55:27,824 - [INFO] - current w_0 is 9.65932889229748
2023-03-20 09:57:09,055 - [INFO] - E:16|TAU:7.96 16.02, train_time: 99.5, VALID_time: 1.727, loss: 4.594e+03, emb_loss:0.002663, best_valid(recall@20): 0.05598
valid 	 N@10: 0.03608, R@10: 0.03374, P@10: 0.02746
valid 	 N@20: 0.0448, R@20: 0.05633, P@20: 0.02347
valid 	 N@50: 0.06246, R@50: 0.1042, P@50: 0.018

6.761529952716888
2023-03-20 09:57:09,213 - [INFO] - current w_0 is 9.65932889229748
2023-03-20 09:58:50,462 - [INFO] - E:17|TAU:7.962 16.25, train_time: 99.45, VALID_time: 1.797, loss: 4.588e+03, emb_loss:0.002804, best_valid(recall@20): 0.05633
valid 	 N@10: 0.03625, R@10: 0.03391, P@10: 0.02759
valid 	 N@20: 0.04495, R@20: 0.05648, P@20: 0.02353
valid 	 N@50: 0.0626, R@50: 0.1043, P@50: 0.01802

6.761529952716888
2023-03-20 09:58:50,613 - [INFO] - current w_0 is 9.65932889229748
2023-03-20 10:00:31,902 - [INFO] - E:18|TAU:7.959 16.19, train_time: 99.46, VALID_time: 1.824, loss: 4.583e+03, emb_loss:0.002944, best_valid(recall@20): 0.05648
valid 	 N@10: 0.03631, R@10: 0.03391, P@10: 0.02763
valid 	 N@20: 0.04506, R@20: 0.05661, P@20: 0.02357
valid 	 N@50: 0.06269, R@50: 0.1044, P@50: 0.01805

6.761529952716888
2023-03-20 10:00:32,073 - [INFO] - current w_0 is 9.65932889229748
2023-03-20 10:02:14,031 - [INFO] - E:19|TAU:7.959 16.16, train_time: 100.3, VALID_time: 1.676, loss: 4.578e+03, emb_loss:0.003083, best_valid(recall@20): 0.05661
valid 	 N@10: 0.0363, R@10: 0.03398, P@10: 0.02766
valid 	 N@20: 0.04514, R@20: 0.05685, P@20: 0.02367
valid 	 N@50: 0.06276, R@50: 0.1046, P@50: 0.01808

6.761529952716888
2023-03-20 10:02:14,175 - [INFO] - current w_0 is 9.65932889229748
2023-03-20 10:03:55,568 - [INFO] - E:20|TAU:7.958 15.96, train_time: 99.52, VALID_time: 1.873, loss: 4.573e+03, emb_loss:0.003223, best_valid(recall@20): 0.05685
valid 	 N@10: 0.03642, R@10: 0.03414, P@10: 0.02778
valid 	 N@20: 0.04521, R@20: 0.05691, P@20: 0.0237
valid 	 N@50: 0.06283, R@50: 0.1047, P@50: 0.01809

6.761529952716888
2023-03-20 10:03:55,744 - [INFO] - current w_0 is 9.65932889229748
2023-03-20 10:05:36,920 - [INFO] - E:21|TAU:7.957 15.97, train_time: 99.45, VALID_time: 1.716, loss: 4.568e+03, emb_loss:0.003361, best_valid(recall@20): 0.05691
valid 	 N@10: 0.03653, R@10: 0.03412, P@10: 0.02781
valid 	 N@20: 0.04536, R@20: 0.05708, P@20: 0.02374
valid 	 N@50: 0.06297, R@50: 0.1048, P@50: 0.01813

6.761529952716888
2023-03-20 10:05:37,076 - [INFO] - current w_0 is 9.65932889229748
2023-03-20 10:07:18,148 - [INFO] - E:22|TAU:7.957 15.88, train_time: 99.37, VALID_time: 1.704, loss: 4.564e+03, emb_loss:0.003501, best_valid(recall@20): 0.05708
valid 	 N@10: 0.03664, R@10: 0.03435, P@10: 0.02792
valid 	 N@20: 0.04543, R@20: 0.05713, P@20: 0.0238
valid 	 N@50: 0.06307, R@50: 0.105, P@50: 0.01816

6.761529952716888
2023-03-20 10:07:18,314 - [INFO] - current w_0 is 9.65932889229748
2023-03-20 10:08:59,540 - [INFO] - E:23|TAU:7.957 16.03, train_time: 99.49, VALID_time: 1.73, loss: 4.56e+03, emb_loss:0.003637, best_valid(recall@20): 0.05713
valid 	 N@10: 0.03663, R@10: 0.03424, P@10: 0.02784
valid 	 N@20: 0.04543, R@20: 0.05707, P@20: 0.02374
valid 	 N@50: 0.06311, R@50: 0.105, P@50: 0.01815

6.761529952716888
2023-03-20 10:08:59,620 - [INFO] - current w_0 is 9.65932889229748
2023-03-20 10:10:40,730 - [INFO] - E:24|TAU:7.954 16.1, train_time: 99.46, VALID_time: 1.652, loss: 4.557e+03, emb_loss:0.003775, best_valid(recall@20): 0.05713
valid 	 N@10: 0.03679, R@10: 0.03452, P@10: 0.02807
valid 	 N@20: 0.04555, R@20: 0.05729, P@20: 0.02385
valid 	 N@50: 0.06326, R@50: 0.1053, P@50: 0.01821

6.761529952716888
2023-03-20 10:10:40,893 - [INFO] - current w_0 is 9.65932889229748
2023-03-20 10:12:22,181 - [INFO] - E:25|TAU:7.954 15.9, train_time: 99.23, VALID_time: 2.051, loss: 4.554e+03, emb_loss:0.003911, best_valid(recall@20): 0.05729
valid 	 N@10: 0.03673, R@10: 0.03438, P@10: 0.02798
valid 	 N@20: 0.04547, R@20: 0.05708, P@20: 0.02376
valid 	 N@50: 0.06327, R@50: 0.1053, P@50: 0.01819

6.761529952716888
2023-03-20 10:12:22,237 - [INFO] - current w_0 is 9.65932889229748
2023-03-20 10:14:03,317 - [INFO] - E:26|TAU:7.955 15.91, train_time: 99.36, VALID_time: 1.719, loss: 4.55e+03, emb_loss:0.004047, best_valid(recall@20): 0.05729
valid 	 N@10: 0.03693, R@10: 0.03452, P@10: 0.02815
valid 	 N@20: 0.04561, R@20: 0.05723, P@20: 0.02382
valid 	 N@50: 0.06338, R@50: 0.1054, P@50: 0.01821

6.761529952716888
2023-03-20 10:14:03,389 - [INFO] - current w_0 is 9.65932889229748
2023-03-20 10:15:44,600 - [INFO] - E:27|TAU:7.954 15.98, train_time: 99.4, VALID_time: 1.804, loss: 4.547e+03, emb_loss:0.004183, best_valid(recall@20): 0.05729
valid 	 N@10: 0.03698, R@10: 0.03448, P@10: 0.02812
valid 	 N@20: 0.04575, R@20: 0.05735, P@20: 0.02387
valid 	 N@50: 0.06358, R@50: 0.1057, P@50: 0.01826

6.761529952716888
2023-03-20 10:15:44,746 - [INFO] - current w_0 is 9.65932889229748
2023-03-20 10:17:26,018 - [INFO] - E:28|TAU:7.953 15.9, train_time: 99.41, VALID_time: 1.857, loss: 4.545e+03, emb_loss:0.004316, best_valid(recall@20): 0.05735
valid 	 N@10: 0.03702, R@10: 0.03456, P@10: 0.02817
valid 	 N@20: 0.04582, R@20: 0.05753, P@20: 0.02391
valid 	 N@50: 0.06361, R@50: 0.1057, P@50: 0.01827

6.761529952716888
2023-03-20 10:17:26,215 - [INFO] - current w_0 is 9.65932889229748
2023-03-20 10:19:07,348 - [INFO] - E:29|TAU:7.953 15.96, train_time: 99.46, VALID_time: 1.672, loss: 4.542e+03, emb_loss:0.004451, best_valid(recall@20): 0.05753
valid 	 N@10: 0.03713, R@10: 0.03468, P@10: 0.02828
valid 	 N@20: 0.04594, R@20: 0.05771, P@20: 0.02399
valid 	 N@50: 0.06368, R@50: 0.1058, P@50: 0.01828

6.761529952716888
2023-03-20 10:19:07,495 - [INFO] - current w_0 is 9.65932889229748
2023-03-20 10:20:48,667 - [INFO] - E:30|TAU:7.95 16.19, train_time: 99.4, VALID_time: 1.77, loss: 4.54e+03, emb_loss:0.004584, best_valid(recall@20): 0.05771
valid 	 N@10: 0.03712, R@10: 0.03465, P@10: 0.02822
valid 	 N@20: 0.04597, R@20: 0.0577, P@20: 0.02399
valid 	 N@50: 0.06372, R@50: 0.1058, P@50: 0.01827

6.761529952716888
2023-03-20 10:20:48,743 - [INFO] - current w_0 is 9.65932889229748
2023-03-20 10:22:29,799 - [INFO] - E:31|TAU:7.951 15.72, train_time: 99.33, VALID_time: 1.718, loss: 4.537e+03, emb_loss:0.004717, best_valid(recall@20): 0.05771
valid 	 N@10: 0.03711, R@10: 0.03465, P@10: 0.02824
valid 	 N@20: 0.04604, R@20: 0.05789, P@20: 0.02407
valid 	 N@50: 0.06374, R@50: 0.1059, P@50: 0.01829

6.761529952716888
2023-03-20 10:22:29,957 - [INFO] - current w_0 is 9.65932889229748
2023-03-20 10:24:11,144 - [INFO] - E:32|TAU:7.951 16.25, train_time: 99.25, VALID_time: 1.932, loss: 4.535e+03, emb_loss:0.004849, best_valid(recall@20): 0.05789
valid 	 N@10: 0.03725, R@10: 0.0348, P@10: 0.02836
valid 	 N@20: 0.0461, R@20: 0.05793, P@20: 0.02408
valid 	 N@50: 0.06376, R@50: 0.1059, P@50: 0.01828

6.761529952716888
2023-03-20 10:24:11,323 - [INFO] - current w_0 is 9.65932889229748
2023-03-20 10:25:52,470 - [INFO] - E:33|TAU:7.951 16.18, train_time: 99.41, VALID_time: 1.734, loss: 4.533e+03, emb_loss:0.00498, best_valid(recall@20): 0.05793
valid 	 N@10: 0.0373, R@10: 0.03492, P@10: 0.0284
valid 	 N@20: 0.04611, R@20: 0.05792, P@20: 0.02408
valid 	 N@50: 0.06385, R@50: 0.106, P@50: 0.01832

6.761529952716888
2023-03-20 10:25:52,554 - [INFO] - current w_0 is 9.65932889229748
2023-03-20 10:27:33,613 - [INFO] - E:34|TAU:7.951 15.89, train_time: 99.37, VALID_time: 1.685, loss: 4.531e+03, emb_loss:0.005111, best_valid(recall@20): 0.05793
valid 	 N@10: 0.03726, R@10: 0.03479, P@10: 0.02831
valid 	 N@20: 0.0461, R@20: 0.0578, P@20: 0.02404
valid 	 N@50: 0.06387, R@50: 0.106, P@50: 0.01832

6.761529952716888
2023-03-20 10:27:33,672 - [INFO] - current w_0 is 9.65932889229748
2023-03-20 10:29:16,255 - [INFO] - E:35|TAU:7.951 15.89, train_time: 99.61, VALID_time: 2.968, loss: 4.529e+03, emb_loss:0.00524, best_valid(recall@20): 0.05793
valid 	 N@10: 0.03735, R@10: 0.03489, P@10: 0.0284
valid 	 N@20: 0.04614, R@20: 0.05781, P@20: 0.02404
valid 	 N@50: 0.06398, R@50: 0.1062, P@50: 0.01835

6.761529952716888
2023-03-20 10:29:16,484 - [INFO] - current w_0 is 9.65932889229748
2023-03-20 10:30:57,909 - [INFO] - E:36|TAU:7.95 15.86, train_time: 99.51, VALID_time: 1.914, loss: 4.527e+03, emb_loss:0.00537, best_valid(recall@20): 0.05793
valid 	 N@10: 0.03747, R@10: 0.03499, P@10: 0.0285
valid 	 N@20: 0.04627, R@20: 0.05798, P@20: 0.02412
valid 	 N@50: 0.06406, R@50: 0.1062, P@50: 0.01836

6.761529952716888
2023-03-20 10:30:58,065 - [INFO] - current w_0 is 9.65932889229748
2023-03-20 10:32:39,381 - [INFO] - E:37|TAU:7.949 16.25, train_time: 99.48, VALID_time: 1.836, loss: 4.525e+03, emb_loss:0.005498, best_valid(recall@20): 0.05798
valid 	 N@10: 0.03755, R@10: 0.03504, P@10: 0.02855
valid 	 N@20: 0.04634, R@20: 0.05798, P@20: 0.02416
valid 	 N@50: 0.06412, R@50: 0.1062, P@50: 0.01836

6.761529952716888
2023-03-20 10:32:39,540 - [INFO] - current w_0 is 9.65932889229748
2023-03-20 10:34:20,642 - [INFO] - E:38|TAU:7.949 16.14, train_time: 99.32, VALID_time: 1.782, loss: 4.523e+03, emb_loss:0.005626, best_valid(recall@20): 0.05798
valid 	 N@10: 0.03755, R@10: 0.03502, P@10: 0.02857
valid 	 N@20: 0.04636, R@20: 0.05805, P@20: 0.02417
valid 	 N@50: 0.0641, R@50: 0.1062, P@50: 0.01835

6.761529952716888
2023-03-20 10:34:20,797 - [INFO] - current w_0 is 9.65932889229748
2023-03-20 10:36:02,073 - [INFO] - E:39|TAU:7.947 16.05, train_time: 99.38, VALID_time: 1.894, loss: 4.522e+03, emb_loss:0.005753, best_valid(recall@20): 0.05805
valid 	 N@10: 0.03751, R@10: 0.03499, P@10: 0.02851
valid 	 N@20: 0.04633, R@20: 0.05799, P@20: 0.02415
valid 	 N@50: 0.06414, R@50: 0.1063, P@50: 0.01837

6.761529952716888
2023-03-20 10:36:02,154 - [INFO] - current w_0 is 9.65932889229748
2023-03-20 10:37:43,262 - [INFO] - E:40|TAU:7.949 15.87, train_time: 99.4, VALID_time: 1.708, loss: 4.52e+03, emb_loss:0.005879, best_valid(recall@20): 0.05805
valid 	 N@10: 0.03764, R@10: 0.03522, P@10: 0.02862
valid 	 N@20: 0.04643, R@20: 0.05811, P@20: 0.02419
valid 	 N@50: 0.06426, R@50: 0.1065, P@50: 0.0184

6.761529952716888
2023-03-20 10:37:43,427 - [INFO] - current w_0 is 9.65932889229748
2023-03-20 10:39:24,869 - [INFO] - E:41|TAU:7.948 15.84, train_time: 99.41, VALID_time: 2.03, loss: 4.518e+03, emb_loss:0.006005, best_valid(recall@20): 0.05811
valid 	 N@10: 0.03772, R@10: 0.03522, P@10: 0.02865
valid 	 N@20: 0.04653, R@20: 0.0582, P@20: 0.02423
valid 	 N@50: 0.06435, R@50: 0.1066, P@50: 0.0184

6.761529952716888
2023-03-20 10:39:25,009 - [INFO] - current w_0 is 9.65932889229748
2023-03-20 10:41:06,138 - [INFO] - E:42|TAU:7.947 16.04, train_time: 99.41, VALID_time: 1.718, loss: 4.517e+03, emb_loss:0.006129, best_valid(recall@20): 0.0582
valid 	 N@10: 0.03778, R@10: 0.03535, P@10: 0.02874
valid 	 N@20: 0.04652, R@20: 0.0582, P@20: 0.02421
valid 	 N@50: 0.06437, R@50: 0.1066, P@50: 0.01842

6.761529952716888
2023-03-20 10:41:06,294 - [INFO] - current w_0 is 9.65932889229748
2023-03-20 10:42:47,545 - [INFO] - E:43|TAU:7.946 15.75, train_time: 99.37, VALID_time: 1.876, loss: 4.516e+03, emb_loss:0.006253, best_valid(recall@20): 0.0582
valid 	 N@10: 0.0378, R@10: 0.03533, P@10: 0.02873
valid 	 N@20: 0.04666, R@20: 0.05846, P@20: 0.0243
valid 	 N@50: 0.06442, R@50: 0.1066, P@50: 0.01842

6.761529952716888
2023-03-20 10:42:47,705 - [INFO] - current w_0 is 9.65932889229748
2023-03-20 10:44:28,733 - [INFO] - E:44|TAU:7.946 15.95, train_time: 99.24, VALID_time: 1.789, loss: 4.514e+03, emb_loss:0.006376, best_valid(recall@20): 0.05846
valid 	 N@10: 0.03784, R@10: 0.03545, P@10: 0.02879
valid 	 N@20: 0.04666, R@20: 0.0585, P@20: 0.02429
valid 	 N@50: 0.06445, R@50: 0.1067, P@50: 0.01843

6.761529952716888
2023-03-20 10:44:28,901 - [INFO] - current w_0 is 9.65932889229748
2023-03-20 10:46:10,171 - [INFO] - E:45|TAU:7.945 15.94, train_time: 99.34, VALID_time: 1.923, loss: 4.513e+03, emb_loss:0.006499, best_valid(recall@20): 0.0585
valid 	 N@10: 0.03777, R@10: 0.03532, P@10: 0.0287
valid 	 N@20: 0.0466, R@20: 0.05837, P@20: 0.02425
valid 	 N@50: 0.06443, R@50: 0.1067, P@50: 0.01843

6.761529952716888
2023-03-20 10:46:10,235 - [INFO] - current w_0 is 9.65932889229748
2023-03-20 10:47:51,439 - [INFO] - E:46|TAU:7.945 15.67, train_time: 99.43, VALID_time: 1.768, loss: 4.512e+03, emb_loss:0.006621, best_valid(recall@20): 0.0585
valid 	 N@10: 0.03779, R@10: 0.03535, P@10: 0.02871
valid 	 N@20: 0.04664, R@20: 0.0584, P@20: 0.02428
valid 	 N@50: 0.06444, R@50: 0.1066, P@50: 0.01844

6.761529952716888
2023-03-20 10:47:51,513 - [INFO] - current w_0 is 9.65932889229748
2023-03-20 10:49:32,727 - [INFO] - E:47|TAU:7.945 15.83, train_time: 99.39, VALID_time: 1.819, loss: 4.51e+03, emb_loss:0.006741, best_valid(recall@20): 0.0585
valid 	 N@10: 0.03782, R@10: 0.03534, P@10: 0.02874
valid 	 N@20: 0.04667, R@20: 0.05844, P@20: 0.0243
valid 	 N@50: 0.06454, R@50: 0.1069, P@50: 0.01847

6.761529952716888
2023-03-20 10:49:32,797 - [INFO] - current w_0 is 9.65932889229748
2023-03-20 10:51:14,156 - [INFO] - E:48|TAU:7.945 16.17, train_time: 99.33, VALID_time: 2.031, loss: 4.51e+03, emb_loss:0.006862, best_valid(recall@20): 0.0585
valid 	 N@10: 0.03794, R@10: 0.03556, P@10: 0.02885
valid 	 N@20: 0.04669, R@20: 0.05841, P@20: 0.0243
valid 	 N@50: 0.06456, R@50: 0.1069, P@50: 0.01846

6.761529952716888
2023-03-20 10:51:14,286 - [INFO] - current w_0 is 9.65932889229748
2023-03-20 10:52:55,436 - [INFO] - E:49|TAU:7.943 16.11, train_time: 99.42, VALID_time: 1.729, loss: 4.509e+03, emb_loss:0.006981, best_valid(recall@20): 0.0585
valid 	 N@10: 0.03795, R@10: 0.03555, P@10: 0.02884
valid 	 N@20: 0.04671, R@20: 0.05839, P@20: 0.0243
valid 	 N@50: 0.06454, R@50: 0.1068, P@50: 0.01844

6.761529952716888
2023-03-20 10:52:55,515 - [INFO] - current w_0 is 9.65932889229748
2023-03-20 10:54:37,023 - [INFO] - E:50|TAU:7.943 15.99, train_time: 99.79, VALID_time: 1.717, loss: 4.508e+03, emb_loss:0.007099, best_valid(recall@20): 0.0585
valid 	 N@10: 0.03798, R@10: 0.03543, P@10: 0.02881
valid 	 N@20: 0.04683, R@20: 0.05851, P@20: 0.02434
valid 	 N@50: 0.06466, R@50: 0.1069, P@50: 0.01846

6.761529952716888
2023-03-20 10:54:37,186 - [INFO] - current w_0 is 9.65932889229748
2023-03-20 10:56:18,450 - [INFO] - E:51|TAU:7.941 15.97, train_time: 99.38, VALID_time: 1.877, loss: 4.506e+03, emb_loss:0.007217, best_valid(recall@20): 0.05851
valid 	 N@10: 0.03808, R@10: 0.03565, P@10: 0.02893
valid 	 N@20: 0.04681, R@20: 0.0585, P@20: 0.02432
valid 	 N@50: 0.06468, R@50: 0.1069, P@50: 0.01847

6.761529952716888
2023-03-20 10:56:18,529 - [INFO] - current w_0 is 9.65932889229748
2023-03-20 10:58:00,263 - [INFO] - E:52|TAU:7.942 15.71, train_time: 100.0, VALID_time: 1.703, loss: 4.505e+03, emb_loss:0.007335, best_valid(recall@20): 0.05851
valid 	 N@10: 0.03801, R@10: 0.03559, P@10: 0.02886
valid 	 N@20: 0.04681, R@20: 0.05853, P@20: 0.02434
valid 	 N@50: 0.06462, R@50: 0.1068, P@50: 0.01846

6.761529952716888
2023-03-20 10:58:00,427 - [INFO] - current w_0 is 9.65932889229748
2023-03-20 10:59:41,470 - [INFO] - E:53|TAU:7.943 15.76, train_time: 99.34, VALID_time: 1.697, loss: 4.504e+03, emb_loss:0.007451, best_valid(recall@20): 0.05853
valid 	 N@10: 0.038, R@10: 0.03551, P@10: 0.02886
valid 	 N@20: 0.04684, R@20: 0.05862, P@20: 0.02434
valid 	 N@50: 0.06468, R@50: 0.107, P@50: 0.01848

6.761529952716888
2023-03-20 10:59:41,625 - [INFO] - current w_0 is 9.65932889229748
2023-03-20 11:01:22,678 - [INFO] - E:54|TAU:7.941 15.68, train_time: 99.28, VALID_time: 1.769, loss: 4.503e+03, emb_loss:0.007567, best_valid(recall@20): 0.05862
valid 	 N@10: 0.03799, R@10: 0.03549, P@10: 0.02887
valid 	 N@20: 0.04687, R@20: 0.05868, P@20: 0.02438
valid 	 N@50: 0.06472, R@50: 0.1071, P@50: 0.01849

6.761529952716888
2023-03-20 11:01:22,867 - [INFO] - current w_0 is 9.65932889229748
2023-03-20 11:03:04,112 - [INFO] - E:55|TAU:7.944 15.67, train_time: 99.38, VALID_time: 1.866, loss: 4.502e+03, emb_loss:0.007681, best_valid(recall@20): 0.05868
valid 	 N@10: 0.03797, R@10: 0.03552, P@10: 0.02885
valid 	 N@20: 0.04686, R@20: 0.0587, P@20: 0.02438
valid 	 N@50: 0.06473, R@50: 0.1071, P@50: 0.0185

6.761529952716888
2023-03-20 11:03:04,266 - [INFO] - current w_0 is 9.65932889229748
2023-03-20 11:04:45,361 - [INFO] - E:56|TAU:7.941 15.78, train_time: 99.39, VALID_time: 1.699, loss: 4.502e+03, emb_loss:0.007796, best_valid(recall@20): 0.0587
valid 	 N@10: 0.03799, R@10: 0.03552, P@10: 0.02887
valid 	 N@20: 0.04689, R@20: 0.05873, P@20: 0.02439
valid 	 N@50: 0.06473, R@50: 0.1071, P@50: 0.0185

6.761529952716888
2023-03-20 11:04:45,516 - [INFO] - current w_0 is 9.65932889229748
2023-03-20 11:06:26,832 - [INFO] - E:57|TAU:7.941 15.83, train_time: 99.55, VALID_time: 1.766, loss: 4.501e+03, emb_loss:0.007909, best_valid(recall@20): 0.05873
valid 	 N@10: 0.03804, R@10: 0.03561, P@10: 0.02894
valid 	 N@20: 0.04688, R@20: 0.05871, P@20: 0.0244
valid 	 N@50: 0.06473, R@50: 0.1071, P@50: 0.0185

6.761529952716888
2023-03-20 11:06:26,913 - [INFO] - current w_0 is 9.65932889229748
2023-03-20 11:08:08,306 - [INFO] - E:58|TAU:7.938 15.91, train_time: 99.52, VALID_time: 1.874, loss: 4.5e+03, emb_loss:0.008022, best_valid(recall@20): 0.05873
valid 	 N@10: 0.03812, R@10: 0.03566, P@10: 0.029
valid 	 N@20: 0.04695, R@20: 0.0588, P@20: 0.02441
valid 	 N@50: 0.06485, R@50: 0.1073, P@50: 0.01855

6.761529952716888
2023-03-20 11:08:08,484 - [INFO] - current w_0 is 9.65932889229748
2023-03-20 11:09:49,740 - [INFO] - E:59|TAU:7.939 16.01, train_time: 99.5, VALID_time: 1.753, loss: 4.499e+03, emb_loss:0.008133, best_valid(recall@20): 0.0588
valid 	 N@10: 0.03814, R@10: 0.03568, P@10: 0.02897
valid 	 N@20: 0.04702, R@20: 0.0589, P@20: 0.02446
valid 	 N@50: 0.06485, R@50: 0.1073, P@50: 0.01853

6.761529952716888
2023-03-20 11:09:49,890 - [INFO] - current w_0 is 9.65932889229748
2023-03-20 11:11:31,704 - [INFO] - E:60|TAU:7.939 16.04, train_time: 99.56, VALID_time: 2.249, loss: 4.498e+03, emb_loss:0.008245, best_valid(recall@20): 0.0589
valid 	 N@10: 0.0382, R@10: 0.03577, P@10: 0.02904
valid 	 N@20: 0.04701, R@20: 0.05884, P@20: 0.02442
valid 	 N@50: 0.06491, R@50: 0.1074, P@50: 0.01854

6.761529952716888
2023-03-20 11:11:31,793 - [INFO] - current w_0 is 9.65932889229748
2023-03-20 11:13:12,994 - [INFO] - E:61|TAU:7.938 15.85, train_time: 99.47, VALID_time: 1.724, loss: 4.498e+03, emb_loss:0.008355, best_valid(recall@20): 0.0589
valid 	 N@10: 0.03815, R@10: 0.03577, P@10: 0.02905
valid 	 N@20: 0.04705, R@20: 0.059, P@20: 0.0245
valid 	 N@50: 0.06484, R@50: 0.1073, P@50: 0.01852

6.761529952716888
2023-03-20 11:13:13,138 - [INFO] - current w_0 is 9.65932889229748
2023-03-20 11:14:54,383 - [INFO] - E:62|TAU:7.938 15.77, train_time: 99.46, VALID_time: 1.787, loss: 4.497e+03, emb_loss:0.008463, best_valid(recall@20): 0.059
valid 	 N@10: 0.03812, R@10: 0.03572, P@10: 0.02901
valid 	 N@20: 0.04705, R@20: 0.05902, P@20: 0.02449
valid 	 N@50: 0.06482, R@50: 0.1072, P@50: 0.01852

6.761529952716888
2023-03-20 11:14:54,562 - [INFO] - current w_0 is 9.65932889229748
2023-03-20 11:16:35,932 - [INFO] - E:63|TAU:7.937 15.82, train_time: 99.52, VALID_time: 1.851, loss: 4.496e+03, emb_loss:0.008574, best_valid(recall@20): 0.05902
valid 	 N@10: 0.03826, R@10: 0.03583, P@10: 0.02911
valid 	 N@20: 0.04714, R@20: 0.05906, P@20: 0.02451
valid 	 N@50: 0.06491, R@50: 0.1073, P@50: 0.01852

6.761529952716888
2023-03-20 11:16:36,107 - [INFO] - current w_0 is 9.65932889229748
2023-03-20 11:18:17,313 - [INFO] - E:64|TAU:7.937 15.96, train_time: 99.5, VALID_time: 1.703, loss: 4.496e+03, emb_loss:0.008681, best_valid(recall@20): 0.05906
valid 	 N@10: 0.03823, R@10: 0.03587, P@10: 0.02908
valid 	 N@20: 0.04703, R@20: 0.05885, P@20: 0.02444
valid 	 N@50: 0.06494, R@50: 0.1073, P@50: 0.01855

6.761529952716888
2023-03-20 11:18:17,387 - [INFO] - current w_0 is 9.65932889229748
2023-03-20 11:19:58,625 - [INFO] - E:65|TAU:7.939 15.85, train_time: 99.45, VALID_time: 1.787, loss: 4.495e+03, emb_loss:0.008789, best_valid(recall@20): 0.05906
valid 	 N@10: 0.03834, R@10: 0.03595, P@10: 0.02915
valid 	 N@20: 0.04714, R@20: 0.05895, P@20: 0.02448
valid 	 N@50: 0.06498, R@50: 0.1073, P@50: 0.01854

6.761529952716888
2023-03-20 11:19:58,704 - [INFO] - current w_0 is 9.65932889229748
2023-03-20 11:21:39,984 - [INFO] - E:66|TAU:7.937 15.74, train_time: 99.42, VALID_time: 1.856, loss: 4.494e+03, emb_loss:0.008895, best_valid(recall@20): 0.05906
valid 	 N@10: 0.03832, R@10: 0.0359, P@10: 0.02913
valid 	 N@20: 0.04717, R@20: 0.05905, P@20: 0.02449
valid 	 N@50: 0.065, R@50: 0.1074, P@50: 0.01855

6.761529952716888
2023-03-20 11:21:40,064 - [INFO] - current w_0 is 9.65932889229748
2023-03-20 11:23:21,063 - [INFO] - E:67|TAU:7.935 15.88, train_time: 99.28, VALID_time: 1.714, loss: 4.493e+03, emb_loss:0.009, best_valid(recall@20): 0.05906
valid 	 N@10: 0.03832, R@10: 0.03585, P@10: 0.02911
valid 	 N@20: 0.04717, R@20: 0.05901, P@20: 0.0245
valid 	 N@50: 0.06501, R@50: 0.1074, P@50: 0.01854

6.761529952716888
2023-03-20 11:23:21,145 - [INFO] - current w_0 is 9.65932889229748
2023-03-20 11:25:03,066 - [INFO] - E:68|TAU:7.934 15.91, train_time: 100.0, VALID_time: 1.901, loss: 4.493e+03, emb_loss:0.009106, best_valid(recall@20): 0.05906
valid 	 N@10: 0.03835, R@10: 0.03592, P@10: 0.02916
valid 	 N@20: 0.0472, R@20: 0.05909, P@20: 0.02451
valid 	 N@50: 0.06501, R@50: 0.1074, P@50: 0.01855

6.761529952716888
2023-03-20 11:25:03,207 - [INFO] - current w_0 is 9.65932889229748
2023-03-20 11:26:44,438 - [INFO] - E:69|TAU:7.937 16.03, train_time: 99.39, VALID_time: 1.833, loss: 4.492e+03, emb_loss:0.00921, best_valid(recall@20): 0.05909
valid 	 N@10: 0.03822, R@10: 0.03578, P@10: 0.02907
valid 	 N@20: 0.04723, R@20: 0.05925, P@20: 0.02457
valid 	 N@50: 0.06502, R@50: 0.1075, P@50: 0.01856

6.761529952716888
2023-03-20 11:26:44,608 - [INFO] - current w_0 is 9.65932889229748
2023-03-20 11:28:25,923 - [INFO] - E:70|TAU:7.935 15.94, train_time: 99.49, VALID_time: 1.821, loss: 4.492e+03, emb_loss:0.009314, best_valid(recall@20): 0.05925
valid 	 N@10: 0.03831, R@10: 0.03592, P@10: 0.02914
valid 	 N@20: 0.0472, R@20: 0.05911, P@20: 0.02454
valid 	 N@50: 0.06503, R@50: 0.1074, P@50: 0.01856

6.761529952716888
2023-03-20 11:28:26,009 - [INFO] - current w_0 is 9.65932889229748
2023-03-20 11:30:07,115 - [INFO] - E:71|TAU:7.934 15.95, train_time: 99.31, VALID_time: 1.79, loss: 4.491e+03, emb_loss:0.009417, best_valid(recall@20): 0.05925
valid 	 N@10: 0.03837, R@10: 0.03595, P@10: 0.02913
valid 	 N@20: 0.04726, R@20: 0.05917, P@20: 0.02453
valid 	 N@50: 0.0651, R@50: 0.1075, P@50: 0.01857

6.761529952716888
2023-03-20 11:30:07,198 - [INFO] - current w_0 is 9.65932889229748
2023-03-20 11:31:48,333 - [INFO] - E:72|TAU:7.934 15.91, train_time: 99.24, VALID_time: 1.897, loss: 4.491e+03, emb_loss:0.009519, best_valid(recall@20): 0.05925
valid 	 N@10: 0.0384, R@10: 0.03594, P@10: 0.02912
valid 	 N@20: 0.04729, R@20: 0.05915, P@20: 0.02452
valid 	 N@50: 0.06515, R@50: 0.1076, P@50: 0.01857

6.761529952716888
2023-03-20 11:31:48,425 - [INFO] - current w_0 is 9.65932889229748
2023-03-20 11:33:29,537 - [INFO] - E:73|TAU:7.934 15.7, train_time: 99.42, VALID_time: 1.686, loss: 4.49e+03, emb_loss:0.00962, best_valid(recall@20): 0.05925
valid 	 N@10: 0.03839, R@10: 0.03599, P@10: 0.02916
valid 	 N@20: 0.04725, R@20: 0.05915, P@20: 0.02452
valid 	 N@50: 0.06508, R@50: 0.1074, P@50: 0.01855

6.761529952716888
2023-03-20 11:33:29,594 - [INFO] - current w_0 is 9.65932889229748
2023-03-20 11:35:10,666 - [INFO] - E:74|TAU:7.933 15.85, train_time: 99.38, VALID_time: 1.687, loss: 4.489e+03, emb_loss:0.009721, best_valid(recall@20): 0.05925
valid 	 N@10: 0.03845, R@10: 0.03603, P@10: 0.0292
valid 	 N@20: 0.04729, R@20: 0.05919, P@20: 0.02453
valid 	 N@50: 0.06515, R@50: 0.1075, P@50: 0.01857

6.761529952716888
2023-03-20 11:35:10,758 - [INFO] - current w_0 is 9.65932889229748
2023-03-20 11:36:52,108 - [INFO] - E:75|TAU:7.932 15.93, train_time: 99.44, VALID_time: 1.904, loss: 4.489e+03, emb_loss:0.009821, best_valid(recall@20): 0.05925
valid 	 N@10: 0.03847, R@10: 0.03603, P@10: 0.02922
valid 	 N@20: 0.04732, R@20: 0.05923, P@20: 0.02455
valid 	 N@50: 0.06515, R@50: 0.1075, P@50: 0.01856

6.761529952716888
2023-03-20 11:36:52,173 - [INFO] - current w_0 is 9.65932889229748
2023-03-20 11:38:33,395 - [INFO] - E:76|TAU:7.933 15.97, train_time: 99.46, VALID_time: 1.755, loss: 4.489e+03, emb_loss:0.00992, best_valid(recall@20): 0.05925
valid 	 N@10: 0.03836, R@10: 0.03583, P@10: 0.02911
valid 	 N@20: 0.04737, R@20: 0.05936, P@20: 0.0246
valid 	 N@50: 0.06516, R@50: 0.1076, P@50: 0.01857

6.761529952716888
2023-03-20 11:38:33,567 - [INFO] - current w_0 is 9.65932889229748
2023-03-20 11:40:14,638 - [INFO] - E:77|TAU:7.931 16.14, train_time: 99.36, VALID_time: 1.707, loss: 4.488e+03, emb_loss:0.01002, best_valid(recall@20): 0.05936
valid 	 N@10: 0.03849, R@10: 0.03599, P@10: 0.02922
valid 	 N@20: 0.04745, R@20: 0.05946, P@20: 0.02462
valid 	 N@50: 0.0652, R@50: 0.1075, P@50: 0.01856

6.761529952716888
2023-03-20 11:40:14,802 - [INFO] - current w_0 is 9.65932889229748
2023-03-20 11:41:56,204 - [INFO] - E:78|TAU:7.932 15.99, train_time: 99.35, VALID_time: 2.047, loss: 4.488e+03, emb_loss:0.01012, best_valid(recall@20): 0.05946
valid 	 N@10: 0.03853, R@10: 0.03603, P@10: 0.02924
valid 	 N@20: 0.04739, R@20: 0.05924, P@20: 0.02457
valid 	 N@50: 0.06525, R@50: 0.1076, P@50: 0.01858

6.761529952716888
2023-03-20 11:41:56,282 - [INFO] - current w_0 is 9.65932889229748
2023-03-20 11:43:37,475 - [INFO] - E:79|TAU:7.932 15.82, train_time: 99.37, VALID_time: 1.819, loss: 4.487e+03, emb_loss:0.01021, best_valid(recall@20): 0.05946
valid 	 N@10: 0.03852, R@10: 0.03601, P@10: 0.02926
valid 	 N@20: 0.04741, R@20: 0.05927, P@20: 0.02458
valid 	 N@50: 0.06521, R@50: 0.1075, P@50: 0.01856

6.761529952716888
2023-03-20 11:43:37,555 - [INFO] - current w_0 is 9.65932889229748
2023-03-20 11:45:18,726 - [INFO] - E:80|TAU:7.931 15.87, train_time: 99.42, VALID_time: 1.752, loss: 4.487e+03, emb_loss:0.01031, best_valid(recall@20): 0.05946
valid 	 N@10: 0.03847, R@10: 0.03596, P@10: 0.02921
valid 	 N@20: 0.0474, R@20: 0.0593, P@20: 0.02459
valid 	 N@50: 0.06521, R@50: 0.1076, P@50: 0.01857

6.761529952716888
2023-03-20 11:45:18,802 - [INFO] - current w_0 is 9.65932889229748
2023-03-20 11:47:00,094 - [INFO] - E:81|TAU:7.931 15.68, train_time: 99.38, VALID_time: 1.911, loss: 4.486e+03, emb_loss:0.01041, best_valid(recall@20): 0.05946
valid 	 N@10: 0.03857, R@10: 0.03607, P@10: 0.02931
valid 	 N@20: 0.04739, R@20: 0.05921, P@20: 0.02457
valid 	 N@50: 0.06526, R@50: 0.1076, P@50: 0.01858

6.761529952716888
2023-03-20 11:47:00,176 - [INFO] - current w_0 is 9.65932889229748
2023-03-20 11:48:41,340 - [INFO] - E:82|TAU:7.93 15.63, train_time: 99.38, VALID_time: 1.778, loss: 4.486e+03, emb_loss:0.0105, best_valid(recall@20): 0.05946
valid 	 N@10: 0.03853, R@10: 0.03597, P@10: 0.02926
valid 	 N@20: 0.04743, R@20: 0.05931, P@20: 0.0246
valid 	 N@50: 0.06525, R@50: 0.1076, P@50: 0.01858

6.761529952716888
2023-03-20 11:48:41,419 - [INFO] - current w_0 is 9.65932889229748
2023-03-20 11:50:22,498 - [INFO] - E:83|TAU:7.93 15.85, train_time: 99.33, VALID_time: 1.75, loss: 4.485e+03, emb_loss:0.0106, best_valid(recall@20): 0.05946
valid 	 N@10: 0.03856, R@10: 0.03605, P@10: 0.02929
valid 	 N@20: 0.04743, R@20: 0.05932, P@20: 0.0246
valid 	 N@50: 0.06525, R@50: 0.1076, P@50: 0.01858

6.761529952716888
2023-03-20 11:50:22,624 - [INFO] - current w_0 is 9.65932889229748
2023-03-20 11:52:04,848 - [INFO] - E:84|TAU:7.93 15.67, train_time: 100.0, VALID_time: 2.176, loss: 4.485e+03, emb_loss:0.01069, best_valid(recall@20): 0.05946
valid 	 N@10: 0.03855, R@10: 0.03597, P@10: 0.02927
valid 	 N@20: 0.0475, R@20: 0.05941, P@20: 0.02466
valid 	 N@50: 0.06528, R@50: 0.1076, P@50: 0.01859

6.761529952716888
2023-03-20 11:52:04,923 - [INFO] - current w_0 is 9.65932889229748
2023-03-20 11:53:45,980 - [INFO] - E:85|TAU:7.928 15.58, train_time: 99.33, VALID_time: 1.722, loss: 4.484e+03, emb_loss:0.01078, best_valid(recall@20): 0.05946
valid 	 N@10: 0.03856, R@10: 0.03603, P@10: 0.02927
valid 	 N@20: 0.04754, R@20: 0.0595, P@20: 0.02469
valid 	 N@50: 0.06526, R@50: 0.1075, P@50: 0.01858

6.761529952716888
2023-03-20 11:53:46,135 - [INFO] - current w_0 is 9.65932889229748
2023-03-20 11:55:27,233 - [INFO] - E:86|TAU:7.929 15.66, train_time: 99.31, VALID_time: 1.787, loss: 4.484e+03, emb_loss:0.01087, best_valid(recall@20): 0.0595
valid 	 N@10: 0.0386, R@10: 0.03602, P@10: 0.02927
valid 	 N@20: 0.04757, R@20: 0.05946, P@20: 0.02466
valid 	 N@50: 0.06533, R@50: 0.1076, P@50: 0.01859

6.761529952716888
2023-03-20 11:55:27,351 - [INFO] - current w_0 is 9.65932889229748
2023-03-20 11:57:08,559 - [INFO] - E:87|TAU:7.931 15.58, train_time: 99.32, VALID_time: 1.883, loss: 4.483e+03, emb_loss:0.01097, best_valid(recall@20): 0.0595
valid 	 N@10: 0.03861, R@10: 0.03611, P@10: 0.02929
valid 	 N@20: 0.04756, R@20: 0.05949, P@20: 0.02467
valid 	 N@50: 0.06535, R@50: 0.1077, P@50: 0.01859

6.761529952716888
2023-03-20 11:57:08,626 - [INFO] - current w_0 is 9.65932889229748
2023-03-20 11:58:49,816 - [INFO] - E:88|TAU:7.929 15.74, train_time: 99.49, VALID_time: 1.7, loss: 4.483e+03, emb_loss:0.01106, best_valid(recall@20): 0.0595
valid 	 N@10: 0.03859, R@10: 0.03602, P@10: 0.02924
valid 	 N@20: 0.04759, R@20: 0.05953, P@20: 0.02466
valid 	 N@50: 0.06536, R@50: 0.1077, P@50: 0.01859

6.761529952716888
2023-03-20 11:58:49,986 - [INFO] - current w_0 is 9.65932889229748
2023-03-20 12:00:31,118 - [INFO] - E:89|TAU:7.929 15.89, train_time: 99.41, VALID_time: 1.718, loss: 4.483e+03, emb_loss:0.01115, best_valid(recall@20): 0.05953
valid 	 N@10: 0.03858, R@10: 0.03606, P@10: 0.0293
valid 	 N@20: 0.04755, R@20: 0.05952, P@20: 0.02468
valid 	 N@50: 0.06529, R@50: 0.1076, P@50: 0.01858

6.761529952716888
2023-03-20 12:00:31,216 - [INFO] - current w_0 is 9.65932889229748
2023-03-20 12:02:12,808 - [INFO] - E:90|TAU:7.928 15.76, train_time: 99.36, VALID_time: 2.227, loss: 4.483e+03, emb_loss:0.01124, best_valid(recall@20): 0.05953
valid 	 N@10: 0.03866, R@10: 0.03612, P@10: 0.02932
valid 	 N@20: 0.04762, R@20: 0.05953, P@20: 0.02469
valid 	 N@50: 0.06544, R@50: 0.1078, P@50: 0.01862

6.761529952716888
2023-03-20 12:02:12,882 - [INFO] - current w_0 is 9.65932889229748
2023-03-20 12:03:53,873 - [INFO] - E:91|TAU:7.928 15.59, train_time: 99.25, VALID_time: 1.74, loss: 4.482e+03, emb_loss:0.01133, best_valid(recall@20): 0.05953
valid 	 N@10: 0.03871, R@10: 0.03617, P@10: 0.02935
valid 	 N@20: 0.04764, R@20: 0.05954, P@20: 0.02468
valid 	 N@50: 0.06544, R@50: 0.1078, P@50: 0.0186

6.761529952716888
2023-03-20 12:03:54,073 - [INFO] - current w_0 is 9.65932889229748
2023-03-20 12:05:35,203 - [INFO] - E:92|TAU:7.926 15.76, train_time: 99.38, VALID_time: 1.751, loss: 4.482e+03, emb_loss:0.01142, best_valid(recall@20): 0.05954
valid 	 N@10: 0.03869, R@10: 0.03608, P@10: 0.02927
valid 	 N@20: 0.04761, R@20: 0.05946, P@20: 0.02463
valid 	 N@50: 0.06548, R@50: 0.1078, P@50: 0.0186

6.761529952716888
2023-03-20 12:05:35,286 - [INFO] - current w_0 is 9.65932889229748
2023-03-20 12:07:16,457 - [INFO] - E:93|TAU:7.926 15.91, train_time: 99.34, VALID_time: 1.826, loss: 4.482e+03, emb_loss:0.0115, best_valid(recall@20): 0.05954
valid 	 N@10: 0.03862, R@10: 0.03604, P@10: 0.02924
valid 	 N@20: 0.0476, R@20: 0.05949, P@20: 0.02465
valid 	 N@50: 0.0655, R@50: 0.108, P@50: 0.01863

6.761529952716888
2023-03-20 12:07:16,549 - [INFO] - current w_0 is 9.65932889229748
2023-03-20 12:08:57,709 - [INFO] - E:94|TAU:7.928 15.67, train_time: 99.38, VALID_time: 1.78, loss: 4.481e+03, emb_loss:0.01159, best_valid(recall@20): 0.05954
valid 	 N@10: 0.0387, R@10: 0.03607, P@10: 0.02927
valid 	 N@20: 0.04773, R@20: 0.05966, P@20: 0.02471
valid 	 N@50: 0.06555, R@50: 0.108, P@50: 0.01863

6.761529952716888
2023-03-20 12:08:57,881 - [INFO] - current w_0 is 9.65932889229748
2023-03-20 12:10:39,327 - [INFO] - E:95|TAU:7.927 15.65, train_time: 99.35, VALID_time: 2.092, loss: 4.481e+03, emb_loss:0.01168, best_valid(recall@20): 0.05966
valid 	 N@10: 0.03873, R@10: 0.03615, P@10: 0.02935
valid 	 N@20: 0.04767, R@20: 0.0596, P@20: 0.02467
valid 	 N@50: 0.06551, R@50: 0.1079, P@50: 0.01862

6.761529952716888
2023-03-20 12:10:39,409 - [INFO] - current w_0 is 9.65932889229748
2023-03-20 12:12:20,555 - [INFO] - E:96|TAU:7.928 15.76, train_time: 99.4, VALID_time: 1.741, loss: 4.481e+03, emb_loss:0.01176, best_valid(recall@20): 0.05966
valid 	 N@10: 0.03866, R@10: 0.03604, P@10: 0.02924
valid 	 N@20: 0.04767, R@20: 0.05955, P@20: 0.02468
valid 	 N@50: 0.06549, R@50: 0.1078, P@50: 0.01862

6.761529952716888
2023-03-20 12:12:20,634 - [INFO] - current w_0 is 9.65932889229748
2023-03-20 12:14:01,685 - [INFO] - E:97|TAU:7.927 15.59, train_time: 99.32, VALID_time: 1.724, loss: 4.48e+03, emb_loss:0.01185, best_valid(recall@20): 0.05966
valid 	 N@10: 0.03875, R@10: 0.03612, P@10: 0.02933
valid 	 N@20: 0.04773, R@20: 0.05963, P@20: 0.0247
valid 	 N@50: 0.06558, R@50: 0.108, P@50: 0.01863

6.761529952716888
2023-03-20 12:14:01,770 - [INFO] - current w_0 is 9.65932889229748
2023-03-20 12:15:43,135 - [INFO] - E:98|TAU:7.927 15.54, train_time: 99.34, VALID_time: 2.022, loss: 4.48e+03, emb_loss:0.01193, best_valid(recall@20): 0.05966
valid 	 N@10: 0.03875, R@10: 0.03615, P@10: 0.02931
valid 	 N@20: 0.04778, R@20: 0.05972, P@20: 0.02473
valid 	 N@50: 0.06561, R@50: 0.108, P@50: 0.01865

6.761529952716888
2023-03-20 12:15:43,278 - [INFO] - current w_0 is 9.65932889229748
2023-03-20 12:17:25,327 - [INFO] - E:99|TAU:7.926 15.58, train_time: 99.43, VALID_time: 2.621, loss: 4.48e+03, emb_loss:0.01201, best_valid(recall@20): 0.05972
valid 	 N@10: 0.03882, R@10: 0.03623, P@10: 0.0294
valid 	 N@20: 0.04785, R@20: 0.05981, P@20: 0.02479
valid 	 N@50: 0.06564, R@50: 0.108, P@50: 0.01866

2023-03-20 12:17:25,536 - [INFO] - current w_0 is 12.541908264160156
2023-03-20 12:19:07,102 - [INFO] - E:100|TAU:10.29 20.24, train_time: 99.39, VALID_time: 2.22, loss: 3.916e+03, emb_loss:0.01178, best_valid(recall@20): 0.05981
valid 	 N@10: 0.03991, R@10: 0.03749, P@10: 0.03006
valid 	 N@20: 0.049, R@20: 0.06122, P@20: 0.02513
valid 	 N@50: 0.06663, R@50: 0.109, P@50: 0.01869

2023-03-20 12:19:07,316 - [INFO] - current w_0 is 13.070651054382324
2023-03-20 12:20:49,065 - [INFO] - E:101|TAU:10.76 21.72, train_time: 100.0, VALID_time: 1.747, loss: 3.771e+03, emb_loss:0.01161, best_valid(recall@20): 0.06122
valid 	 N@10: 0.03974, R@10: 0.03737, P@10: 0.02985
valid 	 N@20: 0.04893, R@20: 0.06119, P@20: 0.02507
valid 	 N@50: 0.06628, R@50: 0.1082, P@50: 0.01853

2023-03-20 12:20:49,186 - [INFO] - current w_0 is 13.235198974609375
2023-03-20 12:22:30,533 - [INFO] - E:102|TAU:10.91 22.22, train_time: 99.6, VALID_time: 1.795, loss: 3.715e+03, emb_loss:0.01159, best_valid(recall@20): 0.06122
valid 	 N@10: 0.03958, R@10: 0.03723, P@10: 0.02969
valid 	 N@20: 0.04868, R@20: 0.06077, P@20: 0.02491
valid 	 N@50: 0.06606, R@50: 0.1079, P@50: 0.01846

2023-03-20 12:22:30,656 - [INFO] - current w_0 is 13.306926727294922
2023-03-20 12:24:11,697 - [INFO] - E:103|TAU:10.98 22.38, train_time: 99.4, VALID_time: 1.688, loss: 3.693e+03, emb_loss:0.01162, best_valid(recall@20): 0.06122
valid 	 N@10: 0.03943, R@10: 0.03707, P@10: 0.02954
valid 	 N@20: 0.04852, R@20: 0.06053, P@20: 0.02479
valid 	 N@50: 0.06575, R@50: 0.1073, P@50: 0.01835

2023-03-20 12:24:11,818 - [INFO] - current w_0 is 13.348183631896973
2023-03-20 12:25:53,092 - [INFO] - E:104|TAU:11.01 21.86, train_time: 99.57, VALID_time: 1.746, loss: 3.68e+03, emb_loss:0.01168, best_valid(recall@20): 0.06122
valid 	 N@10: 0.03931, R@10: 0.03689, P@10: 0.02946
valid 	 N@20: 0.04828, R@20: 0.06014, P@20: 0.02465
valid 	 N@50: 0.06548, R@50: 0.1068, P@50: 0.01827

2023-03-20 12:25:53,208 - [INFO] - current w_0 is 13.372417449951172
2023-03-20 12:27:34,555 - [INFO] - E:105|TAU:11.04 21.85, train_time: 99.63, VALID_time: 1.76, loss: 3.673e+03, emb_loss:0.01174, best_valid(recall@20): 0.06122
valid 	 N@10: 0.03906, R@10: 0.03669, P@10: 0.02931
valid 	 N@20: 0.04808, R@20: 0.06007, P@20: 0.02457
valid 	 N@50: 0.06517, R@50: 0.1064, P@50: 0.01821

2023-03-20 12:27:34,688 - [INFO] - current w_0 is 13.389142990112305
2023-03-20 12:29:16,336 - [INFO] - E:106|TAU:11.05 22.01, train_time: 99.48, VALID_time: 2.21, loss: 3.668e+03, emb_loss:0.01182, best_valid(recall@20): 0.06122
valid 	 N@10: 0.03904, R@10: 0.03676, P@10: 0.02933
valid 	 N@20: 0.04799, R@20: 0.05995, P@20: 0.02452
valid 	 N@50: 0.06505, R@50: 0.1062, P@50: 0.01816

2023-03-20 12:29:16,457 - [INFO] - current w_0 is 13.402700424194336
2023-03-20 12:30:57,532 - [INFO] - E:107|TAU:11.07 21.93, train_time: 99.45, VALID_time: 1.678, loss: 3.664e+03, emb_loss:0.01189, best_valid(recall@20): 0.06122
valid 	 N@10: 0.03897, R@10: 0.03672, P@10: 0.02931
valid 	 N@20: 0.04791, R@20: 0.05988, P@20: 0.02452
valid 	 N@50: 0.06493, R@50: 0.106, P@50: 0.01816

2023-03-20 12:30:57,653 - [INFO] - current w_0 is 13.411378860473633
2023-03-20 12:32:38,817 - [INFO] - E:108|TAU:11.08 22.28, train_time: 99.42, VALID_time: 1.784, loss: 3.661e+03, emb_loss:0.01197, best_valid(recall@20): 0.06122
valid 	 N@10: 0.03892, R@10: 0.03672, P@10: 0.02927
valid 	 N@20: 0.04778, R@20: 0.05972, P@20: 0.02446
valid 	 N@50: 0.0648, R@50: 0.1059, P@50: 0.01811

2023-03-20 12:32:38,950 - [INFO] - current w_0 is 13.418356895446777
2023-03-20 12:34:20,128 - [INFO] - E:109|TAU:11.08 22.08, train_time: 99.47, VALID_time: 1.748, loss: 3.659e+03, emb_loss:0.01206, best_valid(recall@20): 0.06122
valid 	 N@10: 0.03884, R@10: 0.03659, P@10: 0.02917
valid 	 N@20: 0.04775, R@20: 0.05965, P@20: 0.02442
valid 	 N@50: 0.06472, R@50: 0.1056, P@50: 0.01809

2023-03-20 12:34:20,249 - [INFO] - current w_0 is 13.423213958740234
2023-03-20 12:36:01,267 - [INFO] - E:110|TAU:11.09 22.13, train_time: 99.23, VALID_time: 1.836, loss: 3.657e+03, emb_loss:0.01214, best_valid(recall@20): 0.06122
valid 	 N@10: 0.03885, R@10: 0.03666, P@10: 0.02923
valid 	 N@20: 0.04765, R@20: 0.05952, P@20: 0.02437
valid 	 N@50: 0.06463, R@50: 0.1055, P@50: 0.01807

2023-03-20 12:36:01,392 - [INFO] - current w_0 is 13.430411338806152
2023-03-20 12:37:42,416 - [INFO] - E:111|TAU:11.1 21.88, train_time: 99.33, VALID_time: 1.737, loss: 3.655e+03, emb_loss:0.01223, best_valid(recall@20): 0.06122
valid 	 N@10: 0.0389, R@10: 0.03669, P@10: 0.02923
valid 	 N@20: 0.04766, R@20: 0.05948, P@20: 0.02434
valid 	 N@50: 0.06463, R@50: 0.1054, P@50: 0.01805

2023-03-20 12:37:42,544 - [INFO] - current w_0 is 13.436027526855469
2023-03-20 12:39:23,733 - [INFO] - E:112|TAU:11.1 21.83, train_time: 99.41, VALID_time: 1.823, loss: 3.653e+03, emb_loss:0.01231, best_valid(recall@20): 0.06122
valid 	 N@10: 0.03885, R@10: 0.03663, P@10: 0.02922
valid 	 N@20: 0.04761, R@20: 0.05942, P@20: 0.02434
valid 	 N@50: 0.06454, R@50: 0.1052, P@50: 0.01803

2023-03-20 12:39:23,853 - [INFO] - current w_0 is 13.439482688903809
2023-03-20 12:41:05,040 - [INFO] - E:113|TAU:11.1 21.75, train_time: 99.42, VALID_time: 1.81, loss: 3.651e+03, emb_loss:0.0124, best_valid(recall@20): 0.06122
valid 	 N@10: 0.03878, R@10: 0.03646, P@10: 0.02909
valid 	 N@20: 0.04762, R@20: 0.05941, P@20: 0.02435
valid 	 N@50: 0.06454, R@50: 0.1053, P@50: 0.01803

2023-03-20 12:41:05,162 - [INFO] - current w_0 is 13.442107200622559
2023-03-20 12:42:46,316 - [INFO] - E:114|TAU:11.11 21.86, train_time: 99.49, VALID_time: 1.711, loss: 3.65e+03, emb_loss:0.01249, best_valid(recall@20): 0.06122
valid 	 N@10: 0.03885, R@10: 0.03654, P@10: 0.02913
valid 	 N@20: 0.04764, R@20: 0.05937, P@20: 0.02431
valid 	 N@50: 0.06455, R@50: 0.1052, P@50: 0.01803

2023-03-20 12:42:46,443 - [INFO] - current w_0 is 13.443957328796387
2023-03-20 12:44:27,618 - [INFO] - E:115|TAU:11.11 21.78, train_time: 99.4, VALID_time: 1.818, loss: 3.649e+03, emb_loss:0.01257, best_valid(recall@20): 0.06122
valid 	 N@10: 0.03878, R@10: 0.0364, P@10: 0.02902
valid 	 N@20: 0.04757, R@20: 0.05919, P@20: 0.02427
valid 	 N@50: 0.06455, R@50: 0.1052, P@50: 0.01803

2023-03-20 12:44:27,753 - [INFO] - current w_0 is 13.44643783569336
2023-03-20 12:46:08,864 - [INFO] - E:116|TAU:11.11 22.01, train_time: 99.44, VALID_time: 1.719, loss: 3.648e+03, emb_loss:0.01266, best_valid(recall@20): 0.06122
valid 	 N@10: 0.03889, R@10: 0.03649, P@10: 0.02913
valid 	 N@20: 0.04761, R@20: 0.05921, P@20: 0.02428
valid 	 N@50: 0.06453, R@50: 0.1051, P@50: 0.01801

2023-03-20 12:46:08,986 - [INFO] - current w_0 is 13.449559211730957
2023-03-20 12:47:50,943 - [INFO] - E:117|TAU:11.11 22.04, train_time: 100.2, VALID_time: 1.823, loss: 3.647e+03, emb_loss:0.01275, best_valid(recall@20): 0.06122
valid 	 N@10: 0.03894, R@10: 0.03665, P@10: 0.02922
valid 	 N@20: 0.04758, R@20: 0.05916, P@20: 0.02428
valid 	 N@50: 0.06455, R@50: 0.1051, P@50: 0.01804

2023-03-20 12:47:51,067 - [INFO] - current w_0 is 13.451263427734375
2023-03-20 12:49:32,588 - [INFO] - E:118|TAU:11.12 21.83, train_time: 99.44, VALID_time: 2.126, loss: 3.646e+03, emb_loss:0.01284, best_valid(recall@20): 0.06122
valid 	 N@10: 0.03886, R@10: 0.03656, P@10: 0.02909
valid 	 N@20: 0.04757, R@20: 0.05919, P@20: 0.02427
valid 	 N@50: 0.06448, R@50: 0.105, P@50: 0.01801

2023-03-20 12:49:32,708 - [INFO] - current w_0 is 13.453505516052246
2023-03-20 12:51:13,764 - [INFO] - E:119|TAU:11.12 22.02, train_time: 99.37, VALID_time: 1.727, loss: 3.645e+03, emb_loss:0.01292, best_valid(recall@20): 0.06122
valid 	 N@10: 0.03881, R@10: 0.03645, P@10: 0.02907
valid 	 N@20: 0.04753, R@20: 0.05912, P@20: 0.02424
valid 	 N@50: 0.06435, R@50: 0.1046, P@50: 0.01795

2023-03-20 12:51:13,886 - [INFO] - current w_0 is 13.454427719116211
2023-03-20 12:52:55,190 - [INFO] - E:120|TAU:11.12 22.26, train_time: 99.47, VALID_time: 1.883, loss: 3.644e+03, emb_loss:0.01301, best_valid(recall@20): 0.06122
valid 	 N@10: 0.03879, R@10: 0.03649, P@10: 0.02907
valid 	 N@20: 0.04746, R@20: 0.05903, P@20: 0.0242
valid 	 N@50: 0.06434, R@50: 0.1048, P@50: 0.01795

2023-03-20 12:52:55,315 - [INFO] - current w_0 is 13.454477310180664
2023-03-20 12:54:36,384 - [INFO] - E:121|TAU:11.12 22.24, train_time: 99.39, VALID_time: 1.726, loss: 3.644e+03, emb_loss:0.0131, best_valid(recall@20): 0.06122
valid 	 N@10: 0.03882, R@10: 0.03651, P@10: 0.02908
valid 	 N@20: 0.04744, R@20: 0.0589, P@20: 0.02417
valid 	 N@50: 0.06437, R@50: 0.1047, P@50: 0.01796

2023-03-20 12:54:36,507 - [INFO] - current w_0 is 13.457001686096191
2023-03-20 12:56:17,792 - [INFO] - E:122|TAU:11.12 22.34, train_time: 99.49, VALID_time: 1.837, loss: 3.643e+03, emb_loss:0.01318, best_valid(recall@20): 0.06122
valid 	 N@10: 0.03881, R@10: 0.03646, P@10: 0.02905
valid 	 N@20: 0.04746, R@20: 0.05894, P@20: 0.02418
valid 	 N@50: 0.06438, R@50: 0.1048, P@50: 0.01796

2023-03-20 12:56:17,914 - [INFO] - current w_0 is 13.4588623046875
2023-03-20 12:57:59,276 - [INFO] - E:123|TAU:11.12 22.05, train_time: 99.33, VALID_time: 2.075, loss: 3.642e+03, emb_loss:0.01327, best_valid(recall@20): 0.06122
valid 	 N@10: 0.03874, R@10: 0.03634, P@10: 0.029
valid 	 N@20: 0.04749, R@20: 0.05904, P@20: 0.02422
valid 	 N@50: 0.06439, R@50: 0.1048, P@50: 0.01797

2023-03-20 12:57:59,492 - [INFO] - current w_0 is 13.459258079528809
2023-03-20 12:59:40,822 - [INFO] - E:124|TAU:11.12 22.17, train_time: 99.47, VALID_time: 1.901, loss: 3.641e+03, emb_loss:0.01335, best_valid(recall@20): 0.06122
valid 	 N@10: 0.03881, R@10: 0.03646, P@10: 0.02907
valid 	 N@20: 0.04751, R@20: 0.0591, P@20: 0.02422
valid 	 N@50: 0.06434, R@50: 0.1047, P@50: 0.01795

2023-03-20 12:59:40,939 - [INFO] - current w_0 is 13.460780143737793
2023-03-20 13:01:22,223 - [INFO] - E:125|TAU:11.12 22.03, train_time: 99.56, VALID_time: 1.765, loss: 3.641e+03, emb_loss:0.01344, best_valid(recall@20): 0.06122
valid 	 N@10: 0.0387, R@10: 0.03633, P@10: 0.02891
valid 	 N@20: 0.04752, R@20: 0.05911, P@20: 0.02423
valid 	 N@50: 0.06442, R@50: 0.1049, P@50: 0.01798

2023-03-20 13:01:22,350 - [INFO] - current w_0 is 13.46158218383789
2023-03-20 13:03:03,608 - [INFO] - E:126|TAU:11.12 22.04, train_time: 99.59, VALID_time: 1.713, loss: 3.64e+03, emb_loss:0.01353, best_valid(recall@20): 0.06122
valid 	 N@10: 0.03863, R@10: 0.03632, P@10: 0.02894
valid 	 N@20: 0.04741, R@20: 0.05902, P@20: 0.0242
valid 	 N@50: 0.0643, R@50: 0.1048, P@50: 0.01797

2023-03-20 13:03:03,743 - [INFO] - current w_0 is 13.462346076965332
2023-03-20 13:04:44,744 - [INFO] - E:127|TAU:11.13 22.18, train_time: 99.35, VALID_time: 1.692, loss: 3.639e+03, emb_loss:0.01361, best_valid(recall@20): 0.06122
valid 	 N@10: 0.0387, R@10: 0.03643, P@10: 0.02902
valid 	 N@20: 0.04736, R@20: 0.05891, P@20: 0.02417
valid 	 N@50: 0.06427, R@50: 0.1047, P@50: 0.01795

2023-03-20 13:04:44,865 - [INFO] - current w_0 is 13.464208602905273
2023-03-20 13:06:25,907 - [INFO] - E:128|TAU:11.12 22.24, train_time: 99.41, VALID_time: 1.674, loss: 3.639e+03, emb_loss:0.0137, best_valid(recall@20): 0.06122
valid 	 N@10: 0.03874, R@10: 0.03643, P@10: 0.02905
valid 	 N@20: 0.0474, R@20: 0.05897, P@20: 0.02419
valid 	 N@50: 0.06429, R@50: 0.1047, P@50: 0.01795

2023-03-20 13:06:26,026 - [INFO] - current w_0 is 13.465059280395508
2023-03-20 13:08:07,350 - [INFO] - E:129|TAU:11.12 22.12, train_time: 99.3, VALID_time: 2.067, loss: 3.638e+03, emb_loss:0.01378, best_valid(recall@20): 0.06122
valid 	 N@10: 0.0387, R@10: 0.0364, P@10: 0.02901
valid 	 N@20: 0.04733, R@20: 0.05885, P@20: 0.02415
valid 	 N@50: 0.06422, R@50: 0.1046, P@50: 0.01793

2023-03-20 13:08:07,483 - [INFO] - current w_0 is 13.465012550354004
2023-03-20 13:09:48,600 - [INFO] - E:130|TAU:11.12 22.0, train_time: 99.45, VALID_time: 1.711, loss: 3.638e+03, emb_loss:0.01386, best_valid(recall@20): 0.06122
valid 	 N@10: 0.03871, R@10: 0.03642, P@10: 0.02901
valid 	 N@20: 0.04737, R@20: 0.0589, P@20: 0.02417
valid 	 N@50: 0.06421, R@50: 0.1045, P@50: 0.01793

2023-03-20 13:09:48,720 - [INFO] - current w_0 is 13.464154243469238
2023-03-20 13:11:29,763 - [INFO] - E:131|TAU:11.12 22.16, train_time: 99.34, VALID_time: 1.743, loss: 3.637e+03, emb_loss:0.01395, best_valid(recall@20): 0.06122
valid 	 N@10: 0.03882, R@10: 0.03655, P@10: 0.02912
valid 	 N@20: 0.04737, R@20: 0.05884, P@20: 0.02415
valid 	 N@50: 0.06426, R@50: 0.1046, P@50: 0.01793

2023-03-20 13:11:29,896 - [INFO] - current w_0 is 13.466195106506348
2023-03-20 13:13:11,110 - [INFO] - E:132|TAU:11.12 22.14, train_time: 99.42, VALID_time: 1.837, loss: 3.637e+03, emb_loss:0.01403, best_valid(recall@20): 0.06122
valid 	 N@10: 0.03887, R@10: 0.03654, P@10: 0.02912
valid 	 N@20: 0.04744, R@20: 0.05888, P@20: 0.02416
valid 	 N@50: 0.06434, R@50: 0.1046, P@50: 0.01795

2023-03-20 13:13:11,234 - [INFO] - current w_0 is 13.465237617492676
2023-03-20 13:14:53,872 - [INFO] - E:133|TAU:11.12 22.01, train_time: 99.46, VALID_time: 3.219, loss: 3.636e+03, emb_loss:0.01412, best_valid(recall@20): 0.06122
valid 	 N@10: 0.03875, R@10: 0.03638, P@10: 0.02906
valid 	 N@20: 0.04739, R@20: 0.05891, P@20: 0.02417
valid 	 N@50: 0.06429, R@50: 0.1047, P@50: 0.01794

2023-03-20 13:14:54,085 - [INFO] - current w_0 is 13.464061737060547
2023-03-20 13:16:35,763 - [INFO] - E:134|TAU:11.12 21.88, train_time: 99.69, VALID_time: 2.03, loss: 3.636e+03, emb_loss:0.0142, best_valid(recall@20): 0.06122
valid 	 N@10: 0.03879, R@10: 0.03652, P@10: 0.02912
valid 	 N@20: 0.04735, R@20: 0.05882, P@20: 0.02414
valid 	 N@50: 0.06425, R@50: 0.1046, P@50: 0.01794

2023-03-20 13:16:35,898 - [INFO] - current w_0 is 13.468480110168457
2023-03-20 13:18:16,964 - [INFO] - E:135|TAU:11.13 22.0, train_time: 99.44, VALID_time: 1.669, loss: 3.635e+03, emb_loss:0.01428, best_valid(recall@20): 0.06122
valid 	 N@10: 0.03876, R@10: 0.03645, P@10: 0.02904
valid 	 N@20: 0.04739, R@20: 0.05887, P@20: 0.02416
valid 	 N@50: 0.06426, R@50: 0.1045, P@50: 0.01793

2023-03-20 13:18:17,084 - [INFO] - current w_0 is 13.467855453491211
2023-03-20 13:19:58,176 - [INFO] - E:136|TAU:11.13 22.3, train_time: 99.42, VALID_time: 1.715, loss: 3.635e+03, emb_loss:0.01436, best_valid(recall@20): 0.06122
valid 	 N@10: 0.03877, R@10: 0.03645, P@10: 0.02903
valid 	 N@20: 0.04742, R@20: 0.05888, P@20: 0.02417
valid 	 N@50: 0.06424, R@50: 0.1045, P@50: 0.01791

2023-03-20 13:19:58,298 - [INFO] - current w_0 is 13.469828605651855
2023-03-20 13:21:39,336 - [INFO] - E:137|TAU:11.13 22.15, train_time: 99.37, VALID_time: 1.714, loss: 3.634e+03, emb_loss:0.01444, best_valid(recall@20): 0.06122
valid 	 N@10: 0.03877, R@10: 0.03643, P@10: 0.02901
valid 	 N@20: 0.04739, R@20: 0.05881, P@20: 0.02413
valid 	 N@50: 0.0642, R@50: 0.1043, P@50: 0.01789

2023-03-20 13:21:39,459 - [INFO] - current w_0 is 13.470060348510742
2023-03-20 13:23:20,471 - [INFO] - E:138|TAU:11.13 22.21, train_time: 99.31, VALID_time: 1.749, loss: 3.634e+03, emb_loss:0.01452, best_valid(recall@20): 0.06122
valid 	 N@10: 0.03871, R@10: 0.03636, P@10: 0.02901
valid 	 N@20: 0.04739, R@20: 0.05889, P@20: 0.02418
valid 	 N@50: 0.06417, R@50: 0.1044, P@50: 0.01789

2023-03-20 13:23:20,602 - [INFO] - current w_0 is 13.469861030578613
2023-03-20 13:25:01,862 - [INFO] - E:139|TAU:11.12 22.1, train_time: 99.45, VALID_time: 1.853, loss: 3.633e+03, emb_loss:0.0146, best_valid(recall@20): 0.06122
valid 	 N@10: 0.03874, R@10: 0.03647, P@10: 0.02903
valid 	 N@20: 0.04734, R@20: 0.0588, P@20: 0.02413
valid 	 N@50: 0.06417, R@50: 0.1044, P@50: 0.0179

2023-03-20 13:25:02,103 - [INFO] - current w_0 is 13.471118927001953
2023-03-20 13:26:43,361 - [INFO] - E:140|TAU:11.13 21.76, train_time: 99.48, VALID_time: 1.826, loss: 3.633e+03, emb_loss:0.01468, best_valid(recall@20): 0.06122
valid 	 N@10: 0.03875, R@10: 0.03648, P@10: 0.02904
valid 	 N@20: 0.04733, R@20: 0.05879, P@20: 0.02411
valid 	 N@50: 0.06415, R@50: 0.1043, P@50: 0.01789

2023-03-20 13:26:43,477 - [INFO] - current w_0 is 13.470627784729004
2023-03-20 13:28:24,524 - [INFO] - E:141|TAU:11.13 21.74, train_time: 99.39, VALID_time: 1.702, loss: 3.632e+03, emb_loss:0.01476, best_valid(recall@20): 0.06122
valid 	 N@10: 0.03876, R@10: 0.03648, P@10: 0.02904
valid 	 N@20: 0.0474, R@20: 0.05888, P@20: 0.02417
valid 	 N@50: 0.0642, R@50: 0.1044, P@50: 0.0179

2023-03-20 13:28:24,647 - [INFO] - current w_0 is 13.472126960754395
2023-03-20 13:30:05,822 - [INFO] - E:142|TAU:11.13 21.89, train_time: 99.48, VALID_time: 1.734, loss: 3.632e+03, emb_loss:0.01484, best_valid(recall@20): 0.06122
valid 	 N@10: 0.03883, R@10: 0.03651, P@10: 0.02907
valid 	 N@20: 0.04742, R@20: 0.05886, P@20: 0.02416
valid 	 N@50: 0.06424, R@50: 0.1044, P@50: 0.0179

2023-03-20 13:30:05,942 - [INFO] - current w_0 is 13.471864700317383
2023-03-20 13:31:47,093 - [INFO] - E:143|TAU:11.13 21.77, train_time: 99.38, VALID_time: 1.818, loss: 3.632e+03, emb_loss:0.01492, best_valid(recall@20): 0.06122
valid 	 N@10: 0.03885, R@10: 0.0365, P@10: 0.02905
valid 	 N@20: 0.0475, R@20: 0.05896, P@20: 0.02419
valid 	 N@50: 0.06429, R@50: 0.1044, P@50: 0.0179

2023-03-20 13:31:47,215 - [INFO] - current w_0 is 13.474713325500488
2023-03-20 13:33:28,265 - [INFO] - E:144|TAU:11.13 22.0, train_time: 99.39, VALID_time: 1.7, loss: 3.631e+03, emb_loss:0.015, best_valid(recall@20): 0.06122
valid 	 N@10: 0.03877, R@10: 0.0364, P@10: 0.02898
valid 	 N@20: 0.04753, R@20: 0.05907, P@20: 0.02426
valid 	 N@50: 0.06426, R@50: 0.1045, P@50: 0.0179

2023-03-20 13:33:28,388 - [INFO] - current w_0 is 13.47203254699707
2023-03-20 13:35:09,808 - [INFO] - E:145|TAU:11.13 21.8, train_time: 99.39, VALID_time: 2.075, loss: 3.631e+03, emb_loss:0.01508, best_valid(recall@20): 0.06122
valid 	 N@10: 0.03888, R@10: 0.03662, P@10: 0.02913
valid 	 N@20: 0.04749, R@20: 0.059, P@20: 0.02422
valid 	 N@50: 0.06423, R@50: 0.1044, P@50: 0.01789

2023-03-20 13:35:09,937 - [INFO] - current w_0 is 13.472792625427246
2023-03-20 13:36:51,272 - [INFO] - E:146|TAU:11.13 21.86, train_time: 99.46, VALID_time: 1.915, loss: 3.631e+03, emb_loss:0.01516, best_valid(recall@20): 0.06122
valid 	 N@10: 0.03884, R@10: 0.0366, P@10: 0.02913
valid 	 N@20: 0.04744, R@20: 0.05896, P@20: 0.0242
valid 	 N@50: 0.06422, R@50: 0.1045, P@50: 0.0179

2023-03-20 13:36:51,397 - [INFO] - current w_0 is 13.473280906677246
2023-03-20 13:38:32,461 - [INFO] - E:147|TAU:11.13 22.13, train_time: 99.37, VALID_time: 1.74, loss: 3.631e+03, emb_loss:0.01524, best_valid(recall@20): 0.06122
valid 	 N@10: 0.03882, R@10: 0.03661, P@10: 0.02911
valid 	 N@20: 0.04745, R@20: 0.05904, P@20: 0.02419
valid 	 N@50: 0.06424, R@50: 0.1045, P@50: 0.01791

2023-03-20 13:38:32,611 - [INFO] - current w_0 is 13.473755836486816
2023-03-20 13:40:13,663 - [INFO] - E:148|TAU:11.13 21.94, train_time: 99.34, VALID_time: 1.755, loss: 3.63e+03, emb_loss:0.01531, best_valid(recall@20): 0.06122
valid 	 N@10: 0.03883, R@10: 0.03661, P@10: 0.02912
valid 	 N@20: 0.04746, R@20: 0.05905, P@20: 0.02421
valid 	 N@50: 0.06419, R@50: 0.1044, P@50: 0.0179

2023-03-20 13:40:13,784 - [INFO] - current w_0 is 13.473958969116211
2023-03-20 13:41:54,997 - [INFO] - E:149|TAU:11.13 22.06, train_time: 99.41, VALID_time: 1.843, loss: 3.63e+03, emb_loss:0.01539, best_valid(recall@20): 0.06122
valid 	 N@10: 0.03888, R@10: 0.0367, P@10: 0.02913
valid 	 N@20: 0.04747, R@20: 0.05902, P@20: 0.02418
valid 	 N@50: 0.06426, R@50: 0.1045, P@50: 0.01791

2023-03-20 13:41:55,127 - [INFO] - current w_0 is 13.47297477722168
2023-03-20 13:43:37,259 - [INFO] - E:150|TAU:11.13 21.98, train_time: 100.2, VALID_time: 1.932, loss: 3.63e+03, emb_loss:0.01547, best_valid(recall@20): 0.06122
valid 	 N@10: 0.03887, R@10: 0.03669, P@10: 0.02918
valid 	 N@20: 0.04741, R@20: 0.059, P@20: 0.02417
valid 	 N@50: 0.06421, R@50: 0.1045, P@50: 0.01791

2023-03-20 13:43:37,380 - [INFO] - current w_0 is 13.473000526428223
2023-03-20 13:45:18,454 - [INFO] - E:151|TAU:11.13 22.0, train_time: 99.43, VALID_time: 1.687, loss: 3.629e+03, emb_loss:0.01554, best_valid(recall@20): 0.06122
valid 	 N@10: 0.03888, R@10: 0.03661, P@10: 0.0291
valid 	 N@20: 0.04748, R@20: 0.05901, P@20: 0.02419
valid 	 N@50: 0.06427, R@50: 0.1045, P@50: 0.0179

2023-03-20 13:45:18,454 - [INFO] - start to test!!

2023-03-20 13:45:19,391 - [INFO] - 
TEST 	 N@10: 0.03991, R@10: 0.03749, P@10: 0.03006
TEST 	 N@20: 0.049, R@20: 0.06122, P@20: 0.02513
TEST 	 N@50: 0.06663, R@50: 0.109, P@50: 0.01869

