2023-03-21 03:06:51,940 - [INFO] - {'dataset': 'gowalla', 'data_path': './data/', 'name': 'gowalla_LGN_mode_weight_v0_no_sample_nocosine_TAU_Adap_tau_Loss_2048_1024_lr_1e-3_l2_1e-5_t1_0.8_t2_0.6_nodrop_21_03_2023_03:06:51', 'train_ratio': 0.8, 'gnn': 'lgn_simplex', 'epoch': 1000, 'batch_size': 2048, 'test_batch_size': 2048, 'dim': 64, 'l2': 1e-05, 'lr': 0.001, 'mess_dropout': False, 'mess_dropout_rate': 0.1, 'edge_dropout': False, 'edge_dropout_rate': 0.1, 'batch_test_flag': True, 'ns': 'uniform', 'K': 1, 'n_negs': 1024, 'pool': 'mean', 'cuda': True, 'gpu_id': 0, 'Ks': '[10, 20, 50]', 'test_flag': 'part', 'context_hops': 3, 'eval_earlystop': 'recall@20', 'tau_plus': 0.1, 'temperature': 0.8, 'beta': 1.0, 'sample_num': 2048, 's_neg': 64, 's_pos': 64, 'norm_change': False, 'norm_path': None, 'u_norm': True, 'i_norm': True, 'alpha': 0.1, 'save': False, 'save_analyses': False, 'log_hard_rate': False, 'norm_before': False, 'norm_after': False, 'batch_var': False, 'out_dir': './weights/', 'log_dir': './log/', 'config_dir': './config/', 'restore': False, 'bash_train': False, 'emb_l2': False, 'lam': 0.1, 'lam_per_epoch': 0.1, 'margin': 0.9, 'negative_weight': 150, 'loss_fn': 'Adap_tau_Loss', 'sampling_method': 'no_sample', 'load_name': 'uniform', 'generate_mode': 'nocosine', 'reweight_period': 5, 'mix_target': 'mix_target', 'mask_distribution': 'mask_distribution', 'neg_alpha': 1.6, 'pos_alpha': 2.0, 'dim_mask': 'both', 'expolation_mask': False, 'mix_replace': False, 'save_emb': False, 'sample_replace': False, 'init_norm': 'uniform', 'init_mean': 2.0, 'init_std': 2.0, 'pop_pow': 1.0, 'save_mle': False, 'l2_mode': 'static', 'temperature_2': 0.6, 'temperature_3': 1.0, 'group_valid': False, 'score_save': 'alpha', 'tau_min': 0.05, 'tau_max': 0.15, 'm': 0.9, 'pow_rate': 0.9, 't_min': 0.05, 't_max': 0.15, 't_epoch': 0.01, 't_patience': 10, 'tau_mode': 'weight_v0', 'pos_num': 10, 'beta_1': 10, 'beta_2': 10, 'kl_mode': 'kl', 'lam_bank': False, 'neg_rate': '', 'trans_mode': 'minmax', 'pos_memory_func': 'v1', 'tau_memory_func': 'v1', 'kl_memory_fun': 'v0', 'm_tau': 0.9, 'just_lr': False, 'min_lr': 1e-06, 'cnt_lr': 100, 'pos_mode': 'feed_loss'}
2023-03-21 03:06:53,011 - [INFO] - load train.txt
2023-03-21 03:06:55,101 - [INFO] - building the adj mat ...
2023-03-21 03:06:55,432 - [INFO] - train set len is 810128
2023-03-21 03:06:55,432 - [INFO] - test set len is 217242
2023-03-21 03:06:55,432 - [INFO] - loading over ...
2023-03-21 03:06:55,432 - [INFO] - users are 29858 items are 40981
Adap_tau_Loss
start to make tables
2023-03-21 03:07:03,982 - [INFO] - Evaluation Protocols is 1 @ 20
2023-03-21 03:07:03,983 - [INFO] - start training ...
6.42559676954453
2023-03-21 03:07:04,038 - [INFO] - current w_0 is 9.17942388767301
2023-03-21 03:07:18,258 - [INFO] - E:0|TAU:9.179 9.179, train_time: 13.43, VALID_time: 0.7916, loss: 1.811e+03, emb_loss:2.862e-07, best_valid(recall@20): -inf
valid 	 N@10: 0.1238, R@10: 0.1156, P@10: 0.07046
valid 	 N@20: 0.1382, R@20: 0.1659, P@20: 0.05092
valid 	 N@50: 0.1679, R@50: 0.2612, P@50: 0.03245

6.42559676954453
2023-03-21 03:07:18,336 - [INFO] - current w_0 is 9.17942388767301
2023-03-21 03:07:31,282 - [INFO] - E:1|TAU:9.179 9.179, train_time: 11.91, VALID_time: 1.031, loss: 1.588e+03, emb_loss:5.714e-07, best_valid(recall@20): 0.1659
valid 	 N@10: 0.1267, R@10: 0.1186, P@10: 0.07196
valid 	 N@20: 0.1419, R@20: 0.1712, P@20: 0.05232
valid 	 N@50: 0.1725, R@50: 0.2685, P@50: 0.03335

6.42559676954453
2023-03-21 03:07:31,377 - [INFO] - current w_0 is 9.17942388767301
2023-03-21 03:07:44,202 - [INFO] - E:2|TAU:9.179 9.179, train_time: 11.99, VALID_time: 0.8363, loss: 1.539e+03, emb_loss:8.274e-07, best_valid(recall@20): 0.1712
valid 	 N@10: 0.1287, R@10: 0.1202, P@10: 0.07297
valid 	 N@20: 0.1439, R@20: 0.1727, P@20: 0.053
valid 	 N@50: 0.1749, R@50: 0.2716, P@50: 0.03376

6.42559676954453
2023-03-21 03:07:44,289 - [INFO] - current w_0 is 9.17942388767301
2023-03-21 03:07:56,931 - [INFO] - E:3|TAU:9.179 9.179, train_time: 11.83, VALID_time: 0.8139, loss: 1.515e+03, emb_loss:1.084e-06, best_valid(recall@20): 0.1727
valid 	 N@10: 0.1293, R@10: 0.1209, P@10: 0.07339
valid 	 N@20: 0.1447, R@20: 0.174, P@20: 0.05338
valid 	 N@50: 0.1758, R@50: 0.273, P@50: 0.03397

6.42559676954453
2023-03-21 03:07:57,023 - [INFO] - current w_0 is 9.17942388767301
2023-03-21 03:08:09,682 - [INFO] - E:4|TAU:9.179 9.179, train_time: 11.84, VALID_time: 0.8228, loss: 1.5e+03, emb_loss:1.347e-06, best_valid(recall@20): 0.174
valid 	 N@10: 0.1304, R@10: 0.122, P@10: 0.07403
valid 	 N@20: 0.1455, R@20: 0.1746, P@20: 0.05352
valid 	 N@50: 0.177, R@50: 0.2748, P@50: 0.03417

6.42559676954453
2023-03-21 03:08:09,783 - [INFO] - current w_0 is 9.17942388767301
2023-03-21 03:08:22,413 - [INFO] - E:5|TAU:9.179 9.179, train_time: 11.83, VALID_time: 0.796, loss: 1.489e+03, emb_loss:1.619e-06, best_valid(recall@20): 0.1746
valid 	 N@10: 0.1307, R@10: 0.1221, P@10: 0.07421
valid 	 N@20: 0.1461, R@20: 0.1754, P@20: 0.05373
valid 	 N@50: 0.1776, R@50: 0.2756, P@50: 0.0343

6.42559676954453
2023-03-21 03:08:22,526 - [INFO] - current w_0 is 9.17942388767301
2023-03-21 03:08:35,104 - [INFO] - E:6|TAU:9.179 9.179, train_time: 11.82, VALID_time: 0.7611, loss: 1.482e+03, emb_loss:1.901e-06, best_valid(recall@20): 0.1754
valid 	 N@10: 0.1312, R@10: 0.1225, P@10: 0.07448
valid 	 N@20: 0.1465, R@20: 0.1754, P@20: 0.0539
valid 	 N@50: 0.1782, R@50: 0.2763, P@50: 0.03442

6.42559676954453
2023-03-21 03:08:35,200 - [INFO] - current w_0 is 9.17942388767301
2023-03-21 03:08:47,943 - [INFO] - E:7|TAU:9.179 9.179, train_time: 11.94, VALID_time: 0.8025, loss: 1.476e+03, emb_loss:2.196e-06, best_valid(recall@20): 0.1754
valid 	 N@10: 0.1317, R@10: 0.123, P@10: 0.07483
valid 	 N@20: 0.1469, R@20: 0.1758, P@20: 0.05398
valid 	 N@50: 0.1788, R@50: 0.2773, P@50: 0.03454

6.42559676954453
2023-03-21 03:08:48,033 - [INFO] - current w_0 is 9.17942388767301
2023-03-21 03:09:00,946 - [INFO] - E:8|TAU:9.179 9.179, train_time: 12.0, VALID_time: 0.9112, loss: 1.47e+03, emb_loss:2.504e-06, best_valid(recall@20): 0.1758
valid 	 N@10: 0.1324, R@10: 0.1238, P@10: 0.07528
valid 	 N@20: 0.1477, R@20: 0.1769, P@20: 0.05432
valid 	 N@50: 0.1793, R@50: 0.2775, P@50: 0.03458

6.42559676954453
2023-03-21 03:09:01,041 - [INFO] - current w_0 is 9.17942388767301
2023-03-21 03:09:13,725 - [INFO] - E:9|TAU:9.179 9.179, train_time: 11.86, VALID_time: 0.8191, loss: 1.466e+03, emb_loss:2.825e-06, best_valid(recall@20): 0.1769
valid 	 N@10: 0.1326, R@10: 0.124, P@10: 0.07532
valid 	 N@20: 0.1481, R@20: 0.1774, P@20: 0.05446
valid 	 N@50: 0.1797, R@50: 0.2781, P@50: 0.03466

6.42559676954453
2023-03-21 03:09:13,817 - [INFO] - current w_0 is 9.17942388767301
2023-03-21 03:09:26,734 - [INFO] - E:10|TAU:9.179 9.179, train_time: 11.98, VALID_time: 0.9357, loss: 1.463e+03, emb_loss:3.158e-06, best_valid(recall@20): 0.1774
valid 	 N@10: 0.1331, R@10: 0.1247, P@10: 0.07567
valid 	 N@20: 0.1485, R@20: 0.1779, P@20: 0.05462
valid 	 N@50: 0.1802, R@50: 0.279, P@50: 0.03477

6.42559676954453
2023-03-21 03:09:26,822 - [INFO] - current w_0 is 9.17942388767301
2023-03-21 03:09:39,463 - [INFO] - E:11|TAU:9.179 9.179, train_time: 11.81, VALID_time: 0.8246, loss: 1.459e+03, emb_loss:3.504e-06, best_valid(recall@20): 0.1779
valid 	 N@10: 0.1328, R@10: 0.124, P@10: 0.07539
valid 	 N@20: 0.1485, R@20: 0.1783, P@20: 0.05468
valid 	 N@50: 0.1802, R@50: 0.2788, P@50: 0.03482

6.42559676954453
2023-03-21 03:09:39,557 - [INFO] - current w_0 is 9.17942388767301
2023-03-21 03:09:52,242 - [INFO] - E:12|TAU:9.179 9.179, train_time: 11.87, VALID_time: 0.8122, loss: 1.456e+03, emb_loss:3.862e-06, best_valid(recall@20): 0.1783
valid 	 N@10: 0.1337, R@10: 0.125, P@10: 0.076
valid 	 N@20: 0.149, R@20: 0.1785, P@20: 0.05483
valid 	 N@50: 0.1808, R@50: 0.2795, P@50: 0.03486

6.42559676954453
2023-03-21 03:09:52,334 - [INFO] - current w_0 is 9.17942388767301
2023-03-21 03:10:04,986 - [INFO] - E:13|TAU:9.179 9.179, train_time: 11.83, VALID_time: 0.8171, loss: 1.454e+03, emb_loss:4.231e-06, best_valid(recall@20): 0.1785
valid 	 N@10: 0.1334, R@10: 0.1246, P@10: 0.07574
valid 	 N@20: 0.149, R@20: 0.1783, P@20: 0.05482
valid 	 N@50: 0.1807, R@50: 0.2794, P@50: 0.03482

6.42559676954453
2023-03-21 03:10:05,024 - [INFO] - current w_0 is 9.17942388767301
2023-03-21 03:10:17,600 - [INFO] - E:14|TAU:9.179 9.179, train_time: 11.85, VALID_time: 0.7295, loss: 1.451e+03, emb_loss:4.611e-06, best_valid(recall@20): 0.1785
valid 	 N@10: 0.1337, R@10: 0.1249, P@10: 0.07586
valid 	 N@20: 0.1494, R@20: 0.179, P@20: 0.05498
valid 	 N@50: 0.1811, R@50: 0.2799, P@50: 0.0349

6.42559676954453
2023-03-21 03:10:17,688 - [INFO] - current w_0 is 9.17942388767301
2023-03-21 03:10:30,286 - [INFO] - E:15|TAU:9.179 9.179, train_time: 11.8, VALID_time: 0.7955, loss: 1.449e+03, emb_loss:5.001e-06, best_valid(recall@20): 0.179
valid 	 N@10: 0.1337, R@10: 0.1251, P@10: 0.07594
valid 	 N@20: 0.1494, R@20: 0.179, P@20: 0.05501
valid 	 N@50: 0.1812, R@50: 0.28, P@50: 0.03495

6.42559676954453
2023-03-21 03:10:30,328 - [INFO] - current w_0 is 9.17942388767301
2023-03-21 03:10:43,008 - [INFO] - E:16|TAU:9.179 9.179, train_time: 11.89, VALID_time: 0.7858, loss: 1.447e+03, emb_loss:5.398e-06, best_valid(recall@20): 0.179
valid 	 N@10: 0.134, R@10: 0.125, P@10: 0.07601
valid 	 N@20: 0.1498, R@20: 0.1796, P@20: 0.0551
valid 	 N@50: 0.1815, R@50: 0.2802, P@50: 0.03497

6.42559676954453
2023-03-21 03:10:43,100 - [INFO] - current w_0 is 9.17942388767301
2023-03-21 03:10:56,004 - [INFO] - E:17|TAU:9.179 9.179, train_time: 11.8, VALID_time: 1.1, loss: 1.445e+03, emb_loss:5.805e-06, best_valid(recall@20): 0.1796
valid 	 N@10: 0.1341, R@10: 0.1254, P@10: 0.07614
valid 	 N@20: 0.1498, R@20: 0.1795, P@20: 0.05505
valid 	 N@50: 0.1816, R@50: 0.2806, P@50: 0.035

6.42559676954453
2023-03-21 03:10:56,062 - [INFO] - current w_0 is 9.17942388767301
2023-03-21 03:11:08,674 - [INFO] - E:18|TAU:9.179 9.179, train_time: 11.81, VALID_time: 0.7992, loss: 1.443e+03, emb_loss:6.22e-06, best_valid(recall@20): 0.1796
valid 	 N@10: 0.1341, R@10: 0.1256, P@10: 0.07624
valid 	 N@20: 0.1498, R@20: 0.1798, P@20: 0.05515
valid 	 N@50: 0.1815, R@50: 0.2805, P@50: 0.035

6.42559676954453
2023-03-21 03:11:08,766 - [INFO] - current w_0 is 9.17942388767301
2023-03-21 03:11:21,413 - [INFO] - E:19|TAU:9.179 9.179, train_time: 11.84, VALID_time: 0.8087, loss: 1.441e+03, emb_loss:6.639e-06, best_valid(recall@20): 0.1798
valid 	 N@10: 0.1344, R@10: 0.1254, P@10: 0.0761
valid 	 N@20: 0.1505, R@20: 0.1805, P@20: 0.05536
valid 	 N@50: 0.182, R@50: 0.2806, P@50: 0.03504

6.42559676954453
2023-03-21 03:11:21,501 - [INFO] - current w_0 is 9.17942388767301
2023-03-21 03:11:34,092 - [INFO] - E:20|TAU:9.179 9.179, train_time: 11.82, VALID_time: 0.7696, loss: 1.44e+03, emb_loss:7.067e-06, best_valid(recall@20): 0.1805
valid 	 N@10: 0.1344, R@10: 0.1259, P@10: 0.07633
valid 	 N@20: 0.1503, R@20: 0.1804, P@20: 0.05535
valid 	 N@50: 0.182, R@50: 0.2813, P@50: 0.03507

6.42559676954453
2023-03-21 03:11:34,140 - [INFO] - current w_0 is 9.17942388767301
2023-03-21 03:11:47,047 - [INFO] - E:21|TAU:9.179 9.179, train_time: 11.86, VALID_time: 1.045, loss: 1.438e+03, emb_loss:7.498e-06, best_valid(recall@20): 0.1805
valid 	 N@10: 0.1344, R@10: 0.1258, P@10: 0.0763
valid 	 N@20: 0.1505, R@20: 0.1808, P@20: 0.0554
valid 	 N@50: 0.182, R@50: 0.281, P@50: 0.03507

6.42559676954453
2023-03-21 03:11:47,147 - [INFO] - current w_0 is 9.17942388767301
2023-03-21 03:11:59,826 - [INFO] - E:22|TAU:9.179 9.179, train_time: 11.86, VALID_time: 0.8218, loss: 1.436e+03, emb_loss:7.936e-06, best_valid(recall@20): 0.1808
valid 	 N@10: 0.1348, R@10: 0.1261, P@10: 0.07652
valid 	 N@20: 0.1508, R@20: 0.1811, P@20: 0.05554
valid 	 N@50: 0.1823, R@50: 0.2814, P@50: 0.03514

6.42559676954453
2023-03-21 03:11:59,925 - [INFO] - current w_0 is 9.17942388767301
2023-03-21 03:12:15,193 - [INFO] - E:23|TAU:9.179 9.179, train_time: 13.58, VALID_time: 1.682, loss: 1.435e+03, emb_loss:8.378e-06, best_valid(recall@20): 0.1811
valid 	 N@10: 0.1343, R@10: 0.1256, P@10: 0.0761
valid 	 N@20: 0.1504, R@20: 0.1806, P@20: 0.05539
valid 	 N@50: 0.1822, R@50: 0.2814, P@50: 0.0351

6.42559676954453
2023-03-21 03:12:15,260 - [INFO] - current w_0 is 9.17942388767301
2023-03-21 03:12:28,116 - [INFO] - E:24|TAU:9.179 9.179, train_time: 12.04, VALID_time: 0.8162, loss: 1.434e+03, emb_loss:8.823e-06, best_valid(recall@20): 0.1811
valid 	 N@10: 0.1347, R@10: 0.1261, P@10: 0.07644
valid 	 N@20: 0.1508, R@20: 0.1809, P@20: 0.05551
valid 	 N@50: 0.1823, R@50: 0.2812, P@50: 0.0351

6.42559676954453
2023-03-21 03:12:28,151 - [INFO] - current w_0 is 9.17942388767301
2023-03-21 03:12:40,824 - [INFO] - E:25|TAU:9.179 9.179, train_time: 11.85, VALID_time: 0.8178, loss: 1.432e+03, emb_loss:9.272e-06, best_valid(recall@20): 0.1811
valid 	 N@10: 0.1348, R@10: 0.1262, P@10: 0.07653
valid 	 N@20: 0.1508, R@20: 0.1808, P@20: 0.05553
valid 	 N@50: 0.1825, R@50: 0.2815, P@50: 0.03514

6.42559676954453
2023-03-21 03:12:40,865 - [INFO] - current w_0 is 9.17942388767301
2023-03-21 03:12:53,595 - [INFO] - E:26|TAU:9.179 9.179, train_time: 11.82, VALID_time: 0.9098, loss: 1.431e+03, emb_loss:9.725e-06, best_valid(recall@20): 0.1811
valid 	 N@10: 0.1347, R@10: 0.1259, P@10: 0.07635
valid 	 N@20: 0.1509, R@20: 0.1812, P@20: 0.05554
valid 	 N@50: 0.1825, R@50: 0.2816, P@50: 0.03514

6.42559676954453
2023-03-21 03:12:53,697 - [INFO] - current w_0 is 9.17942388767301
2023-03-21 03:13:06,280 - [INFO] - E:27|TAU:9.179 9.179, train_time: 11.85, VALID_time: 0.7315, loss: 1.43e+03, emb_loss:1.018e-05, best_valid(recall@20): 0.1812
valid 	 N@10: 0.1347, R@10: 0.1261, P@10: 0.07647
valid 	 N@20: 0.1509, R@20: 0.1812, P@20: 0.05559
valid 	 N@50: 0.1825, R@50: 0.2817, P@50: 0.03513

6.42559676954453
2023-03-21 03:13:06,369 - [INFO] - current w_0 is 9.17942388767301
2023-03-21 03:13:19,150 - [INFO] - E:28|TAU:9.179 9.179, train_time: 11.88, VALID_time: 0.8971, loss: 1.429e+03, emb_loss:1.064e-05, best_valid(recall@20): 0.1812
valid 	 N@10: 0.1349, R@10: 0.1265, P@10: 0.07662
valid 	 N@20: 0.1509, R@20: 0.1812, P@20: 0.05565
valid 	 N@50: 0.1825, R@50: 0.2818, P@50: 0.03516

6.42559676954453
2023-03-21 03:13:19,192 - [INFO] - current w_0 is 9.17942388767301
2023-03-21 03:13:31,779 - [INFO] - E:29|TAU:9.179 9.179, train_time: 11.78, VALID_time: 0.8046, loss: 1.428e+03, emb_loss:1.11e-05, best_valid(recall@20): 0.1812
valid 	 N@10: 0.135, R@10: 0.1263, P@10: 0.07657
valid 	 N@20: 0.151, R@20: 0.181, P@20: 0.05561
valid 	 N@50: 0.1827, R@50: 0.2819, P@50: 0.03519

6.42559676954453
2023-03-21 03:13:31,815 - [INFO] - current w_0 is 9.17942388767301
2023-03-21 03:13:44,472 - [INFO] - E:30|TAU:9.179 9.179, train_time: 11.83, VALID_time: 0.8295, loss: 1.427e+03, emb_loss:1.156e-05, best_valid(recall@20): 0.1812
valid 	 N@10: 0.135, R@10: 0.1263, P@10: 0.0766
valid 	 N@20: 0.151, R@20: 0.1811, P@20: 0.05555
valid 	 N@50: 0.1827, R@50: 0.2817, P@50: 0.03516

6.42559676954453
2023-03-21 03:13:44,512 - [INFO] - current w_0 is 9.17942388767301
2023-03-21 03:13:57,097 - [INFO] - E:31|TAU:9.179 9.179, train_time: 11.83, VALID_time: 0.7577, loss: 1.426e+03, emb_loss:1.203e-05, best_valid(recall@20): 0.1812
valid 	 N@10: 0.135, R@10: 0.1264, P@10: 0.07654
valid 	 N@20: 0.1511, R@20: 0.1813, P@20: 0.05558
valid 	 N@50: 0.1827, R@50: 0.2818, P@50: 0.03518

6.42559676954453
2023-03-21 03:13:57,179 - [INFO] - current w_0 is 9.17942388767301
2023-03-21 03:14:09,819 - [INFO] - E:32|TAU:9.179 9.179, train_time: 11.85, VALID_time: 0.7927, loss: 1.425e+03, emb_loss:1.25e-05, best_valid(recall@20): 0.1813
valid 	 N@10: 0.1353, R@10: 0.1268, P@10: 0.07673
valid 	 N@20: 0.1513, R@20: 0.1814, P@20: 0.05563
valid 	 N@50: 0.1829, R@50: 0.2817, P@50: 0.03516

6.42559676954453
2023-03-21 03:14:09,908 - [INFO] - current w_0 is 9.17942388767301
2023-03-21 03:14:22,621 - [INFO] - E:33|TAU:9.179 9.179, train_time: 11.89, VALID_time: 0.8164, loss: 1.424e+03, emb_loss:1.297e-05, best_valid(recall@20): 0.1814
valid 	 N@10: 0.1353, R@10: 0.1269, P@10: 0.07665
valid 	 N@20: 0.1513, R@20: 0.1815, P@20: 0.05563
valid 	 N@50: 0.183, R@50: 0.2823, P@50: 0.03524

6.42559676954453
2023-03-21 03:14:22,704 - [INFO] - current w_0 is 9.17942388767301
2023-03-21 03:14:35,467 - [INFO] - E:34|TAU:9.179 9.179, train_time: 11.79, VALID_time: 0.97, loss: 1.423e+03, emb_loss:1.344e-05, best_valid(recall@20): 0.1815
valid 	 N@10: 0.1353, R@10: 0.1267, P@10: 0.07666
valid 	 N@20: 0.1514, R@20: 0.1816, P@20: 0.05566
valid 	 N@50: 0.1831, R@50: 0.2824, P@50: 0.03522

6.42559676954453
2023-03-21 03:14:35,552 - [INFO] - current w_0 is 9.17942388767301
2023-03-21 03:14:48,126 - [INFO] - E:35|TAU:9.179 9.179, train_time: 11.78, VALID_time: 0.7903, loss: 1.423e+03, emb_loss:1.391e-05, best_valid(recall@20): 0.1816
valid 	 N@10: 0.1354, R@10: 0.1267, P@10: 0.07667
valid 	 N@20: 0.1515, R@20: 0.1818, P@20: 0.05571
valid 	 N@50: 0.1832, R@50: 0.2826, P@50: 0.03525

6.42559676954453
2023-03-21 03:14:48,209 - [INFO] - current w_0 is 9.17942388767301
2023-03-21 03:15:00,950 - [INFO] - E:36|TAU:9.179 9.179, train_time: 11.93, VALID_time: 0.8064, loss: 1.422e+03, emb_loss:1.438e-05, best_valid(recall@20): 0.1818
valid 	 N@10: 0.1353, R@10: 0.127, P@10: 0.07672
valid 	 N@20: 0.1514, R@20: 0.182, P@20: 0.05569
valid 	 N@50: 0.183, R@50: 0.2823, P@50: 0.03521

6.42559676954453
2023-03-21 03:15:01,043 - [INFO] - current w_0 is 9.17942388767301
2023-03-21 03:15:14,042 - [INFO] - E:37|TAU:9.179 9.179, train_time: 11.94, VALID_time: 1.057, loss: 1.421e+03, emb_loss:1.486e-05, best_valid(recall@20): 0.182
valid 	 N@10: 0.1354, R@10: 0.1269, P@10: 0.07673
valid 	 N@20: 0.1517, R@20: 0.1822, P@20: 0.05581
valid 	 N@50: 0.1832, R@50: 0.2823, P@50: 0.03522

6.42559676954453
2023-03-21 03:15:14,161 - [INFO] - current w_0 is 9.17942388767301
2023-03-21 03:15:27,109 - [INFO] - E:38|TAU:9.179 9.179, train_time: 12.09, VALID_time: 0.8592, loss: 1.421e+03, emb_loss:1.534e-05, best_valid(recall@20): 0.1822
valid 	 N@10: 0.1355, R@10: 0.1271, P@10: 0.07684
valid 	 N@20: 0.1517, R@20: 0.1822, P@20: 0.05579
valid 	 N@50: 0.1833, R@50: 0.2827, P@50: 0.03527

6.42559676954453
2023-03-21 03:15:27,149 - [INFO] - current w_0 is 9.17942388767301
2023-03-21 03:15:39,931 - [INFO] - E:39|TAU:9.179 9.179, train_time: 11.96, VALID_time: 0.8219, loss: 1.42e+03, emb_loss:1.582e-05, best_valid(recall@20): 0.1822
valid 	 N@10: 0.1355, R@10: 0.127, P@10: 0.0768
valid 	 N@20: 0.1516, R@20: 0.1821, P@20: 0.05568
valid 	 N@50: 0.1833, R@50: 0.2829, P@50: 0.03527

6.42559676954453
2023-03-21 03:15:39,978 - [INFO] - current w_0 is 9.17942388767301
2023-03-21 03:15:52,771 - [INFO] - E:40|TAU:9.179 9.179, train_time: 12.01, VALID_time: 0.7794, loss: 1.419e+03, emb_loss:1.63e-05, best_valid(recall@20): 0.1822
valid 	 N@10: 0.1356, R@10: 0.1269, P@10: 0.07682
valid 	 N@20: 0.1517, R@20: 0.182, P@20: 0.05571
valid 	 N@50: 0.1833, R@50: 0.2824, P@50: 0.03526

6.42559676954453
2023-03-21 03:15:52,812 - [INFO] - current w_0 is 9.17942388767301
2023-03-21 03:16:05,566 - [INFO] - E:41|TAU:9.179 9.179, train_time: 12.0, VALID_time: 0.7551, loss: 1.418e+03, emb_loss:1.678e-05, best_valid(recall@20): 0.1822
valid 	 N@10: 0.1357, R@10: 0.1271, P@10: 0.07694
valid 	 N@20: 0.1516, R@20: 0.182, P@20: 0.05564
valid 	 N@50: 0.1834, R@50: 0.2826, P@50: 0.03526

6.42559676954453
2023-03-21 03:16:05,606 - [INFO] - current w_0 is 9.17942388767301
2023-03-21 03:16:18,618 - [INFO] - E:42|TAU:9.179 9.179, train_time: 11.97, VALID_time: 1.044, loss: 1.418e+03, emb_loss:1.726e-05, best_valid(recall@20): 0.1822
valid 	 N@10: 0.1358, R@10: 0.1272, P@10: 0.07691
valid 	 N@20: 0.1517, R@20: 0.1819, P@20: 0.0557
valid 	 N@50: 0.1836, R@50: 0.2829, P@50: 0.03528

6.42559676954453
2023-03-21 03:16:18,660 - [INFO] - current w_0 is 9.17942388767301
2023-03-21 03:16:31,766 - [INFO] - E:43|TAU:9.179 9.179, train_time: 12.2, VALID_time: 0.906, loss: 1.417e+03, emb_loss:1.774e-05, best_valid(recall@20): 0.1822
valid 	 N@10: 0.1356, R@10: 0.1269, P@10: 0.0768
valid 	 N@20: 0.1518, R@20: 0.1821, P@20: 0.05575
valid 	 N@50: 0.1837, R@50: 0.2833, P@50: 0.03532

6.42559676954453
2023-03-21 03:16:31,821 - [INFO] - current w_0 is 9.17942388767301
2023-03-21 03:16:44,882 - [INFO] - E:44|TAU:9.179 9.179, train_time: 12.16, VALID_time: 0.9038, loss: 1.417e+03, emb_loss:1.823e-05, best_valid(recall@20): 0.1822
valid 	 N@10: 0.1357, R@10: 0.1269, P@10: 0.07686
valid 	 N@20: 0.1518, R@20: 0.182, P@20: 0.05573
valid 	 N@50: 0.1836, R@50: 0.283, P@50: 0.0353

6.42559676954453
2023-03-21 03:16:44,926 - [INFO] - current w_0 is 9.17942388767301
2023-03-21 03:16:57,786 - [INFO] - E:45|TAU:9.179 9.179, train_time: 12.0, VALID_time: 0.8613, loss: 1.416e+03, emb_loss:1.871e-05, best_valid(recall@20): 0.1822
valid 	 N@10: 0.1355, R@10: 0.127, P@10: 0.07677
valid 	 N@20: 0.1516, R@20: 0.182, P@20: 0.0557
valid 	 N@50: 0.1835, R@50: 0.2831, P@50: 0.0353

6.42559676954453
2023-03-21 03:16:57,824 - [INFO] - current w_0 is 9.17942388767301
2023-03-21 03:17:10,519 - [INFO] - E:46|TAU:9.179 9.179, train_time: 11.8, VALID_time: 0.8917, loss: 1.416e+03, emb_loss:1.919e-05, best_valid(recall@20): 0.1822
valid 	 N@10: 0.1357, R@10: 0.127, P@10: 0.07679
valid 	 N@20: 0.1519, R@20: 0.1822, P@20: 0.05577
valid 	 N@50: 0.1837, R@50: 0.2833, P@50: 0.03531

6.42559676954453
2023-03-21 03:17:10,573 - [INFO] - current w_0 is 9.17942388767301
2023-03-21 03:17:23,271 - [INFO] - E:47|TAU:9.179 9.179, train_time: 11.88, VALID_time: 0.8182, loss: 1.415e+03, emb_loss:1.968e-05, best_valid(recall@20): 0.1822
valid 	 N@10: 0.1357, R@10: 0.1271, P@10: 0.07685
valid 	 N@20: 0.1518, R@20: 0.1821, P@20: 0.05574
valid 	 N@50: 0.1836, R@50: 0.283, P@50: 0.03528

6.42559676954453
2023-03-21 03:17:23,307 - [INFO] - current w_0 is 9.17942388767301
2023-03-21 03:17:35,955 - [INFO] - E:48|TAU:9.179 9.179, train_time: 11.86, VALID_time: 0.7838, loss: 1.415e+03, emb_loss:2.016e-05, best_valid(recall@20): 0.1822
valid 	 N@10: 0.1356, R@10: 0.127, P@10: 0.07676
valid 	 N@20: 0.1518, R@20: 0.1822, P@20: 0.0558
valid 	 N@50: 0.1835, R@50: 0.2829, P@50: 0.03526

6.42559676954453
2023-03-21 03:17:36,045 - [INFO] - current w_0 is 9.17942388767301
2023-03-21 03:17:48,727 - [INFO] - E:49|TAU:9.179 9.179, train_time: 11.92, VALID_time: 0.7652, loss: 1.414e+03, emb_loss:2.065e-05, best_valid(recall@20): 0.1822
valid 	 N@10: 0.1355, R@10: 0.1268, P@10: 0.07674
valid 	 N@20: 0.1517, R@20: 0.1823, P@20: 0.05572
valid 	 N@50: 0.1834, R@50: 0.2827, P@50: 0.03525

6.42559676954453
2023-03-21 03:17:48,817 - [INFO] - current w_0 is 9.17942388767301
2023-03-21 03:18:01,550 - [INFO] - E:50|TAU:9.179 9.179, train_time: 11.94, VALID_time: 0.7895, loss: 1.414e+03, emb_loss:2.114e-05, best_valid(recall@20): 0.1823
valid 	 N@10: 0.1357, R@10: 0.1272, P@10: 0.07689
valid 	 N@20: 0.1518, R@20: 0.1821, P@20: 0.05573
valid 	 N@50: 0.1834, R@50: 0.2825, P@50: 0.03523

6.42559676954453
2023-03-21 03:18:01,590 - [INFO] - current w_0 is 9.17942388767301
2023-03-21 03:18:14,269 - [INFO] - E:51|TAU:9.179 9.179, train_time: 11.88, VALID_time: 0.7983, loss: 1.413e+03, emb_loss:2.163e-05, best_valid(recall@20): 0.1823
valid 	 N@10: 0.1357, R@10: 0.1271, P@10: 0.07683
valid 	 N@20: 0.1519, R@20: 0.1824, P@20: 0.05576
valid 	 N@50: 0.1836, R@50: 0.2828, P@50: 0.03528

6.42559676954453
2023-03-21 03:18:14,359 - [INFO] - current w_0 is 9.17942388767301
2023-03-21 03:18:27,027 - [INFO] - E:52|TAU:9.179 9.179, train_time: 11.85, VALID_time: 0.8132, loss: 1.413e+03, emb_loss:2.211e-05, best_valid(recall@20): 0.1824
valid 	 N@10: 0.1357, R@10: 0.1272, P@10: 0.07687
valid 	 N@20: 0.1519, R@20: 0.1825, P@20: 0.05582
valid 	 N@50: 0.1835, R@50: 0.2827, P@50: 0.03528

6.42559676954453
2023-03-21 03:18:27,112 - [INFO] - current w_0 is 9.17942388767301
2023-03-21 03:18:39,809 - [INFO] - E:53|TAU:9.179 9.179, train_time: 11.91, VALID_time: 0.7906, loss: 1.412e+03, emb_loss:2.26e-05, best_valid(recall@20): 0.1825
valid 	 N@10: 0.1357, R@10: 0.127, P@10: 0.07687
valid 	 N@20: 0.152, R@20: 0.1823, P@20: 0.05583
valid 	 N@50: 0.1836, R@50: 0.2827, P@50: 0.03527

6.42559676954453
2023-03-21 03:18:39,845 - [INFO] - current w_0 is 9.17942388767301
2023-03-21 03:18:52,598 - [INFO] - E:54|TAU:9.179 9.179, train_time: 11.97, VALID_time: 0.7815, loss: 1.412e+03, emb_loss:2.309e-05, best_valid(recall@20): 0.1825
valid 	 N@10: 0.1358, R@10: 0.1273, P@10: 0.07695
valid 	 N@20: 0.1519, R@20: 0.1824, P@20: 0.05582
valid 	 N@50: 0.1836, R@50: 0.2828, P@50: 0.03527

6.42559676954453
2023-03-21 03:18:52,644 - [INFO] - current w_0 is 9.17942388767301
2023-03-21 03:19:05,308 - [INFO] - E:55|TAU:9.179 9.179, train_time: 11.82, VALID_time: 0.8442, loss: 1.412e+03, emb_loss:2.358e-05, best_valid(recall@20): 0.1825
valid 	 N@10: 0.1359, R@10: 0.1273, P@10: 0.07693
valid 	 N@20: 0.152, R@20: 0.1824, P@20: 0.05585
valid 	 N@50: 0.1838, R@50: 0.2833, P@50: 0.03531

6.42559676954453
2023-03-21 03:19:05,345 - [INFO] - current w_0 is 9.17942388767301
2023-03-21 03:19:17,950 - [INFO] - E:56|TAU:9.179 9.179, train_time: 11.82, VALID_time: 0.7806, loss: 1.411e+03, emb_loss:2.408e-05, best_valid(recall@20): 0.1825
valid 	 N@10: 0.1358, R@10: 0.1273, P@10: 0.07686
valid 	 N@20: 0.1521, R@20: 0.1826, P@20: 0.05586
valid 	 N@50: 0.1838, R@50: 0.2833, P@50: 0.03534

6.42559676954453
2023-03-21 03:19:18,032 - [INFO] - current w_0 is 9.17942388767301
2023-03-21 03:19:30,817 - [INFO] - E:57|TAU:9.179 9.179, train_time: 11.9, VALID_time: 0.8795, loss: 1.411e+03, emb_loss:2.457e-05, best_valid(recall@20): 0.1826
valid 	 N@10: 0.1357, R@10: 0.1272, P@10: 0.07683
valid 	 N@20: 0.1519, R@20: 0.1824, P@20: 0.05578
valid 	 N@50: 0.1838, R@50: 0.2835, P@50: 0.03536

6.42559676954453
2023-03-21 03:19:30,869 - [INFO] - current w_0 is 9.17942388767301
2023-03-21 03:19:43,714 - [INFO] - E:58|TAU:9.179 9.179, train_time: 12.02, VALID_time: 0.8266, loss: 1.41e+03, emb_loss:2.505e-05, best_valid(recall@20): 0.1826
valid 	 N@10: 0.1357, R@10: 0.1271, P@10: 0.07681
valid 	 N@20: 0.1518, R@20: 0.1822, P@20: 0.05574
valid 	 N@50: 0.1837, R@50: 0.2832, P@50: 0.03532

6.42559676954453
2023-03-21 03:19:43,754 - [INFO] - current w_0 is 9.17942388767301
2023-03-21 03:19:56,546 - [INFO] - E:59|TAU:9.179 9.179, train_time: 11.98, VALID_time: 0.8109, loss: 1.41e+03, emb_loss:2.555e-05, best_valid(recall@20): 0.1826
valid 	 N@10: 0.1359, R@10: 0.1272, P@10: 0.07694
valid 	 N@20: 0.1521, R@20: 0.1824, P@20: 0.05582
valid 	 N@50: 0.1839, R@50: 0.2832, P@50: 0.03536

6.42559676954453
2023-03-21 03:19:56,579 - [INFO] - current w_0 is 9.17942388767301
2023-03-21 03:20:09,315 - [INFO] - E:60|TAU:9.179 9.179, train_time: 11.95, VALID_time: 0.7873, loss: 1.41e+03, emb_loss:2.604e-05, best_valid(recall@20): 0.1826
valid 	 N@10: 0.1359, R@10: 0.1273, P@10: 0.07689
valid 	 N@20: 0.152, R@20: 0.1824, P@20: 0.0558
valid 	 N@50: 0.1838, R@50: 0.2832, P@50: 0.03531

6.42559676954453
2023-03-21 03:20:09,349 - [INFO] - current w_0 is 9.17942388767301
2023-03-21 03:20:22,061 - [INFO] - E:61|TAU:9.179 9.179, train_time: 11.95, VALID_time: 0.7655, loss: 1.409e+03, emb_loss:2.653e-05, best_valid(recall@20): 0.1826
valid 	 N@10: 0.1358, R@10: 0.1272, P@10: 0.07689
valid 	 N@20: 0.1519, R@20: 0.1824, P@20: 0.05581
valid 	 N@50: 0.1838, R@50: 0.2834, P@50: 0.03535

6.42559676954453
2023-03-21 03:20:22,097 - [INFO] - current w_0 is 9.17942388767301
2023-03-21 03:20:34,777 - [INFO] - E:62|TAU:9.179 9.179, train_time: 11.94, VALID_time: 0.7417, loss: 1.409e+03, emb_loss:2.703e-05, best_valid(recall@20): 0.1826
valid 	 N@10: 0.1359, R@10: 0.1271, P@10: 0.07691
valid 	 N@20: 0.1521, R@20: 0.1826, P@20: 0.05589
valid 	 N@50: 0.1839, R@50: 0.2834, P@50: 0.03535

6.42559676954453
2023-03-21 03:20:34,864 - [INFO] - current w_0 is 9.17942388767301
2023-03-21 03:20:47,685 - [INFO] - E:63|TAU:9.179 9.179, train_time: 12.0, VALID_time: 0.8233, loss: 1.409e+03, emb_loss:2.752e-05, best_valid(recall@20): 0.1826
valid 	 N@10: 0.1357, R@10: 0.127, P@10: 0.07679
valid 	 N@20: 0.1521, R@20: 0.1827, P@20: 0.05588
valid 	 N@50: 0.1838, R@50: 0.2833, P@50: 0.03533

6.42559676954453
2023-03-21 03:20:47,775 - [INFO] - current w_0 is 9.17942388767301
2023-03-21 03:21:01,001 - [INFO] - E:64|TAU:9.179 9.179, train_time: 12.08, VALID_time: 1.146, loss: 1.408e+03, emb_loss:2.801e-05, best_valid(recall@20): 0.1827
valid 	 N@10: 0.1359, R@10: 0.1272, P@10: 0.07691
valid 	 N@20: 0.1521, R@20: 0.1826, P@20: 0.05586
valid 	 N@50: 0.1838, R@50: 0.2832, P@50: 0.03531

6.42559676954453
2023-03-21 03:21:01,073 - [INFO] - current w_0 is 9.17942388767301
2023-03-21 03:21:14,793 - [INFO] - E:65|TAU:9.179 9.179, train_time: 12.73, VALID_time: 0.988, loss: 1.408e+03, emb_loss:2.851e-05, best_valid(recall@20): 0.1827
valid 	 N@10: 0.1358, R@10: 0.1271, P@10: 0.07689
valid 	 N@20: 0.1521, R@20: 0.1826, P@20: 0.05589
valid 	 N@50: 0.184, R@50: 0.2836, P@50: 0.03536

6.42559676954453
2023-03-21 03:21:14,830 - [INFO] - current w_0 is 9.17942388767301
2023-03-21 03:21:27,795 - [INFO] - E:66|TAU:9.179 9.179, train_time: 12.14, VALID_time: 0.8241, loss: 1.408e+03, emb_loss:2.9e-05, best_valid(recall@20): 0.1827
valid 	 N@10: 0.1358, R@10: 0.1273, P@10: 0.07687
valid 	 N@20: 0.152, R@20: 0.1824, P@20: 0.05581
valid 	 N@50: 0.1838, R@50: 0.2832, P@50: 0.03535

6.42559676954453
2023-03-21 03:21:27,837 - [INFO] - current w_0 is 9.17942388767301
2023-03-21 03:21:40,681 - [INFO] - E:67|TAU:9.179 9.179, train_time: 11.99, VALID_time: 0.8556, loss: 1.408e+03, emb_loss:2.949e-05, best_valid(recall@20): 0.1827
valid 	 N@10: 0.1359, R@10: 0.1274, P@10: 0.07692
valid 	 N@20: 0.1522, R@20: 0.1828, P@20: 0.05595
valid 	 N@50: 0.1839, R@50: 0.2834, P@50: 0.03537

6.42559676954453
2023-03-21 03:21:40,770 - [INFO] - current w_0 is 9.17942388767301
2023-03-21 03:21:53,388 - [INFO] - E:68|TAU:9.179 9.179, train_time: 11.83, VALID_time: 0.7852, loss: 1.407e+03, emb_loss:2.999e-05, best_valid(recall@20): 0.1828
valid 	 N@10: 0.1358, R@10: 0.1273, P@10: 0.07691
valid 	 N@20: 0.152, R@20: 0.1827, P@20: 0.05587
valid 	 N@50: 0.1838, R@50: 0.2833, P@50: 0.03533

6.42559676954453
2023-03-21 03:21:53,425 - [INFO] - current w_0 is 9.17942388767301
2023-03-21 03:22:06,573 - [INFO] - E:69|TAU:9.179 9.179, train_time: 12.29, VALID_time: 0.8523, loss: 1.407e+03, emb_loss:3.048e-05, best_valid(recall@20): 0.1828
valid 	 N@10: 0.136, R@10: 0.1275, P@10: 0.07698
valid 	 N@20: 0.1522, R@20: 0.1828, P@20: 0.0559
valid 	 N@50: 0.1839, R@50: 0.2833, P@50: 0.03536

6.42559676954453
2023-03-21 03:22:06,612 - [INFO] - current w_0 is 9.17942388767301
2023-03-21 03:22:19,286 - [INFO] - E:70|TAU:9.179 9.179, train_time: 11.89, VALID_time: 0.7798, loss: 1.407e+03, emb_loss:3.098e-05, best_valid(recall@20): 0.1828
valid 	 N@10: 0.136, R@10: 0.1274, P@10: 0.07701
valid 	 N@20: 0.1522, R@20: 0.1827, P@20: 0.05585
valid 	 N@50: 0.1838, R@50: 0.2829, P@50: 0.03532

6.42559676954453
2023-03-21 03:22:19,325 - [INFO] - current w_0 is 9.17942388767301
2023-03-21 03:22:32,068 - [INFO] - E:71|TAU:9.179 9.179, train_time: 11.94, VALID_time: 0.7994, loss: 1.406e+03, emb_loss:3.147e-05, best_valid(recall@20): 0.1828
valid 	 N@10: 0.1359, R@10: 0.1273, P@10: 0.07697
valid 	 N@20: 0.1522, R@20: 0.1828, P@20: 0.05587
valid 	 N@50: 0.1839, R@50: 0.2831, P@50: 0.03533

6.42559676954453
2023-03-21 03:22:32,110 - [INFO] - current w_0 is 9.17942388767301
2023-03-21 03:22:44,751 - [INFO] - E:72|TAU:9.179 9.179, train_time: 11.85, VALID_time: 0.7943, loss: 1.406e+03, emb_loss:3.197e-05, best_valid(recall@20): 0.1828
valid 	 N@10: 0.136, R@10: 0.1273, P@10: 0.07702
valid 	 N@20: 0.1523, R@20: 0.183, P@20: 0.0559
valid 	 N@50: 0.1839, R@50: 0.2832, P@50: 0.03534

6.42559676954453
2023-03-21 03:22:44,836 - [INFO] - current w_0 is 9.17942388767301
2023-03-21 03:22:57,626 - [INFO] - E:73|TAU:9.179 9.179, train_time: 12.03, VALID_time: 0.7614, loss: 1.406e+03, emb_loss:3.246e-05, best_valid(recall@20): 0.183
valid 	 N@10: 0.136, R@10: 0.1274, P@10: 0.07694
valid 	 N@20: 0.1523, R@20: 0.183, P@20: 0.05592
valid 	 N@50: 0.1839, R@50: 0.283, P@50: 0.0353

6.42559676954453
2023-03-21 03:22:57,719 - [INFO] - current w_0 is 9.17942388767301
2023-03-21 03:23:10,518 - [INFO] - E:74|TAU:9.179 9.179, train_time: 11.94, VALID_time: 0.8599, loss: 1.406e+03, emb_loss:3.296e-05, best_valid(recall@20): 0.183
valid 	 N@10: 0.136, R@10: 0.1272, P@10: 0.07685
valid 	 N@20: 0.1524, R@20: 0.1831, P@20: 0.05594
valid 	 N@50: 0.1839, R@50: 0.2829, P@50: 0.0353

6.42559676954453
2023-03-21 03:23:10,603 - [INFO] - current w_0 is 9.17942388767301
2023-03-21 03:23:23,336 - [INFO] - E:75|TAU:9.179 9.179, train_time: 11.92, VALID_time: 0.8158, loss: 1.405e+03, emb_loss:3.345e-05, best_valid(recall@20): 0.1831
valid 	 N@10: 0.136, R@10: 0.1274, P@10: 0.07694
valid 	 N@20: 0.1523, R@20: 0.183, P@20: 0.0559
valid 	 N@50: 0.1838, R@50: 0.283, P@50: 0.0353

6.42559676954453
2023-03-21 03:23:23,377 - [INFO] - current w_0 is 9.17942388767301
2023-03-21 03:23:36,196 - [INFO] - E:76|TAU:9.179 9.179, train_time: 11.99, VALID_time: 0.8251, loss: 1.405e+03, emb_loss:3.395e-05, best_valid(recall@20): 0.1831
valid 	 N@10: 0.136, R@10: 0.1274, P@10: 0.0769
valid 	 N@20: 0.1524, R@20: 0.183, P@20: 0.05595
valid 	 N@50: 0.184, R@50: 0.2831, P@50: 0.03531

6.42559676954453
2023-03-21 03:23:36,238 - [INFO] - current w_0 is 9.17942388767301
2023-03-21 03:23:48,893 - [INFO] - E:77|TAU:9.179 9.179, train_time: 11.87, VALID_time: 0.7826, loss: 1.405e+03, emb_loss:3.445e-05, best_valid(recall@20): 0.1831
valid 	 N@10: 0.136, R@10: 0.1272, P@10: 0.07689
valid 	 N@20: 0.1524, R@20: 0.183, P@20: 0.05594
valid 	 N@50: 0.1841, R@50: 0.2833, P@50: 0.03533

6.42559676954453
2023-03-21 03:23:48,929 - [INFO] - current w_0 is 9.17942388767301
2023-03-21 03:24:01,650 - [INFO] - E:78|TAU:9.179 9.179, train_time: 11.94, VALID_time: 0.7787, loss: 1.405e+03, emb_loss:3.494e-05, best_valid(recall@20): 0.1831
valid 	 N@10: 0.1361, R@10: 0.1273, P@10: 0.0769
valid 	 N@20: 0.1524, R@20: 0.1829, P@20: 0.05591
valid 	 N@50: 0.1841, R@50: 0.2833, P@50: 0.03534

6.42559676954453
2023-03-21 03:24:01,686 - [INFO] - current w_0 is 9.17942388767301
2023-03-21 03:24:14,432 - [INFO] - E:79|TAU:9.179 9.179, train_time: 11.92, VALID_time: 0.8254, loss: 1.405e+03, emb_loss:3.544e-05, best_valid(recall@20): 0.1831
valid 	 N@10: 0.1361, R@10: 0.1272, P@10: 0.07685
valid 	 N@20: 0.1525, R@20: 0.1829, P@20: 0.05595
valid 	 N@50: 0.1841, R@50: 0.2833, P@50: 0.03533

6.42559676954453
2023-03-21 03:24:14,481 - [INFO] - current w_0 is 9.17942388767301
2023-03-21 03:24:27,173 - [INFO] - E:80|TAU:9.179 9.179, train_time: 11.91, VALID_time: 0.7789, loss: 1.404e+03, emb_loss:3.593e-05, best_valid(recall@20): 0.1831
valid 	 N@10: 0.136, R@10: 0.1271, P@10: 0.07682
valid 	 N@20: 0.1524, R@20: 0.1829, P@20: 0.05595
valid 	 N@50: 0.184, R@50: 0.2832, P@50: 0.03534

6.42559676954453
2023-03-21 03:24:27,215 - [INFO] - current w_0 is 9.17942388767301
2023-03-21 03:24:40,094 - [INFO] - E:81|TAU:9.179 9.179, train_time: 12.1, VALID_time: 0.778, loss: 1.404e+03, emb_loss:3.643e-05, best_valid(recall@20): 0.1831
valid 	 N@10: 0.1362, R@10: 0.1276, P@10: 0.07706
valid 	 N@20: 0.1524, R@20: 0.1828, P@20: 0.05591
valid 	 N@50: 0.1841, R@50: 0.2833, P@50: 0.03532

6.42559676954453
2023-03-21 03:24:40,135 - [INFO] - current w_0 is 9.17942388767301
2023-03-21 03:24:52,825 - [INFO] - E:82|TAU:9.179 9.179, train_time: 11.9, VALID_time: 0.7867, loss: 1.404e+03, emb_loss:3.693e-05, best_valid(recall@20): 0.1831
valid 	 N@10: 0.1362, R@10: 0.1275, P@10: 0.07699
valid 	 N@20: 0.1525, R@20: 0.183, P@20: 0.05597
valid 	 N@50: 0.1841, R@50: 0.2833, P@50: 0.03534

6.42559676954453
2023-03-21 03:24:52,860 - [INFO] - current w_0 is 9.17942388767301
2023-03-21 03:25:05,614 - [INFO] - E:83|TAU:9.179 9.179, train_time: 11.88, VALID_time: 0.871, loss: 1.404e+03, emb_loss:3.743e-05, best_valid(recall@20): 0.1831
valid 	 N@10: 0.1362, R@10: 0.1275, P@10: 0.07699
valid 	 N@20: 0.1525, R@20: 0.1831, P@20: 0.05596
valid 	 N@50: 0.1841, R@50: 0.2833, P@50: 0.03533

6.42559676954453
2023-03-21 03:25:05,655 - [INFO] - current w_0 is 9.17942388767301
2023-03-21 03:25:18,283 - [INFO] - E:84|TAU:9.179 9.179, train_time: 11.87, VALID_time: 0.7547, loss: 1.403e+03, emb_loss:3.793e-05, best_valid(recall@20): 0.1831
valid 	 N@10: 0.136, R@10: 0.1273, P@10: 0.07686
valid 	 N@20: 0.1525, R@20: 0.1832, P@20: 0.05599
valid 	 N@50: 0.184, R@50: 0.2832, P@50: 0.03532

6.42559676954453
2023-03-21 03:25:18,369 - [INFO] - current w_0 is 9.17942388767301
2023-03-21 03:25:31,217 - [INFO] - E:85|TAU:9.179 9.179, train_time: 11.82, VALID_time: 1.021, loss: 1.403e+03, emb_loss:3.842e-05, best_valid(recall@20): 0.1832
valid 	 N@10: 0.136, R@10: 0.1273, P@10: 0.07689
valid 	 N@20: 0.1524, R@20: 0.183, P@20: 0.05593
valid 	 N@50: 0.1841, R@50: 0.2834, P@50: 0.03534

6.42559676954453
2023-03-21 03:25:31,253 - [INFO] - current w_0 is 9.17942388767301
2023-03-21 03:25:43,974 - [INFO] - E:86|TAU:9.179 9.179, train_time: 11.87, VALID_time: 0.8469, loss: 1.403e+03, emb_loss:3.892e-05, best_valid(recall@20): 0.1832
valid 	 N@10: 0.1362, R@10: 0.1275, P@10: 0.077
valid 	 N@20: 0.1526, R@20: 0.1833, P@20: 0.05601
valid 	 N@50: 0.1842, R@50: 0.2833, P@50: 0.03534

6.42559676954453
2023-03-21 03:25:44,063 - [INFO] - current w_0 is 9.17942388767301
2023-03-21 03:25:56,694 - [INFO] - E:87|TAU:9.179 9.179, train_time: 11.87, VALID_time: 0.755, loss: 1.403e+03, emb_loss:3.942e-05, best_valid(recall@20): 0.1833
valid 	 N@10: 0.1362, R@10: 0.1275, P@10: 0.077
valid 	 N@20: 0.1525, R@20: 0.183, P@20: 0.05593
valid 	 N@50: 0.1841, R@50: 0.2832, P@50: 0.03533

6.42559676954453
2023-03-21 03:25:56,730 - [INFO] - current w_0 is 9.17942388767301
2023-03-21 03:26:09,403 - [INFO] - E:88|TAU:9.179 9.179, train_time: 11.86, VALID_time: 0.81, loss: 1.403e+03, emb_loss:3.991e-05, best_valid(recall@20): 0.1833
valid 	 N@10: 0.136, R@10: 0.1273, P@10: 0.07692
valid 	 N@20: 0.1524, R@20: 0.1828, P@20: 0.05593
valid 	 N@50: 0.1841, R@50: 0.2834, P@50: 0.03534

6.42559676954453
2023-03-21 03:26:09,439 - [INFO] - current w_0 is 9.17942388767301
2023-03-21 03:26:22,076 - [INFO] - E:89|TAU:9.179 9.179, train_time: 11.85, VALID_time: 0.7817, loss: 1.402e+03, emb_loss:4.041e-05, best_valid(recall@20): 0.1833
valid 	 N@10: 0.1362, R@10: 0.1275, P@10: 0.07697
valid 	 N@20: 0.1525, R@20: 0.183, P@20: 0.05601
valid 	 N@50: 0.184, R@50: 0.283, P@50: 0.03532

6.42559676954453
2023-03-21 03:26:22,111 - [INFO] - current w_0 is 9.17942388767301
2023-03-21 03:26:34,794 - [INFO] - E:90|TAU:9.179 9.179, train_time: 11.88, VALID_time: 0.7981, loss: 1.402e+03, emb_loss:4.091e-05, best_valid(recall@20): 0.1833
valid 	 N@10: 0.1361, R@10: 0.1274, P@10: 0.07687
valid 	 N@20: 0.1525, R@20: 0.183, P@20: 0.056
valid 	 N@50: 0.184, R@50: 0.2831, P@50: 0.03531

6.42559676954453
2023-03-21 03:26:34,835 - [INFO] - current w_0 is 9.17942388767301
2023-03-21 03:26:47,563 - [INFO] - E:91|TAU:9.179 9.179, train_time: 11.83, VALID_time: 0.8949, loss: 1.402e+03, emb_loss:4.141e-05, best_valid(recall@20): 0.1833
valid 	 N@10: 0.1361, R@10: 0.1274, P@10: 0.07693
valid 	 N@20: 0.1527, R@20: 0.1835, P@20: 0.05608
valid 	 N@50: 0.1841, R@50: 0.2833, P@50: 0.03534

6.42559676954453
2023-03-21 03:26:47,649 - [INFO] - current w_0 is 9.17942388767301
2023-03-21 03:27:00,237 - [INFO] - E:92|TAU:9.179 9.179, train_time: 11.81, VALID_time: 0.774, loss: 1.402e+03, emb_loss:4.191e-05, best_valid(recall@20): 0.1835
valid 	 N@10: 0.136, R@10: 0.1271, P@10: 0.07679
valid 	 N@20: 0.1526, R@20: 0.1834, P@20: 0.05601
valid 	 N@50: 0.1841, R@50: 0.2832, P@50: 0.03535

6.42559676954453
2023-03-21 03:27:00,272 - [INFO] - current w_0 is 9.17942388767301
2023-03-21 03:27:12,960 - [INFO] - E:93|TAU:9.179 9.179, train_time: 11.89, VALID_time: 0.7932, loss: 1.402e+03, emb_loss:4.24e-05, best_valid(recall@20): 0.1835
valid 	 N@10: 0.136, R@10: 0.1272, P@10: 0.07679
valid 	 N@20: 0.1525, R@20: 0.1832, P@20: 0.056
valid 	 N@50: 0.1841, R@50: 0.2832, P@50: 0.03533

6.42559676954453
2023-03-21 03:27:12,996 - [INFO] - current w_0 is 9.17942388767301
2023-03-21 03:27:25,715 - [INFO] - E:94|TAU:9.179 9.179, train_time: 11.93, VALID_time: 0.7918, loss: 1.402e+03, emb_loss:4.29e-05, best_valid(recall@20): 0.1835
valid 	 N@10: 0.136, R@10: 0.1273, P@10: 0.0769
valid 	 N@20: 0.1525, R@20: 0.1832, P@20: 0.05602
valid 	 N@50: 0.1841, R@50: 0.2833, P@50: 0.03535

6.42559676954453
2023-03-21 03:27:25,756 - [INFO] - current w_0 is 9.17942388767301
2023-03-21 03:27:38,437 - [INFO] - E:95|TAU:9.179 9.179, train_time: 11.87, VALID_time: 0.8089, loss: 1.401e+03, emb_loss:4.34e-05, best_valid(recall@20): 0.1835
valid 	 N@10: 0.1361, R@10: 0.1274, P@10: 0.07691
valid 	 N@20: 0.1525, R@20: 0.183, P@20: 0.056
valid 	 N@50: 0.1841, R@50: 0.2834, P@50: 0.03535

6.42559676954453
2023-03-21 03:27:38,473 - [INFO] - current w_0 is 9.17942388767301
2023-03-21 03:27:51,303 - [INFO] - E:96|TAU:9.179 9.179, train_time: 11.87, VALID_time: 0.9596, loss: 1.401e+03, emb_loss:4.39e-05, best_valid(recall@20): 0.1835
valid 	 N@10: 0.1361, R@10: 0.1276, P@10: 0.07699
valid 	 N@20: 0.1524, R@20: 0.183, P@20: 0.05598
valid 	 N@50: 0.184, R@50: 0.2832, P@50: 0.03533

6.42559676954453
2023-03-21 03:27:51,349 - [INFO] - current w_0 is 9.17942388767301
2023-03-21 03:28:04,156 - [INFO] - E:97|TAU:9.179 9.179, train_time: 11.92, VALID_time: 0.8881, loss: 1.401e+03, emb_loss:4.44e-05, best_valid(recall@20): 0.1835
valid 	 N@10: 0.1362, R@10: 0.1276, P@10: 0.07698
valid 	 N@20: 0.1525, R@20: 0.1829, P@20: 0.05597
valid 	 N@50: 0.1842, R@50: 0.2834, P@50: 0.03538

6.42559676954453
2023-03-21 03:28:04,196 - [INFO] - current w_0 is 9.17942388767301
2023-03-21 03:28:16,910 - [INFO] - E:98|TAU:9.179 9.179, train_time: 11.89, VALID_time: 0.8273, loss: 1.401e+03, emb_loss:4.49e-05, best_valid(recall@20): 0.1835
valid 	 N@10: 0.1362, R@10: 0.1277, P@10: 0.07699
valid 	 N@20: 0.1525, R@20: 0.1832, P@20: 0.056
valid 	 N@50: 0.1842, R@50: 0.2834, P@50: 0.03537

6.42559676954453
2023-03-21 03:28:16,953 - [INFO] - current w_0 is 9.17942388767301
2023-03-21 03:28:29,601 - [INFO] - E:99|TAU:9.179 9.179, train_time: 11.86, VALID_time: 0.7825, loss: 1.401e+03, emb_loss:4.54e-05, best_valid(recall@20): 0.1835
valid 	 N@10: 0.1361, R@10: 0.1275, P@10: 0.07698
valid 	 N@20: 0.1525, R@20: 0.1832, P@20: 0.056
valid 	 N@50: 0.1842, R@50: 0.2836, P@50: 0.03538

2023-03-21 03:28:29,651 - [INFO] - current w_0 is 10.950143814086914
2023-03-21 03:28:42,305 - [INFO] - E:100|TAU:10.95 10.95, train_time: 11.89, VALID_time: 0.774, loss: 1.255e+03, emb_loss:4.483e-05, best_valid(recall@20): 0.1835
valid 	 N@10: 0.136, R@10: 0.1284, P@10: 0.07663
valid 	 N@20: 0.1526, R@20: 0.1841, P@20: 0.05568
valid 	 N@50: 0.184, R@50: 0.2836, P@50: 0.03505

2023-03-21 03:28:42,410 - [INFO] - current w_0 is 11.29516887664795
2023-03-21 03:28:55,096 - [INFO] - E:101|TAU:11.3 11.3, train_time: 11.89, VALID_time: 0.8097, loss: 1.223e+03, emb_loss:4.446e-05, best_valid(recall@20): 0.1841
valid 	 N@10: 0.1356, R@10: 0.1282, P@10: 0.07626
valid 	 N@20: 0.1523, R@20: 0.1839, P@20: 0.05547
valid 	 N@50: 0.1835, R@50: 0.2826, P@50: 0.03488

2023-03-21 03:28:55,154 - [INFO] - current w_0 is 11.41120433807373
2023-03-21 03:29:07,822 - [INFO] - E:102|TAU:11.41 11.41, train_time: 11.92, VALID_time: 0.7664, loss: 1.211e+03, emb_loss:4.46e-05, best_valid(recall@20): 0.1841
valid 	 N@10: 0.1352, R@10: 0.1278, P@10: 0.07604
valid 	 N@20: 0.152, R@20: 0.1838, P@20: 0.05538
valid 	 N@50: 0.183, R@50: 0.2817, P@50: 0.03477

2023-03-21 03:29:07,873 - [INFO] - current w_0 is 11.461145401000977
2023-03-21 03:29:20,470 - [INFO] - E:103|TAU:11.46 11.46, train_time: 11.86, VALID_time: 0.7494, loss: 1.205e+03, emb_loss:4.491e-05, best_valid(recall@20): 0.1841
valid 	 N@10: 0.135, R@10: 0.1276, P@10: 0.07588
valid 	 N@20: 0.1517, R@20: 0.1831, P@20: 0.0552
valid 	 N@50: 0.1825, R@50: 0.2807, P@50: 0.03464

2023-03-21 03:29:20,520 - [INFO] - current w_0 is 11.492454528808594
2023-03-21 03:29:33,198 - [INFO] - E:104|TAU:11.49 11.49, train_time: 11.91, VALID_time: 0.7834, loss: 1.201e+03, emb_loss:4.526e-05, best_valid(recall@20): 0.1841
valid 	 N@10: 0.1348, R@10: 0.1273, P@10: 0.07574
valid 	 N@20: 0.1513, R@20: 0.1826, P@20: 0.05506
valid 	 N@50: 0.1822, R@50: 0.2802, P@50: 0.03456

2023-03-21 03:29:33,262 - [INFO] - current w_0 is 11.514701843261719
2023-03-21 03:29:45,869 - [INFO] - E:105|TAU:11.51 11.51, train_time: 11.85, VALID_time: 0.7667, loss: 1.199e+03, emb_loss:4.564e-05, best_valid(recall@20): 0.1841
valid 	 N@10: 0.135, R@10: 0.1276, P@10: 0.07595
valid 	 N@20: 0.1513, R@20: 0.1825, P@20: 0.05499
valid 	 N@50: 0.1822, R@50: 0.2803, P@50: 0.03456

2023-03-21 03:29:45,919 - [INFO] - current w_0 is 11.528487205505371
2023-03-21 03:29:58,609 - [INFO] - E:106|TAU:11.53 11.53, train_time: 11.93, VALID_time: 0.7774, loss: 1.196e+03, emb_loss:4.604e-05, best_valid(recall@20): 0.1841
valid 	 N@10: 0.1347, R@10: 0.1275, P@10: 0.07588
valid 	 N@20: 0.151, R@20: 0.1824, P@20: 0.05494
valid 	 N@50: 0.1817, R@50: 0.2796, P@50: 0.03448

2023-03-21 03:29:58,665 - [INFO] - current w_0 is 11.538895606994629
2023-03-21 03:30:11,315 - [INFO] - E:107|TAU:11.54 11.54, train_time: 11.87, VALID_time: 0.7939, loss: 1.195e+03, emb_loss:4.646e-05, best_valid(recall@20): 0.1841
valid 	 N@10: 0.1345, R@10: 0.1273, P@10: 0.07566
valid 	 N@20: 0.1509, R@20: 0.1823, P@20: 0.05489
valid 	 N@50: 0.1816, R@50: 0.2797, P@50: 0.03449

2023-03-21 03:30:11,365 - [INFO] - current w_0 is 11.549859046936035
2023-03-21 03:30:24,028 - [INFO] - E:108|TAU:11.55 11.55, train_time: 11.91, VALID_time: 0.7663, loss: 1.194e+03, emb_loss:4.687e-05, best_valid(recall@20): 0.1841
valid 	 N@10: 0.1344, R@10: 0.1271, P@10: 0.07559
valid 	 N@20: 0.1508, R@20: 0.1822, P@20: 0.05485
valid 	 N@50: 0.1816, R@50: 0.2795, P@50: 0.03446

2023-03-21 03:30:24,079 - [INFO] - current w_0 is 11.55673599243164
2023-03-21 03:30:36,779 - [INFO] - E:109|TAU:11.56 11.56, train_time: 11.91, VALID_time: 0.8073, loss: 1.193e+03, emb_loss:4.729e-05, best_valid(recall@20): 0.1841
valid 	 N@10: 0.1343, R@10: 0.1271, P@10: 0.07557
valid 	 N@20: 0.1506, R@20: 0.1821, P@20: 0.05478
valid 	 N@50: 0.1813, R@50: 0.279, P@50: 0.0344

2023-03-21 03:30:36,835 - [INFO] - current w_0 is 11.562971115112305
2023-03-21 03:30:49,930 - [INFO] - E:110|TAU:11.56 11.56, train_time: 11.85, VALID_time: 1.264, loss: 1.192e+03, emb_loss:4.772e-05, best_valid(recall@20): 0.1841
valid 	 N@10: 0.1346, R@10: 0.1275, P@10: 0.0757
valid 	 N@20: 0.1507, R@20: 0.1818, P@20: 0.05478
valid 	 N@50: 0.1814, R@50: 0.279, P@50: 0.0344

2023-03-21 03:30:49,983 - [INFO] - current w_0 is 11.568377494812012
2023-03-21 03:31:02,670 - [INFO] - E:111|TAU:11.57 11.57, train_time: 11.85, VALID_time: 0.8547, loss: 1.191e+03, emb_loss:4.816e-05, best_valid(recall@20): 0.1841
valid 	 N@10: 0.1345, R@10: 0.1273, P@10: 0.07573
valid 	 N@20: 0.1507, R@20: 0.182, P@20: 0.05484
valid 	 N@50: 0.1814, R@50: 0.2793, P@50: 0.03442

2023-03-21 03:31:02,722 - [INFO] - current w_0 is 11.568366050720215
2023-03-21 03:31:15,396 - [INFO] - E:112|TAU:11.57 11.57, train_time: 11.9, VALID_time: 0.7891, loss: 1.191e+03, emb_loss:4.86e-05, best_valid(recall@20): 0.1841
valid 	 N@10: 0.1345, R@10: 0.1275, P@10: 0.07574
valid 	 N@20: 0.1507, R@20: 0.1819, P@20: 0.05486
valid 	 N@50: 0.1814, R@50: 0.2792, P@50: 0.03441

2023-03-21 03:31:15,454 - [INFO] - current w_0 is 11.569998741149902
2023-03-21 03:31:28,142 - [INFO] - E:113|TAU:11.57 11.57, train_time: 11.9, VALID_time: 0.8047, loss: 1.19e+03, emb_loss:4.904e-05, best_valid(recall@20): 0.1841
valid 	 N@10: 0.1344, R@10: 0.1271, P@10: 0.07552
valid 	 N@20: 0.1507, R@20: 0.1818, P@20: 0.05479
valid 	 N@50: 0.1813, R@50: 0.2787, P@50: 0.03436

2023-03-21 03:31:28,197 - [INFO] - current w_0 is 11.574311256408691
2023-03-21 03:31:40,914 - [INFO] - E:114|TAU:11.57 11.57, train_time: 11.92, VALID_time: 0.8107, loss: 1.19e+03, emb_loss:4.949e-05, best_valid(recall@20): 0.1841
valid 	 N@10: 0.1344, R@10: 0.1271, P@10: 0.07558
valid 	 N@20: 0.1507, R@20: 0.1817, P@20: 0.05479
valid 	 N@50: 0.1813, R@50: 0.2786, P@50: 0.03435

2023-03-21 03:31:40,967 - [INFO] - current w_0 is 11.57763671875
2023-03-21 03:31:53,655 - [INFO] - E:115|TAU:11.58 11.58, train_time: 11.91, VALID_time: 0.7908, loss: 1.189e+03, emb_loss:4.992e-05, best_valid(recall@20): 0.1841
valid 	 N@10: 0.1344, R@10: 0.127, P@10: 0.07562
valid 	 N@20: 0.1505, R@20: 0.1815, P@20: 0.05473
valid 	 N@50: 0.1812, R@50: 0.2789, P@50: 0.03436

2023-03-21 03:31:53,705 - [INFO] - current w_0 is 11.578937530517578
2023-03-21 03:32:06,281 - [INFO] - E:116|TAU:11.58 11.58, train_time: 11.89, VALID_time: 0.6967, loss: 1.189e+03, emb_loss:5.037e-05, best_valid(recall@20): 0.1841
valid 	 N@10: 0.1344, R@10: 0.1272, P@10: 0.07553
valid 	 N@20: 0.1507, R@20: 0.1819, P@20: 0.05482
valid 	 N@50: 0.1813, R@50: 0.2788, P@50: 0.03436

2023-03-21 03:32:06,338 - [INFO] - current w_0 is 11.581077575683594
2023-03-21 03:32:18,953 - [INFO] - E:117|TAU:11.58 11.58, train_time: 11.85, VALID_time: 0.776, loss: 1.188e+03, emb_loss:5.081e-05, best_valid(recall@20): 0.1841
valid 	 N@10: 0.1342, R@10: 0.127, P@10: 0.07545
valid 	 N@20: 0.1505, R@20: 0.1816, P@20: 0.05476
valid 	 N@50: 0.1811, R@50: 0.2786, P@50: 0.03435

2023-03-21 03:32:19,009 - [INFO] - current w_0 is 11.585053443908691
2023-03-21 03:32:31,720 - [INFO] - E:118|TAU:11.59 11.59, train_time: 11.9, VALID_time: 0.8293, loss: 1.188e+03, emb_loss:5.126e-05, best_valid(recall@20): 0.1841
valid 	 N@10: 0.1343, R@10: 0.1272, P@10: 0.07551
valid 	 N@20: 0.1505, R@20: 0.1816, P@20: 0.05473
valid 	 N@50: 0.1811, R@50: 0.2787, P@50: 0.03435

2023-03-21 03:32:31,778 - [INFO] - current w_0 is 11.585872650146484
2023-03-21 03:32:44,434 - [INFO] - E:119|TAU:11.59 11.59, train_time: 11.89, VALID_time: 0.7809, loss: 1.188e+03, emb_loss:5.171e-05, best_valid(recall@20): 0.1841
valid 	 N@10: 0.1342, R@10: 0.127, P@10: 0.07548
valid 	 N@20: 0.1506, R@20: 0.1819, P@20: 0.0548
valid 	 N@50: 0.1812, R@50: 0.2787, P@50: 0.03435

2023-03-21 03:32:44,485 - [INFO] - current w_0 is 11.589672088623047
2023-03-21 03:32:57,150 - [INFO] - E:120|TAU:11.59 11.59, train_time: 11.88, VALID_time: 0.7972, loss: 1.188e+03, emb_loss:5.215e-05, best_valid(recall@20): 0.1841
valid 	 N@10: 0.1343, R@10: 0.1271, P@10: 0.07556
valid 	 N@20: 0.1505, R@20: 0.1817, P@20: 0.05472
valid 	 N@50: 0.1811, R@50: 0.2785, P@50: 0.03433

2023-03-21 03:32:57,205 - [INFO] - current w_0 is 11.589223861694336
2023-03-21 03:33:09,724 - [INFO] - E:121|TAU:11.59 11.59, train_time: 11.76, VALID_time: 0.777, loss: 1.187e+03, emb_loss:5.26e-05, best_valid(recall@20): 0.1841
valid 	 N@10: 0.1342, R@10: 0.1267, P@10: 0.07536
valid 	 N@20: 0.1506, R@20: 0.1816, P@20: 0.05469
valid 	 N@50: 0.1813, R@50: 0.2789, P@50: 0.03437

2023-03-21 03:33:09,775 - [INFO] - current w_0 is 11.592333793640137
2023-03-21 03:33:22,487 - [INFO] - E:122|TAU:11.59 11.59, train_time: 11.95, VALID_time: 0.7779, loss: 1.187e+03, emb_loss:5.306e-05, best_valid(recall@20): 0.1841
valid 	 N@10: 0.1342, R@10: 0.1268, P@10: 0.0754
valid 	 N@20: 0.1505, R@20: 0.1815, P@20: 0.0547
valid 	 N@50: 0.1812, R@50: 0.2789, P@50: 0.03435

2023-03-21 03:33:22,545 - [INFO] - current w_0 is 11.592205047607422
2023-03-21 03:33:35,183 - [INFO] - E:123|TAU:11.59 11.59, train_time: 11.85, VALID_time: 0.8061, loss: 1.187e+03, emb_loss:5.351e-05, best_valid(recall@20): 0.1841
valid 	 N@10: 0.1343, R@10: 0.1271, P@10: 0.07549
valid 	 N@20: 0.1504, R@20: 0.1813, P@20: 0.05464
valid 	 N@50: 0.1812, R@50: 0.2787, P@50: 0.03436

2023-03-21 03:33:35,240 - [INFO] - current w_0 is 11.593942642211914
2023-03-21 03:33:47,982 - [INFO] - E:124|TAU:11.59 11.59, train_time: 11.89, VALID_time: 0.8693, loss: 1.186e+03, emb_loss:5.395e-05, best_valid(recall@20): 0.1841
valid 	 N@10: 0.1342, R@10: 0.1269, P@10: 0.07542
valid 	 N@20: 0.1504, R@20: 0.1814, P@20: 0.05467
valid 	 N@50: 0.1812, R@50: 0.2789, P@50: 0.03437

2023-03-21 03:33:48,033 - [INFO] - current w_0 is 11.595829010009766
2023-03-21 03:34:00,720 - [INFO] - E:125|TAU:11.6 11.6, train_time: 11.89, VALID_time: 0.8069, loss: 1.186e+03, emb_loss:5.441e-05, best_valid(recall@20): 0.1841
valid 	 N@10: 0.1341, R@10: 0.1269, P@10: 0.07536
valid 	 N@20: 0.1504, R@20: 0.1814, P@20: 0.05471
valid 	 N@50: 0.1811, R@50: 0.2787, P@50: 0.03437

2023-03-21 03:34:00,771 - [INFO] - current w_0 is 11.59742259979248
2023-03-21 03:34:13,457 - [INFO] - E:126|TAU:11.6 11.6, train_time: 11.9, VALID_time: 0.7982, loss: 1.186e+03, emb_loss:5.486e-05, best_valid(recall@20): 0.1841
valid 	 N@10: 0.1342, R@10: 0.1267, P@10: 0.07533
valid 	 N@20: 0.1505, R@20: 0.1814, P@20: 0.05471
valid 	 N@50: 0.1813, R@50: 0.2789, P@50: 0.03439

2023-03-21 03:34:13,507 - [INFO] - current w_0 is 11.596778869628906
2023-03-21 03:34:26,256 - [INFO] - E:127|TAU:11.6 11.6, train_time: 11.96, VALID_time: 0.8038, loss: 1.186e+03, emb_loss:5.532e-05, best_valid(recall@20): 0.1841
valid 	 N@10: 0.1342, R@10: 0.127, P@10: 0.07535
valid 	 N@20: 0.1504, R@20: 0.1813, P@20: 0.05467
valid 	 N@50: 0.1812, R@50: 0.2789, P@50: 0.03438

2023-03-21 03:34:26,311 - [INFO] - current w_0 is 11.600401878356934
2023-03-21 03:34:38,998 - [INFO] - E:128|TAU:11.6 11.6, train_time: 11.91, VALID_time: 0.7888, loss: 1.185e+03, emb_loss:5.577e-05, best_valid(recall@20): 0.1841
valid 	 N@10: 0.1343, R@10: 0.127, P@10: 0.07543
valid 	 N@20: 0.1505, R@20: 0.1815, P@20: 0.05471
valid 	 N@50: 0.1812, R@50: 0.2787, P@50: 0.03435

2023-03-21 03:34:39,049 - [INFO] - current w_0 is 11.599419593811035
2023-03-21 03:34:52,053 - [INFO] - E:129|TAU:11.6 11.6, train_time: 11.87, VALID_time: 1.149, loss: 1.185e+03, emb_loss:5.623e-05, best_valid(recall@20): 0.1841
valid 	 N@10: 0.1342, R@10: 0.1269, P@10: 0.07542
valid 	 N@20: 0.1504, R@20: 0.1813, P@20: 0.05465
valid 	 N@50: 0.1812, R@50: 0.279, P@50: 0.03437

2023-03-21 03:34:52,112 - [INFO] - current w_0 is 11.59835147857666
2023-03-21 03:35:04,910 - [INFO] - E:130|TAU:11.6 11.6, train_time: 11.98, VALID_time: 0.8329, loss: 1.185e+03, emb_loss:5.669e-05, best_valid(recall@20): 0.1841
valid 	 N@10: 0.1344, R@10: 0.1272, P@10: 0.07554
valid 	 N@20: 0.1503, R@20: 0.181, P@20: 0.0546
valid 	 N@50: 0.1812, R@50: 0.2788, P@50: 0.03436

2023-03-21 03:35:04,964 - [INFO] - current w_0 is 11.60017204284668
2023-03-21 03:35:17,674 - [INFO] - E:131|TAU:11.6 11.6, train_time: 11.96, VALID_time: 0.7616, loss: 1.185e+03, emb_loss:5.714e-05, best_valid(recall@20): 0.1841
valid 	 N@10: 0.1343, R@10: 0.127, P@10: 0.07545
valid 	 N@20: 0.1504, R@20: 0.1813, P@20: 0.05465
valid 	 N@50: 0.1813, R@50: 0.279, P@50: 0.0344

2023-03-21 03:35:17,731 - [INFO] - current w_0 is 11.60035228729248
2023-03-21 03:35:30,390 - [INFO] - E:132|TAU:11.6 11.6, train_time: 11.91, VALID_time: 0.7589, loss: 1.184e+03, emb_loss:5.759e-05, best_valid(recall@20): 0.1841
valid 	 N@10: 0.1342, R@10: 0.127, P@10: 0.0755
valid 	 N@20: 0.1503, R@20: 0.1812, P@20: 0.05463
valid 	 N@50: 0.1811, R@50: 0.2787, P@50: 0.03435

2023-03-21 03:35:30,445 - [INFO] - current w_0 is 11.601618766784668
2023-03-21 03:35:43,134 - [INFO] - E:133|TAU:11.6 11.6, train_time: 11.9, VALID_time: 0.806, loss: 1.184e+03, emb_loss:5.805e-05, best_valid(recall@20): 0.1841
valid 	 N@10: 0.1343, R@10: 0.127, P@10: 0.0755
valid 	 N@20: 0.1504, R@20: 0.1813, P@20: 0.05464
valid 	 N@50: 0.1811, R@50: 0.2787, P@50: 0.03435

2023-03-21 03:35:43,194 - [INFO] - current w_0 is 11.60106086730957
2023-03-21 03:35:55,889 - [INFO] - E:134|TAU:11.6 11.6, train_time: 11.9, VALID_time: 0.8091, loss: 1.184e+03, emb_loss:5.851e-05, best_valid(recall@20): 0.1841
valid 	 N@10: 0.1344, R@10: 0.1271, P@10: 0.07553
valid 	 N@20: 0.1506, R@20: 0.1815, P@20: 0.05471
valid 	 N@50: 0.1813, R@50: 0.2787, P@50: 0.03434

2023-03-21 03:35:55,946 - [INFO] - current w_0 is 11.602538108825684
2023-03-21 03:36:08,676 - [INFO] - E:135|TAU:11.6 11.6, train_time: 11.99, VALID_time: 0.7569, loss: 1.184e+03, emb_loss:5.896e-05, best_valid(recall@20): 0.1841
valid 	 N@10: 0.1343, R@10: 0.1271, P@10: 0.07552
valid 	 N@20: 0.1505, R@20: 0.1816, P@20: 0.05473
valid 	 N@50: 0.1812, R@50: 0.2788, P@50: 0.03435

2023-03-21 03:36:08,731 - [INFO] - current w_0 is 11.603551864624023
2023-03-21 03:36:21,413 - [INFO] - E:136|TAU:11.6 11.6, train_time: 11.89, VALID_time: 0.8044, loss: 1.184e+03, emb_loss:5.941e-05, best_valid(recall@20): 0.1841
valid 	 N@10: 0.1344, R@10: 0.1271, P@10: 0.07555
valid 	 N@20: 0.1506, R@20: 0.1817, P@20: 0.05473
valid 	 N@50: 0.1812, R@50: 0.2788, P@50: 0.03434

2023-03-21 03:36:21,470 - [INFO] - current w_0 is 11.60448932647705
2023-03-21 03:36:34,168 - [INFO] - E:137|TAU:11.6 11.6, train_time: 11.92, VALID_time: 0.7907, loss: 1.183e+03, emb_loss:5.987e-05, best_valid(recall@20): 0.1841
valid 	 N@10: 0.1342, R@10: 0.1268, P@10: 0.07541
valid 	 N@20: 0.1505, R@20: 0.1817, P@20: 0.05472
valid 	 N@50: 0.1812, R@50: 0.279, P@50: 0.03435

2023-03-21 03:36:34,218 - [INFO] - current w_0 is 11.606877326965332
2023-03-21 03:36:46,972 - [INFO] - E:138|TAU:11.61 11.61, train_time: 11.93, VALID_time: 0.8418, loss: 1.183e+03, emb_loss:6.032e-05, best_valid(recall@20): 0.1841
valid 	 N@10: 0.1343, R@10: 0.1271, P@10: 0.07553
valid 	 N@20: 0.1505, R@20: 0.1815, P@20: 0.05472
valid 	 N@50: 0.1812, R@50: 0.279, P@50: 0.03434

2023-03-21 03:36:47,023 - [INFO] - current w_0 is 11.604870796203613
2023-03-21 03:36:59,742 - [INFO] - E:139|TAU:11.6 11.6, train_time: 11.93, VALID_time: 0.8037, loss: 1.183e+03, emb_loss:6.078e-05, best_valid(recall@20): 0.1841
valid 	 N@10: 0.1341, R@10: 0.1269, P@10: 0.07547
valid 	 N@20: 0.1503, R@20: 0.1815, P@20: 0.05465
valid 	 N@50: 0.181, R@50: 0.2786, P@50: 0.03432

2023-03-21 03:36:59,803 - [INFO] - current w_0 is 11.606566429138184
2023-03-21 03:37:12,524 - [INFO] - E:140|TAU:11.61 11.61, train_time: 11.89, VALID_time: 0.8395, loss: 1.183e+03, emb_loss:6.124e-05, best_valid(recall@20): 0.1841
valid 	 N@10: 0.1342, R@10: 0.1268, P@10: 0.07541
valid 	 N@20: 0.1504, R@20: 0.1813, P@20: 0.05465
valid 	 N@50: 0.1812, R@50: 0.2788, P@50: 0.03432

2023-03-21 03:37:12,575 - [INFO] - current w_0 is 11.606025695800781
2023-03-21 03:37:25,298 - [INFO] - E:141|TAU:11.61 11.61, train_time: 11.92, VALID_time: 0.8208, loss: 1.183e+03, emb_loss:6.17e-05, best_valid(recall@20): 0.1841
valid 	 N@10: 0.1343, R@10: 0.1269, P@10: 0.07541
valid 	 N@20: 0.1505, R@20: 0.1814, P@20: 0.05465
valid 	 N@50: 0.1813, R@50: 0.279, P@50: 0.03437

2023-03-21 03:37:25,351 - [INFO] - current w_0 is 11.60501766204834
2023-03-21 03:37:39,406 - [INFO] - E:142|TAU:11.61 11.61, train_time: 11.88, VALID_time: 2.188, loss: 1.183e+03, emb_loss:6.216e-05, best_valid(recall@20): 0.1841
valid 	 N@10: 0.1342, R@10: 0.1269, P@10: 0.07545
valid 	 N@20: 0.1503, R@20: 0.1812, P@20: 0.05461
valid 	 N@50: 0.1811, R@50: 0.2787, P@50: 0.03433

2023-03-21 03:37:39,488 - [INFO] - current w_0 is 11.61016845703125
2023-03-21 03:37:52,521 - [INFO] - E:143|TAU:11.61 11.61, train_time: 12.28, VALID_time: 0.7664, loss: 1.182e+03, emb_loss:6.26e-05, best_valid(recall@20): 0.1841
valid 	 N@10: 0.1342, R@10: 0.1268, P@10: 0.07547
valid 	 N@20: 0.1504, R@20: 0.1814, P@20: 0.05466
valid 	 N@50: 0.1812, R@50: 0.2792, P@50: 0.03437

2023-03-21 03:37:52,572 - [INFO] - current w_0 is 11.607792854309082
2023-03-21 03:38:05,232 - [INFO] - E:144|TAU:11.61 11.61, train_time: 11.87, VALID_time: 0.8002, loss: 1.182e+03, emb_loss:6.306e-05, best_valid(recall@20): 0.1841
valid 	 N@10: 0.1343, R@10: 0.127, P@10: 0.07539
valid 	 N@20: 0.1506, R@20: 0.1817, P@20: 0.05473
valid 	 N@50: 0.1814, R@50: 0.2792, P@50: 0.03438

2023-03-21 03:38:05,293 - [INFO] - current w_0 is 11.606870651245117
2023-03-21 03:38:17,980 - [INFO] - E:145|TAU:11.61 11.61, train_time: 11.89, VALID_time: 0.8113, loss: 1.182e+03, emb_loss:6.352e-05, best_valid(recall@20): 0.1841
valid 	 N@10: 0.1342, R@10: 0.1269, P@10: 0.07543
valid 	 N@20: 0.1505, R@20: 0.1816, P@20: 0.05474
valid 	 N@50: 0.1813, R@50: 0.279, P@50: 0.03435

2023-03-21 03:38:18,036 - [INFO] - current w_0 is 11.60779857635498
2023-03-21 03:38:30,696 - [INFO] - E:146|TAU:11.61 11.61, train_time: 11.95, VALID_time: 0.7281, loss: 1.182e+03, emb_loss:6.399e-05, best_valid(recall@20): 0.1841
valid 	 N@10: 0.1342, R@10: 0.1269, P@10: 0.07547
valid 	 N@20: 0.1505, R@20: 0.1817, P@20: 0.05475
valid 	 N@50: 0.1812, R@50: 0.2789, P@50: 0.03436

2023-03-21 03:38:30,753 - [INFO] - current w_0 is 11.60922908782959
2023-03-21 03:38:43,377 - [INFO] - E:147|TAU:11.61 11.61, train_time: 11.88, VALID_time: 0.7541, loss: 1.182e+03, emb_loss:6.444e-05, best_valid(recall@20): 0.1841
valid 	 N@10: 0.1342, R@10: 0.1269, P@10: 0.07541
valid 	 N@20: 0.1505, R@20: 0.1816, P@20: 0.0547
valid 	 N@50: 0.1812, R@50: 0.2787, P@50: 0.03434

2023-03-21 03:38:43,434 - [INFO] - current w_0 is 11.608985900878906
2023-03-21 03:38:56,071 - [INFO] - E:148|TAU:11.61 11.61, train_time: 11.85, VALID_time: 0.7989, loss: 1.182e+03, emb_loss:6.489e-05, best_valid(recall@20): 0.1841
valid 	 N@10: 0.1343, R@10: 0.127, P@10: 0.07557
valid 	 N@20: 0.1506, R@20: 0.182, P@20: 0.05476
valid 	 N@50: 0.1812, R@50: 0.2788, P@50: 0.03433

2023-03-21 03:38:56,126 - [INFO] - current w_0 is 11.610763549804688
2023-03-21 03:39:08,747 - [INFO] - E:149|TAU:11.61 11.61, train_time: 11.85, VALID_time: 0.7862, loss: 1.182e+03, emb_loss:6.535e-05, best_valid(recall@20): 0.1841
valid 	 N@10: 0.1342, R@10: 0.1268, P@10: 0.07549
valid 	 N@20: 0.1506, R@20: 0.1818, P@20: 0.05474
valid 	 N@50: 0.1812, R@50: 0.2789, P@50: 0.03432

2023-03-21 03:39:08,798 - [INFO] - current w_0 is 11.611133575439453
2023-03-21 03:39:21,395 - [INFO] - E:150|TAU:11.61 11.61, train_time: 11.84, VALID_time: 0.7718, loss: 1.181e+03, emb_loss:6.58e-05, best_valid(recall@20): 0.1841
valid 	 N@10: 0.1343, R@10: 0.127, P@10: 0.07564
valid 	 N@20: 0.1506, R@20: 0.182, P@20: 0.05486
valid 	 N@50: 0.1813, R@50: 0.2791, P@50: 0.03437

2023-03-21 03:39:21,445 - [INFO] - current w_0 is 11.610989570617676
2023-03-21 03:39:34,091 - [INFO] - E:151|TAU:11.61 11.61, train_time: 11.87, VALID_time: 0.7921, loss: 1.181e+03, emb_loss:6.626e-05, best_valid(recall@20): 0.1841
valid 	 N@10: 0.134, R@10: 0.1269, P@10: 0.07545
valid 	 N@20: 0.1504, R@20: 0.1817, P@20: 0.05474
valid 	 N@50: 0.1811, R@50: 0.2789, P@50: 0.03435

2023-03-21 03:39:34,091 - [INFO] - start to test!!

2023-03-21 03:39:34,466 - [INFO] - 
TEST 	 N@10: 0.136, R@10: 0.1284, P@10: 0.07663
TEST 	 N@20: 0.1526, R@20: 0.1841, P@20: 0.05568
TEST 	 N@50: 0.184, R@50: 0.2836, P@50: 0.03505

