2023-03-21 11:15:22,926 - [INFO] - {'dataset': 'gowalla', 'data_path': './data/', 'name': 'gowalla_LGN_mode_weight_mean_no_sample_nocosine_TAU_Adap_tau_Loss_2048_1024_lr_1e-3_l2_1e-5_t1_0.8_t2_0.6_nodrop_21_03_2023_11:15:22', 'train_ratio': 0.8, 'gnn': 'lgn_simplex', 'epoch': 1000, 'batch_size': 2048, 'test_batch_size': 2048, 'dim': 64, 'l2': 1e-05, 'lr': 0.001, 'mess_dropout': False, 'mess_dropout_rate': 0.1, 'edge_dropout': False, 'edge_dropout_rate': 0.1, 'batch_test_flag': True, 'ns': 'uniform', 'K': 1, 'n_negs': 1024, 'pool': 'mean', 'cuda': True, 'gpu_id': 0, 'Ks': '[10, 20, 50]', 'test_flag': 'part', 'context_hops': 3, 'eval_earlystop': 'recall@20', 'tau_plus': 0.1, 'temperature': 0.8, 'beta': 1.0, 'sample_num': 2048, 's_neg': 64, 's_pos': 64, 'norm_change': False, 'norm_path': None, 'u_norm': True, 'i_norm': True, 'alpha': 0.1, 'save': False, 'save_analyses': False, 'log_hard_rate': False, 'norm_before': False, 'norm_after': False, 'batch_var': False, 'out_dir': './weights/', 'log_dir': './log/', 'config_dir': './config/', 'restore': False, 'bash_train': False, 'emb_l2': False, 'lam': 0.1, 'lam_per_epoch': 0.1, 'margin': 0.9, 'negative_weight': 150, 'loss_fn': 'Adap_tau_Loss', 'sampling_method': 'no_sample', 'load_name': 'uniform', 'generate_mode': 'nocosine', 'reweight_period': 5, 'mix_target': 'mix_target', 'mask_distribution': 'mask_distribution', 'neg_alpha': 1.6, 'pos_alpha': 2.0, 'dim_mask': 'both', 'expolation_mask': False, 'mix_replace': False, 'save_emb': False, 'sample_replace': False, 'init_norm': 'uniform', 'init_mean': 2.0, 'init_std': 2.0, 'pop_pow': 1.0, 'save_mle': False, 'l2_mode': 'static', 'temperature_2': 0.6, 'temperature_3': 1.0, 'group_valid': False, 'score_save': 'alpha', 'tau_min': 0.05, 'tau_max': 0.15, 'm': 0.9, 'pow_rate': 0.9, 't_min': 0.05, 't_max': 0.15, 't_epoch': 0.01, 't_patience': 10, 'tau_mode': 'weight_mean', 'pos_num': 10, 'beta_1': 10, 'beta_2': 10, 'kl_mode': 'kl', 'lam_bank': False, 'neg_rate': '', 'trans_mode': 'minmax', 'pos_memory_func': 'v1', 'tau_memory_func': 'v1', 'kl_memory_fun': 'v0', 'm_tau': 0.9, 'just_lr': False, 'min_lr': 1e-06, 'cnt_lr': 100, 'pos_mode': 'feed_loss'}
2023-03-21 11:15:24,070 - [INFO] - load train.txt
2023-03-21 11:15:26,688 - [INFO] - building the adj mat ...
2023-03-21 11:15:27,030 - [INFO] - train set len is 810128
2023-03-21 11:15:27,030 - [INFO] - test set len is 217242
2023-03-21 11:15:27,030 - [INFO] - loading over ...
2023-03-21 11:15:27,030 - [INFO] - users are 29858 items are 40981
Adap_tau_Loss
start to make tables
2023-03-21 11:15:43,579 - [INFO] - Evaluation Protocols is 1 @ 20
2023-03-21 11:15:43,579 - [INFO] - start training ...
6.42559676954453
2023-03-21 11:15:43,758 - [INFO] - current w_0 is 9.17942388767301
2023-03-21 11:15:58,895 - [INFO] - E:0|TAU:9.179 9.179, train_time: 14.38, VALID_time: 0.7566, loss: 1.811e+03, emb_loss:2.862e-07, best_valid(recall@20): -inf
valid 	 N@10: 0.1238, R@10: 0.1156, P@10: 0.07046
valid 	 N@20: 0.1382, R@20: 0.1659, P@20: 0.05092
valid 	 N@50: 0.1679, R@50: 0.2612, P@50: 0.03245

6.42559676954453
2023-03-21 11:15:58,943 - [INFO] - current w_0 is 9.17942388767301
2023-03-21 11:16:09,364 - [INFO] - E:1|TAU:6.244 24.95, train_time: 9.601, VALID_time: 0.8181, loss: 1.736e+03, emb_loss:5.767e-07, best_valid(recall@20): 0.1659
valid 	 N@10: 0.1245, R@10: 0.1143, P@10: 0.07075
valid 	 N@20: 0.1385, R@20: 0.1645, P@20: 0.05121
valid 	 N@50: 0.1657, R@50: 0.252, P@50: 0.03204

6.42559676954453
2023-03-21 11:16:09,388 - [INFO] - current w_0 is 9.17942388767301
2023-03-21 11:16:19,717 - [INFO] - E:2|TAU:6.534 23.52, train_time: 9.753, VALID_time: 0.5751, loss: 1.529e+03, emb_loss:8.708e-07, best_valid(recall@20): 0.1659
valid 	 N@10: 0.1316, R@10: 0.1214, P@10: 0.07457
valid 	 N@20: 0.1465, R@20: 0.1741, P@20: 0.05407
valid 	 N@50: 0.1768, R@50: 0.2712, P@50: 0.03421

6.42559676954453
2023-03-21 11:16:19,759 - [INFO] - current w_0 is 9.17942388767301
2023-03-21 11:16:30,083 - [INFO] - E:3|TAU:6.505 24.85, train_time: 9.598, VALID_time: 0.7244, loss: 1.506e+03, emb_loss:1.121e-06, best_valid(recall@20): 0.1741
valid 	 N@10: 0.134, R@10: 0.1244, P@10: 0.07614
valid 	 N@20: 0.1494, R@20: 0.1786, P@20: 0.05524
valid 	 N@50: 0.1804, R@50: 0.2777, P@50: 0.03485

6.42559676954453
2023-03-21 11:16:30,127 - [INFO] - current w_0 is 9.17942388767301
2023-03-21 11:16:40,413 - [INFO] - E:4|TAU:6.496 22.39, train_time: 9.57, VALID_time: 0.715, loss: 1.483e+03, emb_loss:1.376e-06, best_valid(recall@20): 0.1786
valid 	 N@10: 0.1369, R@10: 0.1271, P@10: 0.07748
valid 	 N@20: 0.1523, R@20: 0.1817, P@20: 0.05607
valid 	 N@50: 0.1834, R@50: 0.2814, P@50: 0.03524

6.42559676954453
2023-03-21 11:16:40,464 - [INFO] - current w_0 is 9.17942388767301
2023-03-21 11:16:50,796 - [INFO] - E:5|TAU:6.514 20.42, train_time: 9.601, VALID_time: 0.7296, loss: 1.47e+03, emb_loss:1.643e-06, best_valid(recall@20): 0.1817
valid 	 N@10: 0.1374, R@10: 0.1277, P@10: 0.07801
valid 	 N@20: 0.1529, R@20: 0.1825, P@20: 0.05631
valid 	 N@50: 0.1843, R@50: 0.2833, P@50: 0.0355

6.42559676954453
2023-03-21 11:16:50,846 - [INFO] - current w_0 is 9.17942388767301
2023-03-21 11:17:01,208 - [INFO] - E:6|TAU:6.514 19.5, train_time: 9.648, VALID_time: 0.7134, loss: 1.46e+03, emb_loss:1.926e-06, best_valid(recall@20): 0.1825
valid 	 N@10: 0.138, R@10: 0.1284, P@10: 0.07814
valid 	 N@20: 0.1537, R@20: 0.1834, P@20: 0.05655
valid 	 N@50: 0.1849, R@50: 0.2836, P@50: 0.03553

6.42559676954453
2023-03-21 11:17:01,259 - [INFO] - current w_0 is 9.17942388767301
2023-03-21 11:17:11,702 - [INFO] - E:7|TAU:6.524 19.95, train_time: 9.708, VALID_time: 0.7333, loss: 1.454e+03, emb_loss:2.22e-06, best_valid(recall@20): 0.1834
valid 	 N@10: 0.1386, R@10: 0.1289, P@10: 0.07868
valid 	 N@20: 0.1541, R@20: 0.1837, P@20: 0.05671
valid 	 N@50: 0.1857, R@50: 0.2851, P@50: 0.03575

6.42559676954453
2023-03-21 11:17:11,754 - [INFO] - current w_0 is 9.17942388767301
2023-03-21 11:17:22,110 - [INFO] - E:8|TAU:6.516 19.1, train_time: 9.643, VALID_time: 0.712, loss: 1.448e+03, emb_loss:2.529e-06, best_valid(recall@20): 0.1837
valid 	 N@10: 0.1389, R@10: 0.1292, P@10: 0.07882
valid 	 N@20: 0.1548, R@20: 0.1851, P@20: 0.05698
valid 	 N@50: 0.1863, R@50: 0.2859, P@50: 0.03591

6.42559676954453
2023-03-21 11:17:22,171 - [INFO] - current w_0 is 9.17942388767301
2023-03-21 11:17:32,527 - [INFO] - E:9|TAU:6.52 18.82, train_time: 9.626, VALID_time: 0.7287, loss: 1.444e+03, emb_loss:2.853e-06, best_valid(recall@20): 0.1851
valid 	 N@10: 0.1392, R@10: 0.1294, P@10: 0.07886
valid 	 N@20: 0.1553, R@20: 0.1857, P@20: 0.05719
valid 	 N@50: 0.1868, R@50: 0.2864, P@50: 0.03594

6.42559676954453
2023-03-21 11:17:32,577 - [INFO] - current w_0 is 9.17942388767301
2023-03-21 11:17:43,027 - [INFO] - E:10|TAU:6.514 19.05, train_time: 9.63, VALID_time: 0.8197, loss: 1.44e+03, emb_loss:3.191e-06, best_valid(recall@20): 0.1857
valid 	 N@10: 0.1398, R@10: 0.13, P@10: 0.0792
valid 	 N@20: 0.1558, R@20: 0.1861, P@20: 0.05734
valid 	 N@50: 0.1874, R@50: 0.2872, P@50: 0.03606

6.42559676954453
2023-03-21 11:17:43,078 - [INFO] - current w_0 is 9.17942388767301
2023-03-21 11:17:53,581 - [INFO] - E:11|TAU:6.521 18.57, train_time: 9.749, VALID_time: 0.7534, loss: 1.436e+03, emb_loss:3.543e-06, best_valid(recall@20): 0.1861
valid 	 N@10: 0.1398, R@10: 0.1299, P@10: 0.07936
valid 	 N@20: 0.1558, R@20: 0.1862, P@20: 0.05737
valid 	 N@50: 0.1877, R@50: 0.2879, P@50: 0.03615

6.42559676954453
2023-03-21 11:17:53,641 - [INFO] - current w_0 is 9.17942388767301
2023-03-21 11:18:03,965 - [INFO] - E:12|TAU:6.523 18.59, train_time: 9.644, VALID_time: 0.6787, loss: 1.433e+03, emb_loss:3.907e-06, best_valid(recall@20): 0.1862
valid 	 N@10: 0.1401, R@10: 0.1301, P@10: 0.07939
valid 	 N@20: 0.156, R@20: 0.186, P@20: 0.05738
valid 	 N@50: 0.1878, R@50: 0.2876, P@50: 0.03611

6.42559676954453
2023-03-21 11:18:03,992 - [INFO] - current w_0 is 9.17942388767301
2023-03-21 11:18:14,410 - [INFO] - E:13|TAU:6.517 18.91, train_time: 9.717, VALID_time: 0.7005, loss: 1.43e+03, emb_loss:4.284e-06, best_valid(recall@20): 0.1862
valid 	 N@10: 0.1401, R@10: 0.1303, P@10: 0.07955
valid 	 N@20: 0.1562, R@20: 0.1866, P@20: 0.05762
valid 	 N@50: 0.1878, R@50: 0.288, P@50: 0.03616

6.42559676954453
2023-03-21 11:18:14,458 - [INFO] - current w_0 is 9.17942388767301
2023-03-21 11:18:24,882 - [INFO] - E:14|TAU:6.529 18.57, train_time: 9.671, VALID_time: 0.7524, loss: 1.427e+03, emb_loss:4.672e-06, best_valid(recall@20): 0.1866
valid 	 N@10: 0.1403, R@10: 0.1305, P@10: 0.07966
valid 	 N@20: 0.1564, R@20: 0.187, P@20: 0.05765
valid 	 N@50: 0.1881, R@50: 0.2883, P@50: 0.03623

6.42559676954453
2023-03-21 11:18:24,941 - [INFO] - current w_0 is 9.17942388767301
2023-03-21 11:18:35,519 - [INFO] - E:15|TAU:6.522 18.45, train_time: 9.761, VALID_time: 0.8151, loss: 1.425e+03, emb_loss:5.071e-06, best_valid(recall@20): 0.187
valid 	 N@10: 0.1406, R@10: 0.1308, P@10: 0.07983
valid 	 N@20: 0.1566, R@20: 0.1872, P@20: 0.05776
valid 	 N@50: 0.1884, R@50: 0.2889, P@50: 0.0363

6.42559676954453
2023-03-21 11:18:35,568 - [INFO] - current w_0 is 9.17942388767301
2023-03-21 11:18:46,097 - [INFO] - E:16|TAU:6.534 18.39, train_time: 9.797, VALID_time: 0.7307, loss: 1.422e+03, emb_loss:5.478e-06, best_valid(recall@20): 0.1872
valid 	 N@10: 0.1411, R@10: 0.1312, P@10: 0.0801
valid 	 N@20: 0.157, R@20: 0.1872, P@20: 0.05783
valid 	 N@50: 0.1889, R@50: 0.2893, P@50: 0.03633

6.42559676954453
2023-03-21 11:18:46,161 - [INFO] - current w_0 is 9.17942388767301
2023-03-21 11:18:56,499 - [INFO] - E:17|TAU:6.525 18.73, train_time: 9.612, VALID_time: 0.7255, loss: 1.421e+03, emb_loss:5.895e-06, best_valid(recall@20): 0.1872
valid 	 N@10: 0.1411, R@10: 0.1312, P@10: 0.07999
valid 	 N@20: 0.1574, R@20: 0.1881, P@20: 0.05793
valid 	 N@50: 0.1891, R@50: 0.2897, P@50: 0.0364

6.42559676954453
2023-03-21 11:18:56,549 - [INFO] - current w_0 is 9.17942388767301
2023-03-21 11:19:06,954 - [INFO] - E:18|TAU:6.52 17.69, train_time: 9.676, VALID_time: 0.7267, loss: 1.418e+03, emb_loss:6.321e-06, best_valid(recall@20): 0.1881
valid 	 N@10: 0.1409, R@10: 0.131, P@10: 0.07995
valid 	 N@20: 0.1572, R@20: 0.1881, P@20: 0.05796
valid 	 N@50: 0.189, R@50: 0.2896, P@50: 0.03636

6.42559676954453
2023-03-21 11:19:07,010 - [INFO] - current w_0 is 9.17942388767301
2023-03-21 11:19:17,501 - [INFO] - E:19|TAU:6.533 18.22, train_time: 9.763, VALID_time: 0.7267, loss: 1.416e+03, emb_loss:6.752e-06, best_valid(recall@20): 0.1881
valid 	 N@10: 0.1413, R@10: 0.1312, P@10: 0.08011
valid 	 N@20: 0.1576, R@20: 0.1882, P@20: 0.05805
valid 	 N@50: 0.1894, R@50: 0.2898, P@50: 0.0364

6.42559676954453
2023-03-21 11:19:17,549 - [INFO] - current w_0 is 9.17942388767301
2023-03-21 11:19:27,910 - [INFO] - E:20|TAU:6.544 18.08, train_time: 9.644, VALID_time: 0.7166, loss: 1.415e+03, emb_loss:7.191e-06, best_valid(recall@20): 0.1882
valid 	 N@10: 0.1412, R@10: 0.1314, P@10: 0.08015
valid 	 N@20: 0.1576, R@20: 0.1884, P@20: 0.05808
valid 	 N@50: 0.1894, R@50: 0.2901, P@50: 0.03644

6.42559676954453
2023-03-21 11:19:27,967 - [INFO] - current w_0 is 9.17942388767301
2023-03-21 11:19:38,287 - [INFO] - E:21|TAU:6.529 18.1, train_time: 9.592, VALID_time: 0.7268, loss: 1.413e+03, emb_loss:7.634e-06, best_valid(recall@20): 0.1884
valid 	 N@10: 0.1414, R@10: 0.1317, P@10: 0.08037
valid 	 N@20: 0.1577, R@20: 0.1887, P@20: 0.05813
valid 	 N@50: 0.1894, R@50: 0.29, P@50: 0.03644

6.42559676954453
2023-03-21 11:19:38,354 - [INFO] - current w_0 is 9.17942388767301
2023-03-21 11:19:48,745 - [INFO] - E:22|TAU:6.522 18.15, train_time: 9.662, VALID_time: 0.7271, loss: 1.411e+03, emb_loss:8.085e-06, best_valid(recall@20): 0.1887
valid 	 N@10: 0.1416, R@10: 0.1316, P@10: 0.08038
valid 	 N@20: 0.1579, R@20: 0.1886, P@20: 0.05819
valid 	 N@50: 0.1897, R@50: 0.2903, P@50: 0.03648

6.42559676954453
2023-03-21 11:19:48,775 - [INFO] - current w_0 is 9.17942388767301
2023-03-21 11:19:59,080 - [INFO] - E:23|TAU:6.539 18.05, train_time: 9.597, VALID_time: 0.7072, loss: 1.41e+03, emb_loss:8.54e-06, best_valid(recall@20): 0.1887
valid 	 N@10: 0.1415, R@10: 0.1315, P@10: 0.08029
valid 	 N@20: 0.1577, R@20: 0.1883, P@20: 0.05811
valid 	 N@50: 0.1896, R@50: 0.2903, P@50: 0.03647

6.42559676954453
2023-03-21 11:19:59,108 - [INFO] - current w_0 is 9.17942388767301
2023-03-21 11:20:09,431 - [INFO] - E:24|TAU:6.534 18.71, train_time: 9.621, VALID_time: 0.7008, loss: 1.408e+03, emb_loss:8.998e-06, best_valid(recall@20): 0.1887
valid 	 N@10: 0.1415, R@10: 0.1314, P@10: 0.08034
valid 	 N@20: 0.1579, R@20: 0.1887, P@20: 0.0582
valid 	 N@50: 0.1897, R@50: 0.2905, P@50: 0.0365

6.42559676954453
2023-03-21 11:20:09,478 - [INFO] - current w_0 is 9.17942388767301
2023-03-21 11:20:19,869 - [INFO] - E:25|TAU:6.544 17.91, train_time: 9.67, VALID_time: 0.72, loss: 1.406e+03, emb_loss:9.462e-06, best_valid(recall@20): 0.1887
valid 	 N@10: 0.1418, R@10: 0.132, P@10: 0.08051
valid 	 N@20: 0.158, R@20: 0.1889, P@20: 0.05823
valid 	 N@50: 0.1898, R@50: 0.2906, P@50: 0.0365

6.42559676954453
2023-03-21 11:20:19,919 - [INFO] - current w_0 is 9.17942388767301
2023-03-21 11:20:30,196 - [INFO] - E:26|TAU:6.525 17.86, train_time: 9.635, VALID_time: 0.6405, loss: 1.405e+03, emb_loss:9.929e-06, best_valid(recall@20): 0.1889
valid 	 N@10: 0.1418, R@10: 0.1319, P@10: 0.08043
valid 	 N@20: 0.158, R@20: 0.1887, P@20: 0.05817
valid 	 N@50: 0.1898, R@50: 0.2905, P@50: 0.03647

6.42559676954453
2023-03-21 11:20:30,217 - [INFO] - current w_0 is 9.17942388767301
2023-03-21 11:20:40,490 - [INFO] - E:27|TAU:6.531 17.83, train_time: 9.572, VALID_time: 0.7007, loss: 1.404e+03, emb_loss:1.04e-05, best_valid(recall@20): 0.1889
valid 	 N@10: 0.1417, R@10: 0.1321, P@10: 0.08058
valid 	 N@20: 0.158, R@20: 0.1889, P@20: 0.05827
valid 	 N@50: 0.1896, R@50: 0.2904, P@50: 0.03648

6.42559676954453
2023-03-21 11:20:40,539 - [INFO] - current w_0 is 9.17942388767301
2023-03-21 11:20:51,089 - [INFO] - E:28|TAU:6.541 17.93, train_time: 9.722, VALID_time: 0.8265, loss: 1.403e+03, emb_loss:1.087e-05, best_valid(recall@20): 0.1889
valid 	 N@10: 0.1419, R@10: 0.1323, P@10: 0.08071
valid 	 N@20: 0.1581, R@20: 0.189, P@20: 0.05828
valid 	 N@50: 0.1899, R@50: 0.291, P@50: 0.03656

6.42559676954453
2023-03-21 11:20:51,137 - [INFO] - current w_0 is 9.17942388767301
2023-03-21 11:21:01,538 - [INFO] - E:29|TAU:6.533 17.77, train_time: 9.656, VALID_time: 0.7428, loss: 1.402e+03, emb_loss:1.135e-05, best_valid(recall@20): 0.189
valid 	 N@10: 0.1418, R@10: 0.1319, P@10: 0.0806
valid 	 N@20: 0.158, R@20: 0.1888, P@20: 0.05824
valid 	 N@50: 0.1899, R@50: 0.2906, P@50: 0.03653

6.42559676954453
2023-03-21 11:21:01,571 - [INFO] - current w_0 is 9.17942388767301
2023-03-21 11:21:11,904 - [INFO] - E:30|TAU:6.529 17.59, train_time: 9.608, VALID_time: 0.723, loss: 1.401e+03, emb_loss:1.183e-05, best_valid(recall@20): 0.189
valid 	 N@10: 0.1416, R@10: 0.1314, P@10: 0.08043
valid 	 N@20: 0.158, R@20: 0.1889, P@20: 0.05823
valid 	 N@50: 0.1898, R@50: 0.2907, P@50: 0.03653

6.42559676954453
2023-03-21 11:21:11,930 - [INFO] - current w_0 is 9.17942388767301
2023-03-21 11:21:22,337 - [INFO] - E:31|TAU:6.548 18.02, train_time: 9.674, VALID_time: 0.7308, loss: 1.4e+03, emb_loss:1.231e-05, best_valid(recall@20): 0.189
valid 	 N@10: 0.1419, R@10: 0.1321, P@10: 0.08056
valid 	 N@20: 0.1582, R@20: 0.189, P@20: 0.05836
valid 	 N@50: 0.1901, R@50: 0.291, P@50: 0.03657

6.42559676954453
2023-03-21 11:21:22,385 - [INFO] - current w_0 is 9.17942388767301
2023-03-21 11:21:32,765 - [INFO] - E:32|TAU:6.529 17.39, train_time: 9.655, VALID_time: 0.7228, loss: 1.399e+03, emb_loss:1.279e-05, best_valid(recall@20): 0.189
valid 	 N@10: 0.1421, R@10: 0.1324, P@10: 0.08075
valid 	 N@20: 0.1583, R@20: 0.1892, P@20: 0.05837
valid 	 N@50: 0.1902, R@50: 0.2912, P@50: 0.03658

6.42559676954453
2023-03-21 11:21:32,819 - [INFO] - current w_0 is 9.17942388767301
2023-03-21 11:21:43,494 - [INFO] - E:33|TAU:6.53 17.69, train_time: 9.767, VALID_time: 0.9061, loss: 1.398e+03, emb_loss:1.327e-05, best_valid(recall@20): 0.1892
valid 	 N@10: 0.1419, R@10: 0.1322, P@10: 0.08052
valid 	 N@20: 0.1582, R@20: 0.189, P@20: 0.0583
valid 	 N@50: 0.1901, R@50: 0.2911, P@50: 0.0366

6.42559676954453
2023-03-21 11:21:43,517 - [INFO] - current w_0 is 9.17942388767301
2023-03-21 11:21:54,059 - [INFO] - E:34|TAU:6.536 18.28, train_time: 9.741, VALID_time: 0.8005, loss: 1.397e+03, emb_loss:1.376e-05, best_valid(recall@20): 0.1892
valid 	 N@10: 0.142, R@10: 0.1321, P@10: 0.08066
valid 	 N@20: 0.1583, R@20: 0.189, P@20: 0.05833
valid 	 N@50: 0.1902, R@50: 0.2911, P@50: 0.0366

6.42559676954453
2023-03-21 11:21:54,091 - [INFO] - current w_0 is 9.17942388767301
2023-03-21 11:22:04,639 - [INFO] - E:35|TAU:6.53 17.88, train_time: 9.834, VALID_time: 0.7131, loss: 1.396e+03, emb_loss:1.425e-05, best_valid(recall@20): 0.1892
valid 	 N@10: 0.142, R@10: 0.1322, P@10: 0.08059
valid 	 N@20: 0.1581, R@20: 0.1886, P@20: 0.05826
valid 	 N@50: 0.1902, R@50: 0.2914, P@50: 0.03661

6.42559676954453
2023-03-21 11:22:04,663 - [INFO] - current w_0 is 9.17942388767301
2023-03-21 11:22:15,050 - [INFO] - E:36|TAU:6.545 17.79, train_time: 9.695, VALID_time: 0.6916, loss: 1.395e+03, emb_loss:1.474e-05, best_valid(recall@20): 0.1892
valid 	 N@10: 0.1421, R@10: 0.1321, P@10: 0.0806
valid 	 N@20: 0.1585, R@20: 0.1892, P@20: 0.05838
valid 	 N@50: 0.1904, R@50: 0.2915, P@50: 0.03663

6.42559676954453
2023-03-21 11:22:15,102 - [INFO] - current w_0 is 9.17942388767301
2023-03-21 11:22:25,581 - [INFO] - E:37|TAU:6.541 18.11, train_time: 9.757, VALID_time: 0.72, loss: 1.394e+03, emb_loss:1.524e-05, best_valid(recall@20): 0.1892
valid 	 N@10: 0.1423, R@10: 0.1323, P@10: 0.08063
valid 	 N@20: 0.1586, R@20: 0.1892, P@20: 0.05842
valid 	 N@50: 0.1904, R@50: 0.2908, P@50: 0.03659

6.42559676954453
2023-03-21 11:22:25,628 - [INFO] - current w_0 is 9.17942388767301
2023-03-21 11:22:35,932 - [INFO] - E:38|TAU:6.54 17.71, train_time: 9.601, VALID_time: 0.7028, loss: 1.394e+03, emb_loss:1.573e-05, best_valid(recall@20): 0.1892
valid 	 N@10: 0.142, R@10: 0.1323, P@10: 0.08068
valid 	 N@20: 0.1583, R@20: 0.1893, P@20: 0.05841
valid 	 N@50: 0.1901, R@50: 0.2908, P@50: 0.03658

6.42559676954453
2023-03-21 11:22:35,985 - [INFO] - current w_0 is 9.17942388767301
2023-03-21 11:22:46,517 - [INFO] - E:39|TAU:6.538 17.14, train_time: 9.599, VALID_time: 0.9317, loss: 1.393e+03, emb_loss:1.622e-05, best_valid(recall@20): 0.1893
valid 	 N@10: 0.1419, R@10: 0.1318, P@10: 0.08051
valid 	 N@20: 0.1585, R@20: 0.1895, P@20: 0.0585
valid 	 N@50: 0.1902, R@50: 0.2908, P@50: 0.03658

6.42559676954453
2023-03-21 11:22:46,569 - [INFO] - current w_0 is 9.17942388767301
2023-03-21 11:22:57,054 - [INFO] - E:40|TAU:6.535 17.22, train_time: 9.766, VALID_time: 0.7188, loss: 1.392e+03, emb_loss:1.672e-05, best_valid(recall@20): 0.1895
valid 	 N@10: 0.1422, R@10: 0.1322, P@10: 0.08072
valid 	 N@20: 0.1586, R@20: 0.1894, P@20: 0.05844
valid 	 N@50: 0.1904, R@50: 0.2913, P@50: 0.03664

6.42559676954453
2023-03-21 11:22:57,076 - [INFO] - current w_0 is 9.17942388767301
2023-03-21 11:23:07,604 - [INFO] - E:41|TAU:6.536 17.61, train_time: 9.769, VALID_time: 0.7579, loss: 1.391e+03, emb_loss:1.722e-05, best_valid(recall@20): 0.1895
valid 	 N@10: 0.1425, R@10: 0.1323, P@10: 0.08078
valid 	 N@20: 0.1588, R@20: 0.1895, P@20: 0.05844
valid 	 N@50: 0.1906, R@50: 0.2912, P@50: 0.03662

6.42559676954453
2023-03-21 11:23:07,633 - [INFO] - current w_0 is 9.17942388767301
2023-03-21 11:23:18,113 - [INFO] - E:42|TAU:6.553 17.69, train_time: 9.599, VALID_time: 0.88, loss: 1.391e+03, emb_loss:1.771e-05, best_valid(recall@20): 0.1895
valid 	 N@10: 0.1425, R@10: 0.1324, P@10: 0.0809
valid 	 N@20: 0.1587, R@20: 0.1894, P@20: 0.05843
valid 	 N@50: 0.1906, R@50: 0.2916, P@50: 0.03665

6.42559676954453
2023-03-21 11:23:18,135 - [INFO] - current w_0 is 9.17942388767301
2023-03-21 11:23:28,581 - [INFO] - E:43|TAU:6.542 17.24, train_time: 9.703, VALID_time: 0.7423, loss: 1.39e+03, emb_loss:1.821e-05, best_valid(recall@20): 0.1895
valid 	 N@10: 0.1423, R@10: 0.1322, P@10: 0.08071
valid 	 N@20: 0.1588, R@20: 0.1897, P@20: 0.05848
valid 	 N@50: 0.1905, R@50: 0.2911, P@50: 0.03661

6.42559676954453
2023-03-21 11:23:28,632 - [INFO] - current w_0 is 9.17942388767301
2023-03-21 11:23:39,123 - [INFO] - E:44|TAU:6.542 17.71, train_time: 9.745, VALID_time: 0.745, loss: 1.39e+03, emb_loss:1.872e-05, best_valid(recall@20): 0.1897
valid 	 N@10: 0.1425, R@10: 0.1326, P@10: 0.08093
valid 	 N@20: 0.1586, R@20: 0.1893, P@20: 0.05839
valid 	 N@50: 0.1906, R@50: 0.2913, P@50: 0.03664

6.42559676954453
2023-03-21 11:23:39,154 - [INFO] - current w_0 is 9.17942388767301
2023-03-21 11:23:49,522 - [INFO] - E:45|TAU:6.533 17.46, train_time: 9.624, VALID_time: 0.7435, loss: 1.389e+03, emb_loss:1.922e-05, best_valid(recall@20): 0.1897
valid 	 N@10: 0.1425, R@10: 0.1324, P@10: 0.08072
valid 	 N@20: 0.1589, R@20: 0.1897, P@20: 0.05849
valid 	 N@50: 0.1907, R@50: 0.2913, P@50: 0.03665

6.42559676954453
2023-03-21 11:23:49,577 - [INFO] - current w_0 is 9.17942388767301
2023-03-21 11:24:00,009 - [INFO] - E:46|TAU:6.544 17.82, train_time: 9.632, VALID_time: 0.7979, loss: 1.388e+03, emb_loss:1.972e-05, best_valid(recall@20): 0.1897
valid 	 N@10: 0.1425, R@10: 0.1324, P@10: 0.08085
valid 	 N@20: 0.1587, R@20: 0.1894, P@20: 0.05843
valid 	 N@50: 0.1907, R@50: 0.2916, P@50: 0.03667

6.42559676954453
2023-03-21 11:24:00,044 - [INFO] - current w_0 is 9.17942388767301
2023-03-21 11:24:10,404 - [INFO] - E:47|TAU:6.546 17.55, train_time: 9.629, VALID_time: 0.7302, loss: 1.388e+03, emb_loss:2.022e-05, best_valid(recall@20): 0.1897
valid 	 N@10: 0.1425, R@10: 0.1323, P@10: 0.08079
valid 	 N@20: 0.1588, R@20: 0.1895, P@20: 0.05846
valid 	 N@50: 0.1907, R@50: 0.2916, P@50: 0.03667

6.42559676954453
2023-03-21 11:24:10,432 - [INFO] - current w_0 is 9.17942388767301
2023-03-21 11:24:20,861 - [INFO] - E:48|TAU:6.558 17.32, train_time: 9.684, VALID_time: 0.7443, loss: 1.387e+03, emb_loss:2.072e-05, best_valid(recall@20): 0.1897
valid 	 N@10: 0.1425, R@10: 0.1324, P@10: 0.08081
valid 	 N@20: 0.1588, R@20: 0.1896, P@20: 0.05846
valid 	 N@50: 0.1906, R@50: 0.2912, P@50: 0.03663

6.42559676954453
2023-03-21 11:24:20,886 - [INFO] - current w_0 is 9.17942388767301
2023-03-21 11:24:31,278 - [INFO] - E:49|TAU:6.541 17.77, train_time: 9.631, VALID_time: 0.7597, loss: 1.387e+03, emb_loss:2.123e-05, best_valid(recall@20): 0.1897
valid 	 N@10: 0.1426, R@10: 0.1326, P@10: 0.08099
valid 	 N@20: 0.1588, R@20: 0.1896, P@20: 0.05846
valid 	 N@50: 0.1906, R@50: 0.2914, P@50: 0.03663

6.42559676954453
2023-03-21 11:24:31,305 - [INFO] - current w_0 is 9.17942388767301
2023-03-21 11:24:41,766 - [INFO] - E:50|TAU:6.542 17.93, train_time: 9.676, VALID_time: 0.7845, loss: 1.386e+03, emb_loss:2.174e-05, best_valid(recall@20): 0.1897
valid 	 N@10: 0.1426, R@10: 0.1325, P@10: 0.08088
valid 	 N@20: 0.1589, R@20: 0.1896, P@20: 0.05846
valid 	 N@50: 0.1908, R@50: 0.2917, P@50: 0.03665

6.42559676954453
2023-03-21 11:24:41,788 - [INFO] - current w_0 is 9.17942388767301
2023-03-21 11:24:52,299 - [INFO] - E:51|TAU:6.531 17.65, train_time: 9.793, VALID_time: 0.7176, loss: 1.386e+03, emb_loss:2.224e-05, best_valid(recall@20): 0.1897
valid 	 N@10: 0.1422, R@10: 0.132, P@10: 0.08066
valid 	 N@20: 0.1588, R@20: 0.1898, P@20: 0.05848
valid 	 N@50: 0.1905, R@50: 0.2911, P@50: 0.03662

6.42559676954453
2023-03-21 11:24:52,357 - [INFO] - current w_0 is 9.17942388767301
2023-03-21 11:25:02,923 - [INFO] - E:52|TAU:6.532 17.56, train_time: 9.808, VALID_time: 0.7573, loss: 1.385e+03, emb_loss:2.275e-05, best_valid(recall@20): 0.1898
valid 	 N@10: 0.1424, R@10: 0.1326, P@10: 0.08089
valid 	 N@20: 0.1587, R@20: 0.1895, P@20: 0.05845
valid 	 N@50: 0.1906, R@50: 0.2915, P@50: 0.03666

6.42559676954453
2023-03-21 11:25:02,948 - [INFO] - current w_0 is 9.17942388767301
2023-03-21 11:25:13,379 - [INFO] - E:53|TAU:6.545 17.8, train_time: 9.657, VALID_time: 0.7736, loss: 1.385e+03, emb_loss:2.326e-05, best_valid(recall@20): 0.1898
valid 	 N@10: 0.1424, R@10: 0.1324, P@10: 0.08083
valid 	 N@20: 0.1588, R@20: 0.1896, P@20: 0.0585
valid 	 N@50: 0.1906, R@50: 0.2916, P@50: 0.03665

6.42559676954453
2023-03-21 11:25:13,406 - [INFO] - current w_0 is 9.17942388767301
2023-03-21 11:25:23,766 - [INFO] - E:54|TAU:6.538 17.07, train_time: 9.611, VALID_time: 0.7475, loss: 1.384e+03, emb_loss:2.377e-05, best_valid(recall@20): 0.1898
valid 	 N@10: 0.1425, R@10: 0.1324, P@10: 0.08086
valid 	 N@20: 0.1587, R@20: 0.1892, P@20: 0.05839
valid 	 N@50: 0.1907, R@50: 0.2913, P@50: 0.03664

6.42559676954453
2023-03-21 11:25:23,788 - [INFO] - current w_0 is 9.17942388767301
2023-03-21 11:25:34,348 - [INFO] - E:55|TAU:6.532 17.65, train_time: 9.741, VALID_time: 0.8181, loss: 1.384e+03, emb_loss:2.427e-05, best_valid(recall@20): 0.1898
valid 	 N@10: 0.1425, R@10: 0.1325, P@10: 0.08086
valid 	 N@20: 0.1588, R@20: 0.1895, P@20: 0.05843
valid 	 N@50: 0.1906, R@50: 0.2912, P@50: 0.03664

6.42559676954453
2023-03-21 11:25:34,375 - [INFO] - current w_0 is 9.17942388767301
2023-03-21 11:25:44,850 - [INFO] - E:56|TAU:6.537 18.17, train_time: 9.737, VALID_time: 0.7365, loss: 1.384e+03, emb_loss:2.479e-05, best_valid(recall@20): 0.1898
valid 	 N@10: 0.1429, R@10: 0.1328, P@10: 0.081
valid 	 N@20: 0.159, R@20: 0.1894, P@20: 0.05842
valid 	 N@50: 0.1909, R@50: 0.2912, P@50: 0.03663

6.42559676954453
2023-03-21 11:25:44,871 - [INFO] - current w_0 is 9.17942388767301
2023-03-21 11:25:55,363 - [INFO] - E:57|TAU:6.551 17.59, train_time: 9.764, VALID_time: 0.7259, loss: 1.383e+03, emb_loss:2.529e-05, best_valid(recall@20): 0.1898
valid 	 N@10: 0.1427, R@10: 0.1324, P@10: 0.08091
valid 	 N@20: 0.1591, R@20: 0.1898, P@20: 0.05853
valid 	 N@50: 0.1909, R@50: 0.2915, P@50: 0.03667

6.42559676954453
2023-03-21 11:25:55,387 - [INFO] - current w_0 is 9.17942388767301
2023-03-21 11:26:05,979 - [INFO] - E:58|TAU:6.546 17.01, train_time: 9.797, VALID_time: 0.7946, loss: 1.383e+03, emb_loss:2.58e-05, best_valid(recall@20): 0.1898
valid 	 N@10: 0.1426, R@10: 0.1325, P@10: 0.0809
valid 	 N@20: 0.159, R@20: 0.1901, P@20: 0.05853
valid 	 N@50: 0.1907, R@50: 0.2914, P@50: 0.03665

6.42559676954453
2023-03-21 11:26:06,039 - [INFO] - current w_0 is 9.17942388767301
2023-03-21 11:26:16,518 - [INFO] - E:59|TAU:6.551 17.6, train_time: 9.713, VALID_time: 0.7649, loss: 1.382e+03, emb_loss:2.632e-05, best_valid(recall@20): 0.1901
valid 	 N@10: 0.1429, R@10: 0.1329, P@10: 0.08109
valid 	 N@20: 0.159, R@20: 0.1897, P@20: 0.05849
valid 	 N@50: 0.191, R@50: 0.2918, P@50: 0.0367

6.42559676954453
2023-03-21 11:26:16,549 - [INFO] - current w_0 is 9.17942388767301
2023-03-21 11:26:27,067 - [INFO] - E:60|TAU:6.546 17.06, train_time: 9.789, VALID_time: 0.7289, loss: 1.382e+03, emb_loss:2.683e-05, best_valid(recall@20): 0.1901
valid 	 N@10: 0.1429, R@10: 0.1327, P@10: 0.08104
valid 	 N@20: 0.1591, R@20: 0.1896, P@20: 0.05851
valid 	 N@50: 0.191, R@50: 0.2917, P@50: 0.03668

6.42559676954453
2023-03-21 11:26:27,089 - [INFO] - current w_0 is 9.17942388767301
2023-03-21 11:26:37,476 - [INFO] - E:61|TAU:6.553 18.7, train_time: 9.683, VALID_time: 0.7028, loss: 1.382e+03, emb_loss:2.734e-05, best_valid(recall@20): 0.1901
valid 	 N@10: 0.1426, R@10: 0.1325, P@10: 0.08086
valid 	 N@20: 0.159, R@20: 0.19, P@20: 0.05853
valid 	 N@50: 0.1908, R@50: 0.2914, P@50: 0.03664

6.42559676954453
2023-03-21 11:26:37,506 - [INFO] - current w_0 is 9.17942388767301
2023-03-21 11:26:48,128 - [INFO] - E:62|TAU:6.548 18.08, train_time: 9.883, VALID_time: 0.7383, loss: 1.381e+03, emb_loss:2.785e-05, best_valid(recall@20): 0.1901
valid 	 N@10: 0.1426, R@10: 0.1325, P@10: 0.08096
valid 	 N@20: 0.1589, R@20: 0.1898, P@20: 0.05855
valid 	 N@50: 0.1908, R@50: 0.2917, P@50: 0.0367

6.42559676954453
2023-03-21 11:26:48,154 - [INFO] - current w_0 is 9.17942388767301
2023-03-21 11:26:58,458 - [INFO] - E:63|TAU:6.548 17.67, train_time: 9.591, VALID_time: 0.7123, loss: 1.381e+03, emb_loss:2.836e-05, best_valid(recall@20): 0.1901
valid 	 N@10: 0.1428, R@10: 0.1326, P@10: 0.08105
valid 	 N@20: 0.159, R@20: 0.1898, P@20: 0.05853
valid 	 N@50: 0.1908, R@50: 0.2914, P@50: 0.03666

6.42559676954453
2023-03-21 11:26:58,487 - [INFO] - current w_0 is 9.17942388767301
2023-03-21 11:27:08,960 - [INFO] - E:64|TAU:6.537 17.51, train_time: 9.658, VALID_time: 0.8135, loss: 1.381e+03, emb_loss:2.888e-05, best_valid(recall@20): 0.1901
valid 	 N@10: 0.1427, R@10: 0.1327, P@10: 0.08106
valid 	 N@20: 0.1588, R@20: 0.1896, P@20: 0.05845
valid 	 N@50: 0.1907, R@50: 0.2914, P@50: 0.03666

6.42559676954453
2023-03-21 11:27:08,982 - [INFO] - current w_0 is 9.17942388767301
2023-03-21 11:27:19,344 - [INFO] - E:65|TAU:6.543 18.0, train_time: 9.639, VALID_time: 0.7224, loss: 1.38e+03, emb_loss:2.939e-05, best_valid(recall@20): 0.1901
valid 	 N@10: 0.1428, R@10: 0.1328, P@10: 0.08107
valid 	 N@20: 0.1589, R@20: 0.1897, P@20: 0.05846
valid 	 N@50: 0.1908, R@50: 0.2916, P@50: 0.03667

6.42559676954453
2023-03-21 11:27:19,373 - [INFO] - current w_0 is 9.17942388767301
2023-03-21 11:27:29,941 - [INFO] - E:66|TAU:6.551 17.49, train_time: 9.8, VALID_time: 0.7673, loss: 1.38e+03, emb_loss:2.99e-05, best_valid(recall@20): 0.1901
valid 	 N@10: 0.1429, R@10: 0.1333, P@10: 0.08124
valid 	 N@20: 0.1588, R@20: 0.1893, P@20: 0.05837
valid 	 N@50: 0.1907, R@50: 0.2914, P@50: 0.03664

6.42559676954453
2023-03-21 11:27:29,965 - [INFO] - current w_0 is 9.17942388767301
2023-03-21 11:27:40,306 - [INFO] - E:67|TAU:6.552 17.75, train_time: 9.588, VALID_time: 0.7522, loss: 1.38e+03, emb_loss:3.042e-05, best_valid(recall@20): 0.1901
valid 	 N@10: 0.1428, R@10: 0.1328, P@10: 0.08103
valid 	 N@20: 0.1589, R@20: 0.1896, P@20: 0.05847
valid 	 N@50: 0.1908, R@50: 0.2915, P@50: 0.03667

6.42559676954453
2023-03-21 11:27:40,329 - [INFO] - current w_0 is 9.17942388767301
2023-03-21 11:27:50,684 - [INFO] - E:68|TAU:6.54 17.46, train_time: 9.643, VALID_time: 0.7101, loss: 1.379e+03, emb_loss:3.093e-05, best_valid(recall@20): 0.1901
valid 	 N@10: 0.1428, R@10: 0.133, P@10: 0.08118
valid 	 N@20: 0.159, R@20: 0.19, P@20: 0.05856
valid 	 N@50: 0.1907, R@50: 0.2913, P@50: 0.03666

6.42559676954453
2023-03-21 11:27:50,712 - [INFO] - current w_0 is 9.17942388767301
2023-03-21 11:28:01,176 - [INFO] - E:69|TAU:6.539 17.74, train_time: 9.653, VALID_time: 0.8106, loss: 1.379e+03, emb_loss:3.144e-05, best_valid(recall@20): 0.1901
valid 	 N@10: 0.1427, R@10: 0.1328, P@10: 0.08104
valid 	 N@20: 0.1589, R@20: 0.1895, P@20: 0.05846
valid 	 N@50: 0.1908, R@50: 0.2914, P@50: 0.03669

6.42559676954453
2023-03-21 11:28:01,197 - [INFO] - current w_0 is 9.17942388767301
2023-03-21 11:28:11,546 - [INFO] - E:70|TAU:6.542 18.29, train_time: 9.625, VALID_time: 0.723, loss: 1.379e+03, emb_loss:3.196e-05, best_valid(recall@20): 0.1901
valid 	 N@10: 0.1426, R@10: 0.1327, P@10: 0.08102
valid 	 N@20: 0.1587, R@20: 0.1894, P@20: 0.0584
valid 	 N@50: 0.1906, R@50: 0.2909, P@50: 0.03663

6.42559676954453
2023-03-21 11:28:11,568 - [INFO] - current w_0 is 9.17942388767301
2023-03-21 11:28:21,832 - [INFO] - E:71|TAU:6.546 18.01, train_time: 9.562, VALID_time: 0.7013, loss: 1.379e+03, emb_loss:3.247e-05, best_valid(recall@20): 0.1901
valid 	 N@10: 0.1426, R@10: 0.1327, P@10: 0.08102
valid 	 N@20: 0.1588, R@20: 0.1897, P@20: 0.05848
valid 	 N@50: 0.1906, R@50: 0.291, P@50: 0.03664

6.42559676954453
2023-03-21 11:28:21,853 - [INFO] - current w_0 is 9.17942388767301
2023-03-21 11:28:32,233 - [INFO] - E:72|TAU:6.544 17.65, train_time: 9.671, VALID_time: 0.7083, loss: 1.378e+03, emb_loss:3.299e-05, best_valid(recall@20): 0.1901
valid 	 N@10: 0.1426, R@10: 0.1326, P@10: 0.08108
valid 	 N@20: 0.1588, R@20: 0.1897, P@20: 0.05849
valid 	 N@50: 0.1906, R@50: 0.2913, P@50: 0.03667

6.42559676954453
2023-03-21 11:28:32,255 - [INFO] - current w_0 is 9.17942388767301
2023-03-21 11:28:42,703 - [INFO] - E:73|TAU:6.546 17.15, train_time: 9.722, VALID_time: 0.7249, loss: 1.378e+03, emb_loss:3.351e-05, best_valid(recall@20): 0.1901
valid 	 N@10: 0.1425, R@10: 0.1327, P@10: 0.08104
valid 	 N@20: 0.1588, R@20: 0.1899, P@20: 0.05855
valid 	 N@50: 0.1906, R@50: 0.2913, P@50: 0.03666

6.42559676954453
2023-03-21 11:28:42,733 - [INFO] - current w_0 is 9.17942388767301
2023-03-21 11:28:53,163 - [INFO] - E:74|TAU:6.552 18.19, train_time: 9.654, VALID_time: 0.7754, loss: 1.378e+03, emb_loss:3.402e-05, best_valid(recall@20): 0.1901
valid 	 N@10: 0.1424, R@10: 0.1325, P@10: 0.08094
valid 	 N@20: 0.1587, R@20: 0.1896, P@20: 0.05849
valid 	 N@50: 0.1905, R@50: 0.2914, P@50: 0.03666

6.42559676954453
2023-03-21 11:28:53,186 - [INFO] - current w_0 is 9.17942388767301
2023-03-21 11:29:03,497 - [INFO] - E:75|TAU:6.541 17.82, train_time: 9.607, VALID_time: 0.7032, loss: 1.377e+03, emb_loss:3.454e-05, best_valid(recall@20): 0.1901
valid 	 N@10: 0.1425, R@10: 0.1326, P@10: 0.08102
valid 	 N@20: 0.1587, R@20: 0.1896, P@20: 0.05842
valid 	 N@50: 0.1906, R@50: 0.2916, P@50: 0.03667

6.42559676954453
2023-03-21 11:29:03,520 - [INFO] - current w_0 is 9.17942388767301
2023-03-21 11:29:14,020 - [INFO] - E:76|TAU:6.553 17.99, train_time: 9.784, VALID_time: 0.7142, loss: 1.377e+03, emb_loss:3.506e-05, best_valid(recall@20): 0.1901
valid 	 N@10: 0.1426, R@10: 0.1327, P@10: 0.08103
valid 	 N@20: 0.1589, R@20: 0.1898, P@20: 0.05852
valid 	 N@50: 0.1907, R@50: 0.2915, P@50: 0.03668

6.42559676954453
2023-03-21 11:29:14,041 - [INFO] - current w_0 is 9.17942388767301
2023-03-21 11:29:24,507 - [INFO] - E:77|TAU:6.545 17.44, train_time: 9.72, VALID_time: 0.7447, loss: 1.377e+03, emb_loss:3.558e-05, best_valid(recall@20): 0.1901
valid 	 N@10: 0.1425, R@10: 0.1325, P@10: 0.08096
valid 	 N@20: 0.1589, R@20: 0.1898, P@20: 0.0585
valid 	 N@50: 0.1907, R@50: 0.2913, P@50: 0.03665

6.42559676954453
2023-03-21 11:29:24,537 - [INFO] - current w_0 is 9.17942388767301
2023-03-21 11:29:34,945 - [INFO] - E:78|TAU:6.543 17.51, train_time: 9.677, VALID_time: 0.7298, loss: 1.377e+03, emb_loss:3.609e-05, best_valid(recall@20): 0.1901
valid 	 N@10: 0.1427, R@10: 0.1327, P@10: 0.08106
valid 	 N@20: 0.1588, R@20: 0.1896, P@20: 0.05848
valid 	 N@50: 0.1907, R@50: 0.2914, P@50: 0.03665

6.42559676954453
2023-03-21 11:29:34,965 - [INFO] - current w_0 is 9.17942388767301
2023-03-21 11:29:45,355 - [INFO] - E:79|TAU:6.543 17.93, train_time: 9.663, VALID_time: 0.7253, loss: 1.376e+03, emb_loss:3.661e-05, best_valid(recall@20): 0.1901
valid 	 N@10: 0.1425, R@10: 0.1323, P@10: 0.0809
valid 	 N@20: 0.1589, R@20: 0.1898, P@20: 0.05853
valid 	 N@50: 0.1907, R@50: 0.2914, P@50: 0.03668

6.42559676954453
2023-03-21 11:29:45,375 - [INFO] - current w_0 is 9.17942388767301
2023-03-21 11:29:55,829 - [INFO] - E:80|TAU:6.546 18.29, train_time: 9.742, VALID_time: 0.7109, loss: 1.376e+03, emb_loss:3.712e-05, best_valid(recall@20): 0.1901
valid 	 N@10: 0.1426, R@10: 0.1326, P@10: 0.08098
valid 	 N@20: 0.1589, R@20: 0.1895, P@20: 0.05849
valid 	 N@50: 0.1907, R@50: 0.291, P@50: 0.03664

6.42559676954453
2023-03-21 11:29:55,855 - [INFO] - current w_0 is 9.17942388767301
2023-03-21 11:30:06,167 - [INFO] - E:81|TAU:6.547 17.48, train_time: 9.601, VALID_time: 0.7105, loss: 1.376e+03, emb_loss:3.765e-05, best_valid(recall@20): 0.1901
valid 	 N@10: 0.1428, R@10: 0.133, P@10: 0.08125
valid 	 N@20: 0.1589, R@20: 0.1898, P@20: 0.0585
valid 	 N@50: 0.1908, R@50: 0.2916, P@50: 0.0367

6.42559676954453
2023-03-21 11:30:06,189 - [INFO] - current w_0 is 9.17942388767301
2023-03-21 11:30:16,496 - [INFO] - E:82|TAU:6.54 17.2, train_time: 9.599, VALID_time: 0.7064, loss: 1.376e+03, emb_loss:3.816e-05, best_valid(recall@20): 0.1901
valid 	 N@10: 0.1429, R@10: 0.1329, P@10: 0.08124
valid 	 N@20: 0.159, R@20: 0.1897, P@20: 0.05852
valid 	 N@50: 0.1909, R@50: 0.2916, P@50: 0.03669

6.42559676954453
2023-03-21 11:30:16,517 - [INFO] - current w_0 is 9.17942388767301
2023-03-21 11:30:27,134 - [INFO] - E:83|TAU:6.547 17.78, train_time: 9.802, VALID_time: 0.8138, loss: 1.375e+03, emb_loss:3.868e-05, best_valid(recall@20): 0.1901
valid 	 N@10: 0.1426, R@10: 0.1327, P@10: 0.08105
valid 	 N@20: 0.1589, R@20: 0.1896, P@20: 0.05849
valid 	 N@50: 0.1907, R@50: 0.2912, P@50: 0.03668

6.42559676954453
2023-03-21 11:30:27,164 - [INFO] - current w_0 is 9.17942388767301
2023-03-21 11:30:37,542 - [INFO] - E:84|TAU:6.547 17.42, train_time: 9.653, VALID_time: 0.7232, loss: 1.375e+03, emb_loss:3.92e-05, best_valid(recall@20): 0.1901
valid 	 N@10: 0.1426, R@10: 0.1326, P@10: 0.08105
valid 	 N@20: 0.1589, R@20: 0.1898, P@20: 0.05851
valid 	 N@50: 0.1907, R@50: 0.2915, P@50: 0.0367

6.42559676954453
2023-03-21 11:30:37,569 - [INFO] - current w_0 is 9.17942388767301
2023-03-21 11:30:48,186 - [INFO] - E:85|TAU:6.547 17.34, train_time: 9.888, VALID_time: 0.7281, loss: 1.375e+03, emb_loss:3.972e-05, best_valid(recall@20): 0.1901
valid 	 N@10: 0.1426, R@10: 0.1325, P@10: 0.08097
valid 	 N@20: 0.1588, R@20: 0.1896, P@20: 0.0585
valid 	 N@50: 0.1907, R@50: 0.2915, P@50: 0.03668

6.42559676954453
2023-03-21 11:30:48,210 - [INFO] - current w_0 is 9.17942388767301
2023-03-21 11:30:58,792 - [INFO] - E:86|TAU:6.538 17.7, train_time: 9.866, VALID_time: 0.7138, loss: 1.375e+03, emb_loss:4.024e-05, best_valid(recall@20): 0.1901
valid 	 N@10: 0.1425, R@10: 0.1324, P@10: 0.08095
valid 	 N@20: 0.1588, R@20: 0.1897, P@20: 0.05855
valid 	 N@50: 0.1907, R@50: 0.2915, P@50: 0.03669

6.42559676954453
2023-03-21 11:30:58,813 - [INFO] - current w_0 is 9.17942388767301
2023-03-21 11:31:09,158 - [INFO] - E:87|TAU:6.555 17.78, train_time: 9.623, VALID_time: 0.7204, loss: 1.375e+03, emb_loss:4.076e-05, best_valid(recall@20): 0.1901
valid 	 N@10: 0.1426, R@10: 0.1326, P@10: 0.08106
valid 	 N@20: 0.1589, R@20: 0.1898, P@20: 0.05855
valid 	 N@50: 0.1907, R@50: 0.2914, P@50: 0.03669

6.42559676954453
2023-03-21 11:31:09,186 - [INFO] - current w_0 is 9.17942388767301
2023-03-21 11:31:19,564 - [INFO] - E:88|TAU:6.541 17.65, train_time: 9.635, VALID_time: 0.7428, loss: 1.374e+03, emb_loss:4.127e-05, best_valid(recall@20): 0.1901
valid 	 N@10: 0.1427, R@10: 0.1329, P@10: 0.0811
valid 	 N@20: 0.159, R@20: 0.19, P@20: 0.05856
valid 	 N@50: 0.1907, R@50: 0.2911, P@50: 0.03668

6.42559676954453
2023-03-21 11:31:19,594 - [INFO] - current w_0 is 9.17942388767301
2023-03-21 11:31:30,216 - [INFO] - E:89|TAU:6.549 17.21, train_time: 9.858, VALID_time: 0.7624, loss: 1.374e+03, emb_loss:4.179e-05, best_valid(recall@20): 0.1901
valid 	 N@10: 0.1427, R@10: 0.1328, P@10: 0.08104
valid 	 N@20: 0.1589, R@20: 0.1898, P@20: 0.05856
valid 	 N@50: 0.1907, R@50: 0.2914, P@50: 0.0367

6.42559676954453
2023-03-21 11:31:30,241 - [INFO] - current w_0 is 9.17942388767301
2023-03-21 11:31:40,623 - [INFO] - E:90|TAU:6.543 17.97, train_time: 9.672, VALID_time: 0.7095, loss: 1.374e+03, emb_loss:4.231e-05, best_valid(recall@20): 0.1901
valid 	 N@10: 0.1426, R@10: 0.1327, P@10: 0.08097
valid 	 N@20: 0.159, R@20: 0.1901, P@20: 0.05857
valid 	 N@50: 0.1907, R@50: 0.2915, P@50: 0.03668

6.42559676954453
2023-03-21 11:31:40,688 - [INFO] - current w_0 is 9.17942388767301
2023-03-21 11:31:51,068 - [INFO] - E:91|TAU:6.54 18.0, train_time: 9.649, VALID_time: 0.7306, loss: 1.374e+03, emb_loss:4.284e-05, best_valid(recall@20): 0.1901
valid 	 N@10: 0.1427, R@10: 0.1328, P@10: 0.08106
valid 	 N@20: 0.1589, R@20: 0.1899, P@20: 0.05856
valid 	 N@50: 0.1908, R@50: 0.2917, P@50: 0.0367

6.42559676954453
2023-03-21 11:31:51,090 - [INFO] - current w_0 is 9.17942388767301
2023-03-21 11:32:01,439 - [INFO] - E:92|TAU:6.55 17.61, train_time: 9.583, VALID_time: 0.7648, loss: 1.374e+03, emb_loss:4.336e-05, best_valid(recall@20): 0.1901
valid 	 N@10: 0.1426, R@10: 0.1329, P@10: 0.0811
valid 	 N@20: 0.1587, R@20: 0.1895, P@20: 0.05849
valid 	 N@50: 0.1906, R@50: 0.2915, P@50: 0.03668

6.42559676954453
2023-03-21 11:32:01,468 - [INFO] - current w_0 is 9.17942388767301
2023-03-21 11:32:11,911 - [INFO] - E:93|TAU:6.548 17.96, train_time: 9.688, VALID_time: 0.7536, loss: 1.374e+03, emb_loss:4.387e-05, best_valid(recall@20): 0.1901
valid 	 N@10: 0.1427, R@10: 0.1329, P@10: 0.08111
valid 	 N@20: 0.1588, R@20: 0.1895, P@20: 0.0585
valid 	 N@50: 0.1908, R@50: 0.2915, P@50: 0.03669

6.42559676954453
2023-03-21 11:32:11,933 - [INFO] - current w_0 is 9.17942388767301
2023-03-21 11:32:22,407 - [INFO] - E:94|TAU:6.542 17.56, train_time: 9.747, VALID_time: 0.7247, loss: 1.373e+03, emb_loss:4.439e-05, best_valid(recall@20): 0.1901
valid 	 N@10: 0.1426, R@10: 0.1329, P@10: 0.08103
valid 	 N@20: 0.1589, R@20: 0.1898, P@20: 0.05858
valid 	 N@50: 0.1907, R@50: 0.2914, P@50: 0.03667

6.42559676954453
2023-03-21 11:32:22,435 - [INFO] - current w_0 is 9.17942388767301
2023-03-21 11:32:33,187 - [INFO] - E:95|TAU:6.549 17.37, train_time: 9.936, VALID_time: 0.8141, loss: 1.373e+03, emb_loss:4.492e-05, best_valid(recall@20): 0.1901
valid 	 N@10: 0.1426, R@10: 0.1328, P@10: 0.08105
valid 	 N@20: 0.1589, R@20: 0.1898, P@20: 0.05857
valid 	 N@50: 0.1908, R@50: 0.2916, P@50: 0.03671

6.42559676954453
2023-03-21 11:32:33,210 - [INFO] - current w_0 is 9.17942388767301
2023-03-21 11:32:43,580 - [INFO] - E:96|TAU:6.548 18.33, train_time: 9.643, VALID_time: 0.7261, loss: 1.373e+03, emb_loss:4.544e-05, best_valid(recall@20): 0.1901
valid 	 N@10: 0.1427, R@10: 0.1327, P@10: 0.08099
valid 	 N@20: 0.159, R@20: 0.1897, P@20: 0.05857
valid 	 N@50: 0.1909, R@50: 0.2915, P@50: 0.03669

6.42559676954453
2023-03-21 11:32:43,603 - [INFO] - current w_0 is 9.17942388767301
2023-03-21 11:32:54,121 - [INFO] - E:97|TAU:6.546 17.52, train_time: 9.73, VALID_time: 0.7871, loss: 1.373e+03, emb_loss:4.596e-05, best_valid(recall@20): 0.1901
valid 	 N@10: 0.1429, R@10: 0.133, P@10: 0.0811
valid 	 N@20: 0.159, R@20: 0.1897, P@20: 0.05851
valid 	 N@50: 0.1908, R@50: 0.2914, P@50: 0.03668

6.42559676954453
2023-03-21 11:32:54,148 - [INFO] - current w_0 is 9.17942388767301
2023-03-21 11:33:04,637 - [INFO] - E:98|TAU:6.544 17.71, train_time: 9.689, VALID_time: 0.7987, loss: 1.373e+03, emb_loss:4.648e-05, best_valid(recall@20): 0.1901
valid 	 N@10: 0.1429, R@10: 0.133, P@10: 0.0811
valid 	 N@20: 0.1591, R@20: 0.1899, P@20: 0.05856
valid 	 N@50: 0.1908, R@50: 0.2913, P@50: 0.03667

6.42559676954453
2023-03-21 11:33:04,667 - [INFO] - current w_0 is 9.17942388767301
2023-03-21 11:33:15,244 - [INFO] - E:99|TAU:6.547 16.99, train_time: 9.851, VALID_time: 0.7243, loss: 1.372e+03, emb_loss:4.7e-05, best_valid(recall@20): 0.1901
valid 	 N@10: 0.1429, R@10: 0.133, P@10: 0.08114
valid 	 N@20: 0.159, R@20: 0.1899, P@20: 0.05859
valid 	 N@50: 0.1909, R@50: 0.2915, P@50: 0.03671

2023-03-21 11:33:15,296 - [INFO] - current w_0 is 10.661752700805664
2023-03-21 11:33:25,934 - [INFO] - E:100|TAU:7.61 20.66, train_time: 9.931, VALID_time: 0.7297, loss: 1.241e+03, emb_loss:4.664e-05, best_valid(recall@20): 0.1901
valid 	 N@10: 0.142, R@10: 0.1322, P@10: 0.08084
valid 	 N@20: 0.1582, R@20: 0.1891, P@20: 0.05826
valid 	 N@50: 0.1898, R@50: 0.2899, P@50: 0.03654

2023-03-21 11:33:25,972 - [INFO] - current w_0 is 10.941497802734375
2023-03-21 11:33:36,632 - [INFO] - E:101|TAU:7.871 21.74, train_time: 9.933, VALID_time: 0.7359, loss: 1.208e+03, emb_loss:4.651e-05, best_valid(recall@20): 0.1901
valid 	 N@10: 0.1414, R@10: 0.1315, P@10: 0.08051
valid 	 N@20: 0.1574, R@20: 0.188, P@20: 0.058
valid 	 N@50: 0.1892, R@50: 0.2891, P@50: 0.03645

2023-03-21 11:33:36,668 - [INFO] - current w_0 is 11.016936302185059
2023-03-21 11:33:47,363 - [INFO] - E:102|TAU:7.965 21.59, train_time: 9.96, VALID_time: 0.7452, loss: 1.196e+03, emb_loss:4.681e-05, best_valid(recall@20): 0.1901
valid 	 N@10: 0.1408, R@10: 0.1312, P@10: 0.08031
valid 	 N@20: 0.1567, R@20: 0.1875, P@20: 0.0578
valid 	 N@50: 0.1885, R@50: 0.2885, P@50: 0.03639

2023-03-21 11:33:47,405 - [INFO] - current w_0 is 11.045644760131836
2023-03-21 11:33:58,018 - [INFO] - E:103|TAU:8.004 21.5, train_time: 9.848, VALID_time: 0.7751, loss: 1.191e+03, emb_loss:4.723e-05, best_valid(recall@20): 0.1901
valid 	 N@10: 0.1401, R@10: 0.1305, P@10: 0.07989
valid 	 N@20: 0.1562, R@20: 0.1871, P@20: 0.05769
valid 	 N@50: 0.1878, R@50: 0.2879, P@50: 0.0363

2023-03-21 11:33:58,055 - [INFO] - current w_0 is 11.064316749572754
2023-03-21 11:34:08,593 - [INFO] - E:104|TAU:8.022 21.31, train_time: 9.809, VALID_time: 0.7384, loss: 1.189e+03, emb_loss:4.765e-05, best_valid(recall@20): 0.1901
valid 	 N@10: 0.1398, R@10: 0.1304, P@10: 0.07984
valid 	 N@20: 0.1558, R@20: 0.1868, P@20: 0.05757
valid 	 N@50: 0.1874, R@50: 0.2875, P@50: 0.03624

2023-03-21 11:34:08,634 - [INFO] - current w_0 is 11.080821990966797
2023-03-21 11:34:19,193 - [INFO] - E:105|TAU:8.034 20.82, train_time: 9.658, VALID_time: 0.9109, loss: 1.186e+03, emb_loss:4.808e-05, best_valid(recall@20): 0.1901
valid 	 N@10: 0.1399, R@10: 0.1305, P@10: 0.07986
valid 	 N@20: 0.1558, R@20: 0.1867, P@20: 0.05756
valid 	 N@50: 0.1873, R@50: 0.2868, P@50: 0.03616

2023-03-21 11:34:19,231 - [INFO] - current w_0 is 11.091214179992676
2023-03-21 11:34:29,634 - [INFO] - E:106|TAU:8.058 21.13, train_time: 9.668, VALID_time: 0.7457, loss: 1.185e+03, emb_loss:4.853e-05, best_valid(recall@20): 0.1901
valid 	 N@10: 0.1398, R@10: 0.1301, P@10: 0.07969
valid 	 N@20: 0.1559, R@20: 0.1868, P@20: 0.05758
valid 	 N@50: 0.1873, R@50: 0.2866, P@50: 0.03615

2023-03-21 11:34:29,674 - [INFO] - current w_0 is 11.098002433776855
2023-03-21 11:34:40,081 - [INFO] - E:107|TAU:8.063 21.07, train_time: 9.678, VALID_time: 0.7391, loss: 1.183e+03, emb_loss:4.9e-05, best_valid(recall@20): 0.1901
valid 	 N@10: 0.1398, R@10: 0.1302, P@10: 0.07965
valid 	 N@20: 0.1558, R@20: 0.1866, P@20: 0.05751
valid 	 N@50: 0.1872, R@50: 0.2866, P@50: 0.03611

2023-03-21 11:34:40,123 - [INFO] - current w_0 is 11.10479736328125
2023-03-21 11:34:50,567 - [INFO] - E:108|TAU:8.058 21.38, train_time: 9.73, VALID_time: 0.7302, loss: 1.183e+03, emb_loss:4.945e-05, best_valid(recall@20): 0.1901
valid 	 N@10: 0.1396, R@10: 0.1299, P@10: 0.07951
valid 	 N@20: 0.1555, R@20: 0.186, P@20: 0.05732
valid 	 N@50: 0.1871, R@50: 0.2863, P@50: 0.03611

2023-03-21 11:34:50,607 - [INFO] - current w_0 is 11.111039161682129
2023-03-21 11:35:00,961 - [INFO] - E:109|TAU:8.068 21.15, train_time: 9.642, VALID_time: 0.7235, loss: 1.182e+03, emb_loss:4.991e-05, best_valid(recall@20): 0.1901
valid 	 N@10: 0.1397, R@10: 0.1302, P@10: 0.07966
valid 	 N@20: 0.1555, R@20: 0.1861, P@20: 0.05738
valid 	 N@50: 0.1869, R@50: 0.2862, P@50: 0.03607

2023-03-21 11:35:00,997 - [INFO] - current w_0 is 11.115883827209473
2023-03-21 11:35:11,541 - [INFO] - E:110|TAU:8.08 21.33, train_time: 9.643, VALID_time: 0.9106, loss: 1.181e+03, emb_loss:5.038e-05, best_valid(recall@20): 0.1901
valid 	 N@10: 0.1398, R@10: 0.1303, P@10: 0.07967
valid 	 N@20: 0.1556, R@20: 0.1862, P@20: 0.05739
valid 	 N@50: 0.1869, R@50: 0.2858, P@50: 0.03606

2023-03-21 11:35:11,580 - [INFO] - current w_0 is 11.119577407836914
2023-03-21 11:35:22,197 - [INFO] - E:111|TAU:8.081 20.77, train_time: 9.743, VALID_time: 0.8831, loss: 1.18e+03, emb_loss:5.084e-05, best_valid(recall@20): 0.1901
valid 	 N@10: 0.1397, R@10: 0.1301, P@10: 0.07947
valid 	 N@20: 0.1556, R@20: 0.1861, P@20: 0.0574
valid 	 N@50: 0.1871, R@50: 0.2862, P@50: 0.0361

2023-03-21 11:35:22,233 - [INFO] - current w_0 is 11.120308876037598
2023-03-21 11:35:32,687 - [INFO] - E:112|TAU:8.073 21.38, train_time: 9.699, VALID_time: 0.7638, loss: 1.18e+03, emb_loss:5.132e-05, best_valid(recall@20): 0.1901
valid 	 N@10: 0.1396, R@10: 0.13, P@10: 0.07948
valid 	 N@20: 0.1556, R@20: 0.1861, P@20: 0.05736
valid 	 N@50: 0.1869, R@50: 0.2859, P@50: 0.03607

2023-03-21 11:35:32,725 - [INFO] - current w_0 is 11.12194538116455
2023-03-21 11:35:43,154 - [INFO] - E:113|TAU:8.082 20.45, train_time: 9.72, VALID_time: 0.7197, loss: 1.179e+03, emb_loss:5.181e-05, best_valid(recall@20): 0.1901
valid 	 N@10: 0.1397, R@10: 0.13, P@10: 0.07952
valid 	 N@20: 0.1555, R@20: 0.1858, P@20: 0.05733
valid 	 N@50: 0.187, R@50: 0.2861, P@50: 0.03607

2023-03-21 11:35:43,193 - [INFO] - current w_0 is 11.123157501220703
2023-03-21 11:35:53,708 - [INFO] - E:114|TAU:8.079 21.04, train_time: 9.837, VALID_time: 0.6881, loss: 1.179e+03, emb_loss:5.228e-05, best_valid(recall@20): 0.1901
valid 	 N@10: 0.1397, R@10: 0.13, P@10: 0.07952
valid 	 N@20: 0.1555, R@20: 0.1859, P@20: 0.05733
valid 	 N@50: 0.187, R@50: 0.2861, P@50: 0.03607

2023-03-21 11:35:53,741 - [INFO] - current w_0 is 11.127303123474121
2023-03-21 11:36:04,232 - [INFO] - E:115|TAU:8.088 21.16, train_time: 9.783, VALID_time: 0.7182, loss: 1.179e+03, emb_loss:5.275e-05, best_valid(recall@20): 0.1901
valid 	 N@10: 0.1396, R@10: 0.1299, P@10: 0.0795
valid 	 N@20: 0.1556, R@20: 0.1863, P@20: 0.05743
valid 	 N@50: 0.1869, R@50: 0.286, P@50: 0.03606

2023-03-21 11:36:04,271 - [INFO] - current w_0 is 11.128486633300781
2023-03-21 11:36:14,599 - [INFO] - E:116|TAU:8.095 21.55, train_time: 9.642, VALID_time: 0.6964, loss: 1.178e+03, emb_loss:5.323e-05, best_valid(recall@20): 0.1901
valid 	 N@10: 0.1397, R@10: 0.13, P@10: 0.07942
valid 	 N@20: 0.1557, R@20: 0.1862, P@20: 0.05736
valid 	 N@50: 0.187, R@50: 0.286, P@50: 0.03605

2023-03-21 11:36:14,634 - [INFO] - current w_0 is 11.130338668823242
2023-03-21 11:36:25,295 - [INFO] - E:117|TAU:8.082 21.17, train_time: 9.945, VALID_time: 0.7257, loss: 1.178e+03, emb_loss:5.372e-05, best_valid(recall@20): 0.1901
valid 	 N@10: 0.1396, R@10: 0.1299, P@10: 0.07942
valid 	 N@20: 0.1553, R@20: 0.1854, P@20: 0.0572
valid 	 N@50: 0.1869, R@50: 0.2863, P@50: 0.03608

2023-03-21 11:36:25,327 - [INFO] - current w_0 is 11.131725311279297
2023-03-21 11:36:35,695 - [INFO] - E:118|TAU:8.089 21.13, train_time: 9.634, VALID_time: 0.7445, loss: 1.178e+03, emb_loss:5.42e-05, best_valid(recall@20): 0.1901
valid 	 N@10: 0.1395, R@10: 0.1299, P@10: 0.07943
valid 	 N@20: 0.1552, R@20: 0.1853, P@20: 0.05718
valid 	 N@50: 0.1868, R@50: 0.286, P@50: 0.03605

2023-03-21 11:36:35,729 - [INFO] - current w_0 is 11.133137702941895
2023-03-21 11:36:46,242 - [INFO] - E:119|TAU:8.099 21.92, train_time: 9.7, VALID_time: 0.8231, loss: 1.178e+03, emb_loss:5.469e-05, best_valid(recall@20): 0.1901
valid 	 N@10: 0.1396, R@10: 0.13, P@10: 0.07947
valid 	 N@20: 0.1554, R@20: 0.1856, P@20: 0.05726
valid 	 N@50: 0.1867, R@50: 0.2856, P@50: 0.036

2023-03-21 11:36:46,278 - [INFO] - current w_0 is 11.136642456054688
2023-03-21 11:36:56,663 - [INFO] - E:120|TAU:8.105 21.84, train_time: 9.658, VALID_time: 0.7371, loss: 1.177e+03, emb_loss:5.515e-05, best_valid(recall@20): 0.1901
valid 	 N@10: 0.1396, R@10: 0.13, P@10: 0.07948
valid 	 N@20: 0.1553, R@20: 0.1855, P@20: 0.05725
valid 	 N@50: 0.1867, R@50: 0.2857, P@50: 0.03603

2023-03-21 11:36:56,700 - [INFO] - current w_0 is 11.136022567749023
2023-03-21 11:37:06,987 - [INFO] - E:121|TAU:8.093 20.98, train_time: 9.588, VALID_time: 0.7088, loss: 1.177e+03, emb_loss:5.564e-05, best_valid(recall@20): 0.1901
valid 	 N@10: 0.1395, R@10: 0.1295, P@10: 0.07934
valid 	 N@20: 0.1556, R@20: 0.186, P@20: 0.05734
valid 	 N@50: 0.1867, R@50: 0.2853, P@50: 0.03599

2023-03-21 11:37:07,020 - [INFO] - current w_0 is 11.138513565063477
2023-03-21 11:37:17,420 - [INFO] - E:122|TAU:8.092 20.96, train_time: 9.65, VALID_time: 0.7601, loss: 1.176e+03, emb_loss:5.613e-05, best_valid(recall@20): 0.1901
valid 	 N@10: 0.1395, R@10: 0.1297, P@10: 0.07931
valid 	 N@20: 0.1555, R@20: 0.1859, P@20: 0.05729
valid 	 N@50: 0.1867, R@50: 0.2853, P@50: 0.03597

2023-03-21 11:37:17,456 - [INFO] - current w_0 is 11.137561798095703
2023-03-21 11:37:27,854 - [INFO] - E:123|TAU:8.092 21.7, train_time: 9.643, VALID_time: 0.7656, loss: 1.177e+03, emb_loss:5.662e-05, best_valid(recall@20): 0.1901
valid 	 N@10: 0.1396, R@10: 0.1299, P@10: 0.07935
valid 	 N@20: 0.1555, R@20: 0.1858, P@20: 0.05732
valid 	 N@50: 0.1867, R@50: 0.2853, P@50: 0.036

2023-03-21 11:37:27,885 - [INFO] - current w_0 is 11.139164924621582
2023-03-21 11:37:38,350 - [INFO] - E:124|TAU:8.084 21.01, train_time: 9.659, VALID_time: 0.8162, loss: 1.176e+03, emb_loss:5.71e-05, best_valid(recall@20): 0.1901
valid 	 N@10: 0.1396, R@10: 0.1298, P@10: 0.07932
valid 	 N@20: 0.1554, R@20: 0.1853, P@20: 0.05719
valid 	 N@50: 0.1867, R@50: 0.2852, P@50: 0.03598

2023-03-21 11:37:38,391 - [INFO] - current w_0 is 11.140069007873535
2023-03-21 11:37:48,833 - [INFO] - E:125|TAU:8.103 21.72, train_time: 9.704, VALID_time: 0.7477, loss: 1.176e+03, emb_loss:5.759e-05, best_valid(recall@20): 0.1901
valid 	 N@10: 0.1394, R@10: 0.1297, P@10: 0.07936
valid 	 N@20: 0.1553, R@20: 0.1857, P@20: 0.05729
valid 	 N@50: 0.1865, R@50: 0.2852, P@50: 0.03597

2023-03-21 11:37:48,882 - [INFO] - current w_0 is 11.141094207763672
2023-03-21 11:37:59,499 - [INFO] - E:126|TAU:8.086 20.74, train_time: 9.945, VALID_time: 0.6812, loss: 1.175e+03, emb_loss:5.807e-05, best_valid(recall@20): 0.1901
valid 	 N@10: 0.1394, R@10: 0.1296, P@10: 0.07927
valid 	 N@20: 0.1552, R@20: 0.1853, P@20: 0.05717
valid 	 N@50: 0.1866, R@50: 0.2854, P@50: 0.03599

2023-03-21 11:37:59,534 - [INFO] - current w_0 is 11.140676498413086
2023-03-21 11:38:10,377 - [INFO] - E:127|TAU:8.097 20.98, train_time: 9.938, VALID_time: 0.9149, loss: 1.175e+03, emb_loss:5.857e-05, best_valid(recall@20): 0.1901
valid 	 N@10: 0.1394, R@10: 0.1296, P@10: 0.0793
valid 	 N@20: 0.1553, R@20: 0.1855, P@20: 0.05717
valid 	 N@50: 0.1867, R@50: 0.2852, P@50: 0.03597

2023-03-21 11:38:10,413 - [INFO] - current w_0 is 11.143377304077148
2023-03-21 11:38:21,005 - [INFO] - E:128|TAU:8.101 21.32, train_time: 9.913, VALID_time: 0.6897, loss: 1.175e+03, emb_loss:5.904e-05, best_valid(recall@20): 0.1901
valid 	 N@10: 0.1395, R@10: 0.1297, P@10: 0.0793
valid 	 N@20: 0.1553, R@20: 0.1854, P@20: 0.0572
valid 	 N@50: 0.1867, R@50: 0.2854, P@50: 0.036

2023-03-21 11:38:21,039 - [INFO] - current w_0 is 11.144600868225098
2023-03-21 11:38:31,689 - [INFO] - E:129|TAU:8.097 20.85, train_time: 9.942, VALID_time: 0.7186, loss: 1.174e+03, emb_loss:5.954e-05, best_valid(recall@20): 0.1901
valid 	 N@10: 0.1394, R@10: 0.1296, P@10: 0.0793
valid 	 N@20: 0.1553, R@20: 0.1856, P@20: 0.05724
valid 	 N@50: 0.1867, R@50: 0.2854, P@50: 0.03601

2023-03-21 11:38:31,727 - [INFO] - current w_0 is 11.1423978805542
2023-03-21 11:38:42,386 - [INFO] - E:130|TAU:8.107 21.32, train_time: 9.946, VALID_time: 0.7242, loss: 1.175e+03, emb_loss:6.003e-05, best_valid(recall@20): 0.1901
valid 	 N@10: 0.1393, R@10: 0.1298, P@10: 0.07933
valid 	 N@20: 0.1551, R@20: 0.1854, P@20: 0.05719
valid 	 N@50: 0.1866, R@50: 0.2856, P@50: 0.03603

2023-03-21 11:38:42,426 - [INFO] - current w_0 is 11.14521312713623
2023-03-21 11:38:52,982 - [INFO] - E:131|TAU:8.093 21.79, train_time: 9.833, VALID_time: 0.7319, loss: 1.175e+03, emb_loss:6.052e-05, best_valid(recall@20): 0.1901
valid 	 N@10: 0.1395, R@10: 0.1299, P@10: 0.07941
valid 	 N@20: 0.1553, R@20: 0.1854, P@20: 0.05717
valid 	 N@50: 0.1867, R@50: 0.2855, P@50: 0.03601

2023-03-21 11:38:53,021 - [INFO] - current w_0 is 11.144412994384766
2023-03-21 11:39:03,781 - [INFO] - E:132|TAU:8.091 21.77, train_time: 10.06, VALID_time: 0.714, loss: 1.174e+03, emb_loss:6.1e-05, best_valid(recall@20): 0.1901
valid 	 N@10: 0.1395, R@10: 0.13, P@10: 0.07941
valid 	 N@20: 0.1551, R@20: 0.1851, P@20: 0.05714
valid 	 N@50: 0.1866, R@50: 0.2854, P@50: 0.036

2023-03-21 11:39:03,817 - [INFO] - current w_0 is 11.146749496459961
2023-03-21 11:39:14,312 - [INFO] - E:133|TAU:8.093 21.12, train_time: 9.791, VALID_time: 0.7143, loss: 1.174e+03, emb_loss:6.149e-05, best_valid(recall@20): 0.1901
valid 	 N@10: 0.1396, R@10: 0.1303, P@10: 0.07957
valid 	 N@20: 0.1551, R@20: 0.1852, P@20: 0.05715
valid 	 N@50: 0.1866, R@50: 0.2855, P@50: 0.036

2023-03-21 11:39:14,352 - [INFO] - current w_0 is 11.14481258392334
2023-03-21 11:39:24,978 - [INFO] - E:134|TAU:8.095 20.93, train_time: 9.924, VALID_time: 0.7126, loss: 1.174e+03, emb_loss:6.199e-05, best_valid(recall@20): 0.1901
valid 	 N@10: 0.1396, R@10: 0.1301, P@10: 0.07947
valid 	 N@20: 0.1552, R@20: 0.185, P@20: 0.05714
valid 	 N@50: 0.1867, R@50: 0.2855, P@50: 0.03599

2023-03-21 11:39:25,026 - [INFO] - current w_0 is 11.145318031311035
2023-03-21 11:39:35,662 - [INFO] - E:135|TAU:8.11 21.67, train_time: 9.902, VALID_time: 0.7442, loss: 1.174e+03, emb_loss:6.247e-05, best_valid(recall@20): 0.1901
valid 	 N@10: 0.1395, R@10: 0.1301, P@10: 0.07941
valid 	 N@20: 0.1553, R@20: 0.1857, P@20: 0.05728
valid 	 N@50: 0.1866, R@50: 0.2855, P@50: 0.03599

2023-03-21 11:39:35,701 - [INFO] - current w_0 is 11.145869255065918
2023-03-21 11:39:46,351 - [INFO] - E:136|TAU:8.1 21.01, train_time: 9.97, VALID_time: 0.6891, loss: 1.174e+03, emb_loss:6.296e-05, best_valid(recall@20): 0.1901
valid 	 N@10: 0.1397, R@10: 0.1301, P@10: 0.07946
valid 	 N@20: 0.1554, R@20: 0.1856, P@20: 0.05722
valid 	 N@50: 0.1867, R@50: 0.2854, P@50: 0.03598

2023-03-21 11:39:46,384 - [INFO] - current w_0 is 11.146970748901367
2023-03-21 11:39:56,921 - [INFO] - E:137|TAU:8.106 20.4, train_time: 9.819, VALID_time: 0.7269, loss: 1.173e+03, emb_loss:6.345e-05, best_valid(recall@20): 0.1901
valid 	 N@10: 0.1394, R@10: 0.1301, P@10: 0.07937
valid 	 N@20: 0.1553, R@20: 0.1857, P@20: 0.05726
valid 	 N@50: 0.1865, R@50: 0.2853, P@50: 0.03598

2023-03-21 11:39:56,962 - [INFO] - current w_0 is 11.148780822753906
2023-03-21 11:40:07,765 - [INFO] - E:138|TAU:8.101 21.15, train_time: 9.973, VALID_time: 0.8399, loss: 1.173e+03, emb_loss:6.393e-05, best_valid(recall@20): 0.1901
valid 	 N@10: 0.1395, R@10: 0.1299, P@10: 0.07938
valid 	 N@20: 0.1553, R@20: 0.1856, P@20: 0.05721
valid 	 N@50: 0.1866, R@50: 0.2852, P@50: 0.03597

2023-03-21 11:40:07,800 - [INFO] - current w_0 is 11.148642539978027
2023-03-21 11:40:18,106 - [INFO] - E:139|TAU:8.103 21.19, train_time: 9.624, VALID_time: 0.6922, loss: 1.173e+03, emb_loss:6.443e-05, best_valid(recall@20): 0.1901
valid 	 N@10: 0.1396, R@10: 0.1299, P@10: 0.07938
valid 	 N@20: 0.1554, R@20: 0.1858, P@20: 0.05726
valid 	 N@50: 0.1867, R@50: 0.2853, P@50: 0.03599

2023-03-21 11:40:18,143 - [INFO] - current w_0 is 11.148852348327637
2023-03-21 11:40:28,699 - [INFO] - E:140|TAU:8.103 20.78, train_time: 9.855, VALID_time: 0.7105, loss: 1.173e+03, emb_loss:6.492e-05, best_valid(recall@20): 0.1901
valid 	 N@10: 0.1395, R@10: 0.1297, P@10: 0.07925
valid 	 N@20: 0.1555, R@20: 0.1856, P@20: 0.05727
valid 	 N@50: 0.1868, R@50: 0.2854, P@50: 0.03596

2023-03-21 11:40:28,745 - [INFO] - current w_0 is 11.149880409240723
2023-03-21 11:40:39,521 - [INFO] - E:141|TAU:8.114 21.53, train_time: 10.05, VALID_time: 0.7347, loss: 1.173e+03, emb_loss:6.541e-05, best_valid(recall@20): 0.1901
valid 	 N@10: 0.1396, R@10: 0.13, P@10: 0.0794
valid 	 N@20: 0.1554, R@20: 0.1857, P@20: 0.05723
valid 	 N@50: 0.1868, R@50: 0.2856, P@50: 0.036

2023-03-21 11:40:39,521 - [INFO] - start to test!!

2023-03-21 11:40:39,883 - [INFO] - 
TEST 	 N@10: 0.1426, R@10: 0.1327, P@10: 0.08097
TEST 	 N@20: 0.159, R@20: 0.1901, P@20: 0.05857
TEST 	 N@50: 0.1907, R@50: 0.2915, P@50: 0.03668

