2023-03-20 05:55:09,558 - [INFO] - {'dataset': 'yelp2018', 'data_path': './data/', 'name': 'yelp2018_LGN_mode_weight_mean_no_sample_nocosine_TAU_Adap_tau_Loss_2048_1024_lr_1e-3_l2_1e-1_t1_1.0_t2_1.5_drop_20_03_2023_05:55:09', 'train_ratio': 0.8, 'gnn': 'lgn_simplex', 'epoch': 1000, 'batch_size': 2048, 'test_batch_size': 2048, 'dim': 64, 'l2': 0.1, 'lr': 0.001, 'mess_dropout': True, 'mess_dropout_rate': 0.1, 'edge_dropout': False, 'edge_dropout_rate': 0.1, 'batch_test_flag': True, 'ns': 'uniform', 'K': 1, 'n_negs': 1024, 'pool': 'mean', 'cuda': True, 'gpu_id': 0, 'Ks': '[10, 20, 50]', 'test_flag': 'part', 'context_hops': 3, 'eval_earlystop': 'recall@20', 'tau_plus': 0.1, 'temperature': 1.0, 'beta': 1.0, 'sample_num': 2048, 's_neg': 64, 's_pos': 64, 'norm_change': False, 'norm_path': None, 'u_norm': True, 'i_norm': True, 'alpha': 0.1, 'save': False, 'save_analyses': False, 'log_hard_rate': False, 'norm_before': False, 'norm_after': False, 'batch_var': False, 'out_dir': './weights/', 'log_dir': './log/', 'config_dir': './config/', 'restore': False, 'bash_train': False, 'emb_l2': False, 'lam': 0.1, 'lam_per_epoch': 0.1, 'margin': 0.9, 'negative_weight': 150, 'loss_fn': 'Adap_tau_Loss', 'sampling_method': 'no_sample', 'load_name': 'uniform', 'generate_mode': 'nocosine', 'reweight_period': 5, 'mix_target': 'mix_target', 'mask_distribution': 'mask_distribution', 'neg_alpha': 1.6, 'pos_alpha': 2.0, 'dim_mask': 'both', 'expolation_mask': False, 'mix_replace': False, 'save_emb': False, 'sample_replace': False, 'init_norm': 'uniform', 'init_mean': 2.0, 'init_std': 2.0, 'pop_pow': 1.0, 'save_mle': False, 'l2_mode': 'static', 'temperature_2': 1.5, 'temperature_3': 1.0, 'group_valid': False, 'score_save': 'alpha', 'tau_min': 0.05, 'tau_max': 0.15, 'm': 0.9, 'pow_rate': 0.9, 't_min': 0.05, 't_max': 0.15, 't_epoch': 0.01, 't_patience': 10, 'tau_mode': 'weight_mean', 'pos_num': 10, 'beta_1': 10, 'beta_2': 10, 'kl_mode': 'kl', 'lam_bank': False, 'neg_rate': '', 'trans_mode': 'minmax', 'pos_memory_func': 'v1', 'tau_memory_func': 'v1', 'kl_memory_fun': 'v0', 'm_tau': 0.9, 'just_lr': False, 'min_lr': 1e-06, 'cnt_lr': 100, 'pos_mode': 'feed_loss'}
2023-03-20 05:55:11,525 - [INFO] - load train.txt
2023-03-20 05:55:14,564 - [INFO] - building the adj mat ...
2023-03-20 05:55:15,062 - [INFO] - train set len is 1237259
2023-03-20 05:55:15,062 - [INFO] - test set len is 324147
2023-03-20 05:55:15,063 - [INFO] - loading over ...
2023-03-20 05:55:15,063 - [INFO] - users are 31668 items are 38048
Adap_tau_Loss
start to make tables
2023-03-20 05:55:33,030 - [INFO] - Evaluation Protocols is 1 @ 20
2023-03-20 05:55:33,030 - [INFO] - start training ...
6.033980853340449
2023-03-20 05:55:33,090 - [INFO] - current w_0 is 8.619972513557173
2023-03-20 05:56:05,686 - [INFO] - E:0|TAU:8.62 8.62, train_time: 30.92, VALID_time: 1.677, loss: 3.18e+03, emb_loss:0.003404, best_valid(recall@20): -inf
valid 	 N@10: 0.04279, R@10: 0.03735, P@10: 0.03385
valid 	 N@20: 0.05219, R@20: 0.06356, P@20: 0.02891
valid 	 N@50: 0.07419, R@50: 0.1229, P@50: 0.02261

6.033980853340449
2023-03-20 05:56:05,755 - [INFO] - current w_0 is 8.619972513557173
2023-03-20 05:56:31,867 - [INFO] - E:1|TAU:7.164 12.99, train_time: 24.9, VALID_time: 1.212, loss: 2.962e+03, emb_loss:0.007012, best_valid(recall@20): 0.06356
valid 	 N@10: 0.04515, R@10: 0.03882, P@10: 0.03509
valid 	 N@20: 0.05572, R@20: 0.06761, P@20: 0.03066
valid 	 N@50: 0.07863, R@50: 0.1295, P@50: 0.02379

6.033980853340449
2023-03-20 05:56:31,943 - [INFO] - current w_0 is 8.619972513557173
2023-03-20 05:56:57,789 - [INFO] - E:2|TAU:7.319 10.44, train_time: 24.86, VALID_time: 0.9848, loss: 2.853e+03, emb_loss:0.01055, best_valid(recall@20): 0.06761
valid 	 N@10: 0.04669, R@10: 0.04051, P@10: 0.03648
valid 	 N@20: 0.05698, R@20: 0.06902, P@20: 0.03132
valid 	 N@50: 0.08024, R@50: 0.132, P@50: 0.02427

6.033980853340449
2023-03-20 05:56:57,869 - [INFO] - current w_0 is 8.619972513557173
2023-03-20 05:57:23,635 - [INFO] - E:3|TAU:7.335 10.82, train_time: 24.74, VALID_time: 1.024, loss: 2.824e+03, emb_loss:0.01394, best_valid(recall@20): 0.06902
valid 	 N@10: 0.04763, R@10: 0.04124, P@10: 0.03714
valid 	 N@20: 0.05779, R@20: 0.06954, P@20: 0.03161
valid 	 N@50: 0.08142, R@50: 0.1334, P@50: 0.02455

6.033980853340449
2023-03-20 05:57:23,711 - [INFO] - current w_0 is 8.619972513557173
2023-03-20 05:57:49,718 - [INFO] - E:4|TAU:7.347 10.69, train_time: 24.89, VALID_time: 1.114, loss: 2.806e+03, emb_loss:0.01739, best_valid(recall@20): 0.06954
valid 	 N@10: 0.04811, R@10: 0.04153, P@10: 0.03733
valid 	 N@20: 0.05835, R@20: 0.06999, P@20: 0.03187
valid 	 N@50: 0.08218, R@50: 0.1345, P@50: 0.02475

6.033980853340449
2023-03-20 05:57:49,789 - [INFO] - current w_0 is 8.619972513557173
2023-03-20 05:58:15,676 - [INFO] - E:5|TAU:7.354 10.71, train_time: 24.66, VALID_time: 1.225, loss: 2.794e+03, emb_loss:0.0209, best_valid(recall@20): 0.06999
valid 	 N@10: 0.04835, R@10: 0.04174, P@10: 0.03754
valid 	 N@20: 0.05864, R@20: 0.07051, P@20: 0.03202
valid 	 N@50: 0.08239, R@50: 0.1347, P@50: 0.02478

6.033980853340449
2023-03-20 05:58:15,749 - [INFO] - current w_0 is 8.619972513557173
2023-03-20 05:58:41,947 - [INFO] - E:6|TAU:7.357 10.71, train_time: 24.88, VALID_time: 1.321, loss: 2.786e+03, emb_loss:0.02446, best_valid(recall@20): 0.07051
valid 	 N@10: 0.04873, R@10: 0.04193, P@10: 0.03785
valid 	 N@20: 0.05913, R@20: 0.07107, P@20: 0.03225
valid 	 N@50: 0.08313, R@50: 0.1361, P@50: 0.02499

6.033980853340449
2023-03-20 05:58:42,020 - [INFO] - current w_0 is 8.619972513557173
2023-03-20 05:59:07,722 - [INFO] - E:7|TAU:7.353 10.69, train_time: 24.66, VALID_time: 1.04, loss: 2.781e+03, emb_loss:0.02801, best_valid(recall@20): 0.07107
valid 	 N@10: 0.04917, R@10: 0.04255, P@10: 0.03826
valid 	 N@20: 0.0593, R@20: 0.0711, P@20: 0.0323
valid 	 N@50: 0.08354, R@50: 0.1367, P@50: 0.02513

6.033980853340449
2023-03-20 05:59:07,798 - [INFO] - current w_0 is 8.619972513557173
2023-03-20 05:59:33,529 - [INFO] - E:8|TAU:7.36 10.67, train_time: 24.64, VALID_time: 1.087, loss: 2.776e+03, emb_loss:0.03152, best_valid(recall@20): 0.0711
valid 	 N@10: 0.04915, R@10: 0.04242, P@10: 0.0383
valid 	 N@20: 0.05945, R@20: 0.07136, P@20: 0.03244
valid 	 N@50: 0.08356, R@50: 0.1367, P@50: 0.0251

6.033980853340449
2023-03-20 05:59:33,598 - [INFO] - current w_0 is 8.619972513557173
2023-03-20 05:59:59,279 - [INFO] - E:9|TAU:7.357 10.66, train_time: 24.63, VALID_time: 1.051, loss: 2.773e+03, emb_loss:0.03496, best_valid(recall@20): 0.07136
valid 	 N@10: 0.04939, R@10: 0.04253, P@10: 0.03837
valid 	 N@20: 0.05988, R@20: 0.07188, P@20: 0.03269
valid 	 N@50: 0.084, R@50: 0.1373, P@50: 0.02523

6.033980853340449
2023-03-20 05:59:59,352 - [INFO] - current w_0 is 8.619972513557173
2023-03-20 06:00:25,409 - [INFO] - E:10|TAU:7.362 10.69, train_time: 24.66, VALID_time: 1.399, loss: 2.77e+03, emb_loss:0.03828, best_valid(recall@20): 0.07188
valid 	 N@10: 0.04955, R@10: 0.04274, P@10: 0.0385
valid 	 N@20: 0.05986, R@20: 0.07181, P@20: 0.03253
valid 	 N@50: 0.08408, R@50: 0.1373, P@50: 0.02522

6.033980853340449
2023-03-20 06:00:25,458 - [INFO] - current w_0 is 8.619972513557173
2023-03-20 06:00:51,005 - [INFO] - E:11|TAU:7.359 10.66, train_time: 24.64, VALID_time: 0.9048, loss: 2.768e+03, emb_loss:0.04145, best_valid(recall@20): 0.07188
valid 	 N@10: 0.04977, R@10: 0.04293, P@10: 0.03864
valid 	 N@20: 0.06021, R@20: 0.07235, P@20: 0.03274
valid 	 N@50: 0.08426, R@50: 0.1374, P@50: 0.02525

6.033980853340449
2023-03-20 06:00:51,088 - [INFO] - current w_0 is 8.619972513557173
2023-03-20 06:01:16,818 - [INFO] - E:12|TAU:7.357 10.67, train_time: 24.64, VALID_time: 1.092, loss: 2.766e+03, emb_loss:0.04447, best_valid(recall@20): 0.07235
valid 	 N@10: 0.04984, R@10: 0.043, P@10: 0.03869
valid 	 N@20: 0.06029, R@20: 0.07239, P@20: 0.03283
valid 	 N@50: 0.08443, R@50: 0.1377, P@50: 0.02531

6.033980853340449
2023-03-20 06:01:16,895 - [INFO] - current w_0 is 8.619972513557173
2023-03-20 06:01:42,400 - [INFO] - E:13|TAU:7.359 10.66, train_time: 24.6, VALID_time: 0.8997, loss: 2.764e+03, emb_loss:0.0473, best_valid(recall@20): 0.07239
valid 	 N@10: 0.05, R@10: 0.04312, P@10: 0.03874
valid 	 N@20: 0.06047, R@20: 0.07259, P@20: 0.03291
valid 	 N@50: 0.08449, R@50: 0.1377, P@50: 0.02525

6.033980853340449
2023-03-20 06:01:42,473 - [INFO] - current w_0 is 8.619972513557173
2023-03-20 06:02:08,026 - [INFO] - E:14|TAU:7.359 10.65, train_time: 24.62, VALID_time: 0.9343, loss: 2.763e+03, emb_loss:0.04995, best_valid(recall@20): 0.07259
valid 	 N@10: 0.05, R@10: 0.04287, P@10: 0.03862
valid 	 N@20: 0.06052, R@20: 0.07247, P@20: 0.03285
valid 	 N@50: 0.08465, R@50: 0.1378, P@50: 0.02528

6.033980853340449
2023-03-20 06:02:08,065 - [INFO] - current w_0 is 8.619972513557173
2023-03-20 06:02:33,556 - [INFO] - E:15|TAU:7.362 10.68, train_time: 24.63, VALID_time: 0.8616, loss: 2.762e+03, emb_loss:0.0524, best_valid(recall@20): 0.07259
valid 	 N@10: 0.05, R@10: 0.04294, P@10: 0.0386
valid 	 N@20: 0.0606, R@20: 0.0727, P@20: 0.03291
valid 	 N@50: 0.08471, R@50: 0.1379, P@50: 0.02532

6.033980853340449
2023-03-20 06:02:33,629 - [INFO] - current w_0 is 8.619972513557173
2023-03-20 06:02:59,181 - [INFO] - E:16|TAU:7.364 10.69, train_time: 24.64, VALID_time: 0.9058, loss: 2.761e+03, emb_loss:0.05468, best_valid(recall@20): 0.0727
valid 	 N@10: 0.05018, R@10: 0.04313, P@10: 0.03882
valid 	 N@20: 0.06079, R@20: 0.07293, P@20: 0.03303
valid 	 N@50: 0.08465, R@50: 0.1376, P@50: 0.02526

6.033980853340449
2023-03-20 06:02:59,251 - [INFO] - current w_0 is 8.619972513557173
2023-03-20 06:03:24,781 - [INFO] - E:17|TAU:7.366 10.64, train_time: 24.6, VALID_time: 0.9245, loss: 2.761e+03, emb_loss:0.05678, best_valid(recall@20): 0.07293
valid 	 N@10: 0.05021, R@10: 0.04305, P@10: 0.03876
valid 	 N@20: 0.06086, R@20: 0.07296, P@20: 0.03302
valid 	 N@50: 0.08479, R@50: 0.1378, P@50: 0.0253

6.033980853340449
2023-03-20 06:03:24,854 - [INFO] - current w_0 is 8.619972513557173
2023-03-20 06:03:50,391 - [INFO] - E:18|TAU:7.361 10.72, train_time: 24.65, VALID_time: 0.8876, loss: 2.76e+03, emb_loss:0.05871, best_valid(recall@20): 0.07296
valid 	 N@10: 0.05042, R@10: 0.04339, P@10: 0.03896
valid 	 N@20: 0.06101, R@20: 0.07318, P@20: 0.03307
valid 	 N@50: 0.08484, R@50: 0.1377, P@50: 0.02528

6.033980853340449
2023-03-20 06:03:50,456 - [INFO] - current w_0 is 8.619972513557173
2023-03-20 06:04:15,966 - [INFO] - E:19|TAU:7.367 10.65, train_time: 24.63, VALID_time: 0.8823, loss: 2.76e+03, emb_loss:0.06047, best_valid(recall@20): 0.07318
valid 	 N@10: 0.05044, R@10: 0.04354, P@10: 0.03911
valid 	 N@20: 0.06084, R@20: 0.07301, P@20: 0.03299
valid 	 N@50: 0.08466, R@50: 0.1374, P@50: 0.02523

6.033980853340449
2023-03-20 06:04:16,003 - [INFO] - current w_0 is 8.619972513557173
2023-03-20 06:04:41,521 - [INFO] - E:20|TAU:7.363 10.68, train_time: 24.6, VALID_time: 0.9175, loss: 2.759e+03, emb_loss:0.06208, best_valid(recall@20): 0.07318
valid 	 N@10: 0.05048, R@10: 0.04339, P@10: 0.03908
valid 	 N@20: 0.06085, R@20: 0.07282, P@20: 0.03294
valid 	 N@50: 0.08478, R@50: 0.1375, P@50: 0.02525

6.033980853340449
2023-03-20 06:04:41,565 - [INFO] - current w_0 is 8.619972513557173
2023-03-20 06:05:07,109 - [INFO] - E:21|TAU:7.367 10.69, train_time: 24.62, VALID_time: 0.921, loss: 2.759e+03, emb_loss:0.06355, best_valid(recall@20): 0.07318
valid 	 N@10: 0.0506, R@10: 0.04346, P@10: 0.0391
valid 	 N@20: 0.06099, R@20: 0.07291, P@20: 0.03303
valid 	 N@50: 0.08488, R@50: 0.1377, P@50: 0.02523

6.033980853340449
2023-03-20 06:05:07,148 - [INFO] - current w_0 is 8.619972513557173
2023-03-20 06:05:32,776 - [INFO] - E:22|TAU:7.366 10.68, train_time: 24.71, VALID_time: 0.9189, loss: 2.758e+03, emb_loss:0.0649, best_valid(recall@20): 0.07318
valid 	 N@10: 0.05024, R@10: 0.04324, P@10: 0.03892
valid 	 N@20: 0.06073, R@20: 0.07285, P@20: 0.03293
valid 	 N@50: 0.08458, R@50: 0.1374, P@50: 0.0252

6.033980853340449
2023-03-20 06:05:32,824 - [INFO] - current w_0 is 8.619972513557173
2023-03-20 06:05:58,397 - [INFO] - E:23|TAU:7.366 10.65, train_time: 24.65, VALID_time: 0.9201, loss: 2.758e+03, emb_loss:0.0661, best_valid(recall@20): 0.07318
valid 	 N@10: 0.05032, R@10: 0.04327, P@10: 0.03901
valid 	 N@20: 0.06072, R@20: 0.0727, P@20: 0.03289
valid 	 N@50: 0.08459, R@50: 0.1373, P@50: 0.02516

6.033980853340449
2023-03-20 06:05:58,440 - [INFO] - current w_0 is 8.619972513557173
2023-03-20 06:06:23,971 - [INFO] - E:24|TAU:7.374 10.68, train_time: 24.62, VALID_time: 0.9053, loss: 2.757e+03, emb_loss:0.06722, best_valid(recall@20): 0.07318
valid 	 N@10: 0.0503, R@10: 0.04319, P@10: 0.03881
valid 	 N@20: 0.06074, R@20: 0.07259, P@20: 0.03288
valid 	 N@50: 0.08453, R@50: 0.1371, P@50: 0.02511

6.033980853340449
2023-03-20 06:06:24,000 - [INFO] - current w_0 is 8.619972513557173
2023-03-20 06:06:49,525 - [INFO] - E:25|TAU:7.368 10.71, train_time: 24.63, VALID_time: 0.8882, loss: 2.758e+03, emb_loss:0.06822, best_valid(recall@20): 0.07318
valid 	 N@10: 0.05039, R@10: 0.04319, P@10: 0.03882
valid 	 N@20: 0.06084, R@20: 0.07267, P@20: 0.03285
valid 	 N@50: 0.08469, R@50: 0.1372, P@50: 0.02516

6.033980853340449
2023-03-20 06:06:49,569 - [INFO] - current w_0 is 8.619972513557173
2023-03-20 06:07:15,109 - [INFO] - E:26|TAU:7.368 10.66, train_time: 24.62, VALID_time: 0.9146, loss: 2.757e+03, emb_loss:0.06914, best_valid(recall@20): 0.07318
valid 	 N@10: 0.05024, R@10: 0.04317, P@10: 0.03876
valid 	 N@20: 0.06077, R@20: 0.07279, P@20: 0.03286
valid 	 N@50: 0.08454, R@50: 0.1372, P@50: 0.02511

6.033980853340449
2023-03-20 06:07:15,154 - [INFO] - current w_0 is 8.619972513557173
2023-03-20 06:07:40,862 - [INFO] - E:27|TAU:7.372 10.69, train_time: 24.69, VALID_time: 1.013, loss: 2.757e+03, emb_loss:0.06996, best_valid(recall@20): 0.07318
valid 	 N@10: 0.05029, R@10: 0.04317, P@10: 0.03875
valid 	 N@20: 0.06082, R@20: 0.07275, P@20: 0.03284
valid 	 N@50: 0.0845, R@50: 0.1369, P@50: 0.02509

6.033980853340449
2023-03-20 06:07:40,899 - [INFO] - current w_0 is 8.619972513557173
2023-03-20 06:08:07,267 - [INFO] - E:28|TAU:7.361 10.65, train_time: 25.43, VALID_time: 0.9391, loss: 2.757e+03, emb_loss:0.07071, best_valid(recall@20): 0.07318
valid 	 N@10: 0.05033, R@10: 0.04321, P@10: 0.03886
valid 	 N@20: 0.06094, R@20: 0.07314, P@20: 0.03297
valid 	 N@50: 0.08437, R@50: 0.1367, P@50: 0.02501

6.033980853340449
2023-03-20 06:08:07,317 - [INFO] - current w_0 is 8.619972513557173
2023-03-20 06:08:33,318 - [INFO] - E:29|TAU:7.365 10.72, train_time: 24.71, VALID_time: 1.292, loss: 2.756e+03, emb_loss:0.07141, best_valid(recall@20): 0.07318
valid 	 N@10: 0.05042, R@10: 0.04344, P@10: 0.03892
valid 	 N@20: 0.06088, R@20: 0.07297, P@20: 0.03286
valid 	 N@50: 0.08439, R@50: 0.1367, P@50: 0.025

6.033980853340449
2023-03-20 06:08:33,367 - [INFO] - current w_0 is 8.619972513557173
2023-03-20 06:08:59,013 - [INFO] - E:30|TAU:7.379 10.64, train_time: 24.71, VALID_time: 0.9319, loss: 2.756e+03, emb_loss:0.07202, best_valid(recall@20): 0.07318
valid 	 N@10: 0.05019, R@10: 0.04309, P@10: 0.03867
valid 	 N@20: 0.06083, R@20: 0.07295, P@20: 0.03285
valid 	 N@50: 0.08435, R@50: 0.1367, P@50: 0.025

6.033980853340449
2023-03-20 06:08:59,060 - [INFO] - current w_0 is 8.619972513557173
2023-03-20 06:09:24,687 - [INFO] - E:31|TAU:7.371 10.66, train_time: 24.67, VALID_time: 0.9548, loss: 2.756e+03, emb_loss:0.07258, best_valid(recall@20): 0.07318
valid 	 N@10: 0.05017, R@10: 0.04317, P@10: 0.03869
valid 	 N@20: 0.06087, R@20: 0.07306, P@20: 0.03288
valid 	 N@50: 0.0843, R@50: 0.1365, P@50: 0.02498

6.033980853340449
2023-03-20 06:09:24,733 - [INFO] - current w_0 is 8.619972513557173
2023-03-20 06:09:50,441 - [INFO] - E:32|TAU:7.379 10.71, train_time: 24.69, VALID_time: 1.015, loss: 2.756e+03, emb_loss:0.0731, best_valid(recall@20): 0.07318
valid 	 N@10: 0.05019, R@10: 0.04327, P@10: 0.03879
valid 	 N@20: 0.06071, R@20: 0.07294, P@20: 0.03282
valid 	 N@50: 0.08424, R@50: 0.1367, P@50: 0.02499

6.033980853340449
2023-03-20 06:09:50,486 - [INFO] - current w_0 is 8.619972513557173
2023-03-20 06:10:16,046 - [INFO] - E:33|TAU:7.369 10.66, train_time: 24.62, VALID_time: 0.9365, loss: 2.756e+03, emb_loss:0.07355, best_valid(recall@20): 0.07318
valid 	 N@10: 0.05013, R@10: 0.04332, P@10: 0.03876
valid 	 N@20: 0.06056, R@20: 0.0728, P@20: 0.03275
valid 	 N@50: 0.08406, R@50: 0.1365, P@50: 0.02495

6.033980853340449
2023-03-20 06:10:16,090 - [INFO] - current w_0 is 8.619972513557173
2023-03-20 06:10:41,615 - [INFO] - E:34|TAU:7.36 10.63, train_time: 24.62, VALID_time: 0.9014, loss: 2.756e+03, emb_loss:0.07398, best_valid(recall@20): 0.07318
valid 	 N@10: 0.04998, R@10: 0.04315, P@10: 0.03868
valid 	 N@20: 0.06058, R@20: 0.07293, P@20: 0.03283
valid 	 N@50: 0.08396, R@50: 0.1363, P@50: 0.02494

6.033980853340449
2023-03-20 06:10:41,658 - [INFO] - current w_0 is 8.619972513557173
2023-03-20 06:11:07,192 - [INFO] - E:35|TAU:7.368 10.67, train_time: 24.63, VALID_time: 0.9034, loss: 2.756e+03, emb_loss:0.07435, best_valid(recall@20): 0.07318
valid 	 N@10: 0.04998, R@10: 0.04304, P@10: 0.03849
valid 	 N@20: 0.06071, R@20: 0.073, P@20: 0.03281
valid 	 N@50: 0.0839, R@50: 0.1358, P@50: 0.02486

6.033980853340449
2023-03-20 06:11:07,229 - [INFO] - current w_0 is 8.619972513557173
2023-03-20 06:11:32,743 - [INFO] - E:36|TAU:7.389 10.67, train_time: 24.63, VALID_time: 0.8801, loss: 2.755e+03, emb_loss:0.0747, best_valid(recall@20): 0.07318
valid 	 N@10: 0.05, R@10: 0.0431, P@10: 0.03851
valid 	 N@20: 0.06059, R@20: 0.07277, P@20: 0.03273
valid 	 N@50: 0.08393, R@50: 0.136, P@50: 0.02487

6.033980853340449
2023-03-20 06:11:32,790 - [INFO] - current w_0 is 8.619972513557173
2023-03-20 06:11:58,728 - [INFO] - E:37|TAU:7.37 10.64, train_time: 24.96, VALID_time: 0.9775, loss: 2.756e+03, emb_loss:0.07502, best_valid(recall@20): 0.07318
valid 	 N@10: 0.04999, R@10: 0.04293, P@10: 0.03851
valid 	 N@20: 0.0606, R@20: 0.07274, P@20: 0.03268
valid 	 N@50: 0.08389, R@50: 0.1359, P@50: 0.02482

6.033980853340449
2023-03-20 06:11:58,771 - [INFO] - current w_0 is 8.619972513557173
2023-03-20 06:12:24,489 - [INFO] - E:38|TAU:7.368 10.61, train_time: 24.81, VALID_time: 0.9105, loss: 2.755e+03, emb_loss:0.07531, best_valid(recall@20): 0.07318
valid 	 N@10: 0.04991, R@10: 0.04296, P@10: 0.03848
valid 	 N@20: 0.06042, R@20: 0.07253, P@20: 0.0326
valid 	 N@50: 0.08381, R@50: 0.1359, P@50: 0.02483

6.033980853340449
2023-03-20 06:12:24,529 - [INFO] - current w_0 is 8.619972513557173
2023-03-20 06:12:50,096 - [INFO] - E:39|TAU:7.384 10.62, train_time: 24.68, VALID_time: 0.8877, loss: 2.755e+03, emb_loss:0.07557, best_valid(recall@20): 0.07318
valid 	 N@10: 0.04982, R@10: 0.04292, P@10: 0.03836
valid 	 N@20: 0.06043, R@20: 0.07258, P@20: 0.03262
valid 	 N@50: 0.08372, R@50: 0.1356, P@50: 0.02478

6.033980853340449
2023-03-20 06:12:50,141 - [INFO] - current w_0 is 8.619972513557173
2023-03-20 06:13:16,294 - [INFO] - E:40|TAU:7.371 10.66, train_time: 25.05, VALID_time: 1.105, loss: 2.755e+03, emb_loss:0.0758, best_valid(recall@20): 0.07318
valid 	 N@10: 0.04998, R@10: 0.04304, P@10: 0.03851
valid 	 N@20: 0.06045, R@20: 0.0725, P@20: 0.03258
valid 	 N@50: 0.08359, R@50: 0.1352, P@50: 0.02471

6.033980853340449
2023-03-20 06:13:16,337 - [INFO] - current w_0 is 8.619972513557173
2023-03-20 06:13:42,410 - [INFO] - E:41|TAU:7.375 10.73, train_time: 24.65, VALID_time: 1.422, loss: 2.755e+03, emb_loss:0.07601, best_valid(recall@20): 0.07318
valid 	 N@10: 0.04984, R@10: 0.0429, P@10: 0.0384
valid 	 N@20: 0.06024, R@20: 0.07228, P@20: 0.03244
valid 	 N@50: 0.08354, R@50: 0.1353, P@50: 0.0247

6.033980853340449
2023-03-20 06:13:42,459 - [INFO] - current w_0 is 8.619972513557173
2023-03-20 06:14:08,752 - [INFO] - E:42|TAU:7.372 10.71, train_time: 24.66, VALID_time: 1.627, loss: 2.755e+03, emb_loss:0.07621, best_valid(recall@20): 0.07318
valid 	 N@10: 0.04989, R@10: 0.04278, P@10: 0.03829
valid 	 N@20: 0.0605, R@20: 0.07247, P@20: 0.03259
valid 	 N@50: 0.08369, R@50: 0.1354, P@50: 0.0247

6.033980853340449
2023-03-20 06:14:08,798 - [INFO] - current w_0 is 8.619972513557173
2023-03-20 06:14:34,437 - [INFO] - E:43|TAU:7.368 10.68, train_time: 24.66, VALID_time: 0.9734, loss: 2.755e+03, emb_loss:0.0764, best_valid(recall@20): 0.07318
valid 	 N@10: 0.04971, R@10: 0.04287, P@10: 0.03832
valid 	 N@20: 0.06016, R@20: 0.0721, P@20: 0.03253
valid 	 N@50: 0.08319, R@50: 0.1345, P@50: 0.0246

6.033980853340449
2023-03-20 06:14:34,476 - [INFO] - current w_0 is 8.619972513557173
2023-03-20 06:15:01,518 - [INFO] - E:44|TAU:7.379 10.65, train_time: 24.89, VALID_time: 2.152, loss: 2.755e+03, emb_loss:0.07656, best_valid(recall@20): 0.07318
valid 	 N@10: 0.04974, R@10: 0.04289, P@10: 0.03836
valid 	 N@20: 0.0601, R@20: 0.07204, P@20: 0.03246
valid 	 N@50: 0.08327, R@50: 0.1348, P@50: 0.02462

6.033980853340449
2023-03-20 06:15:01,565 - [INFO] - current w_0 is 8.619972513557173
2023-03-20 06:15:27,613 - [INFO] - E:45|TAU:7.386 10.72, train_time: 25.01, VALID_time: 1.032, loss: 2.755e+03, emb_loss:0.07671, best_valid(recall@20): 0.07318
valid 	 N@10: 0.04961, R@10: 0.04282, P@10: 0.03822
valid 	 N@20: 0.06018, R@20: 0.07227, P@20: 0.0325
valid 	 N@50: 0.0832, R@50: 0.1347, P@50: 0.02459

6.033980853340449
2023-03-20 06:15:27,655 - [INFO] - current w_0 is 8.619972513557173
2023-03-20 06:15:53,686 - [INFO] - E:46|TAU:7.366 10.67, train_time: 24.64, VALID_time: 1.385, loss: 2.754e+03, emb_loss:0.07684, best_valid(recall@20): 0.07318
valid 	 N@10: 0.04971, R@10: 0.04292, P@10: 0.03828
valid 	 N@20: 0.06014, R@20: 0.07219, P@20: 0.0324
valid 	 N@50: 0.08317, R@50: 0.1346, P@50: 0.02459

6.033980853340449
2023-03-20 06:15:53,735 - [INFO] - current w_0 is 8.619972513557173
2023-03-20 06:16:20,342 - [INFO] - E:47|TAU:7.366 10.62, train_time: 24.69, VALID_time: 1.918, loss: 2.754e+03, emb_loss:0.07698, best_valid(recall@20): 0.07318
valid 	 N@10: 0.04962, R@10: 0.04274, P@10: 0.03812
valid 	 N@20: 0.06021, R@20: 0.07227, P@20: 0.03245
valid 	 N@50: 0.08327, R@50: 0.1347, P@50: 0.02463

6.033980853340449
2023-03-20 06:16:20,383 - [INFO] - current w_0 is 8.619972513557173
2023-03-20 06:16:46,802 - [INFO] - E:48|TAU:7.369 10.66, train_time: 25.23, VALID_time: 1.187, loss: 2.754e+03, emb_loss:0.07709, best_valid(recall@20): 0.07318
valid 	 N@10: 0.0499, R@10: 0.04288, P@10: 0.03837
valid 	 N@20: 0.06025, R@20: 0.07211, P@20: 0.0324
valid 	 N@50: 0.08316, R@50: 0.1342, P@50: 0.02451

6.033980853340449
2023-03-20 06:16:46,855 - [INFO] - current w_0 is 8.619972513557173
2023-03-20 06:17:12,926 - [INFO] - E:49|TAU:7.368 10.66, train_time: 24.65, VALID_time: 1.42, loss: 2.754e+03, emb_loss:0.0772, best_valid(recall@20): 0.07318
valid 	 N@10: 0.04968, R@10: 0.04269, P@10: 0.03813
valid 	 N@20: 0.06011, R@20: 0.072, P@20: 0.03233
valid 	 N@50: 0.08303, R@50: 0.1341, P@50: 0.02449

6.033980853340449
2023-03-20 06:17:12,969 - [INFO] - current w_0 is 8.619972513557173
2023-03-20 06:17:38,860 - [INFO] - E:50|TAU:7.363 10.64, train_time: 24.78, VALID_time: 1.109, loss: 2.754e+03, emb_loss:0.07729, best_valid(recall@20): 0.07318
valid 	 N@10: 0.04975, R@10: 0.04295, P@10: 0.03839
valid 	 N@20: 0.05996, R@20: 0.07182, P@20: 0.03228
valid 	 N@50: 0.08299, R@50: 0.1342, P@50: 0.02451

6.033980853340449
2023-03-20 06:17:38,908 - [INFO] - current w_0 is 8.619972513557173
2023-03-20 06:18:05,113 - [INFO] - E:51|TAU:7.368 10.7, train_time: 24.74, VALID_time: 1.468, loss: 2.754e+03, emb_loss:0.07738, best_valid(recall@20): 0.07318
valid 	 N@10: 0.04962, R@10: 0.04272, P@10: 0.03816
valid 	 N@20: 0.05991, R@20: 0.07172, P@20: 0.03219
valid 	 N@50: 0.08302, R@50: 0.1343, P@50: 0.02451

6.033980853340449
2023-03-20 06:18:05,161 - [INFO] - current w_0 is 8.619972513557173
2023-03-20 06:18:31,101 - [INFO] - E:52|TAU:7.371 10.6, train_time: 24.65, VALID_time: 1.289, loss: 2.754e+03, emb_loss:0.07746, best_valid(recall@20): 0.07318
valid 	 N@10: 0.04935, R@10: 0.04239, P@10: 0.03785
valid 	 N@20: 0.05995, R@20: 0.0719, P@20: 0.0323
valid 	 N@50: 0.08294, R@50: 0.1342, P@50: 0.02452

6.033980853340449
2023-03-20 06:18:31,151 - [INFO] - current w_0 is 8.619972513557173
2023-03-20 06:18:57,606 - [INFO] - E:53|TAU:7.374 10.68, train_time: 25.28, VALID_time: 1.169, loss: 2.754e+03, emb_loss:0.07753, best_valid(recall@20): 0.07318
valid 	 N@10: 0.04961, R@10: 0.04262, P@10: 0.03807
valid 	 N@20: 0.06, R@20: 0.07178, P@20: 0.03222
valid 	 N@50: 0.08282, R@50: 0.1336, P@50: 0.02438

6.033980853340449
2023-03-20 06:18:57,651 - [INFO] - current w_0 is 8.619972513557173
2023-03-20 06:19:24,255 - [INFO] - E:54|TAU:7.372 10.68, train_time: 25.26, VALID_time: 1.346, loss: 2.754e+03, emb_loss:0.07761, best_valid(recall@20): 0.07318
valid 	 N@10: 0.04969, R@10: 0.04276, P@10: 0.0381
valid 	 N@20: 0.05997, R@20: 0.07174, P@20: 0.03216
valid 	 N@50: 0.08299, R@50: 0.1341, P@50: 0.02447

6.033980853340449
2023-03-20 06:19:24,307 - [INFO] - current w_0 is 8.619972513557173
2023-03-20 06:19:50,666 - [INFO] - E:55|TAU:7.375 10.66, train_time: 24.95, VALID_time: 1.407, loss: 2.754e+03, emb_loss:0.07767, best_valid(recall@20): 0.07318
valid 	 N@10: 0.04956, R@10: 0.04266, P@10: 0.03805
valid 	 N@20: 0.05976, R@20: 0.07148, P@20: 0.03207
valid 	 N@50: 0.08284, R@50: 0.1339, P@50: 0.02445

6.033980853340449
2023-03-20 06:19:50,747 - [INFO] - current w_0 is 8.619972513557173
2023-03-20 06:20:16,772 - [INFO] - E:56|TAU:7.375 10.65, train_time: 24.68, VALID_time: 1.346, loss: 2.753e+03, emb_loss:0.07773, best_valid(recall@20): 0.07318
valid 	 N@10: 0.04961, R@10: 0.04284, P@10: 0.03813
valid 	 N@20: 0.05971, R@20: 0.07136, P@20: 0.03208
valid 	 N@50: 0.08258, R@50: 0.1332, P@50: 0.02435

6.033980853340449
2023-03-20 06:20:16,821 - [INFO] - current w_0 is 8.619972513557173
2023-03-20 06:20:42,559 - [INFO] - E:57|TAU:7.363 10.67, train_time: 24.73, VALID_time: 1.011, loss: 2.753e+03, emb_loss:0.07778, best_valid(recall@20): 0.07318
valid 	 N@10: 0.04942, R@10: 0.04258, P@10: 0.03795
valid 	 N@20: 0.05987, R@20: 0.0718, P@20: 0.03225
valid 	 N@50: 0.08265, R@50: 0.1335, P@50: 0.02437

6.033980853340449
2023-03-20 06:20:42,606 - [INFO] - current w_0 is 8.619972513557173
2023-03-20 06:21:08,367 - [INFO] - E:58|TAU:7.371 10.72, train_time: 24.71, VALID_time: 1.048, loss: 2.754e+03, emb_loss:0.07784, best_valid(recall@20): 0.07318
valid 	 N@10: 0.04936, R@10: 0.04252, P@10: 0.03791
valid 	 N@20: 0.05978, R@20: 0.07162, P@20: 0.03221
valid 	 N@50: 0.0827, R@50: 0.1337, P@50: 0.02441

6.033980853340449
2023-03-20 06:21:08,412 - [INFO] - current w_0 is 8.619972513557173
2023-03-20 06:21:34,599 - [INFO] - E:59|TAU:7.374 10.6, train_time: 24.8, VALID_time: 1.389, loss: 2.753e+03, emb_loss:0.07788, best_valid(recall@20): 0.07318
valid 	 N@10: 0.04905, R@10: 0.04223, P@10: 0.03771
valid 	 N@20: 0.05961, R@20: 0.07163, P@20: 0.03212
valid 	 N@50: 0.08239, R@50: 0.1332, P@50: 0.02433

6.033980853340449
2023-03-20 06:21:34,645 - [INFO] - current w_0 is 8.619972513557173
2023-03-20 06:22:00,495 - [INFO] - E:60|TAU:7.376 10.67, train_time: 24.66, VALID_time: 1.183, loss: 2.753e+03, emb_loss:0.07792, best_valid(recall@20): 0.07318
valid 	 N@10: 0.04923, R@10: 0.04229, P@10: 0.03781
valid 	 N@20: 0.05978, R@20: 0.07175, P@20: 0.03217
valid 	 N@50: 0.08261, R@50: 0.1336, P@50: 0.02436

6.033980853340449
2023-03-20 06:22:00,542 - [INFO] - current w_0 is 8.619972513557173
2023-03-20 06:22:26,274 - [INFO] - E:61|TAU:7.373 10.68, train_time: 24.65, VALID_time: 1.081, loss: 2.753e+03, emb_loss:0.07796, best_valid(recall@20): 0.07318
valid 	 N@10: 0.04939, R@10: 0.04264, P@10: 0.03796
valid 	 N@20: 0.05964, R@20: 0.07151, P@20: 0.03206
valid 	 N@50: 0.08255, R@50: 0.1334, P@50: 0.02435

6.033980853340449
2023-03-20 06:22:26,315 - [INFO] - current w_0 is 8.619972513557173
2023-03-20 06:22:52,422 - [INFO] - E:62|TAU:7.378 10.65, train_time: 24.8, VALID_time: 1.301, loss: 2.753e+03, emb_loss:0.07799, best_valid(recall@20): 0.07318
valid 	 N@10: 0.04943, R@10: 0.04271, P@10: 0.03798
valid 	 N@20: 0.05972, R@20: 0.07162, P@20: 0.03213
valid 	 N@50: 0.08244, R@50: 0.1331, P@50: 0.02432

6.033980853340449
2023-03-20 06:22:52,473 - [INFO] - current w_0 is 8.619972513557173
2023-03-20 06:23:18,935 - [INFO] - E:63|TAU:7.379 10.68, train_time: 24.92, VALID_time: 1.539, loss: 2.753e+03, emb_loss:0.07802, best_valid(recall@20): 0.07318
valid 	 N@10: 0.0493, R@10: 0.04262, P@10: 0.03793
valid 	 N@20: 0.05961, R@20: 0.07157, P@20: 0.03208
valid 	 N@50: 0.08236, R@50: 0.1331, P@50: 0.0243

6.033980853340449
2023-03-20 06:23:18,985 - [INFO] - current w_0 is 8.619972513557173
2023-03-20 06:23:44,791 - [INFO] - E:64|TAU:7.371 10.73, train_time: 24.63, VALID_time: 1.177, loss: 2.753e+03, emb_loss:0.07806, best_valid(recall@20): 0.07318
valid 	 N@10: 0.04942, R@10: 0.04278, P@10: 0.03808
valid 	 N@20: 0.05965, R@20: 0.07158, P@20: 0.03214
valid 	 N@50: 0.08251, R@50: 0.1335, P@50: 0.02437

6.033980853340449
2023-03-20 06:23:44,839 - [INFO] - current w_0 is 8.619972513557173
2023-03-20 06:24:11,309 - [INFO] - E:65|TAU:7.383 10.65, train_time: 25.09, VALID_time: 1.376, loss: 2.753e+03, emb_loss:0.07809, best_valid(recall@20): 0.07318
valid 	 N@10: 0.04937, R@10: 0.04264, P@10: 0.03796
valid 	 N@20: 0.05959, R@20: 0.07143, P@20: 0.03203
valid 	 N@50: 0.08249, R@50: 0.1334, P@50: 0.02431

6.033980853340449
2023-03-20 06:24:11,359 - [INFO] - current w_0 is 8.619972513557173
2023-03-20 06:24:37,957 - [INFO] - E:66|TAU:7.371 10.69, train_time: 25.07, VALID_time: 1.527, loss: 2.753e+03, emb_loss:0.0781, best_valid(recall@20): 0.07318
valid 	 N@10: 0.04935, R@10: 0.0426, P@10: 0.03794
valid 	 N@20: 0.05972, R@20: 0.07167, P@20: 0.03218
valid 	 N@50: 0.08246, R@50: 0.1333, P@50: 0.02432

6.033980853340449
2023-03-20 06:24:38,002 - [INFO] - current w_0 is 8.619972513557173
2023-03-20 06:25:03,705 - [INFO] - E:67|TAU:7.372 10.67, train_time: 24.81, VALID_time: 0.8898, loss: 2.753e+03, emb_loss:0.07815, best_valid(recall@20): 0.07318
valid 	 N@10: 0.04933, R@10: 0.04267, P@10: 0.03796
valid 	 N@20: 0.0594, R@20: 0.07115, P@20: 0.03194
valid 	 N@50: 0.08223, R@50: 0.133, P@50: 0.02426

6.033980853340449
2023-03-20 06:25:03,759 - [INFO] - current w_0 is 8.619972513557173
2023-03-20 06:25:30,143 - [INFO] - E:68|TAU:7.367 10.64, train_time: 25.22, VALID_time: 1.164, loss: 2.753e+03, emb_loss:0.07816, best_valid(recall@20): 0.07318
valid 	 N@10: 0.04933, R@10: 0.04253, P@10: 0.03787
valid 	 N@20: 0.05953, R@20: 0.07116, P@20: 0.03203
valid 	 N@50: 0.08242, R@50: 0.1332, P@50: 0.0243

6.033980853340449
2023-03-20 06:25:30,187 - [INFO] - current w_0 is 8.619972513557173
2023-03-20 06:25:55,847 - [INFO] - E:69|TAU:7.371 10.66, train_time: 24.75, VALID_time: 0.9082, loss: 2.753e+03, emb_loss:0.07818, best_valid(recall@20): 0.07318
valid 	 N@10: 0.04932, R@10: 0.04253, P@10: 0.03783
valid 	 N@20: 0.05951, R@20: 0.07113, P@20: 0.03198
valid 	 N@50: 0.08221, R@50: 0.1326, P@50: 0.0242

2023-03-20 06:25:55,847 - [INFO] - start to test!!

2023-03-20 06:25:56,248 - [INFO] - 
TEST 	 N@10: 0.05042, R@10: 0.04339, P@10: 0.03896
TEST 	 N@20: 0.06101, R@20: 0.07318, P@20: 0.03307
TEST 	 N@50: 0.08484, R@50: 0.1377, P@50: 0.02528

