2023-03-20 05:55:51,511 - [INFO] - {'dataset': 'yelp2018', 'data_path': './data/', 'name': 'yelp2018_LGN_mode_weight_v0_no_sample_nocosine_TAU_Adap_tau_Loss_2048_1024_lr_1e-3_l2_1e-1_t1_1.0_t2_1.0_drop_20_03_2023_05:55:51', 'train_ratio': 0.8, 'gnn': 'lgn_simplex', 'epoch': 1000, 'batch_size': 2048, 'test_batch_size': 2048, 'dim': 64, 'l2': 0.1, 'lr': 0.001, 'mess_dropout': True, 'mess_dropout_rate': 0.1, 'edge_dropout': False, 'edge_dropout_rate': 0.1, 'batch_test_flag': True, 'ns': 'uniform', 'K': 1, 'n_negs': 1024, 'pool': 'mean', 'cuda': True, 'gpu_id': 0, 'Ks': '[10, 20, 50]', 'test_flag': 'part', 'context_hops': 3, 'eval_earlystop': 'recall@20', 'tau_plus': 0.1, 'temperature': 1.0, 'beta': 1.0, 'sample_num': 2048, 's_neg': 64, 's_pos': 64, 'norm_change': False, 'norm_path': None, 'u_norm': True, 'i_norm': True, 'alpha': 0.1, 'save': False, 'save_analyses': False, 'log_hard_rate': False, 'norm_before': False, 'norm_after': False, 'batch_var': False, 'out_dir': './weights/', 'log_dir': './log/', 'config_dir': './config/', 'restore': False, 'bash_train': False, 'emb_l2': False, 'lam': 0.1, 'lam_per_epoch': 0.1, 'margin': 0.9, 'negative_weight': 150, 'loss_fn': 'Adap_tau_Loss', 'sampling_method': 'no_sample', 'load_name': 'uniform', 'generate_mode': 'nocosine', 'reweight_period': 5, 'mix_target': 'mix_target', 'mask_distribution': 'mask_distribution', 'neg_alpha': 1.6, 'pos_alpha': 2.0, 'dim_mask': 'both', 'expolation_mask': False, 'mix_replace': False, 'save_emb': False, 'sample_replace': False, 'init_norm': 'uniform', 'init_mean': 2.0, 'init_std': 2.0, 'pop_pow': 1.0, 'save_mle': False, 'l2_mode': 'static', 'temperature_2': 1.0, 'temperature_3': 1.0, 'group_valid': False, 'score_save': 'alpha', 'tau_min': 0.05, 'tau_max': 0.15, 'm': 0.9, 'pow_rate': 0.9, 't_min': 0.05, 't_max': 0.15, 't_epoch': 0.01, 't_patience': 10, 'tau_mode': 'weight_v0', 'pos_num': 10, 'beta_1': 10, 'beta_2': 10, 'kl_mode': 'kl', 'lam_bank': False, 'neg_rate': '', 'trans_mode': 'minmax', 'pos_memory_func': 'v1', 'tau_memory_func': 'v1', 'kl_memory_fun': 'v0', 'm_tau': 0.9, 'just_lr': False, 'min_lr': 1e-06, 'cnt_lr': 100, 'pos_mode': 'feed_loss'}
2023-03-20 05:55:53,452 - [INFO] - load train.txt
2023-03-20 05:55:56,399 - [INFO] - building the adj mat ...
2023-03-20 05:55:56,885 - [INFO] - train set len is 1237259
2023-03-20 05:55:56,885 - [INFO] - test set len is 324147
2023-03-20 05:55:56,885 - [INFO] - loading over ...
2023-03-20 05:55:56,885 - [INFO] - users are 31668 items are 38048
Adap_tau_Loss
start to make tables
2023-03-20 05:56:04,554 - [INFO] - Evaluation Protocols is 1 @ 20
2023-03-20 05:56:04,554 - [INFO] - start training ...
6.033980853340449
2023-03-20 05:56:04,604 - [INFO] - current w_0 is 8.619972513557173
2023-03-20 05:56:31,134 - [INFO] - E:0|TAU:8.62 8.62, train_time: 25.67, VALID_time: 0.8557, loss: 3.18e+03, emb_loss:0.003404, best_valid(recall@20): -inf
valid 	 N@10: 0.04279, R@10: 0.03735, P@10: 0.03385
valid 	 N@20: 0.05219, R@20: 0.06356, P@20: 0.02891
valid 	 N@50: 0.07419, R@50: 0.1229, P@50: 0.02261

6.033980853340449
2023-03-20 05:56:31,190 - [INFO] - current w_0 is 8.619972513557173
2023-03-20 05:56:56,447 - [INFO] - E:1|TAU:8.62 8.62, train_time: 24.46, VALID_time: 0.7916, loss: 2.912e+03, emb_loss:0.007066, best_valid(recall@20): 0.06356
valid 	 N@10: 0.045, R@10: 0.03875, P@10: 0.03509
valid 	 N@20: 0.05514, R@20: 0.06677, P@20: 0.03032
valid 	 N@50: 0.07799, R@50: 0.1285, P@50: 0.02361

6.033980853340449
2023-03-20 05:56:56,519 - [INFO] - current w_0 is 8.619972513557173
2023-03-20 05:57:21,885 - [INFO] - E:2|TAU:8.62 8.62, train_time: 24.5, VALID_time: 0.8628, loss: 2.849e+03, emb_loss:0.0105, best_valid(recall@20): 0.06677
valid 	 N@10: 0.04651, R@10: 0.04023, P@10: 0.03634
valid 	 N@20: 0.0566, R@20: 0.06853, P@20: 0.03105
valid 	 N@50: 0.07972, R@50: 0.131, P@50: 0.02409

6.033980853340449
2023-03-20 05:57:21,945 - [INFO] - current w_0 is 8.619972513557173
2023-03-20 05:57:47,325 - [INFO] - E:3|TAU:8.62 8.62, train_time: 24.53, VALID_time: 0.853, loss: 2.819e+03, emb_loss:0.01394, best_valid(recall@20): 0.06853
valid 	 N@10: 0.04731, R@10: 0.04109, P@10: 0.03701
valid 	 N@20: 0.05724, R@20: 0.06899, P@20: 0.03135
valid 	 N@50: 0.08067, R@50: 0.1323, P@50: 0.02433

6.033980853340449
2023-03-20 05:57:47,399 - [INFO] - current w_0 is 8.619972513557173
2023-03-20 05:58:12,699 - [INFO] - E:4|TAU:8.62 8.62, train_time: 24.45, VALID_time: 0.846, loss: 2.802e+03, emb_loss:0.01742, best_valid(recall@20): 0.06899
valid 	 N@10: 0.04791, R@10: 0.04123, P@10: 0.0372
valid 	 N@20: 0.05792, R@20: 0.06943, P@20: 0.03158
valid 	 N@50: 0.08152, R@50: 0.1333, P@50: 0.02453

6.033980853340449
2023-03-20 05:58:12,766 - [INFO] - current w_0 is 8.619972513557173
2023-03-20 05:58:38,191 - [INFO] - E:5|TAU:8.62 8.62, train_time: 24.55, VALID_time: 0.8728, loss: 2.792e+03, emb_loss:0.02096, best_valid(recall@20): 0.06943
valid 	 N@10: 0.04802, R@10: 0.04152, P@10: 0.03734
valid 	 N@20: 0.05809, R@20: 0.06983, P@20: 0.03173
valid 	 N@50: 0.08169, R@50: 0.1336, P@50: 0.02458

6.033980853340449
2023-03-20 05:58:38,261 - [INFO] - current w_0 is 8.619972513557173
2023-03-20 05:59:03,607 - [INFO] - E:6|TAU:8.62 8.62, train_time: 24.47, VALID_time: 0.8728, loss: 2.784e+03, emb_loss:0.02452, best_valid(recall@20): 0.06983
valid 	 N@10: 0.04855, R@10: 0.0419, P@10: 0.03781
valid 	 N@20: 0.05856, R@20: 0.07026, P@20: 0.03194
valid 	 N@50: 0.08249, R@50: 0.1351, P@50: 0.02479

6.033980853340449
2023-03-20 05:59:03,668 - [INFO] - current w_0 is 8.619972513557173
2023-03-20 05:59:29,036 - [INFO] - E:7|TAU:8.62 8.62, train_time: 24.49, VALID_time: 0.8768, loss: 2.779e+03, emb_loss:0.02808, best_valid(recall@20): 0.07026
valid 	 N@10: 0.049, R@10: 0.04223, P@10: 0.03801
valid 	 N@20: 0.059, R@20: 0.07058, P@20: 0.03207
valid 	 N@50: 0.08292, R@50: 0.1353, P@50: 0.02487

6.033980853340449
2023-03-20 05:59:29,101 - [INFO] - current w_0 is 8.619972513557173
2023-03-20 05:59:54,529 - [INFO] - E:8|TAU:8.62 8.62, train_time: 24.55, VALID_time: 0.8732, loss: 2.774e+03, emb_loss:0.03158, best_valid(recall@20): 0.07058
valid 	 N@10: 0.04885, R@10: 0.04214, P@10: 0.03807
valid 	 N@20: 0.05911, R@20: 0.07107, P@20: 0.03227
valid 	 N@50: 0.08295, R@50: 0.1356, P@50: 0.02491

6.033980853340449
2023-03-20 05:59:54,599 - [INFO] - current w_0 is 8.619972513557173
2023-03-20 06:00:20,250 - [INFO] - E:9|TAU:8.62 8.62, train_time: 24.48, VALID_time: 1.17, loss: 2.771e+03, emb_loss:0.03502, best_valid(recall@20): 0.07107
valid 	 N@10: 0.04892, R@10: 0.04219, P@10: 0.03805
valid 	 N@20: 0.05938, R@20: 0.07153, P@20: 0.03246
valid 	 N@50: 0.08318, R@50: 0.136, P@50: 0.025

6.033980853340449
2023-03-20 06:00:20,324 - [INFO] - current w_0 is 8.619972513557173
2023-03-20 06:00:45,803 - [INFO] - E:10|TAU:8.62 8.62, train_time: 24.45, VALID_time: 1.025, loss: 2.769e+03, emb_loss:0.03832, best_valid(recall@20): 0.07153
valid 	 N@10: 0.04908, R@10: 0.0423, P@10: 0.03807
valid 	 N@20: 0.05929, R@20: 0.07116, P@20: 0.03225
valid 	 N@50: 0.08326, R@50: 0.136, P@50: 0.02495

6.033980853340449
2023-03-20 06:00:45,849 - [INFO] - current w_0 is 8.619972513557173
2023-03-20 06:01:11,259 - [INFO] - E:11|TAU:8.62 8.62, train_time: 24.52, VALID_time: 0.8892, loss: 2.767e+03, emb_loss:0.04148, best_valid(recall@20): 0.07153
valid 	 N@10: 0.04927, R@10: 0.04256, P@10: 0.03834
valid 	 N@20: 0.05955, R@20: 0.07167, P@20: 0.03248
valid 	 N@50: 0.08347, R@50: 0.1365, P@50: 0.02504

6.033980853340449
2023-03-20 06:01:11,318 - [INFO] - current w_0 is 8.619972513557173
2023-03-20 06:01:36,658 - [INFO] - E:12|TAU:8.62 8.62, train_time: 24.46, VALID_time: 0.8734, loss: 2.765e+03, emb_loss:0.04448, best_valid(recall@20): 0.07167
valid 	 N@10: 0.04933, R@10: 0.04251, P@10: 0.0382
valid 	 N@20: 0.05985, R@20: 0.07203, P@20: 0.03258
valid 	 N@50: 0.08376, R@50: 0.1368, P@50: 0.02511

6.033980853340449
2023-03-20 06:01:36,734 - [INFO] - current w_0 is 8.619972513557173
2023-03-20 06:02:02,268 - [INFO] - E:13|TAU:8.62 8.62, train_time: 24.46, VALID_time: 1.077, loss: 2.764e+03, emb_loss:0.04729, best_valid(recall@20): 0.07203
valid 	 N@10: 0.04954, R@10: 0.0427, P@10: 0.03836
valid 	 N@20: 0.05986, R@20: 0.07182, P@20: 0.03253
valid 	 N@50: 0.0838, R@50: 0.1366, P@50: 0.02505

6.033980853340449
2023-03-20 06:02:02,318 - [INFO] - current w_0 is 8.619972513557173
2023-03-20 06:02:27,738 - [INFO] - E:14|TAU:8.62 8.62, train_time: 24.52, VALID_time: 0.8988, loss: 2.763e+03, emb_loss:0.04992, best_valid(recall@20): 0.07203
valid 	 N@10: 0.04955, R@10: 0.04256, P@10: 0.03829
valid 	 N@20: 0.05992, R@20: 0.07183, P@20: 0.03247
valid 	 N@50: 0.08404, R@50: 0.1372, P@50: 0.02513

6.033980853340449
2023-03-20 06:02:27,780 - [INFO] - current w_0 is 8.619972513557173
2023-03-20 06:02:53,213 - [INFO] - E:15|TAU:8.62 8.62, train_time: 24.49, VALID_time: 0.9463, loss: 2.762e+03, emb_loss:0.05236, best_valid(recall@20): 0.07203
valid 	 N@10: 0.04945, R@10: 0.04238, P@10: 0.03826
valid 	 N@20: 0.06004, R@20: 0.07213, P@20: 0.03267
valid 	 N@50: 0.08393, R@50: 0.1369, P@50: 0.0251

6.033980853340449
2023-03-20 06:02:53,288 - [INFO] - current w_0 is 8.619972513557173
2023-03-20 06:03:18,743 - [INFO] - E:16|TAU:8.62 8.62, train_time: 24.6, VALID_time: 0.8508, loss: 2.761e+03, emb_loss:0.05462, best_valid(recall@20): 0.07213
valid 	 N@10: 0.04949, R@10: 0.04259, P@10: 0.03822
valid 	 N@20: 0.06007, R@20: 0.07216, P@20: 0.03265
valid 	 N@50: 0.08392, R@50: 0.1368, P@50: 0.02506

6.033980853340449
2023-03-20 06:03:18,817 - [INFO] - current w_0 is 8.619972513557173
2023-03-20 06:03:44,213 - [INFO] - E:17|TAU:8.62 8.62, train_time: 24.46, VALID_time: 0.9293, loss: 2.761e+03, emb_loss:0.0567, best_valid(recall@20): 0.07216
valid 	 N@10: 0.04975, R@10: 0.04276, P@10: 0.03839
valid 	 N@20: 0.06025, R@20: 0.07222, P@20: 0.03269
valid 	 N@50: 0.08406, R@50: 0.1367, P@50: 0.02505

6.033980853340449
2023-03-20 06:03:44,274 - [INFO] - current w_0 is 8.619972513557173
2023-03-20 06:04:09,704 - [INFO] - E:18|TAU:8.62 8.62, train_time: 24.5, VALID_time: 0.9296, loss: 2.76e+03, emb_loss:0.05861, best_valid(recall@20): 0.07222
valid 	 N@10: 0.04978, R@10: 0.04288, P@10: 0.03844
valid 	 N@20: 0.06028, R@20: 0.07235, P@20: 0.03266
valid 	 N@50: 0.08404, R@50: 0.1367, P@50: 0.02502

6.033980853340449
2023-03-20 06:04:09,782 - [INFO] - current w_0 is 8.619972513557173
2023-03-20 06:04:35,574 - [INFO] - E:19|TAU:8.62 8.62, train_time: 24.5, VALID_time: 1.293, loss: 2.76e+03, emb_loss:0.06036, best_valid(recall@20): 0.07235
valid 	 N@10: 0.04986, R@10: 0.04294, P@10: 0.0386
valid 	 N@20: 0.06014, R@20: 0.07209, P@20: 0.03258
valid 	 N@50: 0.08384, R@50: 0.1362, P@50: 0.02497

6.033980853340449
2023-03-20 06:04:35,617 - [INFO] - current w_0 is 8.619972513557173
2023-03-20 06:05:00,933 - [INFO] - E:20|TAU:8.62 8.62, train_time: 24.44, VALID_time: 0.8768, loss: 2.759e+03, emb_loss:0.06195, best_valid(recall@20): 0.07235
valid 	 N@10: 0.04966, R@10: 0.04284, P@10: 0.03848
valid 	 N@20: 0.06009, R@20: 0.0722, P@20: 0.03262
valid 	 N@50: 0.08389, R@50: 0.1366, P@50: 0.02504

6.033980853340449
2023-03-20 06:05:00,969 - [INFO] - current w_0 is 8.619972513557173
2023-03-20 06:05:26,353 - [INFO] - E:21|TAU:8.62 8.62, train_time: 24.47, VALID_time: 0.9129, loss: 2.759e+03, emb_loss:0.06342, best_valid(recall@20): 0.07235
valid 	 N@10: 0.04974, R@10: 0.0429, P@10: 0.03848
valid 	 N@20: 0.06019, R@20: 0.07222, P@20: 0.03267
valid 	 N@50: 0.08388, R@50: 0.1364, P@50: 0.02495

6.033980853340449
2023-03-20 06:05:26,388 - [INFO] - current w_0 is 8.619972513557173
2023-03-20 06:05:51,780 - [INFO] - E:22|TAU:8.62 8.62, train_time: 24.54, VALID_time: 0.8466, loss: 2.759e+03, emb_loss:0.06475, best_valid(recall@20): 0.07235
valid 	 N@10: 0.04967, R@10: 0.04293, P@10: 0.03851
valid 	 N@20: 0.05986, R@20: 0.07178, P@20: 0.03241
valid 	 N@50: 0.08374, R@50: 0.1363, P@50: 0.02496

6.033980853340449
2023-03-20 06:05:51,814 - [INFO] - current w_0 is 8.619972513557173
2023-03-20 06:06:17,304 - [INFO] - E:23|TAU:8.62 8.62, train_time: 24.51, VALID_time: 0.9797, loss: 2.758e+03, emb_loss:0.06595, best_valid(recall@20): 0.07235
valid 	 N@10: 0.04956, R@10: 0.04284, P@10: 0.03844
valid 	 N@20: 0.05989, R@20: 0.07192, P@20: 0.03246
valid 	 N@50: 0.08373, R@50: 0.1364, P@50: 0.02495

6.033980853340449
2023-03-20 06:06:17,346 - [INFO] - current w_0 is 8.619972513557173
2023-03-20 06:06:42,760 - [INFO] - E:24|TAU:8.62 8.62, train_time: 24.54, VALID_time: 0.8772, loss: 2.758e+03, emb_loss:0.06706, best_valid(recall@20): 0.07235
valid 	 N@10: 0.04973, R@10: 0.04282, P@10: 0.03848
valid 	 N@20: 0.05993, R@20: 0.07174, P@20: 0.03241
valid 	 N@50: 0.08369, R@50: 0.136, P@50: 0.02488

6.033980853340449
2023-03-20 06:06:42,796 - [INFO] - current w_0 is 8.619972513557173
2023-03-20 06:07:08,203 - [INFO] - E:25|TAU:8.62 8.62, train_time: 24.48, VALID_time: 0.9236, loss: 2.758e+03, emb_loss:0.06806, best_valid(recall@20): 0.07235
valid 	 N@10: 0.04966, R@10: 0.0428, P@10: 0.03838
valid 	 N@20: 0.06008, R@20: 0.07205, P@20: 0.03252
valid 	 N@50: 0.08372, R@50: 0.1361, P@50: 0.02487

6.033980853340449
2023-03-20 06:07:08,249 - [INFO] - current w_0 is 8.619972513557173
2023-03-20 06:07:33,582 - [INFO] - E:26|TAU:8.62 8.62, train_time: 24.43, VALID_time: 0.8974, loss: 2.758e+03, emb_loss:0.06897, best_valid(recall@20): 0.07235
valid 	 N@10: 0.04964, R@10: 0.0428, P@10: 0.03835
valid 	 N@20: 0.06009, R@20: 0.07209, P@20: 0.03259
valid 	 N@50: 0.08363, R@50: 0.1361, P@50: 0.02484

6.033980853340449
2023-03-20 06:07:33,619 - [INFO] - current w_0 is 8.619972513557173
2023-03-20 06:07:58,961 - [INFO] - E:27|TAU:8.62 8.62, train_time: 24.48, VALID_time: 0.8582, loss: 2.758e+03, emb_loss:0.06979, best_valid(recall@20): 0.07235
valid 	 N@10: 0.04959, R@10: 0.04274, P@10: 0.03822
valid 	 N@20: 0.06, R@20: 0.07196, P@20: 0.0324
valid 	 N@50: 0.08361, R@50: 0.1359, P@50: 0.02482

6.033980853340449
2023-03-20 06:07:59,002 - [INFO] - current w_0 is 8.619972513557173
2023-03-20 06:08:24,367 - [INFO] - E:28|TAU:8.62 8.62, train_time: 24.49, VALID_time: 0.8778, loss: 2.757e+03, emb_loss:0.07054, best_valid(recall@20): 0.07235
valid 	 N@10: 0.04948, R@10: 0.04266, P@10: 0.03822
valid 	 N@20: 0.0599, R@20: 0.072, P@20: 0.03237
valid 	 N@50: 0.08344, R@50: 0.1357, P@50: 0.02477

6.033980853340449
2023-03-20 06:08:24,409 - [INFO] - current w_0 is 8.619972513557173
2023-03-20 06:08:49,716 - [INFO] - E:29|TAU:8.62 8.62, train_time: 24.46, VALID_time: 0.851, loss: 2.757e+03, emb_loss:0.07123, best_valid(recall@20): 0.07235
valid 	 N@10: 0.04951, R@10: 0.04272, P@10: 0.03825
valid 	 N@20: 0.05982, R@20: 0.07182, P@20: 0.03227
valid 	 N@50: 0.08329, R@50: 0.1353, P@50: 0.0247

6.033980853340449
2023-03-20 06:08:49,760 - [INFO] - current w_0 is 8.619972513557173
2023-03-20 06:09:15,140 - [INFO] - E:30|TAU:8.62 8.62, train_time: 24.5, VALID_time: 0.8768, loss: 2.757e+03, emb_loss:0.07185, best_valid(recall@20): 0.07235
valid 	 N@10: 0.04964, R@10: 0.04271, P@10: 0.03818
valid 	 N@20: 0.06004, R@20: 0.07208, P@20: 0.03235
valid 	 N@50: 0.08343, R@50: 0.1354, P@50: 0.02469

6.033980853340449
2023-03-20 06:09:15,178 - [INFO] - current w_0 is 8.619972513557173
2023-03-20 06:09:40,551 - [INFO] - E:31|TAU:8.62 8.62, train_time: 24.48, VALID_time: 0.8914, loss: 2.757e+03, emb_loss:0.07241, best_valid(recall@20): 0.07235
valid 	 N@10: 0.04954, R@10: 0.04274, P@10: 0.03819
valid 	 N@20: 0.0601, R@20: 0.07231, P@20: 0.03246
valid 	 N@50: 0.08334, R@50: 0.1352, P@50: 0.02467

6.033980853340449
2023-03-20 06:09:40,588 - [INFO] - current w_0 is 8.619972513557173
2023-03-20 06:10:05,941 - [INFO] - E:32|TAU:8.62 8.62, train_time: 24.46, VALID_time: 0.8909, loss: 2.757e+03, emb_loss:0.07292, best_valid(recall@20): 0.07235
valid 	 N@10: 0.04947, R@10: 0.04278, P@10: 0.03816
valid 	 N@20: 0.05995, R@20: 0.07218, P@20: 0.03241
valid 	 N@50: 0.08314, R@50: 0.135, P@50: 0.02463

6.033980853340449
2023-03-20 06:10:05,982 - [INFO] - current w_0 is 8.619972513557173
2023-03-20 06:10:31,350 - [INFO] - E:33|TAU:8.62 8.62, train_time: 24.48, VALID_time: 0.887, loss: 2.757e+03, emb_loss:0.07338, best_valid(recall@20): 0.07235
valid 	 N@10: 0.04925, R@10: 0.04256, P@10: 0.03802
valid 	 N@20: 0.05974, R@20: 0.07195, P@20: 0.03231
valid 	 N@50: 0.08298, R@50: 0.1349, P@50: 0.02459

6.033980853340449
2023-03-20 06:10:31,385 - [INFO] - current w_0 is 8.619972513557173
2023-03-20 06:10:56,695 - [INFO] - E:34|TAU:8.62 8.62, train_time: 24.46, VALID_time: 0.8445, loss: 2.757e+03, emb_loss:0.07381, best_valid(recall@20): 0.07235
valid 	 N@10: 0.04896, R@10: 0.04239, P@10: 0.03788
valid 	 N@20: 0.05947, R@20: 0.07178, P@20: 0.03223
valid 	 N@50: 0.08279, R@50: 0.1349, P@50: 0.02459

6.033980853340449
2023-03-20 06:10:56,729 - [INFO] - current w_0 is 8.619972513557173
2023-03-20 06:11:21,987 - [INFO] - E:35|TAU:8.62 8.62, train_time: 24.44, VALID_time: 0.819, loss: 2.756e+03, emb_loss:0.07419, best_valid(recall@20): 0.07235
valid 	 N@10: 0.04907, R@10: 0.04233, P@10: 0.03783
valid 	 N@20: 0.05958, R@20: 0.07175, P@20: 0.03219
valid 	 N@50: 0.08293, R@50: 0.135, P@50: 0.02459

6.033980853340449
2023-03-20 06:11:22,022 - [INFO] - current w_0 is 8.619972513557173
2023-03-20 06:11:47,380 - [INFO] - E:36|TAU:8.62 8.62, train_time: 24.47, VALID_time: 0.8895, loss: 2.756e+03, emb_loss:0.07454, best_valid(recall@20): 0.07235
valid 	 N@10: 0.0491, R@10: 0.0424, P@10: 0.03779
valid 	 N@20: 0.05956, R@20: 0.07162, P@20: 0.03214
valid 	 N@50: 0.08292, R@50: 0.1349, P@50: 0.02455

6.033980853340449
2023-03-20 06:11:47,426 - [INFO] - current w_0 is 8.619972513557173
2023-03-20 06:12:12,797 - [INFO] - E:37|TAU:8.62 8.62, train_time: 24.46, VALID_time: 0.9059, loss: 2.756e+03, emb_loss:0.07486, best_valid(recall@20): 0.07235
valid 	 N@10: 0.04909, R@10: 0.04256, P@10: 0.03793
valid 	 N@20: 0.05947, R@20: 0.07166, P@20: 0.03214
valid 	 N@50: 0.08271, R@50: 0.1346, P@50: 0.0245

6.033980853340449
2023-03-20 06:12:12,841 - [INFO] - current w_0 is 8.619972513557173
2023-03-20 06:12:38,183 - [INFO] - E:38|TAU:8.62 8.62, train_time: 24.48, VALID_time: 0.8623, loss: 2.756e+03, emb_loss:0.07515, best_valid(recall@20): 0.07235
valid 	 N@10: 0.04902, R@10: 0.04236, P@10: 0.03784
valid 	 N@20: 0.05946, R@20: 0.07163, P@20: 0.03213
valid 	 N@50: 0.08261, R@50: 0.1343, P@50: 0.02445

6.033980853340449
2023-03-20 06:12:38,217 - [INFO] - current w_0 is 8.619972513557173
2023-03-20 06:13:03,571 - [INFO] - E:39|TAU:8.62 8.62, train_time: 24.48, VALID_time: 0.8751, loss: 2.756e+03, emb_loss:0.07541, best_valid(recall@20): 0.07235
valid 	 N@10: 0.04896, R@10: 0.04244, P@10: 0.03775
valid 	 N@20: 0.05955, R@20: 0.07184, P@20: 0.03221
valid 	 N@50: 0.08254, R@50: 0.134, P@50: 0.02442

6.033980853340449
2023-03-20 06:13:03,610 - [INFO] - current w_0 is 8.619972513557173
2023-03-20 06:13:28,989 - [INFO] - E:40|TAU:8.62 8.62, train_time: 24.51, VALID_time: 0.8682, loss: 2.756e+03, emb_loss:0.07565, best_valid(recall@20): 0.07235
valid 	 N@10: 0.04912, R@10: 0.04249, P@10: 0.03789
valid 	 N@20: 0.05943, R@20: 0.07149, P@20: 0.03205
valid 	 N@50: 0.08241, R@50: 0.1336, P@50: 0.02435

6.033980853340449
2023-03-20 06:13:29,037 - [INFO] - current w_0 is 8.619972513557173
2023-03-20 06:13:54,394 - [INFO] - E:41|TAU:8.62 8.62, train_time: 24.47, VALID_time: 0.8831, loss: 2.756e+03, emb_loss:0.07587, best_valid(recall@20): 0.07235
valid 	 N@10: 0.04894, R@10: 0.04233, P@10: 0.03763
valid 	 N@20: 0.05935, R@20: 0.07132, P@20: 0.03201
valid 	 N@50: 0.08233, R@50: 0.1335, P@50: 0.0243

6.033980853340449
2023-03-20 06:13:54,429 - [INFO] - current w_0 is 8.619972513557173
2023-03-20 06:14:19,672 - [INFO] - E:42|TAU:8.62 8.62, train_time: 24.45, VALID_time: 0.7893, loss: 2.756e+03, emb_loss:0.07607, best_valid(recall@20): 0.07235
valid 	 N@10: 0.04911, R@10: 0.04247, P@10: 0.03775
valid 	 N@20: 0.05941, R@20: 0.07131, P@20: 0.03198
valid 	 N@50: 0.08251, R@50: 0.1338, P@50: 0.02434

6.033980853340449
2023-03-20 06:14:19,707 - [INFO] - current w_0 is 8.619972513557173
2023-03-20 06:14:45,003 - [INFO] - E:43|TAU:8.62 8.62, train_time: 24.46, VALID_time: 0.835, loss: 2.756e+03, emb_loss:0.07626, best_valid(recall@20): 0.07235
valid 	 N@10: 0.04879, R@10: 0.0423, P@10: 0.03762
valid 	 N@20: 0.05902, R@20: 0.07089, P@20: 0.03182
valid 	 N@50: 0.08197, R@50: 0.133, P@50: 0.02421

6.033980853340449
2023-03-20 06:14:45,042 - [INFO] - current w_0 is 8.619972513557173
2023-03-20 06:15:10,377 - [INFO] - E:44|TAU:8.62 8.62, train_time: 24.45, VALID_time: 0.8834, loss: 2.756e+03, emb_loss:0.07642, best_valid(recall@20): 0.07235
valid 	 N@10: 0.04881, R@10: 0.04216, P@10: 0.03758
valid 	 N@20: 0.05911, R@20: 0.071, P@20: 0.03187
valid 	 N@50: 0.08222, R@50: 0.1335, P@50: 0.02432

6.033980853340449
2023-03-20 06:15:10,417 - [INFO] - current w_0 is 8.619972513557173
2023-03-20 06:15:35,692 - [INFO] - E:45|TAU:8.62 8.62, train_time: 24.43, VALID_time: 0.8394, loss: 2.756e+03, emb_loss:0.07657, best_valid(recall@20): 0.07235
valid 	 N@10: 0.04895, R@10: 0.04234, P@10: 0.03772
valid 	 N@20: 0.05916, R@20: 0.07104, P@20: 0.03184
valid 	 N@50: 0.08214, R@50: 0.1332, P@50: 0.02425

6.033980853340449
2023-03-20 06:15:35,727 - [INFO] - current w_0 is 8.619972513557173
2023-03-20 06:16:01,093 - [INFO] - E:46|TAU:8.62 8.62, train_time: 24.49, VALID_time: 0.8747, loss: 2.755e+03, emb_loss:0.07671, best_valid(recall@20): 0.07235
valid 	 N@10: 0.04872, R@10: 0.0423, P@10: 0.03753
valid 	 N@20: 0.05895, R@20: 0.07087, P@20: 0.03174
valid 	 N@50: 0.08191, R@50: 0.1329, P@50: 0.02419

6.033980853340449
2023-03-20 06:16:01,127 - [INFO] - current w_0 is 8.619972513557173
2023-03-20 06:16:26,472 - [INFO] - E:47|TAU:8.62 8.62, train_time: 24.5, VALID_time: 0.8482, loss: 2.755e+03, emb_loss:0.07685, best_valid(recall@20): 0.07235
valid 	 N@10: 0.04868, R@10: 0.04204, P@10: 0.03736
valid 	 N@20: 0.05925, R@20: 0.07132, P@20: 0.03187
valid 	 N@50: 0.08206, R@50: 0.133, P@50: 0.0242

6.033980853340449
2023-03-20 06:16:26,507 - [INFO] - current w_0 is 8.619972513557173
2023-03-20 06:16:51,960 - [INFO] - E:48|TAU:8.62 8.62, train_time: 24.46, VALID_time: 0.9941, loss: 2.755e+03, emb_loss:0.07697, best_valid(recall@20): 0.07235
valid 	 N@10: 0.04892, R@10: 0.04226, P@10: 0.0376
valid 	 N@20: 0.05921, R@20: 0.0711, P@20: 0.0318
valid 	 N@50: 0.08188, R@50: 0.1323, P@50: 0.02411

6.033980853340449
2023-03-20 06:16:52,003 - [INFO] - current w_0 is 8.619972513557173
2023-03-20 06:17:17,513 - [INFO] - E:49|TAU:8.62 8.62, train_time: 24.64, VALID_time: 0.8688, loss: 2.755e+03, emb_loss:0.07708, best_valid(recall@20): 0.07235
valid 	 N@10: 0.04889, R@10: 0.04226, P@10: 0.0376
valid 	 N@20: 0.05904, R@20: 0.07082, P@20: 0.03174
valid 	 N@50: 0.08182, R@50: 0.1325, P@50: 0.02409

6.033980853340449
2023-03-20 06:17:17,550 - [INFO] - current w_0 is 8.619972513557173
2023-03-20 06:17:43,284 - [INFO] - E:50|TAU:8.62 8.62, train_time: 24.45, VALID_time: 1.284, loss: 2.755e+03, emb_loss:0.07717, best_valid(recall@20): 0.07235
valid 	 N@10: 0.04885, R@10: 0.04237, P@10: 0.03765
valid 	 N@20: 0.05884, R@20: 0.07056, P@20: 0.03161
valid 	 N@50: 0.08175, R@50: 0.1324, P@50: 0.02411

6.033980853340449
2023-03-20 06:17:43,329 - [INFO] - current w_0 is 8.619972513557173
2023-03-20 06:18:08,719 - [INFO] - E:51|TAU:8.62 8.62, train_time: 24.45, VALID_time: 0.9357, loss: 2.755e+03, emb_loss:0.07727, best_valid(recall@20): 0.07235
valid 	 N@10: 0.04882, R@10: 0.04237, P@10: 0.03765
valid 	 N@20: 0.05886, R@20: 0.07066, P@20: 0.03165
valid 	 N@50: 0.08167, R@50: 0.1324, P@50: 0.02407

6.033980853340449
2023-03-20 06:18:08,762 - [INFO] - current w_0 is 8.619972513557173
2023-03-20 06:18:34,161 - [INFO] - E:52|TAU:8.62 8.62, train_time: 24.52, VALID_time: 0.8751, loss: 2.755e+03, emb_loss:0.07735, best_valid(recall@20): 0.07235
valid 	 N@10: 0.04859, R@10: 0.04207, P@10: 0.03734
valid 	 N@20: 0.05887, R@20: 0.07075, P@20: 0.03166
valid 	 N@50: 0.08161, R@50: 0.1323, P@50: 0.02404

6.033980853340449
2023-03-20 06:18:34,203 - [INFO] - current w_0 is 8.619972513557173
2023-03-20 06:18:59,558 - [INFO] - E:53|TAU:8.62 8.62, train_time: 24.47, VALID_time: 0.8793, loss: 2.755e+03, emb_loss:0.07742, best_valid(recall@20): 0.07235
valid 	 N@10: 0.04867, R@10: 0.04197, P@10: 0.03736
valid 	 N@20: 0.05883, R@20: 0.07051, P@20: 0.03155
valid 	 N@50: 0.08154, R@50: 0.1319, P@50: 0.02398

6.033980853340449
2023-03-20 06:18:59,597 - [INFO] - current w_0 is 8.619972513557173
2023-03-20 06:19:25,112 - [INFO] - E:54|TAU:8.62 8.62, train_time: 24.53, VALID_time: 0.9801, loss: 2.755e+03, emb_loss:0.0775, best_valid(recall@20): 0.07235
valid 	 N@10: 0.04867, R@10: 0.04202, P@10: 0.03734
valid 	 N@20: 0.0588, R@20: 0.07055, P@20: 0.03148
valid 	 N@50: 0.08166, R@50: 0.1323, P@50: 0.02403

6.033980853340449
2023-03-20 06:19:25,151 - [INFO] - current w_0 is 8.619972513557173
2023-03-20 06:19:52,041 - [INFO] - E:55|TAU:8.62 8.62, train_time: 26.05, VALID_time: 0.8394, loss: 2.755e+03, emb_loss:0.07757, best_valid(recall@20): 0.07235
valid 	 N@10: 0.04871, R@10: 0.04226, P@10: 0.0375
valid 	 N@20: 0.05865, R@20: 0.07037, P@20: 0.03146
valid 	 N@50: 0.0815, R@50: 0.1321, P@50: 0.02401

6.033980853340449
2023-03-20 06:19:52,079 - [INFO] - current w_0 is 8.619972513557173
2023-03-20 06:20:17,339 - [INFO] - E:56|TAU:8.62 8.62, train_time: 24.43, VALID_time: 0.8254, loss: 2.755e+03, emb_loss:0.07763, best_valid(recall@20): 0.07235
valid 	 N@10: 0.04866, R@10: 0.04227, P@10: 0.03745
valid 	 N@20: 0.05861, R@20: 0.07029, P@20: 0.03148
valid 	 N@50: 0.08125, R@50: 0.1315, P@50: 0.0239

6.033980853340449
2023-03-20 06:20:17,375 - [INFO] - current w_0 is 8.619972513557173
2023-03-20 06:20:43,043 - [INFO] - E:57|TAU:8.62 8.62, train_time: 24.49, VALID_time: 1.177, loss: 2.755e+03, emb_loss:0.07768, best_valid(recall@20): 0.07235
valid 	 N@10: 0.04854, R@10: 0.04201, P@10: 0.03731
valid 	 N@20: 0.05873, R@20: 0.07056, P@20: 0.03156
valid 	 N@50: 0.08128, R@50: 0.1315, P@50: 0.02392

6.033980853340449
2023-03-20 06:20:43,097 - [INFO] - current w_0 is 8.619972513557173
2023-03-20 06:21:08,426 - [INFO] - E:58|TAU:8.62 8.62, train_time: 24.45, VALID_time: 0.8755, loss: 2.755e+03, emb_loss:0.07774, best_valid(recall@20): 0.07235
valid 	 N@10: 0.04853, R@10: 0.04211, P@10: 0.03733
valid 	 N@20: 0.0586, R@20: 0.07038, P@20: 0.03146
valid 	 N@50: 0.0814, R@50: 0.132, P@50: 0.02398

6.033980853340449
2023-03-20 06:21:08,469 - [INFO] - current w_0 is 8.619972513557173
2023-03-20 06:21:33,778 - [INFO] - E:59|TAU:8.62 8.62, train_time: 24.46, VALID_time: 0.8501, loss: 2.755e+03, emb_loss:0.07779, best_valid(recall@20): 0.07235
valid 	 N@10: 0.04824, R@10: 0.04194, P@10: 0.03713
valid 	 N@20: 0.05842, R@20: 0.07032, P@20: 0.03144
valid 	 N@50: 0.08118, R@50: 0.1318, P@50: 0.02393

6.033980853340449
2023-03-20 06:21:33,816 - [INFO] - current w_0 is 8.619972513557173
2023-03-20 06:21:59,249 - [INFO] - E:60|TAU:8.62 8.62, train_time: 24.57, VALID_time: 0.8575, loss: 2.754e+03, emb_loss:0.07782, best_valid(recall@20): 0.07235
valid 	 N@10: 0.04852, R@10: 0.04198, P@10: 0.03736
valid 	 N@20: 0.05872, R@20: 0.07065, P@20: 0.03153
valid 	 N@50: 0.0813, R@50: 0.1316, P@50: 0.02392

6.033980853340449
2023-03-20 06:21:59,288 - [INFO] - current w_0 is 8.619972513557173
2023-03-20 06:22:24,610 - [INFO] - E:61|TAU:8.62 8.62, train_time: 24.44, VALID_time: 0.8768, loss: 2.754e+03, emb_loss:0.07787, best_valid(recall@20): 0.07235
valid 	 N@10: 0.04841, R@10: 0.04205, P@10: 0.03727
valid 	 N@20: 0.05839, R@20: 0.07006, P@20: 0.03135
valid 	 N@50: 0.08108, R@50: 0.1313, P@50: 0.02386

6.033980853340449
2023-03-20 06:22:24,654 - [INFO] - current w_0 is 8.619972513557173
2023-03-20 06:22:50,051 - [INFO] - E:62|TAU:8.62 8.62, train_time: 24.51, VALID_time: 0.8843, loss: 2.754e+03, emb_loss:0.0779, best_valid(recall@20): 0.07235
valid 	 N@10: 0.04847, R@10: 0.04214, P@10: 0.03727
valid 	 N@20: 0.05853, R@20: 0.07034, P@20: 0.0314
valid 	 N@50: 0.08112, R@50: 0.1314, P@50: 0.02387

6.033980853340449
2023-03-20 06:22:50,088 - [INFO] - current w_0 is 8.619972513557173
2023-03-20 06:23:15,572 - [INFO] - E:63|TAU:8.62 8.62, train_time: 24.51, VALID_time: 0.9714, loss: 2.754e+03, emb_loss:0.07793, best_valid(recall@20): 0.07235
valid 	 N@10: 0.0483, R@10: 0.04186, P@10: 0.03713
valid 	 N@20: 0.05838, R@20: 0.07019, P@20: 0.03135
valid 	 N@50: 0.08101, R@50: 0.1313, P@50: 0.02385

6.033980853340449
2023-03-20 06:23:15,615 - [INFO] - current w_0 is 8.619972513557173
2023-03-20 06:23:41,001 - [INFO] - E:64|TAU:8.62 8.62, train_time: 24.49, VALID_time: 0.8977, loss: 2.754e+03, emb_loss:0.07797, best_valid(recall@20): 0.07235
valid 	 N@10: 0.04836, R@10: 0.04195, P@10: 0.03717
valid 	 N@20: 0.05834, R@20: 0.07009, P@20: 0.03127
valid 	 N@50: 0.08119, R@50: 0.1317, P@50: 0.02394

6.033980853340449
2023-03-20 06:23:41,040 - [INFO] - current w_0 is 8.619972513557173
2023-03-20 06:24:06,493 - [INFO] - E:65|TAU:8.62 8.62, train_time: 24.52, VALID_time: 0.9296, loss: 2.754e+03, emb_loss:0.078, best_valid(recall@20): 0.07235
valid 	 N@10: 0.04849, R@10: 0.04208, P@10: 0.03726
valid 	 N@20: 0.05851, R@20: 0.07028, P@20: 0.03139
valid 	 N@50: 0.08117, R@50: 0.1315, P@50: 0.02389

6.033980853340449
2023-03-20 06:24:06,530 - [INFO] - current w_0 is 8.619972513557173
2023-03-20 06:24:32,008 - [INFO] - E:66|TAU:8.62 8.62, train_time: 24.55, VALID_time: 0.9237, loss: 2.754e+03, emb_loss:0.07802, best_valid(recall@20): 0.07235
valid 	 N@10: 0.04835, R@10: 0.0419, P@10: 0.0372
valid 	 N@20: 0.05839, R@20: 0.07021, P@20: 0.03131
valid 	 N@50: 0.08105, R@50: 0.1314, P@50: 0.02386

6.033980853340449
2023-03-20 06:24:32,044 - [INFO] - current w_0 is 8.619972513557173
2023-03-20 06:24:57,535 - [INFO] - E:67|TAU:8.62 8.62, train_time: 24.52, VALID_time: 0.9653, loss: 2.754e+03, emb_loss:0.07807, best_valid(recall@20): 0.07235
valid 	 N@10: 0.04839, R@10: 0.04199, P@10: 0.03731
valid 	 N@20: 0.05823, R@20: 0.0699, P@20: 0.03126
valid 	 N@50: 0.08084, R@50: 0.131, P@50: 0.02381

6.033980853340449
2023-03-20 06:24:57,583 - [INFO] - current w_0 is 8.619972513557173
2023-03-20 06:25:22,938 - [INFO] - E:68|TAU:8.62 8.62, train_time: 24.47, VALID_time: 0.8828, loss: 2.754e+03, emb_loss:0.07808, best_valid(recall@20): 0.07235
valid 	 N@10: 0.04826, R@10: 0.04183, P@10: 0.03718
valid 	 N@20: 0.05826, R@20: 0.07004, P@20: 0.03129
valid 	 N@50: 0.0809, R@50: 0.1312, P@50: 0.02381

6.033980853340449
2023-03-20 06:25:22,976 - [INFO] - current w_0 is 8.619972513557173
2023-03-20 06:25:48,307 - [INFO] - E:69|TAU:8.62 8.62, train_time: 24.49, VALID_time: 0.8351, loss: 2.754e+03, emb_loss:0.0781, best_valid(recall@20): 0.07235
valid 	 N@10: 0.04823, R@10: 0.04188, P@10: 0.03704
valid 	 N@20: 0.05825, R@20: 0.0699, P@20: 0.03126
valid 	 N@50: 0.08085, R@50: 0.131, P@50: 0.02379

2023-03-20 06:25:48,307 - [INFO] - start to test!!

2023-03-20 06:25:48,699 - [INFO] - 
TEST 	 N@10: 0.04978, R@10: 0.04288, P@10: 0.03844
TEST 	 N@20: 0.06028, R@20: 0.07235, P@20: 0.03266
TEST 	 N@50: 0.08404, R@50: 0.1367, P@50: 0.02502

