2023-03-20 02:04:04,348 - [INFO] - {'dataset': 'yelp2018', 'data_path': './data/', 'name': 'yelp2018_MF_mode_weight_v0_uniform_gpu_cosine_TAU_Adap_tau_Loss_2048_1024_lr_1e-4_l2_1e-3_t1_1.0_t2_1.0_drop_20_03_2023_02:04:04', 'train_ratio': 0.8, 'gnn': 'mf_simplex', 'epoch': 1000, 'batch_size': 2048, 'test_batch_size': 2048, 'dim': 64, 'l2': 0.001, 'lr': 0.0001, 'mess_dropout': True, 'mess_dropout_rate': 0.1, 'edge_dropout': False, 'edge_dropout_rate': 0.1, 'batch_test_flag': True, 'ns': 'uniform', 'K': 1, 'n_negs': 1024, 'pool': 'mean', 'cuda': True, 'gpu_id': 0, 'Ks': '[10, 20, 50]', 'test_flag': 'part', 'context_hops': 3, 'eval_earlystop': 'recall@20', 'tau_plus': 0.1, 'temperature': 1.0, 'beta': 1.0, 'sample_num': 2048, 's_neg': 64, 's_pos': 64, 'norm_change': False, 'norm_path': None, 'u_norm': True, 'i_norm': True, 'alpha': 0.1, 'save': False, 'save_analyses': False, 'log_hard_rate': False, 'norm_before': False, 'norm_after': False, 'batch_var': False, 'out_dir': './weights/', 'log_dir': './log/', 'config_dir': './config/', 'restore': False, 'bash_train': False, 'emb_l2': False, 'lam': 0.1, 'lam_per_epoch': 0.1, 'margin': 0.9, 'negative_weight': 150, 'loss_fn': 'Adap_tau_Loss', 'sampling_method': 'uniform_gpu', 'load_name': 'uniform', 'generate_mode': 'cosine', 'reweight_period': 5, 'mix_target': 'mix_target', 'mask_distribution': 'mask_distribution', 'neg_alpha': 1.6, 'pos_alpha': 2.0, 'dim_mask': 'both', 'expolation_mask': False, 'mix_replace': False, 'save_emb': False, 'sample_replace': False, 'init_norm': 'uniform', 'init_mean': 2.0, 'init_std': 2.0, 'pop_pow': 1.0, 'save_mle': False, 'l2_mode': 'static', 'temperature_2': 1.0, 'temperature_3': 1.0, 'group_valid': False, 'score_save': 'alpha', 'tau_min': 0.05, 'tau_max': 0.15, 'm': 0.9, 'pow_rate': 0.9, 't_min': 0.05, 't_max': 0.15, 't_epoch': 0.01, 't_patience': 10, 'tau_mode': 'weight_v0', 'pos_num': 10, 'beta_1': 10, 'beta_2': 10, 'kl_mode': 'kl', 'lam_bank': False, 'neg_rate': '', 'trans_mode': 'minmax', 'pos_memory_func': 'v1', 'tau_memory_func': 'v1', 'kl_memory_fun': 'v0', 'm_tau': 0.9, 'just_lr': False, 'min_lr': 1e-06, 'cnt_lr': 100, 'pos_mode': 'feed_loss'}
2023-03-20 02:04:06,209 - [INFO] - load train.txt
2023-03-20 02:04:09,182 - [INFO] - building the adj mat ...
2023-03-20 02:04:09,743 - [INFO] - train set len is 1237259
2023-03-20 02:04:09,743 - [INFO] - test set len is 324147
2023-03-20 02:04:09,743 - [INFO] - loading over ...
2023-03-20 02:04:09,743 - [INFO] - users are 31668 items are 38048
Adap_tau_Loss
start to make tables
2023-03-20 02:04:17,737 - [INFO] - Evaluation Protocols is 1 @ 20
2023-03-20 02:04:17,737 - [INFO] - start training ...
6.033980853340449
2023-03-20 02:04:17,797 - [INFO] - current w_0 is 8.619972513557173
2023-03-20 02:04:52,717 - [INFO] - E:0|TAU:8.62 8.62, train_time: 32.9, VALID_time: 2.023, loss: 4.515e+03, emb_loss:0.00181, best_valid(recall@20): -inf
valid 	 N@10: 0.0006188, R@10: 0.0004822, P@10: 0.0005716
valid 	 N@20: 0.0007701, R@20: 0.0008886, P@20: 0.0005431
valid 	 N@50: 0.001275, R@50: 0.002248, P@50: 0.0005273

6.033980853340449
2023-03-20 02:04:52,783 - [INFO] - current w_0 is 8.619972513557173
2023-03-20 02:05:24,825 - [INFO] - E:1|TAU:8.62 8.62, train_time: 31.23, VALID_time: 0.8147, loss: 3.687e+03, emb_loss:0.001991, best_valid(recall@20): 0.0008886
valid 	 N@10: 0.01209, R@10: 0.00923, P@10: 0.01049
valid 	 N@20: 0.01489, R@20: 0.01745, P@20: 0.009792
valid 	 N@50: 0.02264, R@50: 0.0381, P@50: 0.008479

6.033980853340449
2023-03-20 02:05:24,902 - [INFO] - current w_0 is 8.619972513557173
2023-03-20 02:05:57,020 - [INFO] - E:2|TAU:8.62 8.62, train_time: 31.23, VALID_time: 0.89, loss: 2.842e+03, emb_loss:0.002151, best_valid(recall@20): 0.01745
valid 	 N@10: 0.02341, R@10: 0.0196, P@10: 0.01955
valid 	 N@20: 0.02889, R@20: 0.03506, P@20: 0.01745
valid 	 N@50: 0.04282, R@50: 0.07249, P@50: 0.01435

6.033980853340449
2023-03-20 02:05:57,105 - [INFO] - current w_0 is 8.619972513557173
2023-03-20 02:06:29,247 - [INFO] - E:3|TAU:8.62 8.62, train_time: 31.24, VALID_time: 0.8996, loss: 2.523e+03, emb_loss:0.002291, best_valid(recall@20): 0.03506
valid 	 N@10: 0.03039, R@10: 0.02626, P@10: 0.02476
valid 	 N@20: 0.0376, R@20: 0.04607, P@20: 0.02181
valid 	 N@50: 0.05445, R@50: 0.09135, P@50: 0.01743

6.033980853340449
2023-03-20 02:06:29,331 - [INFO] - current w_0 is 8.619972513557173
2023-03-20 02:07:01,428 - [INFO] - E:4|TAU:8.62 8.62, train_time: 31.27, VALID_time: 0.8285, loss: 2.385e+03, emb_loss:0.002433, best_valid(recall@20): 0.04607
valid 	 N@10: 0.03491, R@10: 0.03039, P@10: 0.02797
valid 	 N@20: 0.04291, R@20: 0.05249, P@20: 0.0243
valid 	 N@50: 0.06172, R@50: 0.103, P@50: 0.0193

6.033980853340449
2023-03-20 02:07:01,516 - [INFO] - current w_0 is 8.619972513557173
2023-03-20 02:07:33,688 - [INFO] - E:5|TAU:8.62 8.62, train_time: 31.34, VALID_time: 0.8321, loss: 2.309e+03, emb_loss:0.002581, best_valid(recall@20): 0.05249
valid 	 N@10: 0.03758, R@10: 0.03282, P@10: 0.02989
valid 	 N@20: 0.04607, R@20: 0.05638, P@20: 0.02581
valid 	 N@50: 0.06612, R@50: 0.1103, P@50: 0.02043

6.033980853340449
2023-03-20 02:07:33,764 - [INFO] - current w_0 is 8.619972513557173
2023-03-20 02:08:05,860 - [INFO] - E:6|TAU:8.62 8.62, train_time: 31.28, VALID_time: 0.8121, loss: 2.264e+03, emb_loss:0.002735, best_valid(recall@20): 0.05638
valid 	 N@10: 0.03923, R@10: 0.03475, P@10: 0.03135
valid 	 N@20: 0.0481, R@20: 0.05922, P@20: 0.02692
valid 	 N@50: 0.06909, R@50: 0.1157, P@50: 0.02129

6.033980853340449
2023-03-20 02:08:05,956 - [INFO] - current w_0 is 8.619972513557173
2023-03-20 02:08:38,287 - [INFO] - E:7|TAU:8.62 8.62, train_time: 31.36, VALID_time: 0.9676, loss: 2.234e+03, emb_loss:0.00289, best_valid(recall@20): 0.05922
valid 	 N@10: 0.04099, R@10: 0.036, P@10: 0.03247
valid 	 N@20: 0.05036, R@20: 0.0618, P@20: 0.02801
valid 	 N@50: 0.07175, R@50: 0.1196, P@50: 0.0219

6.033980853340449
2023-03-20 02:08:38,367 - [INFO] - current w_0 is 8.619972513557173
2023-03-20 02:09:10,504 - [INFO] - E:8|TAU:8.62 8.62, train_time: 31.31, VALID_time: 0.8238, loss: 2.212e+03, emb_loss:0.003048, best_valid(recall@20): 0.0618
valid 	 N@10: 0.04168, R@10: 0.0363, P@10: 0.03272
valid 	 N@20: 0.05149, R@20: 0.06309, P@20: 0.02851
valid 	 N@50: 0.07364, R@50: 0.1229, P@50: 0.02245

6.033980853340449
2023-03-20 02:09:10,580 - [INFO] - current w_0 is 8.619972513557173
2023-03-20 02:09:42,874 - [INFO] - E:9|TAU:8.62 8.62, train_time: 31.31, VALID_time: 0.9802, loss: 2.196e+03, emb_loss:0.003206, best_valid(recall@20): 0.06309
valid 	 N@10: 0.04275, R@10: 0.03742, P@10: 0.03379
valid 	 N@20: 0.05264, R@20: 0.06466, P@20: 0.02921
valid 	 N@50: 0.07473, R@50: 0.1244, P@50: 0.02273

6.033980853340449
2023-03-20 02:09:42,949 - [INFO] - current w_0 is 8.619972513557173
2023-03-20 02:10:15,390 - [INFO] - E:10|TAU:8.62 8.62, train_time: 31.41, VALID_time: 1.031, loss: 2.183e+03, emb_loss:0.003365, best_valid(recall@20): 0.06466
valid 	 N@10: 0.04314, R@10: 0.03802, P@10: 0.03399
valid 	 N@20: 0.05321, R@20: 0.06545, P@20: 0.02943
valid 	 N@50: 0.0757, R@50: 0.126, P@50: 0.02298

6.033980853340449
2023-03-20 02:10:15,464 - [INFO] - current w_0 is 8.619972513557173
2023-03-20 02:10:47,600 - [INFO] - E:11|TAU:8.62 8.62, train_time: 31.27, VALID_time: 0.8632, loss: 2.173e+03, emb_loss:0.003524, best_valid(recall@20): 0.06545
valid 	 N@10: 0.04369, R@10: 0.03856, P@10: 0.03457
valid 	 N@20: 0.05373, R@20: 0.06616, P@20: 0.02972
valid 	 N@50: 0.07635, R@50: 0.127, P@50: 0.02319

6.033980853340449
2023-03-20 02:10:47,670 - [INFO] - current w_0 is 8.619972513557173
2023-03-20 02:11:19,736 - [INFO] - E:12|TAU:8.62 8.62, train_time: 31.18, VALID_time: 0.8811, loss: 2.165e+03, emb_loss:0.003684, best_valid(recall@20): 0.06616
valid 	 N@10: 0.04399, R@10: 0.0387, P@10: 0.03481
valid 	 N@20: 0.05409, R@20: 0.06666, P@20: 0.02993
valid 	 N@50: 0.07695, R@50: 0.1282, P@50: 0.0234

6.033980853340449
2023-03-20 02:11:19,827 - [INFO] - current w_0 is 8.619972513557173
2023-03-20 02:11:52,069 - [INFO] - E:13|TAU:8.62 8.62, train_time: 31.28, VALID_time: 0.96, loss: 2.157e+03, emb_loss:0.003842, best_valid(recall@20): 0.06666
valid 	 N@10: 0.04444, R@10: 0.03892, P@10: 0.03498
valid 	 N@20: 0.05466, R@20: 0.06709, P@20: 0.03022
valid 	 N@50: 0.0778, R@50: 0.1295, P@50: 0.02363

6.033980853340449
2023-03-20 02:11:52,150 - [INFO] - current w_0 is 8.619972513557173
2023-03-20 02:12:24,290 - [INFO] - E:14|TAU:8.62 8.62, train_time: 31.2, VALID_time: 0.9425, loss: 2.151e+03, emb_loss:0.004001, best_valid(recall@20): 0.06709
valid 	 N@10: 0.04458, R@10: 0.03915, P@10: 0.0353
valid 	 N@20: 0.055, R@20: 0.06787, P@20: 0.03056
valid 	 N@50: 0.07814, R@50: 0.1304, P@50: 0.02379

6.033980853340449
2023-03-20 02:12:24,379 - [INFO] - current w_0 is 8.619972513557173
2023-03-20 02:12:57,555 - [INFO] - E:15|TAU:8.62 8.62, train_time: 31.27, VALID_time: 1.908, loss: 2.146e+03, emb_loss:0.004159, best_valid(recall@20): 0.06787
valid 	 N@10: 0.04507, R@10: 0.03955, P@10: 0.03557
valid 	 N@20: 0.05526, R@20: 0.06784, P@20: 0.03049
valid 	 N@50: 0.07852, R@50: 0.1304, P@50: 0.02382

6.033980853340449
2023-03-20 02:12:57,611 - [INFO] - current w_0 is 8.619972513557173
2023-03-20 02:13:29,860 - [INFO] - E:16|TAU:8.62 8.62, train_time: 31.4, VALID_time: 0.8464, loss: 2.142e+03, emb_loss:0.004317, best_valid(recall@20): 0.06787
valid 	 N@10: 0.04503, R@10: 0.03943, P@10: 0.03536
valid 	 N@20: 0.05559, R@20: 0.06828, P@20: 0.03069
valid 	 N@50: 0.07886, R@50: 0.1311, P@50: 0.02389

6.033980853340449
2023-03-20 02:13:29,946 - [INFO] - current w_0 is 8.619972513557173
2023-03-20 02:14:02,032 - [INFO] - E:17|TAU:8.62 8.62, train_time: 31.26, VALID_time: 0.8282, loss: 2.137e+03, emb_loss:0.004474, best_valid(recall@20): 0.06828
valid 	 N@10: 0.04532, R@10: 0.0398, P@10: 0.03569
valid 	 N@20: 0.05559, R@20: 0.06832, P@20: 0.03059
valid 	 N@50: 0.07926, R@50: 0.1319, P@50: 0.02408

6.033980853340449
2023-03-20 02:14:02,112 - [INFO] - current w_0 is 8.619972513557173
2023-03-20 02:14:35,251 - [INFO] - E:18|TAU:8.62 8.62, train_time: 31.24, VALID_time: 1.901, loss: 2.133e+03, emb_loss:0.004631, best_valid(recall@20): 0.06832
valid 	 N@10: 0.04539, R@10: 0.03976, P@10: 0.03568
valid 	 N@20: 0.05583, R@20: 0.06852, P@20: 0.03078
valid 	 N@50: 0.07941, R@50: 0.132, P@50: 0.02407

6.033980853340449
2023-03-20 02:14:35,355 - [INFO] - current w_0 is 8.619972513557173
2023-03-20 02:15:07,789 - [INFO] - E:19|TAU:8.62 8.62, train_time: 31.58, VALID_time: 0.8569, loss: 2.13e+03, emb_loss:0.004787, best_valid(recall@20): 0.06852
valid 	 N@10: 0.04548, R@10: 0.03982, P@10: 0.03575
valid 	 N@20: 0.05603, R@20: 0.06888, P@20: 0.03086
valid 	 N@50: 0.0794, R@50: 0.1319, P@50: 0.02401

6.033980853340449
2023-03-20 02:15:07,866 - [INFO] - current w_0 is 8.619972513557173
2023-03-20 02:15:39,979 - [INFO] - E:20|TAU:8.62 8.62, train_time: 31.26, VALID_time: 0.8488, loss: 2.127e+03, emb_loss:0.004943, best_valid(recall@20): 0.06888
valid 	 N@10: 0.0456, R@10: 0.04003, P@10: 0.03597
valid 	 N@20: 0.05609, R@20: 0.06897, P@20: 0.031
valid 	 N@50: 0.07966, R@50: 0.1325, P@50: 0.02417

6.033980853340449
2023-03-20 02:15:40,061 - [INFO] - current w_0 is 8.619972513557173
2023-03-20 02:16:12,238 - [INFO] - E:21|TAU:8.62 8.62, train_time: 31.32, VALID_time: 0.855, loss: 2.124e+03, emb_loss:0.005097, best_valid(recall@20): 0.06897
valid 	 N@10: 0.0458, R@10: 0.04018, P@10: 0.0361
valid 	 N@20: 0.05624, R@20: 0.06896, P@20: 0.03107
valid 	 N@50: 0.08003, R@50: 0.1332, P@50: 0.02428

6.033980853340449
2023-03-20 02:16:12,282 - [INFO] - current w_0 is 8.619972513557173
2023-03-20 02:16:44,458 - [INFO] - E:22|TAU:8.62 8.62, train_time: 31.29, VALID_time: 0.8851, loss: 2.121e+03, emb_loss:0.005252, best_valid(recall@20): 0.06897
valid 	 N@10: 0.04577, R@10: 0.04017, P@10: 0.03603
valid 	 N@20: 0.05644, R@20: 0.06952, P@20: 0.03119
valid 	 N@50: 0.08016, R@50: 0.1335, P@50: 0.02431

6.033980853340449
2023-03-20 02:16:44,536 - [INFO] - current w_0 is 8.619972513557173
2023-03-20 02:17:16,604 - [INFO] - E:23|TAU:8.62 8.62, train_time: 31.12, VALID_time: 0.9463, loss: 2.119e+03, emb_loss:0.005405, best_valid(recall@20): 0.06952
valid 	 N@10: 0.04586, R@10: 0.04027, P@10: 0.0362
valid 	 N@20: 0.05649, R@20: 0.06957, P@20: 0.03117
valid 	 N@50: 0.08018, R@50: 0.1333, P@50: 0.02433

6.033980853340449
2023-03-20 02:17:16,709 - [INFO] - current w_0 is 8.619972513557173
2023-03-20 02:17:48,756 - [INFO] - E:24|TAU:8.62 8.62, train_time: 31.19, VALID_time: 0.8556, loss: 2.116e+03, emb_loss:0.005558, best_valid(recall@20): 0.06957
valid 	 N@10: 0.04602, R@10: 0.04031, P@10: 0.0362
valid 	 N@20: 0.05668, R@20: 0.06963, P@20: 0.03126
valid 	 N@50: 0.08024, R@50: 0.1332, P@50: 0.02425

6.033980853340449
2023-03-20 02:17:48,829 - [INFO] - current w_0 is 8.619972513557173
2023-03-20 02:18:20,903 - [INFO] - E:25|TAU:8.62 8.62, train_time: 31.19, VALID_time: 0.8775, loss: 2.114e+03, emb_loss:0.00571, best_valid(recall@20): 0.06963
valid 	 N@10: 0.04608, R@10: 0.04035, P@10: 0.03617
valid 	 N@20: 0.05674, R@20: 0.06954, P@20: 0.03129
valid 	 N@50: 0.08053, R@50: 0.1338, P@50: 0.02434

6.033980853340449
2023-03-20 02:18:20,943 - [INFO] - current w_0 is 8.619972513557173
2023-03-20 02:18:53,127 - [INFO] - E:26|TAU:8.62 8.62, train_time: 31.22, VALID_time: 0.958, loss: 2.112e+03, emb_loss:0.005861, best_valid(recall@20): 0.06963
valid 	 N@10: 0.04624, R@10: 0.04054, P@10: 0.03633
valid 	 N@20: 0.05684, R@20: 0.06965, P@20: 0.03132
valid 	 N@50: 0.08061, R@50: 0.1338, P@50: 0.02438

6.033980853340449
2023-03-20 02:18:53,209 - [INFO] - current w_0 is 8.619972513557173
2023-03-20 02:19:25,381 - [INFO] - E:27|TAU:8.62 8.62, train_time: 31.31, VALID_time: 0.8649, loss: 2.11e+03, emb_loss:0.006012, best_valid(recall@20): 0.06965
valid 	 N@10: 0.04636, R@10: 0.04084, P@10: 0.03653
valid 	 N@20: 0.05684, R@20: 0.0697, P@20: 0.03136
valid 	 N@50: 0.08054, R@50: 0.1337, P@50: 0.02437

6.033980853340449
2023-03-20 02:19:25,466 - [INFO] - current w_0 is 8.619972513557173
2023-03-20 02:19:57,603 - [INFO] - E:28|TAU:8.62 8.62, train_time: 31.31, VALID_time: 0.8297, loss: 2.109e+03, emb_loss:0.006161, best_valid(recall@20): 0.0697
valid 	 N@10: 0.04614, R@10: 0.0406, P@10: 0.03632
valid 	 N@20: 0.0567, R@20: 0.06954, P@20: 0.03128
valid 	 N@50: 0.08065, R@50: 0.134, P@50: 0.02445

6.033980853340449
2023-03-20 02:19:57,652 - [INFO] - current w_0 is 8.619972513557173
2023-03-20 02:20:29,786 - [INFO] - E:29|TAU:8.62 8.62, train_time: 31.29, VALID_time: 0.8469, loss: 2.107e+03, emb_loss:0.00631, best_valid(recall@20): 0.0697
valid 	 N@10: 0.04628, R@10: 0.04058, P@10: 0.0364
valid 	 N@20: 0.05686, R@20: 0.06977, P@20: 0.03132
valid 	 N@50: 0.08074, R@50: 0.1341, P@50: 0.02449

6.033980853340449
2023-03-20 02:20:29,858 - [INFO] - current w_0 is 8.619972513557173
2023-03-20 02:21:02,079 - [INFO] - E:30|TAU:8.62 8.62, train_time: 31.29, VALID_time: 0.9256, loss: 2.106e+03, emb_loss:0.006458, best_valid(recall@20): 0.06977
valid 	 N@10: 0.04655, R@10: 0.04065, P@10: 0.03647
valid 	 N@20: 0.0571, R@20: 0.06981, P@20: 0.03138
valid 	 N@50: 0.08099, R@50: 0.1343, P@50: 0.02448

6.033980853340449
2023-03-20 02:21:02,152 - [INFO] - current w_0 is 8.619972513557173
2023-03-20 02:21:34,284 - [INFO] - E:31|TAU:8.62 8.62, train_time: 31.24, VALID_time: 0.8943, loss: 2.104e+03, emb_loss:0.006605, best_valid(recall@20): 0.06981
valid 	 N@10: 0.04669, R@10: 0.04086, P@10: 0.03651
valid 	 N@20: 0.05738, R@20: 0.0701, P@20: 0.03153
valid 	 N@50: 0.08141, R@50: 0.135, P@50: 0.02459

6.033980853340449
2023-03-20 02:21:34,359 - [INFO] - current w_0 is 8.619972513557173
2023-03-20 02:22:06,552 - [INFO] - E:32|TAU:8.62 8.62, train_time: 31.33, VALID_time: 0.8561, loss: 2.103e+03, emb_loss:0.006752, best_valid(recall@20): 0.0701
valid 	 N@10: 0.04675, R@10: 0.04083, P@10: 0.03662
valid 	 N@20: 0.05748, R@20: 0.07036, P@20: 0.03157
valid 	 N@50: 0.08137, R@50: 0.1348, P@50: 0.02458

6.033980853340449
2023-03-20 02:22:06,630 - [INFO] - current w_0 is 8.619972513557173
2023-03-20 02:22:38,749 - [INFO] - E:33|TAU:8.62 8.62, train_time: 31.24, VALID_time: 0.8801, loss: 2.101e+03, emb_loss:0.006897, best_valid(recall@20): 0.07036
valid 	 N@10: 0.04673, R@10: 0.04108, P@10: 0.0367
valid 	 N@20: 0.05728, R@20: 0.07008, P@20: 0.03148
valid 	 N@50: 0.08123, R@50: 0.1347, P@50: 0.02456

6.033980853340449
2023-03-20 02:22:38,802 - [INFO] - current w_0 is 8.619972513557173
2023-03-20 02:23:10,976 - [INFO] - E:34|TAU:8.62 8.62, train_time: 31.26, VALID_time: 0.9101, loss: 2.1e+03, emb_loss:0.007041, best_valid(recall@20): 0.07036
valid 	 N@10: 0.04711, R@10: 0.04116, P@10: 0.03689
valid 	 N@20: 0.0576, R@20: 0.07026, P@20: 0.03153
valid 	 N@50: 0.08148, R@50: 0.1346, P@50: 0.02459

6.033980853340449
2023-03-20 02:23:11,017 - [INFO] - current w_0 is 8.619972513557173
2023-03-20 02:23:43,162 - [INFO] - E:35|TAU:8.62 8.62, train_time: 31.3, VALID_time: 0.8396, loss: 2.099e+03, emb_loss:0.007185, best_valid(recall@20): 0.07036
valid 	 N@10: 0.04684, R@10: 0.041, P@10: 0.03669
valid 	 N@20: 0.05735, R@20: 0.07001, P@20: 0.03148
valid 	 N@50: 0.08127, R@50: 0.1345, P@50: 0.02456

6.033980853340449
2023-03-20 02:23:43,216 - [INFO] - current w_0 is 8.619972513557173
2023-03-20 02:24:15,345 - [INFO] - E:36|TAU:8.62 8.62, train_time: 31.29, VALID_time: 0.8371, loss: 2.098e+03, emb_loss:0.007327, best_valid(recall@20): 0.07036
valid 	 N@10: 0.04679, R@10: 0.041, P@10: 0.03667
valid 	 N@20: 0.05743, R@20: 0.07021, P@20: 0.03159
valid 	 N@50: 0.08133, R@50: 0.1346, P@50: 0.02457

6.033980853340449
2023-03-20 02:24:15,389 - [INFO] - current w_0 is 8.619972513557173
2023-03-20 02:24:47,535 - [INFO] - E:37|TAU:8.62 8.62, train_time: 31.27, VALID_time: 0.8733, loss: 2.097e+03, emb_loss:0.007469, best_valid(recall@20): 0.07036
valid 	 N@10: 0.04698, R@10: 0.04122, P@10: 0.03691
valid 	 N@20: 0.0574, R@20: 0.07014, P@20: 0.03152
valid 	 N@50: 0.08134, R@50: 0.1346, P@50: 0.02459

6.033980853340449
2023-03-20 02:24:47,577 - [INFO] - current w_0 is 8.619972513557173
2023-03-20 02:25:19,574 - [INFO] - E:38|TAU:8.62 8.62, train_time: 31.18, VALID_time: 0.8126, loss: 2.096e+03, emb_loss:0.007609, best_valid(recall@20): 0.07036
valid 	 N@10: 0.04705, R@10: 0.04112, P@10: 0.03688
valid 	 N@20: 0.05743, R@20: 0.07004, P@20: 0.0315
valid 	 N@50: 0.08154, R@50: 0.135, P@50: 0.02463

6.033980853340449
2023-03-20 02:25:19,615 - [INFO] - current w_0 is 8.619972513557173
2023-03-20 02:25:51,691 - [INFO] - E:39|TAU:8.62 8.62, train_time: 31.26, VALID_time: 0.8098, loss: 2.095e+03, emb_loss:0.007749, best_valid(recall@20): 0.07036
valid 	 N@10: 0.04685, R@10: 0.04095, P@10: 0.03671
valid 	 N@20: 0.05743, R@20: 0.07016, P@20: 0.03154
valid 	 N@50: 0.08154, R@50: 0.1352, P@50: 0.02462

6.033980853340449
2023-03-20 02:25:51,742 - [INFO] - current w_0 is 8.619972513557173
2023-03-20 02:26:23,879 - [INFO] - E:40|TAU:8.62 8.62, train_time: 31.26, VALID_time: 0.8711, loss: 2.094e+03, emb_loss:0.007888, best_valid(recall@20): 0.07036
valid 	 N@10: 0.04695, R@10: 0.0411, P@10: 0.03683
valid 	 N@20: 0.05753, R@20: 0.07044, P@20: 0.03159
valid 	 N@50: 0.08137, R@50: 0.1347, P@50: 0.02459

6.033980853340449
2023-03-20 02:26:23,952 - [INFO] - current w_0 is 8.619972513557173
2023-03-20 02:26:56,222 - [INFO] - E:41|TAU:8.62 8.62, train_time: 31.31, VALID_time: 0.9555, loss: 2.093e+03, emb_loss:0.008026, best_valid(recall@20): 0.07044
valid 	 N@10: 0.04683, R@10: 0.04122, P@10: 0.03688
valid 	 N@20: 0.05741, R@20: 0.0704, P@20: 0.03161
valid 	 N@50: 0.08144, R@50: 0.1352, P@50: 0.02462

6.033980853340449
2023-03-20 02:26:56,271 - [INFO] - current w_0 is 8.619972513557173
2023-03-20 02:27:28,477 - [INFO] - E:42|TAU:8.62 8.62, train_time: 31.34, VALID_time: 0.8661, loss: 2.092e+03, emb_loss:0.008163, best_valid(recall@20): 0.07044
valid 	 N@10: 0.04683, R@10: 0.04133, P@10: 0.03694
valid 	 N@20: 0.0573, R@20: 0.07029, P@20: 0.03157
valid 	 N@50: 0.08134, R@50: 0.1351, P@50: 0.02462

6.033980853340449
2023-03-20 02:27:28,520 - [INFO] - current w_0 is 8.619972513557173
2023-03-20 02:28:00,697 - [INFO] - E:43|TAU:8.62 8.62, train_time: 31.35, VALID_time: 0.8296, loss: 2.091e+03, emb_loss:0.008298, best_valid(recall@20): 0.07044
valid 	 N@10: 0.04717, R@10: 0.04157, P@10: 0.03715
valid 	 N@20: 0.05747, R@20: 0.07029, P@20: 0.03163
valid 	 N@50: 0.08152, R@50: 0.1352, P@50: 0.02465

6.033980853340449
2023-03-20 02:28:00,745 - [INFO] - current w_0 is 8.619972513557173
2023-03-20 02:28:32,988 - [INFO] - E:44|TAU:8.62 8.62, train_time: 31.34, VALID_time: 0.9005, loss: 2.09e+03, emb_loss:0.008433, best_valid(recall@20): 0.07044
valid 	 N@10: 0.04687, R@10: 0.04098, P@10: 0.03677
valid 	 N@20: 0.05755, R@20: 0.07042, P@20: 0.03164
valid 	 N@50: 0.08162, R@50: 0.1354, P@50: 0.02467

6.033980853340449
2023-03-20 02:28:33,034 - [INFO] - current w_0 is 8.619972513557173
2023-03-20 02:29:05,348 - [INFO] - E:45|TAU:8.62 8.62, train_time: 31.35, VALID_time: 0.9648, loss: 2.089e+03, emb_loss:0.008567, best_valid(recall@20): 0.07044
valid 	 N@10: 0.047, R@10: 0.04111, P@10: 0.03684
valid 	 N@20: 0.05737, R@20: 0.06996, P@20: 0.03144
valid 	 N@50: 0.08164, R@50: 0.1352, P@50: 0.02469

6.033980853340449
2023-03-20 02:29:05,397 - [INFO] - current w_0 is 8.619972513557173
2023-03-20 02:29:37,709 - [INFO] - E:46|TAU:8.62 8.62, train_time: 31.35, VALID_time: 0.96, loss: 2.088e+03, emb_loss:0.0087, best_valid(recall@20): 0.07044
valid 	 N@10: 0.0472, R@10: 0.0412, P@10: 0.03695
valid 	 N@20: 0.05768, R@20: 0.07036, P@20: 0.0316
valid 	 N@50: 0.08192, R@50: 0.1357, P@50: 0.02474

6.033980853340449
2023-03-20 02:29:37,765 - [INFO] - current w_0 is 8.619972513557173
2023-03-20 02:30:10,018 - [INFO] - E:47|TAU:8.62 8.62, train_time: 31.34, VALID_time: 0.9123, loss: 2.088e+03, emb_loss:0.008832, best_valid(recall@20): 0.07044
valid 	 N@10: 0.04712, R@10: 0.04123, P@10: 0.03701
valid 	 N@20: 0.05758, R@20: 0.0703, P@20: 0.03162
valid 	 N@50: 0.08182, R@50: 0.1357, P@50: 0.02471

6.033980853340449
2023-03-20 02:30:10,065 - [INFO] - current w_0 is 8.619972513557173
2023-03-20 02:30:42,306 - [INFO] - E:48|TAU:8.62 8.62, train_time: 31.3, VALID_time: 0.9337, loss: 2.087e+03, emb_loss:0.008963, best_valid(recall@20): 0.07044
valid 	 N@10: 0.04715, R@10: 0.04125, P@10: 0.03696
valid 	 N@20: 0.05774, R@20: 0.07041, P@20: 0.03171
valid 	 N@50: 0.08181, R@50: 0.1354, P@50: 0.02468

6.033980853340449
2023-03-20 02:30:42,351 - [INFO] - current w_0 is 8.619972513557173
2023-03-20 02:31:14,467 - [INFO] - E:49|TAU:8.62 8.62, train_time: 31.3, VALID_time: 0.8168, loss: 2.086e+03, emb_loss:0.009093, best_valid(recall@20): 0.07044
valid 	 N@10: 0.0469, R@10: 0.04124, P@10: 0.03691
valid 	 N@20: 0.05735, R@20: 0.07008, P@20: 0.03157
valid 	 N@50: 0.08158, R@50: 0.1354, P@50: 0.02468

6.033980853340449
2023-03-20 02:31:14,505 - [INFO] - current w_0 is 8.619972513557173
2023-03-20 02:31:46,838 - [INFO] - E:50|TAU:8.62 8.62, train_time: 31.32, VALID_time: 1.012, loss: 2.085e+03, emb_loss:0.009222, best_valid(recall@20): 0.07044
valid 	 N@10: 0.04705, R@10: 0.0414, P@10: 0.03702
valid 	 N@20: 0.05749, R@20: 0.07028, P@20: 0.03164
valid 	 N@50: 0.08171, R@50: 0.1356, P@50: 0.02473

6.033980853340449
2023-03-20 02:31:46,884 - [INFO] - current w_0 is 8.619972513557173
2023-03-20 02:32:18,999 - [INFO] - E:51|TAU:8.62 8.62, train_time: 31.27, VALID_time: 0.8449, loss: 2.085e+03, emb_loss:0.00935, best_valid(recall@20): 0.07044
valid 	 N@10: 0.04723, R@10: 0.04129, P@10: 0.037
valid 	 N@20: 0.05771, R@20: 0.07025, P@20: 0.03169
valid 	 N@50: 0.08197, R@50: 0.1358, P@50: 0.02474

6.033980853340449
2023-03-20 02:32:19,043 - [INFO] - current w_0 is 8.619972513557173
2023-03-20 02:32:51,227 - [INFO] - E:52|TAU:8.62 8.62, train_time: 31.34, VALID_time: 0.8401, loss: 2.084e+03, emb_loss:0.009477, best_valid(recall@20): 0.07044
valid 	 N@10: 0.04724, R@10: 0.04144, P@10: 0.03706
valid 	 N@20: 0.05761, R@20: 0.07024, P@20: 0.0316
valid 	 N@50: 0.08199, R@50: 0.1359, P@50: 0.0248

6.033980853340449
2023-03-20 02:32:51,288 - [INFO] - current w_0 is 8.619972513557173
2023-03-20 02:33:23,586 - [INFO] - E:53|TAU:8.62 8.62, train_time: 31.34, VALID_time: 0.9553, loss: 2.084e+03, emb_loss:0.009603, best_valid(recall@20): 0.07044
valid 	 N@10: 0.04738, R@10: 0.04156, P@10: 0.03717
valid 	 N@20: 0.05776, R@20: 0.07037, P@20: 0.03167
valid 	 N@50: 0.08198, R@50: 0.1356, P@50: 0.02472

6.033980853340449
2023-03-20 02:33:23,626 - [INFO] - current w_0 is 8.619972513557173
2023-03-20 02:33:55,645 - [INFO] - E:54|TAU:8.62 8.62, train_time: 31.23, VALID_time: 0.7843, loss: 2.083e+03, emb_loss:0.009728, best_valid(recall@20): 0.07044
valid 	 N@10: 0.04745, R@10: 0.04171, P@10: 0.03732
valid 	 N@20: 0.05773, R@20: 0.07039, P@20: 0.03168
valid 	 N@50: 0.08197, R@50: 0.1358, P@50: 0.02476

6.033980853340449
2023-03-20 02:33:55,679 - [INFO] - current w_0 is 8.619972513557173
2023-03-20 02:34:27,811 - [INFO] - E:55|TAU:8.62 8.62, train_time: 31.31, VALID_time: 0.8195, loss: 2.083e+03, emb_loss:0.009852, best_valid(recall@20): 0.07044
valid 	 N@10: 0.0475, R@10: 0.04157, P@10: 0.03726
valid 	 N@20: 0.05785, R@20: 0.07047, P@20: 0.03171
valid 	 N@50: 0.08202, R@50: 0.1357, P@50: 0.02475

6.033980853340449
2023-03-20 02:34:27,882 - [INFO] - current w_0 is 8.619972513557173
2023-03-20 02:34:59,980 - [INFO] - E:56|TAU:8.62 8.62, train_time: 31.28, VALID_time: 0.8199, loss: 2.082e+03, emb_loss:0.009974, best_valid(recall@20): 0.07047
valid 	 N@10: 0.04744, R@10: 0.04165, P@10: 0.03722
valid 	 N@20: 0.05787, R@20: 0.07062, P@20: 0.0318
valid 	 N@50: 0.08202, R@50: 0.1358, P@50: 0.02477

6.033980853340449
2023-03-20 02:35:00,054 - [INFO] - current w_0 is 8.619972513557173
2023-03-20 02:35:32,140 - [INFO] - E:57|TAU:8.62 8.62, train_time: 31.21, VALID_time: 0.8773, loss: 2.081e+03, emb_loss:0.0101, best_valid(recall@20): 0.07062
valid 	 N@10: 0.04742, R@10: 0.04154, P@10: 0.03719
valid 	 N@20: 0.05783, R@20: 0.07051, P@20: 0.0317
valid 	 N@50: 0.08201, R@50: 0.1357, P@50: 0.02475

6.033980853340449
2023-03-20 02:35:32,200 - [INFO] - current w_0 is 8.619972513557173
2023-03-20 02:36:04,167 - [INFO] - E:58|TAU:8.62 8.62, train_time: 31.16, VALID_time: 0.8039, loss: 2.081e+03, emb_loss:0.01022, best_valid(recall@20): 0.07062
valid 	 N@10: 0.0474, R@10: 0.04166, P@10: 0.03732
valid 	 N@20: 0.05766, R@20: 0.0705, P@20: 0.03162
valid 	 N@50: 0.08194, R@50: 0.1359, P@50: 0.02478

6.033980853340449
2023-03-20 02:36:04,207 - [INFO] - current w_0 is 8.619972513557173
2023-03-20 02:36:36,448 - [INFO] - E:59|TAU:8.62 8.62, train_time: 31.28, VALID_time: 0.9544, loss: 2.08e+03, emb_loss:0.01034, best_valid(recall@20): 0.07062
valid 	 N@10: 0.04744, R@10: 0.04158, P@10: 0.03721
valid 	 N@20: 0.05785, R@20: 0.07052, P@20: 0.03173
valid 	 N@50: 0.08217, R@50: 0.1361, P@50: 0.0248

6.033980853340449
2023-03-20 02:36:36,493 - [INFO] - current w_0 is 8.619972513557173
2023-03-20 02:37:08,825 - [INFO] - E:60|TAU:8.62 8.62, train_time: 31.55, VALID_time: 0.7753, loss: 2.08e+03, emb_loss:0.01046, best_valid(recall@20): 0.07062
valid 	 N@10: 0.04736, R@10: 0.04163, P@10: 0.03714
valid 	 N@20: 0.05787, R@20: 0.0707, P@20: 0.03175
valid 	 N@50: 0.08204, R@50: 0.1358, P@50: 0.02477

6.033980853340449
2023-03-20 02:37:08,892 - [INFO] - current w_0 is 8.619972513557173
2023-03-20 02:37:41,051 - [INFO] - E:61|TAU:8.62 8.62, train_time: 31.26, VALID_time: 0.8985, loss: 2.079e+03, emb_loss:0.01057, best_valid(recall@20): 0.0707
valid 	 N@10: 0.04739, R@10: 0.04155, P@10: 0.03715
valid 	 N@20: 0.05787, R@20: 0.07061, P@20: 0.03174
valid 	 N@50: 0.08213, R@50: 0.1361, P@50: 0.02478

6.033980853340449
2023-03-20 02:37:41,090 - [INFO] - current w_0 is 8.619972513557173
2023-03-20 02:38:13,253 - [INFO] - E:62|TAU:8.62 8.62, train_time: 31.26, VALID_time: 0.9013, loss: 2.079e+03, emb_loss:0.01069, best_valid(recall@20): 0.0707
valid 	 N@10: 0.04728, R@10: 0.04153, P@10: 0.03716
valid 	 N@20: 0.05787, R@20: 0.07083, P@20: 0.03178
valid 	 N@50: 0.08209, R@50: 0.1361, P@50: 0.02482

6.033980853340449
2023-03-20 02:38:13,329 - [INFO] - current w_0 is 8.619972513557173
2023-03-20 02:38:45,657 - [INFO] - E:63|TAU:8.62 8.62, train_time: 31.33, VALID_time: 0.9952, loss: 2.079e+03, emb_loss:0.01081, best_valid(recall@20): 0.07083
valid 	 N@10: 0.04723, R@10: 0.04164, P@10: 0.03718
valid 	 N@20: 0.05781, R@20: 0.0709, P@20: 0.03182
valid 	 N@50: 0.0819, R@50: 0.1358, P@50: 0.0248

6.033980853340449
2023-03-20 02:38:45,746 - [INFO] - current w_0 is 8.619972513557173
2023-03-20 02:39:17,840 - [INFO] - E:64|TAU:8.62 8.62, train_time: 31.25, VALID_time: 0.845, loss: 2.078e+03, emb_loss:0.01092, best_valid(recall@20): 0.0709
valid 	 N@10: 0.04747, R@10: 0.0418, P@10: 0.0372
valid 	 N@20: 0.0579, R@20: 0.07054, P@20: 0.03178
valid 	 N@50: 0.0822, R@50: 0.1361, P@50: 0.02483

6.033980853340449
2023-03-20 02:39:17,886 - [INFO] - current w_0 is 8.619972513557173
2023-03-20 02:39:50,115 - [INFO] - E:65|TAU:8.62 8.62, train_time: 31.33, VALID_time: 0.9006, loss: 2.078e+03, emb_loss:0.01104, best_valid(recall@20): 0.0709
valid 	 N@10: 0.04749, R@10: 0.0418, P@10: 0.03727
valid 	 N@20: 0.05781, R@20: 0.07038, P@20: 0.03171
valid 	 N@50: 0.08213, R@50: 0.136, P@50: 0.0248

6.033980853340449
2023-03-20 02:39:50,163 - [INFO] - current w_0 is 8.619972513557173
2023-03-20 02:40:22,353 - [INFO] - E:66|TAU:8.62 8.62, train_time: 31.27, VALID_time: 0.9212, loss: 2.077e+03, emb_loss:0.01115, best_valid(recall@20): 0.0709
valid 	 N@10: 0.04728, R@10: 0.04159, P@10: 0.03706
valid 	 N@20: 0.05765, R@20: 0.07019, P@20: 0.0316
valid 	 N@50: 0.08216, R@50: 0.1362, P@50: 0.02483

6.033980853340449
2023-03-20 02:40:22,406 - [INFO] - current w_0 is 8.619972513557173
2023-03-20 02:40:54,506 - [INFO] - E:67|TAU:8.62 8.62, train_time: 31.24, VALID_time: 0.8605, loss: 2.077e+03, emb_loss:0.01126, best_valid(recall@20): 0.0709
valid 	 N@10: 0.04732, R@10: 0.04158, P@10: 0.03708
valid 	 N@20: 0.05772, R@20: 0.07034, P@20: 0.03163
valid 	 N@50: 0.08215, R@50: 0.1362, P@50: 0.02481

6.033980853340449
2023-03-20 02:40:54,544 - [INFO] - current w_0 is 8.619972513557173
2023-03-20 02:41:26,922 - [INFO] - E:68|TAU:8.62 8.62, train_time: 31.46, VALID_time: 0.9162, loss: 2.076e+03, emb_loss:0.01137, best_valid(recall@20): 0.0709
valid 	 N@10: 0.04733, R@10: 0.04156, P@10: 0.03708
valid 	 N@20: 0.05773, R@20: 0.07033, P@20: 0.03162
valid 	 N@50: 0.08217, R@50: 0.1362, P@50: 0.0248

6.033980853340449
2023-03-20 02:41:26,967 - [INFO] - current w_0 is 8.619972513557173
2023-03-20 02:41:59,154 - [INFO] - E:69|TAU:8.62 8.62, train_time: 31.38, VALID_time: 0.8026, loss: 2.076e+03, emb_loss:0.01148, best_valid(recall@20): 0.0709
valid 	 N@10: 0.04741, R@10: 0.04163, P@10: 0.0371
valid 	 N@20: 0.0579, R@20: 0.0705, P@20: 0.03174
valid 	 N@50: 0.08223, R@50: 0.1362, P@50: 0.02481

6.033980853340449
2023-03-20 02:41:59,202 - [INFO] - current w_0 is 8.619972513557173
2023-03-20 02:42:31,374 - [INFO] - E:70|TAU:8.62 8.62, train_time: 31.34, VALID_time: 0.8298, loss: 2.076e+03, emb_loss:0.01159, best_valid(recall@20): 0.0709
valid 	 N@10: 0.04746, R@10: 0.04156, P@10: 0.03718
valid 	 N@20: 0.05794, R@20: 0.07053, P@20: 0.03174
valid 	 N@50: 0.08215, R@50: 0.1357, P@50: 0.02478

6.033980853340449
2023-03-20 02:42:31,430 - [INFO] - current w_0 is 8.619972513557173
2023-03-20 02:43:03,571 - [INFO] - E:71|TAU:8.62 8.62, train_time: 31.32, VALID_time: 0.8236, loss: 2.075e+03, emb_loss:0.0117, best_valid(recall@20): 0.0709
valid 	 N@10: 0.04745, R@10: 0.0415, P@10: 0.0371
valid 	 N@20: 0.058, R@20: 0.07067, P@20: 0.03178
valid 	 N@50: 0.08222, R@50: 0.136, P@50: 0.02479

6.033980853340449
2023-03-20 02:43:03,608 - [INFO] - current w_0 is 8.619972513557173
2023-03-20 02:43:35,796 - [INFO] - E:72|TAU:8.62 8.62, train_time: 31.35, VALID_time: 0.8315, loss: 2.075e+03, emb_loss:0.01181, best_valid(recall@20): 0.0709
valid 	 N@10: 0.04751, R@10: 0.04168, P@10: 0.03724
valid 	 N@20: 0.05795, R@20: 0.07056, P@20: 0.03177
valid 	 N@50: 0.08209, R@50: 0.1357, P@50: 0.02475

6.033980853340449
2023-03-20 02:43:35,838 - [INFO] - current w_0 is 8.619972513557173
2023-03-20 02:44:08,068 - [INFO] - E:73|TAU:8.62 8.62, train_time: 31.34, VALID_time: 0.8841, loss: 2.075e+03, emb_loss:0.01191, best_valid(recall@20): 0.0709
valid 	 N@10: 0.04734, R@10: 0.04146, P@10: 0.03705
valid 	 N@20: 0.05808, R@20: 0.07091, P@20: 0.03191
valid 	 N@50: 0.08213, R@50: 0.1358, P@50: 0.0248

6.033980853340449
2023-03-20 02:44:08,152 - [INFO] - current w_0 is 8.619972513557173
2023-03-20 02:44:40,295 - [INFO] - E:74|TAU:8.62 8.62, train_time: 31.33, VALID_time: 0.8103, loss: 2.074e+03, emb_loss:0.01202, best_valid(recall@20): 0.07091
valid 	 N@10: 0.04727, R@10: 0.04139, P@10: 0.03696
valid 	 N@20: 0.05791, R@20: 0.07061, P@20: 0.0318
valid 	 N@50: 0.08217, R@50: 0.1361, P@50: 0.02486

6.033980853340449
2023-03-20 02:44:40,335 - [INFO] - current w_0 is 8.619972513557173
2023-03-20 02:45:12,538 - [INFO] - E:75|TAU:8.62 8.62, train_time: 31.32, VALID_time: 0.8782, loss: 2.074e+03, emb_loss:0.01212, best_valid(recall@20): 0.07091
valid 	 N@10: 0.04733, R@10: 0.04127, P@10: 0.03696
valid 	 N@20: 0.0579, R@20: 0.07045, P@20: 0.0317
valid 	 N@50: 0.08219, R@50: 0.136, P@50: 0.0248

6.033980853340449
2023-03-20 02:45:12,588 - [INFO] - current w_0 is 8.619972513557173
2023-03-20 02:45:44,768 - [INFO] - E:76|TAU:8.62 8.62, train_time: 31.28, VALID_time: 0.8939, loss: 2.074e+03, emb_loss:0.01223, best_valid(recall@20): 0.07091
valid 	 N@10: 0.04724, R@10: 0.04137, P@10: 0.03688
valid 	 N@20: 0.0579, R@20: 0.07045, P@20: 0.03175
valid 	 N@50: 0.0822, R@50: 0.136, P@50: 0.02481

6.033980853340449
2023-03-20 02:45:44,813 - [INFO] - current w_0 is 8.619972513557173
2023-03-20 02:46:17,179 - [INFO] - E:77|TAU:8.62 8.62, train_time: 31.33, VALID_time: 1.031, loss: 2.073e+03, emb_loss:0.01233, best_valid(recall@20): 0.07091
valid 	 N@10: 0.04734, R@10: 0.04159, P@10: 0.03711
valid 	 N@20: 0.05793, R@20: 0.07073, P@20: 0.0318
valid 	 N@50: 0.08221, R@50: 0.1362, P@50: 0.02485

6.033980853340449
2023-03-20 02:46:17,223 - [INFO] - current w_0 is 8.619972513557173
2023-03-20 02:46:49,340 - [INFO] - E:78|TAU:8.62 8.62, train_time: 31.34, VALID_time: 0.7731, loss: 2.073e+03, emb_loss:0.01243, best_valid(recall@20): 0.07091
valid 	 N@10: 0.04744, R@10: 0.04153, P@10: 0.03715
valid 	 N@20: 0.05812, R@20: 0.07094, P@20: 0.0319
valid 	 N@50: 0.08223, R@50: 0.1359, P@50: 0.02482

6.033980853340449
2023-03-20 02:46:49,416 - [INFO] - current w_0 is 8.619972513557173
2023-03-20 02:47:21,633 - [INFO] - E:79|TAU:8.62 8.62, train_time: 31.34, VALID_time: 0.8728, loss: 2.073e+03, emb_loss:0.01253, best_valid(recall@20): 0.07094
valid 	 N@10: 0.04758, R@10: 0.04177, P@10: 0.03731
valid 	 N@20: 0.05804, R@20: 0.07075, P@20: 0.0318
valid 	 N@50: 0.0823, R@50: 0.1361, P@50: 0.02485

6.033980853340449
2023-03-20 02:47:21,673 - [INFO] - current w_0 is 8.619972513557173
2023-03-20 02:47:53,769 - [INFO] - E:80|TAU:8.62 8.62, train_time: 31.33, VALID_time: 0.766, loss: 2.072e+03, emb_loss:0.01263, best_valid(recall@20): 0.07094
valid 	 N@10: 0.04759, R@10: 0.04186, P@10: 0.03727
valid 	 N@20: 0.05798, R@20: 0.07061, P@20: 0.03176
valid 	 N@50: 0.08235, R@50: 0.1364, P@50: 0.02485

6.033980853340449
2023-03-20 02:47:53,805 - [INFO] - current w_0 is 8.619972513557173
2023-03-20 02:48:26,012 - [INFO] - E:81|TAU:8.62 8.62, train_time: 31.33, VALID_time: 0.8702, loss: 2.072e+03, emb_loss:0.01273, best_valid(recall@20): 0.07094
valid 	 N@10: 0.04765, R@10: 0.04166, P@10: 0.03728
valid 	 N@20: 0.05816, R@20: 0.07089, P@20: 0.0318
valid 	 N@50: 0.08234, R@50: 0.136, P@50: 0.02482

6.033980853340449
2023-03-20 02:48:26,050 - [INFO] - current w_0 is 8.619972513557173
2023-03-20 02:48:58,233 - [INFO] - E:82|TAU:8.62 8.62, train_time: 31.33, VALID_time: 0.8472, loss: 2.072e+03, emb_loss:0.01283, best_valid(recall@20): 0.07094
valid 	 N@10: 0.04762, R@10: 0.0417, P@10: 0.03725
valid 	 N@20: 0.05809, R@20: 0.0708, P@20: 0.0318
valid 	 N@50: 0.08227, R@50: 0.136, P@50: 0.02481

6.033980853340449
2023-03-20 02:48:58,277 - [INFO] - current w_0 is 8.619972513557173
2023-03-20 02:49:30,481 - [INFO] - E:83|TAU:8.62 8.62, train_time: 31.35, VALID_time: 0.8546, loss: 2.071e+03, emb_loss:0.01293, best_valid(recall@20): 0.07094
valid 	 N@10: 0.04749, R@10: 0.04167, P@10: 0.03726
valid 	 N@20: 0.05819, R@20: 0.07121, P@20: 0.03198
valid 	 N@50: 0.08232, R@50: 0.1364, P@50: 0.02488

6.033980853340449
2023-03-20 02:49:30,557 - [INFO] - current w_0 is 8.619972513557173
2023-03-20 02:50:02,695 - [INFO] - E:84|TAU:8.62 8.62, train_time: 31.31, VALID_time: 0.8244, loss: 2.071e+03, emb_loss:0.01302, best_valid(recall@20): 0.07121
valid 	 N@10: 0.04763, R@10: 0.04185, P@10: 0.03738
valid 	 N@20: 0.05811, R@20: 0.07086, P@20: 0.03186
valid 	 N@50: 0.08227, R@50: 0.1361, P@50: 0.02485

6.033980853340449
2023-03-20 02:50:02,734 - [INFO] - current w_0 is 8.619972513557173
2023-03-20 02:50:34,919 - [INFO] - E:85|TAU:8.62 8.62, train_time: 31.27, VALID_time: 0.9163, loss: 2.071e+03, emb_loss:0.01312, best_valid(recall@20): 0.07121
valid 	 N@10: 0.04764, R@10: 0.04177, P@10: 0.03726
valid 	 N@20: 0.05815, R@20: 0.07077, P@20: 0.03185
valid 	 N@50: 0.08247, R@50: 0.1364, P@50: 0.02489

6.033980853340449
2023-03-20 02:50:34,949 - [INFO] - current w_0 is 8.619972513557173
2023-03-20 02:51:07,163 - [INFO] - E:86|TAU:8.62 8.62, train_time: 31.33, VALID_time: 0.8804, loss: 2.071e+03, emb_loss:0.01321, best_valid(recall@20): 0.07121
valid 	 N@10: 0.04776, R@10: 0.04178, P@10: 0.03735
valid 	 N@20: 0.05821, R@20: 0.07077, P@20: 0.03182
valid 	 N@50: 0.08248, R@50: 0.1362, P@50: 0.02485

6.033980853340449
2023-03-20 02:51:07,209 - [INFO] - current w_0 is 8.619972513557173
2023-03-20 02:51:39,307 - [INFO] - E:87|TAU:8.62 8.62, train_time: 31.33, VALID_time: 0.7679, loss: 2.07e+03, emb_loss:0.01331, best_valid(recall@20): 0.07121
valid 	 N@10: 0.04779, R@10: 0.04181, P@10: 0.03729
valid 	 N@20: 0.05821, R@20: 0.07067, P@20: 0.03182
valid 	 N@50: 0.0825, R@50: 0.1362, P@50: 0.02486

6.033980853340449
2023-03-20 02:51:39,342 - [INFO] - current w_0 is 8.619972513557173
2023-03-20 02:52:11,633 - [INFO] - E:88|TAU:8.62 8.62, train_time: 31.33, VALID_time: 0.9628, loss: 2.07e+03, emb_loss:0.0134, best_valid(recall@20): 0.07121
valid 	 N@10: 0.04768, R@10: 0.04175, P@10: 0.03726
valid 	 N@20: 0.05815, R@20: 0.07071, P@20: 0.03182
valid 	 N@50: 0.08233, R@50: 0.1358, P@50: 0.02483

6.033980853340449
2023-03-20 02:52:11,676 - [INFO] - current w_0 is 8.619972513557173
2023-03-20 02:52:43,934 - [INFO] - E:89|TAU:8.62 8.62, train_time: 31.33, VALID_time: 0.9222, loss: 2.07e+03, emb_loss:0.01349, best_valid(recall@20): 0.07121
valid 	 N@10: 0.04766, R@10: 0.04175, P@10: 0.03727
valid 	 N@20: 0.05827, R@20: 0.07104, P@20: 0.03191
valid 	 N@50: 0.08237, R@50: 0.1359, P@50: 0.02486

6.033980853340449
2023-03-20 02:52:43,983 - [INFO] - current w_0 is 8.619972513557173
2023-03-20 02:53:16,230 - [INFO] - E:90|TAU:8.62 8.62, train_time: 31.29, VALID_time: 0.9522, loss: 2.07e+03, emb_loss:0.01358, best_valid(recall@20): 0.07121
valid 	 N@10: 0.04783, R@10: 0.04191, P@10: 0.03745
valid 	 N@20: 0.05828, R@20: 0.07096, P@20: 0.03189
valid 	 N@50: 0.08236, R@50: 0.1358, P@50: 0.02484

6.033980853340449
2023-03-20 02:53:16,272 - [INFO] - current w_0 is 8.619972513557173
2023-03-20 02:53:48,487 - [INFO] - E:91|TAU:8.62 8.62, train_time: 31.23, VALID_time: 0.986, loss: 2.069e+03, emb_loss:0.01367, best_valid(recall@20): 0.07121
valid 	 N@10: 0.04765, R@10: 0.04173, P@10: 0.03735
valid 	 N@20: 0.05813, R@20: 0.07085, P@20: 0.03184
valid 	 N@50: 0.08229, R@50: 0.1359, P@50: 0.02484

6.033980853340449
2023-03-20 02:53:48,532 - [INFO] - current w_0 is 8.619972513557173
2023-03-20 02:54:20,768 - [INFO] - E:92|TAU:8.62 8.62, train_time: 31.32, VALID_time: 0.9108, loss: 2.069e+03, emb_loss:0.01376, best_valid(recall@20): 0.07121
valid 	 N@10: 0.04744, R@10: 0.04161, P@10: 0.03721
valid 	 N@20: 0.05792, R@20: 0.07059, P@20: 0.03179
valid 	 N@50: 0.08229, R@50: 0.1362, P@50: 0.02487

6.033980853340449
2023-03-20 02:54:20,812 - [INFO] - current w_0 is 8.619972513557173
2023-03-20 02:54:52,915 - [INFO] - E:93|TAU:8.62 8.62, train_time: 31.3, VALID_time: 0.8062, loss: 2.069e+03, emb_loss:0.01385, best_valid(recall@20): 0.07121
valid 	 N@10: 0.04759, R@10: 0.0418, P@10: 0.03729
valid 	 N@20: 0.05807, R@20: 0.07075, P@20: 0.03183
valid 	 N@50: 0.08245, R@50: 0.1365, P@50: 0.02491

6.033980853340449
2023-03-20 02:54:52,954 - [INFO] - current w_0 is 8.619972513557173
2023-03-20 02:55:25,056 - [INFO] - E:94|TAU:8.62 8.62, train_time: 31.28, VALID_time: 0.8182, loss: 2.069e+03, emb_loss:0.01394, best_valid(recall@20): 0.07121
valid 	 N@10: 0.04774, R@10: 0.04183, P@10: 0.03734
valid 	 N@20: 0.0582, R@20: 0.07082, P@20: 0.03185
valid 	 N@50: 0.08245, R@50: 0.1361, P@50: 0.02487

6.033980853340449
2023-03-20 02:55:25,115 - [INFO] - current w_0 is 8.619972513557173
2023-03-20 02:55:57,343 - [INFO] - E:95|TAU:8.62 8.62, train_time: 31.28, VALID_time: 0.942, loss: 2.068e+03, emb_loss:0.01403, best_valid(recall@20): 0.07121
valid 	 N@10: 0.04774, R@10: 0.04178, P@10: 0.03738
valid 	 N@20: 0.05825, R@20: 0.07093, P@20: 0.03188
valid 	 N@50: 0.08241, R@50: 0.136, P@50: 0.02485

6.033980853340449
2023-03-20 02:55:57,390 - [INFO] - current w_0 is 8.619972513557173
2023-03-20 02:56:29,468 - [INFO] - E:96|TAU:8.62 8.62, train_time: 31.17, VALID_time: 0.9094, loss: 2.068e+03, emb_loss:0.01411, best_valid(recall@20): 0.07121
valid 	 N@10: 0.04784, R@10: 0.04201, P@10: 0.03751
valid 	 N@20: 0.05815, R@20: 0.07068, P@20: 0.03184
valid 	 N@50: 0.08227, R@50: 0.1357, P@50: 0.02479

6.033980853340449
2023-03-20 02:56:29,514 - [INFO] - current w_0 is 8.619972513557173
2023-03-20 02:57:01,592 - [INFO] - E:97|TAU:8.62 8.62, train_time: 31.17, VALID_time: 0.9095, loss: 2.068e+03, emb_loss:0.0142, best_valid(recall@20): 0.07121
valid 	 N@10: 0.04766, R@10: 0.04178, P@10: 0.03726
valid 	 N@20: 0.0581, R@20: 0.07064, P@20: 0.03178
valid 	 N@50: 0.08246, R@50: 0.1362, P@50: 0.02489

6.033980853340449
2023-03-20 02:57:01,636 - [INFO] - current w_0 is 8.619972513557173
2023-03-20 02:57:33,605 - [INFO] - E:98|TAU:8.62 8.62, train_time: 31.16, VALID_time: 0.8076, loss: 2.068e+03, emb_loss:0.01428, best_valid(recall@20): 0.07121
valid 	 N@10: 0.04759, R@10: 0.04162, P@10: 0.03718
valid 	 N@20: 0.05818, R@20: 0.07074, P@20: 0.0319
valid 	 N@50: 0.08249, R@50: 0.1364, P@50: 0.02487

6.033980853340449
2023-03-20 02:57:33,643 - [INFO] - current w_0 is 8.619972513557173
2023-03-20 02:58:05,997 - [INFO] - E:99|TAU:8.62 8.62, train_time: 31.29, VALID_time: 1.06, loss: 2.067e+03, emb_loss:0.01437, best_valid(recall@20): 0.07121
valid 	 N@10: 0.04764, R@10: 0.04176, P@10: 0.03732
valid 	 N@20: 0.05816, R@20: 0.07083, P@20: 0.03191
valid 	 N@50: 0.08243, R@50: 0.1364, P@50: 0.02488

2023-03-20 02:58:06,081 - [INFO] - current w_0 is 9.863680839538574
2023-03-20 02:58:38,261 - [INFO] - E:100|TAU:9.864 9.864, train_time: 31.34, VALID_time: 0.8804, loss: 1.945e+03, emb_loss:0.01447, best_valid(recall@20): 0.07121
valid 	 N@10: 0.0477, R@10: 0.04188, P@10: 0.03741
valid 	 N@20: 0.0582, R@20: 0.07098, P@20: 0.03189
valid 	 N@50: 0.08245, R@50: 0.1362, P@50: 0.02489

2023-03-20 02:58:38,324 - [INFO] - current w_0 is 10.07500171661377
2023-03-20 02:59:10,460 - [INFO] - E:101|TAU:10.08 10.08, train_time: 31.31, VALID_time: 0.8251, loss: 1.92e+03, emb_loss:0.01458, best_valid(recall@20): 0.07121
valid 	 N@10: 0.0478, R@10: 0.04207, P@10: 0.0375
valid 	 N@20: 0.05836, R@20: 0.07123, P@20: 0.032
valid 	 N@50: 0.08252, R@50: 0.1364, P@50: 0.02485

2023-03-20 02:59:10,564 - [INFO] - current w_0 is 10.206995964050293
2023-03-20 02:59:42,691 - [INFO] - E:102|TAU:10.21 10.21, train_time: 31.25, VALID_time: 0.8774, loss: 1.903e+03, emb_loss:0.01469, best_valid(recall@20): 0.07123
valid 	 N@10: 0.04777, R@10: 0.04214, P@10: 0.0375
valid 	 N@20: 0.05841, R@20: 0.07143, P@20: 0.03207
valid 	 N@50: 0.08242, R@50: 0.1362, P@50: 0.02484

2023-03-20 02:59:42,779 - [INFO] - current w_0 is 10.295656204223633
2023-03-20 03:00:14,998 - [INFO] - E:103|TAU:10.3 10.3, train_time: 31.29, VALID_time: 0.9283, loss: 1.893e+03, emb_loss:0.0148, best_valid(recall@20): 0.07143
valid 	 N@10: 0.0477, R@10: 0.04198, P@10: 0.03741
valid 	 N@20: 0.05832, R@20: 0.07125, P@20: 0.03197
valid 	 N@50: 0.08238, R@50: 0.1362, P@50: 0.02482

2023-03-20 03:00:15,052 - [INFO] - current w_0 is 10.359086990356445
2023-03-20 03:00:47,351 - [INFO] - E:104|TAU:10.36 10.36, train_time: 31.26, VALID_time: 1.036, loss: 1.885e+03, emb_loss:0.0149, best_valid(recall@20): 0.07143
valid 	 N@10: 0.0477, R@10: 0.04185, P@10: 0.03741
valid 	 N@20: 0.05821, R@20: 0.07096, P@20: 0.03192
valid 	 N@50: 0.08219, R@50: 0.1357, P@50: 0.02475

2023-03-20 03:00:47,409 - [INFO] - current w_0 is 10.404818534851074
2023-03-20 03:01:19,516 - [INFO] - E:105|TAU:10.4 10.4, train_time: 31.3, VALID_time: 0.8128, loss: 1.879e+03, emb_loss:0.015, best_valid(recall@20): 0.07143
valid 	 N@10: 0.04762, R@10: 0.04219, P@10: 0.03754
valid 	 N@20: 0.05802, R@20: 0.07088, P@20: 0.03193
valid 	 N@50: 0.08195, R@50: 0.1355, P@50: 0.02473

2023-03-20 03:01:19,564 - [INFO] - current w_0 is 10.439190864562988
2023-03-20 03:01:51,756 - [INFO] - E:106|TAU:10.44 10.44, train_time: 31.31, VALID_time: 0.8822, loss: 1.875e+03, emb_loss:0.0151, best_valid(recall@20): 0.07143
valid 	 N@10: 0.0477, R@10: 0.04213, P@10: 0.0376
valid 	 N@20: 0.05794, R@20: 0.07069, P@20: 0.03178
valid 	 N@50: 0.08194, R@50: 0.1354, P@50: 0.0247

2023-03-20 03:01:51,808 - [INFO] - current w_0 is 10.464640617370605
2023-03-20 03:02:23,766 - [INFO] - E:107|TAU:10.46 10.46, train_time: 31.16, VALID_time: 0.7969, loss: 1.872e+03, emb_loss:0.01519, best_valid(recall@20): 0.07143
valid 	 N@10: 0.04763, R@10: 0.04201, P@10: 0.03742
valid 	 N@20: 0.05793, R@20: 0.07059, P@20: 0.03175
valid 	 N@50: 0.0819, R@50: 0.1353, P@50: 0.02466

2023-03-20 03:02:23,810 - [INFO] - current w_0 is 10.484808921813965
2023-03-20 03:02:56,098 - [INFO] - E:108|TAU:10.48 10.48, train_time: 31.31, VALID_time: 0.98, loss: 1.869e+03, emb_loss:0.01528, best_valid(recall@20): 0.07143
valid 	 N@10: 0.04758, R@10: 0.04196, P@10: 0.03735
valid 	 N@20: 0.05791, R@20: 0.07057, P@20: 0.03173
valid 	 N@50: 0.08189, R@50: 0.1354, P@50: 0.02467

2023-03-20 03:02:56,167 - [INFO] - current w_0 is 10.500679969787598
2023-03-20 03:03:28,494 - [INFO] - E:109|TAU:10.5 10.5, train_time: 31.19, VALID_time: 1.136, loss: 1.867e+03, emb_loss:0.01538, best_valid(recall@20): 0.07143
valid 	 N@10: 0.04744, R@10: 0.04176, P@10: 0.03722
valid 	 N@20: 0.05787, R@20: 0.07062, P@20: 0.0317
valid 	 N@50: 0.08181, R@50: 0.1353, P@50: 0.02464

2023-03-20 03:03:28,546 - [INFO] - current w_0 is 10.51337718963623
2023-03-20 03:04:00,800 - [INFO] - E:110|TAU:10.51 10.51, train_time: 31.41, VALID_time: 0.8436, loss: 1.865e+03, emb_loss:0.01547, best_valid(recall@20): 0.07143
valid 	 N@10: 0.04732, R@10: 0.0417, P@10: 0.03721
valid 	 N@20: 0.05777, R@20: 0.07062, P@20: 0.03172
valid 	 N@50: 0.08156, R@50: 0.1348, P@50: 0.02461

2023-03-20 03:04:00,851 - [INFO] - current w_0 is 10.522380828857422
2023-03-20 03:04:32,961 - [INFO] - E:111|TAU:10.52 10.52, train_time: 31.26, VALID_time: 0.8575, loss: 1.864e+03, emb_loss:0.01556, best_valid(recall@20): 0.07143
valid 	 N@10: 0.04738, R@10: 0.04186, P@10: 0.03727
valid 	 N@20: 0.05768, R@20: 0.07044, P@20: 0.0317
valid 	 N@50: 0.08154, R@50: 0.135, P@50: 0.0246

2023-03-20 03:04:33,011 - [INFO] - current w_0 is 10.530115127563477
2023-03-20 03:05:05,153 - [INFO] - E:112|TAU:10.53 10.53, train_time: 31.3, VALID_time: 0.8417, loss: 1.863e+03, emb_loss:0.01565, best_valid(recall@20): 0.07143
valid 	 N@10: 0.04741, R@10: 0.0417, P@10: 0.03725
valid 	 N@20: 0.05756, R@20: 0.07006, P@20: 0.0315
valid 	 N@50: 0.08157, R@50: 0.1349, P@50: 0.02458

2023-03-20 03:05:05,207 - [INFO] - current w_0 is 10.536617279052734
2023-03-20 03:05:37,397 - [INFO] - E:113|TAU:10.54 10.54, train_time: 31.32, VALID_time: 0.8771, loss: 1.862e+03, emb_loss:0.01574, best_valid(recall@20): 0.07143
valid 	 N@10: 0.04737, R@10: 0.04166, P@10: 0.03717
valid 	 N@20: 0.0577, R@20: 0.07031, P@20: 0.03159
valid 	 N@50: 0.08158, R@50: 0.1347, P@50: 0.02457

2023-03-20 03:05:37,438 - [INFO] - current w_0 is 10.54146671295166
2023-03-20 03:06:09,631 - [INFO] - E:114|TAU:10.54 10.54, train_time: 31.3, VALID_time: 0.893, loss: 1.861e+03, emb_loss:0.01583, best_valid(recall@20): 0.07143
valid 	 N@10: 0.04747, R@10: 0.04176, P@10: 0.03723
valid 	 N@20: 0.0576, R@20: 0.06995, P@20: 0.0315
valid 	 N@50: 0.08151, R@50: 0.1344, P@50: 0.02455

2023-03-20 03:06:09,690 - [INFO] - current w_0 is 10.546377182006836
2023-03-20 03:06:42,050 - [INFO] - E:115|TAU:10.55 10.55, train_time: 31.38, VALID_time: 0.9832, loss: 1.86e+03, emb_loss:0.01592, best_valid(recall@20): 0.07143
valid 	 N@10: 0.04729, R@10: 0.04163, P@10: 0.03708
valid 	 N@20: 0.05762, R@20: 0.07019, P@20: 0.03159
valid 	 N@50: 0.08142, R@50: 0.1345, P@50: 0.02452

2023-03-20 03:06:42,098 - [INFO] - current w_0 is 10.550294876098633
2023-03-20 03:07:14,198 - [INFO] - E:116|TAU:10.55 10.55, train_time: 31.25, VALID_time: 0.851, loss: 1.86e+03, emb_loss:0.016, best_valid(recall@20): 0.07143
valid 	 N@10: 0.04745, R@10: 0.04172, P@10: 0.0372
valid 	 N@20: 0.05764, R@20: 0.07012, P@20: 0.03151
valid 	 N@50: 0.08144, R@50: 0.1343, P@50: 0.0245

2023-03-20 03:07:14,255 - [INFO] - current w_0 is 10.552457809448242
2023-03-20 03:07:46,395 - [INFO] - E:117|TAU:10.55 10.55, train_time: 31.2, VALID_time: 0.9401, loss: 1.859e+03, emb_loss:0.01609, best_valid(recall@20): 0.07143
valid 	 N@10: 0.04736, R@10: 0.0417, P@10: 0.03722
valid 	 N@20: 0.05756, R@20: 0.07013, P@20: 0.03149
valid 	 N@50: 0.08138, R@50: 0.1343, P@50: 0.02452

2023-03-20 03:07:46,442 - [INFO] - current w_0 is 10.554790496826172
2023-03-20 03:08:18,745 - [INFO] - E:118|TAU:10.55 10.55, train_time: 31.42, VALID_time: 0.8845, loss: 1.859e+03, emb_loss:0.01617, best_valid(recall@20): 0.07143
valid 	 N@10: 0.04737, R@10: 0.04177, P@10: 0.03726
valid 	 N@20: 0.05765, R@20: 0.07031, P@20: 0.03161
valid 	 N@50: 0.08145, R@50: 0.1346, P@50: 0.02452

2023-03-20 03:08:18,801 - [INFO] - current w_0 is 10.557366371154785
2023-03-20 03:08:50,983 - [INFO] - E:119|TAU:10.56 10.56, train_time: 31.37, VALID_time: 0.8175, loss: 1.858e+03, emb_loss:0.01626, best_valid(recall@20): 0.07143
valid 	 N@10: 0.04766, R@10: 0.04194, P@10: 0.0374
valid 	 N@20: 0.05789, R@20: 0.07045, P@20: 0.03166
valid 	 N@50: 0.08144, R@50: 0.134, P@50: 0.02445

2023-03-20 03:08:51,028 - [INFO] - current w_0 is 10.559774398803711
2023-03-20 03:09:23,129 - [INFO] - E:120|TAU:10.56 10.56, train_time: 31.33, VALID_time: 0.7705, loss: 1.858e+03, emb_loss:0.01634, best_valid(recall@20): 0.07143
valid 	 N@10: 0.04745, R@10: 0.0416, P@10: 0.03717
valid 	 N@20: 0.05774, R@20: 0.0702, P@20: 0.03158
valid 	 N@50: 0.08145, R@50: 0.1342, P@50: 0.0245

2023-03-20 03:09:23,173 - [INFO] - current w_0 is 10.561834335327148
2023-03-20 03:09:55,445 - [INFO] - E:121|TAU:10.56 10.56, train_time: 31.32, VALID_time: 0.9578, loss: 1.858e+03, emb_loss:0.01643, best_valid(recall@20): 0.07143
valid 	 N@10: 0.04748, R@10: 0.04182, P@10: 0.03738
valid 	 N@20: 0.05767, R@20: 0.07028, P@20: 0.03158
valid 	 N@50: 0.08137, R@50: 0.1342, P@50: 0.0245

2023-03-20 03:09:55,499 - [INFO] - current w_0 is 10.563773155212402
2023-03-20 03:10:27,583 - [INFO] - E:122|TAU:10.56 10.56, train_time: 31.25, VALID_time: 0.8315, loss: 1.857e+03, emb_loss:0.01651, best_valid(recall@20): 0.07143
valid 	 N@10: 0.0474, R@10: 0.04165, P@10: 0.03733
valid 	 N@20: 0.05765, R@20: 0.07031, P@20: 0.03162
valid 	 N@50: 0.08122, R@50: 0.134, P@50: 0.02444

2023-03-20 03:10:27,631 - [INFO] - current w_0 is 10.564306259155273
2023-03-20 03:10:59,623 - [INFO] - E:123|TAU:10.56 10.56, train_time: 31.17, VALID_time: 0.8201, loss: 1.856e+03, emb_loss:0.01659, best_valid(recall@20): 0.07143
valid 	 N@10: 0.04742, R@10: 0.04162, P@10: 0.03732
valid 	 N@20: 0.05766, R@20: 0.07019, P@20: 0.0316
valid 	 N@50: 0.08139, R@50: 0.1343, P@50: 0.02449

2023-03-20 03:10:59,668 - [INFO] - current w_0 is 10.565690994262695
2023-03-20 03:11:31,761 - [INFO] - E:124|TAU:10.57 10.57, train_time: 31.31, VALID_time: 0.7818, loss: 1.856e+03, emb_loss:0.01668, best_valid(recall@20): 0.07143
valid 	 N@10: 0.04749, R@10: 0.04194, P@10: 0.0374
valid 	 N@20: 0.05756, R@20: 0.07002, P@20: 0.03154
valid 	 N@50: 0.08132, R@50: 0.1342, P@50: 0.02448

2023-03-20 03:11:31,808 - [INFO] - current w_0 is 10.567095756530762
2023-03-20 03:12:03,962 - [INFO] - E:125|TAU:10.57 10.57, train_time: 31.31, VALID_time: 0.8505, loss: 1.856e+03, emb_loss:0.01676, best_valid(recall@20): 0.07143
valid 	 N@10: 0.04741, R@10: 0.04175, P@10: 0.03724
valid 	 N@20: 0.05756, R@20: 0.06999, P@20: 0.03152
valid 	 N@50: 0.08134, R@50: 0.1342, P@50: 0.0245

2023-03-20 03:12:04,015 - [INFO] - current w_0 is 10.56779956817627
2023-03-20 03:12:36,230 - [INFO] - E:126|TAU:10.57 10.57, train_time: 31.29, VALID_time: 0.9238, loss: 1.856e+03, emb_loss:0.01684, best_valid(recall@20): 0.07143
valid 	 N@10: 0.04753, R@10: 0.04172, P@10: 0.03728
valid 	 N@20: 0.05773, R@20: 0.07012, P@20: 0.03154
valid 	 N@50: 0.0815, R@50: 0.1342, P@50: 0.02452

2023-03-20 03:12:36,284 - [INFO] - current w_0 is 10.568550109863281
2023-03-20 03:13:08,523 - [INFO] - E:127|TAU:10.57 10.57, train_time: 31.29, VALID_time: 0.9491, loss: 1.855e+03, emb_loss:0.01692, best_valid(recall@20): 0.07143
valid 	 N@10: 0.0475, R@10: 0.04177, P@10: 0.03725
valid 	 N@20: 0.05773, R@20: 0.07023, P@20: 0.03159
valid 	 N@50: 0.08142, R@50: 0.1342, P@50: 0.0245

2023-03-20 03:13:08,580 - [INFO] - current w_0 is 10.569515228271484
2023-03-20 03:13:40,783 - [INFO] - E:128|TAU:10.57 10.57, train_time: 31.29, VALID_time: 0.9174, loss: 1.854e+03, emb_loss:0.017, best_valid(recall@20): 0.07143
valid 	 N@10: 0.04747, R@10: 0.04174, P@10: 0.0373
valid 	 N@20: 0.0577, R@20: 0.07024, P@20: 0.03163
valid 	 N@50: 0.0814, R@50: 0.1343, P@50: 0.02451

2023-03-20 03:13:40,827 - [INFO] - current w_0 is 10.570093154907227
2023-03-20 03:14:13,057 - [INFO] - E:129|TAU:10.57 10.57, train_time: 31.3, VALID_time: 0.9296, loss: 1.855e+03, emb_loss:0.01708, best_valid(recall@20): 0.07143
valid 	 N@10: 0.04761, R@10: 0.04182, P@10: 0.03735
valid 	 N@20: 0.05781, R@20: 0.07025, P@20: 0.03165
valid 	 N@50: 0.08139, R@50: 0.134, P@50: 0.02446

2023-03-20 03:14:13,114 - [INFO] - current w_0 is 10.570520401000977
2023-03-20 03:14:45,197 - [INFO] - E:130|TAU:10.57 10.57, train_time: 31.29, VALID_time: 0.7997, loss: 1.854e+03, emb_loss:0.01715, best_valid(recall@20): 0.07143
valid 	 N@10: 0.04746, R@10: 0.04161, P@10: 0.0372
valid 	 N@20: 0.05771, R@20: 0.07015, P@20: 0.03159
valid 	 N@50: 0.08137, R@50: 0.134, P@50: 0.02449

2023-03-20 03:14:45,239 - [INFO] - current w_0 is 10.571429252624512
2023-03-20 03:15:17,501 - [INFO] - E:131|TAU:10.57 10.57, train_time: 31.3, VALID_time: 0.9668, loss: 1.854e+03, emb_loss:0.01723, best_valid(recall@20): 0.07143
valid 	 N@10: 0.04739, R@10: 0.04172, P@10: 0.03724
valid 	 N@20: 0.0577, R@20: 0.07032, P@20: 0.03166
valid 	 N@50: 0.08124, R@50: 0.1339, P@50: 0.02444

2023-03-20 03:15:17,554 - [INFO] - current w_0 is 10.57196044921875
2023-03-20 03:15:49,652 - [INFO] - E:132|TAU:10.57 10.57, train_time: 31.29, VALID_time: 0.8083, loss: 1.854e+03, emb_loss:0.01731, best_valid(recall@20): 0.07143
valid 	 N@10: 0.04736, R@10: 0.04175, P@10: 0.03721
valid 	 N@20: 0.05761, R@20: 0.07015, P@20: 0.03159
valid 	 N@50: 0.08144, R@50: 0.1345, P@50: 0.02454

2023-03-20 03:15:49,703 - [INFO] - current w_0 is 10.573189735412598
2023-03-20 03:16:21,954 - [INFO] - E:133|TAU:10.57 10.57, train_time: 31.27, VALID_time: 0.9838, loss: 1.854e+03, emb_loss:0.01738, best_valid(recall@20): 0.07143
valid 	 N@10: 0.04727, R@10: 0.04168, P@10: 0.03726
valid 	 N@20: 0.05745, R@20: 0.07003, P@20: 0.03152
valid 	 N@50: 0.08128, R@50: 0.1343, P@50: 0.02452

2023-03-20 03:16:22,003 - [INFO] - current w_0 is 10.573880195617676
2023-03-20 03:16:54,010 - [INFO] - E:134|TAU:10.57 10.57, train_time: 31.14, VALID_time: 0.8635, loss: 1.853e+03, emb_loss:0.01746, best_valid(recall@20): 0.07143
valid 	 N@10: 0.04725, R@10: 0.04164, P@10: 0.03715
valid 	 N@20: 0.05752, R@20: 0.07009, P@20: 0.03159
valid 	 N@50: 0.08129, R@50: 0.1344, P@50: 0.02449

2023-03-20 03:16:54,063 - [INFO] - current w_0 is 10.57451057434082
2023-03-20 03:17:25,994 - [INFO] - E:135|TAU:10.57 10.57, train_time: 31.08, VALID_time: 0.8531, loss: 1.853e+03, emb_loss:0.01753, best_valid(recall@20): 0.07143
valid 	 N@10: 0.04733, R@10: 0.04165, P@10: 0.03722
valid 	 N@20: 0.05764, R@20: 0.07021, P@20: 0.03167
valid 	 N@50: 0.08148, R@50: 0.1347, P@50: 0.02455

2023-03-20 03:17:26,049 - [INFO] - current w_0 is 10.574543952941895
2023-03-20 03:17:58,153 - [INFO] - E:136|TAU:10.57 10.57, train_time: 31.24, VALID_time: 0.8701, loss: 1.853e+03, emb_loss:0.01761, best_valid(recall@20): 0.07143
valid 	 N@10: 0.04739, R@10: 0.04174, P@10: 0.03722
valid 	 N@20: 0.05771, R@20: 0.07027, P@20: 0.03171
valid 	 N@50: 0.0814, R@50: 0.1344, P@50: 0.02452

2023-03-20 03:17:58,200 - [INFO] - current w_0 is 10.57474136352539
2023-03-20 03:18:30,424 - [INFO] - E:137|TAU:10.57 10.57, train_time: 31.26, VALID_time: 0.9685, loss: 1.853e+03, emb_loss:0.01768, best_valid(recall@20): 0.07143
valid 	 N@10: 0.0475, R@10: 0.04166, P@10: 0.03719
valid 	 N@20: 0.0578, R@20: 0.07031, P@20: 0.0317
valid 	 N@50: 0.08137, R@50: 0.1341, P@50: 0.02448

2023-03-20 03:18:30,480 - [INFO] - current w_0 is 10.575671195983887
2023-03-20 03:19:02,523 - [INFO] - E:138|TAU:10.58 10.58, train_time: 31.19, VALID_time: 0.8575, loss: 1.852e+03, emb_loss:0.01775, best_valid(recall@20): 0.07143
valid 	 N@10: 0.04748, R@10: 0.04158, P@10: 0.03718
valid 	 N@20: 0.05788, R@20: 0.07032, P@20: 0.03171
valid 	 N@50: 0.08155, R@50: 0.1344, P@50: 0.02452

2023-03-20 03:19:02,568 - [INFO] - current w_0 is 10.575697898864746
2023-03-20 03:19:34,700 - [INFO] - E:139|TAU:10.58 10.58, train_time: 31.23, VALID_time: 0.9028, loss: 1.852e+03, emb_loss:0.01783, best_valid(recall@20): 0.07143
valid 	 N@10: 0.04759, R@10: 0.04189, P@10: 0.03726
valid 	 N@20: 0.05783, R@20: 0.07027, P@20: 0.03168
valid 	 N@50: 0.08149, R@50: 0.1343, P@50: 0.0245

2023-03-20 03:19:34,754 - [INFO] - current w_0 is 10.575429916381836
2023-03-20 03:20:06,867 - [INFO] - E:140|TAU:10.58 10.58, train_time: 31.24, VALID_time: 0.871, loss: 1.852e+03, emb_loss:0.0179, best_valid(recall@20): 0.07143
valid 	 N@10: 0.04744, R@10: 0.04166, P@10: 0.03724
valid 	 N@20: 0.05777, R@20: 0.0703, P@20: 0.03169
valid 	 N@50: 0.08143, R@50: 0.1344, P@50: 0.0245

2023-03-20 03:20:06,922 - [INFO] - current w_0 is 10.576299667358398
2023-03-20 03:20:39,059 - [INFO] - E:141|TAU:10.58 10.58, train_time: 31.27, VALID_time: 0.8723, loss: 1.851e+03, emb_loss:0.01797, best_valid(recall@20): 0.07143
valid 	 N@10: 0.04743, R@10: 0.04176, P@10: 0.03726
valid 	 N@20: 0.05766, R@20: 0.07018, P@20: 0.03161
valid 	 N@50: 0.08135, R@50: 0.1343, P@50: 0.02449

2023-03-20 03:20:39,117 - [INFO] - current w_0 is 10.577072143554688
2023-03-20 03:21:11,265 - [INFO] - E:142|TAU:10.58 10.58, train_time: 31.29, VALID_time: 0.8572, loss: 1.852e+03, emb_loss:0.01804, best_valid(recall@20): 0.07143
valid 	 N@10: 0.04727, R@10: 0.04156, P@10: 0.03715
valid 	 N@20: 0.05754, R@20: 0.07007, P@20: 0.03157
valid 	 N@50: 0.0813, R@50: 0.1343, P@50: 0.02449

2023-03-20 03:21:11,310 - [INFO] - current w_0 is 10.577208518981934
2023-03-20 03:21:43,675 - [INFO] - E:143|TAU:10.58 10.58, train_time: 31.23, VALID_time: 1.138, loss: 1.851e+03, emb_loss:0.01811, best_valid(recall@20): 0.07143
valid 	 N@10: 0.04737, R@10: 0.04166, P@10: 0.0372
valid 	 N@20: 0.0576, R@20: 0.07016, P@20: 0.03156
valid 	 N@50: 0.08124, R@50: 0.134, P@50: 0.02446

2023-03-20 03:21:43,733 - [INFO] - current w_0 is 10.577553749084473
2023-03-20 03:22:16,018 - [INFO] - E:144|TAU:10.58 10.58, train_time: 31.26, VALID_time: 1.026, loss: 1.851e+03, emb_loss:0.01818, best_valid(recall@20): 0.07143
valid 	 N@10: 0.0476, R@10: 0.04201, P@10: 0.03741
valid 	 N@20: 0.05772, R@20: 0.07023, P@20: 0.03161
valid 	 N@50: 0.08142, R@50: 0.1343, P@50: 0.0245

2023-03-20 03:22:16,069 - [INFO] - current w_0 is 10.577991485595703
2023-03-20 03:22:48,203 - [INFO] - E:145|TAU:10.58 10.58, train_time: 31.27, VALID_time: 0.8691, loss: 1.851e+03, emb_loss:0.01825, best_valid(recall@20): 0.07143
valid 	 N@10: 0.04745, R@10: 0.0419, P@10: 0.03737
valid 	 N@20: 0.05768, R@20: 0.0703, P@20: 0.03168
valid 	 N@50: 0.08134, R@50: 0.1343, P@50: 0.02449

2023-03-20 03:22:48,256 - [INFO] - current w_0 is 10.57816219329834
2023-03-20 03:23:20,298 - [INFO] - E:146|TAU:10.58 10.58, train_time: 31.23, VALID_time: 0.8192, loss: 1.851e+03, emb_loss:0.01831, best_valid(recall@20): 0.07143
valid 	 N@10: 0.04745, R@10: 0.04165, P@10: 0.03718
valid 	 N@20: 0.05782, R@20: 0.07041, P@20: 0.03165
valid 	 N@50: 0.0815, R@50: 0.1344, P@50: 0.02451

2023-03-20 03:23:20,346 - [INFO] - current w_0 is 10.578399658203125
2023-03-20 03:23:52,577 - [INFO] - E:147|TAU:10.58 10.58, train_time: 31.35, VALID_time: 0.8827, loss: 1.851e+03, emb_loss:0.01838, best_valid(recall@20): 0.07143
valid 	 N@10: 0.04747, R@10: 0.04174, P@10: 0.0373
valid 	 N@20: 0.05769, R@20: 0.07021, P@20: 0.03163
valid 	 N@50: 0.08134, R@50: 0.1341, P@50: 0.02446

2023-03-20 03:23:52,633 - [INFO] - current w_0 is 10.578438758850098
2023-03-20 03:24:24,968 - [INFO] - E:148|TAU:10.58 10.58, train_time: 31.3, VALID_time: 1.037, loss: 1.851e+03, emb_loss:0.01845, best_valid(recall@20): 0.07143
valid 	 N@10: 0.0475, R@10: 0.04187, P@10: 0.03732
valid 	 N@20: 0.05769, R@20: 0.0702, P@20: 0.0316
valid 	 N@50: 0.08135, R@50: 0.1341, P@50: 0.02446

2023-03-20 03:24:25,019 - [INFO] - current w_0 is 10.57880687713623
2023-03-20 03:24:57,048 - [INFO] - E:149|TAU:10.58 10.58, train_time: 31.19, VALID_time: 0.8394, loss: 1.851e+03, emb_loss:0.01852, best_valid(recall@20): 0.07143
valid 	 N@10: 0.04754, R@10: 0.04193, P@10: 0.03736
valid 	 N@20: 0.05773, R@20: 0.07026, P@20: 0.03161
valid 	 N@50: 0.08139, R@50: 0.1342, P@50: 0.02445

2023-03-20 03:24:57,095 - [INFO] - current w_0 is 10.57889175415039
2023-03-20 03:25:29,166 - [INFO] - E:150|TAU:10.58 10.58, train_time: 31.24, VALID_time: 0.8288, loss: 1.85e+03, emb_loss:0.01858, best_valid(recall@20): 0.07143
valid 	 N@10: 0.04761, R@10: 0.04192, P@10: 0.03732
valid 	 N@20: 0.05783, R@20: 0.07035, P@20: 0.03164
valid 	 N@50: 0.0814, R@50: 0.1341, P@50: 0.02445

2023-03-20 03:25:29,219 - [INFO] - current w_0 is 10.57883071899414
2023-03-20 03:26:01,372 - [INFO] - E:151|TAU:10.58 10.58, train_time: 31.29, VALID_time: 0.8673, loss: 1.85e+03, emb_loss:0.01865, best_valid(recall@20): 0.07143
valid 	 N@10: 0.04764, R@10: 0.04187, P@10: 0.03731
valid 	 N@20: 0.05784, R@20: 0.07023, P@20: 0.03163
valid 	 N@50: 0.08145, R@50: 0.1341, P@50: 0.02444

2023-03-20 03:26:01,417 - [INFO] - current w_0 is 10.578536987304688
2023-03-20 03:26:33,540 - [INFO] - E:152|TAU:10.58 10.58, train_time: 31.28, VALID_time: 0.8472, loss: 1.85e+03, emb_loss:0.01871, best_valid(recall@20): 0.07143
valid 	 N@10: 0.04751, R@10: 0.04178, P@10: 0.03723
valid 	 N@20: 0.0578, R@20: 0.07025, P@20: 0.03165
valid 	 N@50: 0.08141, R@50: 0.1342, P@50: 0.02446

2023-03-20 03:26:33,587 - [INFO] - current w_0 is 10.578527450561523
2023-03-20 03:27:05,682 - [INFO] - E:153|TAU:10.58 10.58, train_time: 31.25, VALID_time: 0.8416, loss: 1.85e+03, emb_loss:0.01878, best_valid(recall@20): 0.07143
valid 	 N@10: 0.0474, R@10: 0.04165, P@10: 0.03713
valid 	 N@20: 0.05778, R@20: 0.07027, P@20: 0.03166
valid 	 N@50: 0.08133, R@50: 0.1339, P@50: 0.02444

2023-03-20 03:27:05,682 - [INFO] - start to test!!

2023-03-20 03:27:06,068 - [INFO] - 
TEST 	 N@10: 0.04777, R@10: 0.04214, P@10: 0.0375
TEST 	 N@20: 0.05841, R@20: 0.07143, P@20: 0.03207
TEST 	 N@50: 0.08242, R@50: 0.1362, P@50: 0.02484

