2023-03-20 03:49:46,583 - [INFO] - {'dataset': 'yelp2018', 'data_path': './data/', 'name': 'yelp2018_MF_mode_weight_mean_uniform_gpu_cosine_TAU_Adap_tau_Loss_2048_1024_lr_1e-4_l2_1e-3_t1_1.0_t2_1.0_drop_20_03_2023_03:49:46', 'train_ratio': 0.8, 'gnn': 'mf_simplex', 'epoch': 1000, 'batch_size': 2048, 'test_batch_size': 2048, 'dim': 64, 'l2': 0.001, 'lr': 0.0001, 'mess_dropout': True, 'mess_dropout_rate': 0.1, 'edge_dropout': False, 'edge_dropout_rate': 0.1, 'batch_test_flag': True, 'ns': 'uniform', 'K': 1, 'n_negs': 1024, 'pool': 'mean', 'cuda': True, 'gpu_id': 0, 'Ks': '[10, 20, 50]', 'test_flag': 'part', 'context_hops': 3, 'eval_earlystop': 'recall@20', 'tau_plus': 0.1, 'temperature': 1.0, 'beta': 1.0, 'sample_num': 2048, 's_neg': 64, 's_pos': 64, 'norm_change': False, 'norm_path': None, 'u_norm': True, 'i_norm': True, 'alpha': 0.1, 'save': False, 'save_analyses': False, 'log_hard_rate': False, 'norm_before': False, 'norm_after': False, 'batch_var': False, 'out_dir': './weights/', 'log_dir': './log/', 'config_dir': './config/', 'restore': False, 'bash_train': False, 'emb_l2': False, 'lam': 0.1, 'lam_per_epoch': 0.1, 'margin': 0.9, 'negative_weight': 150, 'loss_fn': 'Adap_tau_Loss', 'sampling_method': 'uniform_gpu', 'load_name': 'uniform', 'generate_mode': 'cosine', 'reweight_period': 5, 'mix_target': 'mix_target', 'mask_distribution': 'mask_distribution', 'neg_alpha': 1.6, 'pos_alpha': 2.0, 'dim_mask': 'both', 'expolation_mask': False, 'mix_replace': False, 'save_emb': False, 'sample_replace': False, 'init_norm': 'uniform', 'init_mean': 2.0, 'init_std': 2.0, 'pop_pow': 1.0, 'save_mle': False, 'l2_mode': 'static', 'temperature_2': 1.0, 'temperature_3': 1.0, 'group_valid': False, 'score_save': 'alpha', 'tau_min': 0.05, 'tau_max': 0.15, 'm': 0.9, 'pow_rate': 0.9, 't_min': 0.05, 't_max': 0.15, 't_epoch': 0.01, 't_patience': 10, 'tau_mode': 'weight_mean', 'pos_num': 10, 'beta_1': 10, 'beta_2': 10, 'kl_mode': 'kl', 'lam_bank': False, 'neg_rate': '', 'trans_mode': 'minmax', 'pos_memory_func': 'v1', 'tau_memory_func': 'v1', 'kl_memory_fun': 'v0', 'm_tau': 0.9, 'just_lr': False, 'min_lr': 1e-06, 'cnt_lr': 100, 'pos_mode': 'feed_loss'}
2023-03-20 03:49:48,355 - [INFO] - load train.txt
2023-03-20 03:49:51,346 - [INFO] - building the adj mat ...
2023-03-20 03:49:51,839 - [INFO] - train set len is 1237259
2023-03-20 03:49:51,840 - [INFO] - test set len is 324147
2023-03-20 03:49:51,840 - [INFO] - loading over ...
2023-03-20 03:49:51,840 - [INFO] - users are 31668 items are 38048
Adap_tau_Loss
start to make tables
2023-03-20 03:49:59,491 - [INFO] - Evaluation Protocols is 1 @ 20
2023-03-20 03:49:59,491 - [INFO] - start training ...
6.033980853340449
2023-03-20 03:49:59,529 - [INFO] - current w_0 is 8.619972513557173
2023-03-20 03:50:32,173 - [INFO] - E:0|TAU:8.62 8.62, train_time: 31.83, VALID_time: 0.8073, loss: 4.515e+03, emb_loss:0.00181, best_valid(recall@20): -inf
valid 	 N@10: 0.0006188, R@10: 0.0004822, P@10: 0.0005716
valid 	 N@20: 0.0007701, R@20: 0.0008886, P@20: 0.0005431
valid 	 N@50: 0.001275, R@50: 0.002248, P@50: 0.0005273

6.033980853340449
2023-03-20 03:50:32,241 - [INFO] - current w_0 is 8.619972513557173
2023-03-20 03:51:04,130 - [INFO] - E:1|TAU:7.931 9.559, train_time: 31.01, VALID_time: 0.8753, loss: 3.69e+03, emb_loss:0.001991, best_valid(recall@20): 0.0008886
valid 	 N@10: 0.01207, R@10: 0.009255, P@10: 0.01049
valid 	 N@20: 0.01487, R@20: 0.01743, P@20: 0.009775
valid 	 N@50: 0.02261, R@50: 0.03806, P@50: 0.008472

6.033980853340449
2023-03-20 03:51:04,208 - [INFO] - current w_0 is 8.619972513557173
2023-03-20 03:51:36,145 - [INFO] - E:2|TAU:7.509 14.21, train_time: 31.11, VALID_time: 0.8274, loss: 2.893e+03, emb_loss:0.002151, best_valid(recall@20): 0.01743
valid 	 N@10: 0.02336, R@10: 0.01962, P@10: 0.01946
valid 	 N@20: 0.02892, R@20: 0.03516, P@20: 0.01742
valid 	 N@50: 0.04274, R@50: 0.07222, P@50: 0.01427

6.033980853340449
2023-03-20 03:51:36,218 - [INFO] - current w_0 is 8.619972513557173
2023-03-20 03:52:08,137 - [INFO] - E:3|TAU:7.125 14.15, train_time: 31.03, VALID_time: 0.8884, loss: 2.589e+03, emb_loss:0.002293, best_valid(recall@20): 0.03516
valid 	 N@10: 0.03049, R@10: 0.02627, P@10: 0.02473
valid 	 N@20: 0.03776, R@20: 0.04627, P@20: 0.02182
valid 	 N@50: 0.05452, R@50: 0.09136, P@50: 0.01738

6.033980853340449
2023-03-20 03:52:08,208 - [INFO] - current w_0 is 8.619972513557173
2023-03-20 03:52:40,292 - [INFO] - E:4|TAU:7.06 11.71, train_time: 31.05, VALID_time: 1.031, loss: 2.414e+03, emb_loss:0.002438, best_valid(recall@20): 0.04627
valid 	 N@10: 0.03527, R@10: 0.03059, P@10: 0.02828
valid 	 N@20: 0.04321, R@20: 0.05278, P@20: 0.02444
valid 	 N@50: 0.06193, R@50: 0.1031, P@50: 0.0193

6.033980853340449
2023-03-20 03:52:40,359 - [INFO] - current w_0 is 8.619972513557173
2023-03-20 03:53:12,678 - [INFO] - E:5|TAU:7.055 10.95, train_time: 31.06, VALID_time: 1.259, loss: 2.321e+03, emb_loss:0.002586, best_valid(recall@20): 0.05278
valid 	 N@10: 0.03766, R@10: 0.03271, P@10: 0.0299
valid 	 N@20: 0.04629, R@20: 0.05666, P@20: 0.02587
valid 	 N@50: 0.06646, R@50: 0.1109, P@50: 0.02054

6.033980853340449
2023-03-20 03:53:12,742 - [INFO] - current w_0 is 8.619972513557173
2023-03-20 03:53:44,625 - [INFO] - E:6|TAU:7.082 11.31, train_time: 31.05, VALID_time: 0.8276, loss: 2.271e+03, emb_loss:0.002738, best_valid(recall@20): 0.05666
valid 	 N@10: 0.03965, R@10: 0.03486, P@10: 0.0315
valid 	 N@20: 0.04865, R@20: 0.05976, P@20: 0.02711
valid 	 N@50: 0.06946, R@50: 0.1158, P@50: 0.02131

6.033980853340449
2023-03-20 03:53:44,686 - [INFO] - current w_0 is 8.619972513557173
2023-03-20 03:54:16,552 - [INFO] - E:7|TAU:7.115 11.09, train_time: 31.05, VALID_time: 0.8164, loss: 2.237e+03, emb_loss:0.002894, best_valid(recall@20): 0.05976
valid 	 N@10: 0.04133, R@10: 0.03633, P@10: 0.03272
valid 	 N@20: 0.05062, R@20: 0.06194, P@20: 0.02812
valid 	 N@50: 0.07223, R@50: 0.1204, P@50: 0.02202

6.033980853340449
2023-03-20 03:54:16,623 - [INFO] - current w_0 is 8.619972513557173
2023-03-20 03:54:48,467 - [INFO] - E:8|TAU:7.128 11.0, train_time: 31.09, VALID_time: 0.7569, loss: 2.213e+03, emb_loss:0.003051, best_valid(recall@20): 0.06194
valid 	 N@10: 0.0418, R@10: 0.03645, P@10: 0.03289
valid 	 N@20: 0.05173, R@20: 0.06357, P@20: 0.02872
valid 	 N@50: 0.07385, R@50: 0.1233, P@50: 0.02253

6.033980853340449
2023-03-20 03:54:48,529 - [INFO] - current w_0 is 8.619972513557173
2023-03-20 03:55:20,497 - [INFO] - E:9|TAU:7.161 11.02, train_time: 31.08, VALID_time: 0.8875, loss: 2.196e+03, emb_loss:0.003209, best_valid(recall@20): 0.06357
valid 	 N@10: 0.04298, R@10: 0.03771, P@10: 0.03401
valid 	 N@20: 0.05289, R@20: 0.06509, P@20: 0.02935
valid 	 N@50: 0.07505, R@50: 0.125, P@50: 0.02283

6.033980853340449
2023-03-20 03:55:20,570 - [INFO] - current w_0 is 8.619972513557173
2023-03-20 03:55:52,427 - [INFO] - E:10|TAU:7.159 10.99, train_time: 31.05, VALID_time: 0.808, loss: 2.182e+03, emb_loss:0.003367, best_valid(recall@20): 0.06509
valid 	 N@10: 0.04347, R@10: 0.03832, P@10: 0.03421
valid 	 N@20: 0.05345, R@20: 0.06565, P@20: 0.02949
valid 	 N@50: 0.07599, R@50: 0.1263, P@50: 0.02304

6.033980853340449
2023-03-20 03:55:52,487 - [INFO] - current w_0 is 8.619972513557173
2023-03-20 03:56:24,364 - [INFO] - E:11|TAU:7.171 10.93, train_time: 31.05, VALID_time: 0.8295, loss: 2.172e+03, emb_loss:0.003526, best_valid(recall@20): 0.06565
valid 	 N@10: 0.04412, R@10: 0.03901, P@10: 0.03484
valid 	 N@20: 0.05397, R@20: 0.06627, P@20: 0.02975
valid 	 N@50: 0.07675, R@50: 0.1275, P@50: 0.02327

6.033980853340449
2023-03-20 03:56:24,446 - [INFO] - current w_0 is 8.619972513557173
2023-03-20 03:56:56,237 - [INFO] - E:12|TAU:7.18 10.98, train_time: 31.05, VALID_time: 0.7434, loss: 2.162e+03, emb_loss:0.003685, best_valid(recall@20): 0.06627
valid 	 N@10: 0.04431, R@10: 0.03903, P@10: 0.035
valid 	 N@20: 0.05433, R@20: 0.06684, P@20: 0.03
valid 	 N@50: 0.07741, R@50: 0.129, P@50: 0.02352

6.033980853340449
2023-03-20 03:56:56,296 - [INFO] - current w_0 is 8.619972513557173
2023-03-20 03:57:28,302 - [INFO] - E:13|TAU:7.182 10.98, train_time: 31.03, VALID_time: 0.9731, loss: 2.155e+03, emb_loss:0.003844, best_valid(recall@20): 0.06684
valid 	 N@10: 0.04488, R@10: 0.0395, P@10: 0.03536
valid 	 N@20: 0.05491, R@20: 0.06734, P@20: 0.03031
valid 	 N@50: 0.07813, R@50: 0.1301, P@50: 0.02367

6.033980853340449
2023-03-20 03:57:28,373 - [INFO] - current w_0 is 8.619972513557173
2023-03-20 03:58:00,343 - [INFO] - E:14|TAU:7.184 10.91, train_time: 31.01, VALID_time: 0.9574, loss: 2.148e+03, emb_loss:0.004003, best_valid(recall@20): 0.06734
valid 	 N@10: 0.04501, R@10: 0.03945, P@10: 0.0355
valid 	 N@20: 0.05522, R@20: 0.06786, P@20: 0.03051
valid 	 N@50: 0.07843, R@50: 0.1306, P@50: 0.02377

6.033980853340449
2023-03-20 03:58:00,428 - [INFO] - current w_0 is 8.619972513557173
2023-03-20 03:58:32,329 - [INFO] - E:15|TAU:7.172 10.93, train_time: 31.06, VALID_time: 0.8435, loss: 2.142e+03, emb_loss:0.004161, best_valid(recall@20): 0.06786
valid 	 N@10: 0.04537, R@10: 0.03975, P@10: 0.03577
valid 	 N@20: 0.05561, R@20: 0.0682, P@20: 0.03065
valid 	 N@50: 0.07885, R@50: 0.1308, P@50: 0.02387

6.033980853340449
2023-03-20 03:58:32,407 - [INFO] - current w_0 is 8.619972513557173
2023-03-20 03:59:04,220 - [INFO] - E:16|TAU:7.176 10.98, train_time: 31.04, VALID_time: 0.7768, loss: 2.138e+03, emb_loss:0.004318, best_valid(recall@20): 0.0682
valid 	 N@10: 0.04536, R@10: 0.03972, P@10: 0.03557
valid 	 N@20: 0.05575, R@20: 0.06836, P@20: 0.03071
valid 	 N@50: 0.07922, R@50: 0.1317, P@50: 0.02397

6.033980853340449
2023-03-20 03:59:04,298 - [INFO] - current w_0 is 8.619972513557173
2023-03-20 03:59:36,249 - [INFO] - E:17|TAU:7.191 10.97, train_time: 31.04, VALID_time: 0.908, loss: 2.133e+03, emb_loss:0.004475, best_valid(recall@20): 0.06836
valid 	 N@10: 0.04548, R@10: 0.03987, P@10: 0.03569
valid 	 N@20: 0.05585, R@20: 0.06853, P@20: 0.0307
valid 	 N@50: 0.0796, R@50: 0.1325, P@50: 0.02414

6.033980853340449
2023-03-20 03:59:36,320 - [INFO] - current w_0 is 8.619972513557173
2023-03-20 04:00:08,446 - [INFO] - E:18|TAU:7.192 10.93, train_time: 31.04, VALID_time: 1.082, loss: 2.129e+03, emb_loss:0.004632, best_valid(recall@20): 0.06853
valid 	 N@10: 0.04575, R@10: 0.04008, P@10: 0.0359
valid 	 N@20: 0.05619, R@20: 0.06897, P@20: 0.0309
valid 	 N@50: 0.07975, R@50: 0.1324, P@50: 0.02412

6.033980853340449
2023-03-20 04:00:08,519 - [INFO] - current w_0 is 8.619972513557173
2023-03-20 04:00:40,733 - [INFO] - E:19|TAU:7.196 10.94, train_time: 31.35, VALID_time: 0.864, loss: 2.125e+03, emb_loss:0.004788, best_valid(recall@20): 0.06897
valid 	 N@10: 0.04602, R@10: 0.04036, P@10: 0.036
valid 	 N@20: 0.05631, R@20: 0.0688, P@20: 0.03089
valid 	 N@50: 0.07989, R@50: 0.1324, P@50: 0.02409

6.033980853340449
2023-03-20 04:00:40,771 - [INFO] - current w_0 is 8.619972513557173
2023-03-20 04:01:12,627 - [INFO] - E:20|TAU:7.205 10.94, train_time: 30.96, VALID_time: 0.8943, loss: 2.122e+03, emb_loss:0.004944, best_valid(recall@20): 0.06897
valid 	 N@10: 0.04597, R@10: 0.04027, P@10: 0.0361
valid 	 N@20: 0.05639, R@20: 0.06905, P@20: 0.0311
valid 	 N@50: 0.08013, R@50: 0.1331, P@50: 0.02425

6.033980853340449
2023-03-20 04:01:12,700 - [INFO] - current w_0 is 8.619972513557173
2023-03-20 04:01:44,694 - [INFO] - E:21|TAU:7.187 10.88, train_time: 30.96, VALID_time: 1.035, loss: 2.119e+03, emb_loss:0.005098, best_valid(recall@20): 0.06905
valid 	 N@10: 0.04613, R@10: 0.04043, P@10: 0.03621
valid 	 N@20: 0.05657, R@20: 0.06913, P@20: 0.03118
valid 	 N@50: 0.08044, R@50: 0.1336, P@50: 0.02433

6.033980853340449
2023-03-20 04:01:44,776 - [INFO] - current w_0 is 8.619972513557173
2023-03-20 04:02:16,624 - [INFO] - E:22|TAU:7.191 10.9, train_time: 30.99, VALID_time: 0.8523, loss: 2.116e+03, emb_loss:0.005252, best_valid(recall@20): 0.06913
valid 	 N@10: 0.04584, R@10: 0.04026, P@10: 0.03608
valid 	 N@20: 0.0565, R@20: 0.06958, P@20: 0.03124
valid 	 N@50: 0.08029, R@50: 0.1338, P@50: 0.02433

6.033980853340449
2023-03-20 04:02:16,701 - [INFO] - current w_0 is 8.619972513557173
2023-03-20 04:02:48,736 - [INFO] - E:23|TAU:7.204 10.92, train_time: 31.06, VALID_time: 0.9712, loss: 2.114e+03, emb_loss:0.005406, best_valid(recall@20): 0.06958
valid 	 N@10: 0.04608, R@10: 0.04041, P@10: 0.03624
valid 	 N@20: 0.05664, R@20: 0.06955, P@20: 0.03117
valid 	 N@50: 0.08051, R@50: 0.1338, P@50: 0.02438

6.033980853340449
2023-03-20 04:02:48,780 - [INFO] - current w_0 is 8.619972513557173
2023-03-20 04:03:20,684 - [INFO] - E:24|TAU:7.205 10.9, train_time: 30.99, VALID_time: 0.9172, loss: 2.111e+03, emb_loss:0.005559, best_valid(recall@20): 0.06958
valid 	 N@10: 0.04652, R@10: 0.04074, P@10: 0.03642
valid 	 N@20: 0.05699, R@20: 0.06968, P@20: 0.0313
valid 	 N@50: 0.08068, R@50: 0.1336, P@50: 0.02431

6.033980853340449
2023-03-20 04:03:20,768 - [INFO] - current w_0 is 8.619972513557173
2023-03-20 04:03:52,692 - [INFO] - E:25|TAU:7.198 10.93, train_time: 31.04, VALID_time: 0.8805, loss: 2.109e+03, emb_loss:0.005711, best_valid(recall@20): 0.06968
valid 	 N@10: 0.04644, R@10: 0.04056, P@10: 0.03629
valid 	 N@20: 0.05708, R@20: 0.06976, P@20: 0.03135
valid 	 N@50: 0.08092, R@50: 0.1342, P@50: 0.02439

6.033980853340449
2023-03-20 04:03:52,763 - [INFO] - current w_0 is 8.619972513557173
2023-03-20 04:04:24,681 - [INFO] - E:26|TAU:7.198 10.91, train_time: 31.08, VALID_time: 0.8416, loss: 2.107e+03, emb_loss:0.005862, best_valid(recall@20): 0.06976
valid 	 N@10: 0.04659, R@10: 0.04078, P@10: 0.0365
valid 	 N@20: 0.05717, R@20: 0.06993, P@20: 0.03142
valid 	 N@50: 0.08097, R@50: 0.1343, P@50: 0.02441

6.033980853340449
2023-03-20 04:04:24,747 - [INFO] - current w_0 is 8.619972513557173
2023-03-20 04:04:56,711 - [INFO] - E:27|TAU:7.201 10.91, train_time: 31.14, VALID_time: 0.8255, loss: 2.105e+03, emb_loss:0.006012, best_valid(recall@20): 0.06993
valid 	 N@10: 0.0466, R@10: 0.04109, P@10: 0.03671
valid 	 N@20: 0.05696, R@20: 0.06978, P@20: 0.03138
valid 	 N@50: 0.08079, R@50: 0.1341, P@50: 0.02442

6.033980853340449
2023-03-20 04:04:56,762 - [INFO] - current w_0 is 8.619972513557173
2023-03-20 04:05:28,800 - [INFO] - E:28|TAU:7.2 10.87, train_time: 31.05, VALID_time: 0.9834, loss: 2.103e+03, emb_loss:0.006161, best_valid(recall@20): 0.06993
valid 	 N@10: 0.04654, R@10: 0.0408, P@10: 0.03653
valid 	 N@20: 0.05701, R@20: 0.06978, P@20: 0.03139
valid 	 N@50: 0.08095, R@50: 0.1344, P@50: 0.02447

6.033980853340449
2023-03-20 04:05:28,843 - [INFO] - current w_0 is 8.619972513557173
2023-03-20 04:06:00,743 - [INFO] - E:29|TAU:7.201 10.92, train_time: 30.98, VALID_time: 0.9218, loss: 2.101e+03, emb_loss:0.00631, best_valid(recall@20): 0.06993
valid 	 N@10: 0.04671, R@10: 0.04088, P@10: 0.03664
valid 	 N@20: 0.05722, R@20: 0.06996, P@20: 0.03147
valid 	 N@50: 0.08113, R@50: 0.1346, P@50: 0.0245

6.033980853340449
2023-03-20 04:06:00,816 - [INFO] - current w_0 is 8.619972513557173
2023-03-20 04:06:32,611 - [INFO] - E:30|TAU:7.2 10.9, train_time: 31.02, VALID_time: 0.7788, loss: 2.1e+03, emb_loss:0.006458, best_valid(recall@20): 0.06996
valid 	 N@10: 0.04692, R@10: 0.04093, P@10: 0.03666
valid 	 N@20: 0.05739, R@20: 0.06989, P@20: 0.03148
valid 	 N@50: 0.0814, R@50: 0.1348, P@50: 0.02453

6.033980853340449
2023-03-20 04:06:32,652 - [INFO] - current w_0 is 8.619972513557173
2023-03-20 04:07:04,500 - [INFO] - E:31|TAU:7.194 10.84, train_time: 31.03, VALID_time: 0.818, loss: 2.098e+03, emb_loss:0.006605, best_valid(recall@20): 0.06996
valid 	 N@10: 0.04691, R@10: 0.04112, P@10: 0.03673
valid 	 N@20: 0.05754, R@20: 0.07032, P@20: 0.03161
valid 	 N@50: 0.08168, R@50: 0.1356, P@50: 0.02466

6.033980853340449
2023-03-20 04:07:04,564 - [INFO] - current w_0 is 8.619972513557173
2023-03-20 04:07:36,466 - [INFO] - E:32|TAU:7.199 10.97, train_time: 30.99, VALID_time: 0.9071, loss: 2.097e+03, emb_loss:0.006751, best_valid(recall@20): 0.07032
valid 	 N@10: 0.04695, R@10: 0.04101, P@10: 0.0367
valid 	 N@20: 0.05763, R@20: 0.07048, P@20: 0.03162
valid 	 N@50: 0.0816, R@50: 0.1352, P@50: 0.02462

6.033980853340449
2023-03-20 04:07:36,538 - [INFO] - current w_0 is 8.619972513557173
2023-03-20 04:08:08,395 - [INFO] - E:33|TAU:7.21 10.88, train_time: 31.0, VALID_time: 0.8583, loss: 2.095e+03, emb_loss:0.006896, best_valid(recall@20): 0.07048
valid 	 N@10: 0.04699, R@10: 0.04124, P@10: 0.03681
valid 	 N@20: 0.0575, R@20: 0.07026, P@20: 0.03151
valid 	 N@50: 0.08158, R@50: 0.1352, P@50: 0.02461

6.033980853340449
2023-03-20 04:08:08,430 - [INFO] - current w_0 is 8.619972513557173
2023-03-20 04:08:40,195 - [INFO] - E:34|TAU:7.218 10.87, train_time: 31.0, VALID_time: 0.7617, loss: 2.094e+03, emb_loss:0.00704, best_valid(recall@20): 0.07048
valid 	 N@10: 0.0475, R@10: 0.04142, P@10: 0.0371
valid 	 N@20: 0.05794, R@20: 0.07052, P@20: 0.03164
valid 	 N@50: 0.08183, R@50: 0.1349, P@50: 0.02462

6.033980853340449
2023-03-20 04:08:40,260 - [INFO] - current w_0 is 8.619972513557173
2023-03-20 04:09:12,280 - [INFO] - E:35|TAU:7.198 10.9, train_time: 31.03, VALID_time: 0.9941, loss: 2.093e+03, emb_loss:0.007184, best_valid(recall@20): 0.07052
valid 	 N@10: 0.04703, R@10: 0.0409, P@10: 0.03665
valid 	 N@20: 0.05769, R@20: 0.07033, P@20: 0.03156
valid 	 N@50: 0.08154, R@50: 0.1346, P@50: 0.02455

6.033980853340449
2023-03-20 04:09:12,331 - [INFO] - current w_0 is 8.619972513557173
2023-03-20 04:09:44,115 - [INFO] - E:36|TAU:7.206 10.89, train_time: 31.02, VALID_time: 0.7616, loss: 2.091e+03, emb_loss:0.007326, best_valid(recall@20): 0.07052
valid 	 N@10: 0.04705, R@10: 0.04118, P@10: 0.03677
valid 	 N@20: 0.05774, R@20: 0.07046, P@20: 0.03171
valid 	 N@50: 0.08169, R@50: 0.135, P@50: 0.02465

6.033980853340449
2023-03-20 04:09:44,157 - [INFO] - current w_0 is 8.619972513557173
2023-03-20 04:10:16,053 - [INFO] - E:37|TAU:7.22 10.93, train_time: 31.03, VALID_time: 0.8672, loss: 2.09e+03, emb_loss:0.007467, best_valid(recall@20): 0.07052
valid 	 N@10: 0.04714, R@10: 0.04127, P@10: 0.0369
valid 	 N@20: 0.05766, R@20: 0.07042, P@20: 0.03161
valid 	 N@50: 0.08167, R@50: 0.1352, P@50: 0.02466

6.033980853340449
2023-03-20 04:10:16,094 - [INFO] - current w_0 is 8.619972513557173
2023-03-20 04:10:48,014 - [INFO] - E:38|TAU:7.208 10.94, train_time: 31.03, VALID_time: 0.8867, loss: 2.089e+03, emb_loss:0.007608, best_valid(recall@20): 0.07052
valid 	 N@10: 0.04718, R@10: 0.04117, P@10: 0.03683
valid 	 N@20: 0.05773, R@20: 0.07039, P@20: 0.0316
valid 	 N@50: 0.08189, R@50: 0.1356, P@50: 0.02469

6.033980853340449
2023-03-20 04:10:48,057 - [INFO] - current w_0 is 8.619972513557173
2023-03-20 04:11:20,413 - [INFO] - E:39|TAU:7.218 10.89, train_time: 31.07, VALID_time: 1.289, loss: 2.088e+03, emb_loss:0.007747, best_valid(recall@20): 0.07052
valid 	 N@10: 0.0472, R@10: 0.04132, P@10: 0.03685
valid 	 N@20: 0.05776, R@20: 0.07045, P@20: 0.03162
valid 	 N@50: 0.08181, R@50: 0.1353, P@50: 0.02462

6.033980853340449
2023-03-20 04:11:20,453 - [INFO] - current w_0 is 8.619972513557173
2023-03-20 04:11:52,521 - [INFO] - E:40|TAU:7.196 10.89, train_time: 31.23, VALID_time: 0.8354, loss: 2.087e+03, emb_loss:0.007886, best_valid(recall@20): 0.07052
valid 	 N@10: 0.04715, R@10: 0.04128, P@10: 0.03691
valid 	 N@20: 0.05769, R@20: 0.07049, P@20: 0.03161
valid 	 N@50: 0.08169, R@50: 0.1351, P@50: 0.02463

6.033980853340449
2023-03-20 04:11:52,563 - [INFO] - current w_0 is 8.619972513557173
2023-03-20 04:12:24,438 - [INFO] - E:41|TAU:7.214 10.88, train_time: 31.06, VALID_time: 0.8133, loss: 2.086e+03, emb_loss:0.008024, best_valid(recall@20): 0.07052
valid 	 N@10: 0.04705, R@10: 0.0416, P@10: 0.03703
valid 	 N@20: 0.0576, R@20: 0.07069, P@20: 0.03168
valid 	 N@50: 0.08169, R@50: 0.1356, P@50: 0.02468

6.033980853340449
2023-03-20 04:12:24,512 - [INFO] - current w_0 is 8.619972513557173
2023-03-20 04:12:56,811 - [INFO] - E:42|TAU:7.201 10.87, train_time: 31.31, VALID_time: 0.9844, loss: 2.085e+03, emb_loss:0.00816, best_valid(recall@20): 0.07069
valid 	 N@10: 0.0472, R@10: 0.04146, P@10: 0.03707
valid 	 N@20: 0.05769, R@20: 0.07055, P@20: 0.03165
valid 	 N@50: 0.08182, R@50: 0.1356, P@50: 0.02469

6.033980853340449
2023-03-20 04:12:56,874 - [INFO] - current w_0 is 8.619972513557173
2023-03-20 04:13:29,208 - [INFO] - E:43|TAU:7.202 10.87, train_time: 31.4, VALID_time: 0.9305, loss: 2.084e+03, emb_loss:0.008296, best_valid(recall@20): 0.07069
valid 	 N@10: 0.04726, R@10: 0.04152, P@10: 0.03709
valid 	 N@20: 0.05764, R@20: 0.07038, P@20: 0.03162
valid 	 N@50: 0.08187, R@50: 0.1358, P@50: 0.0247

6.033980853340449
2023-03-20 04:13:29,263 - [INFO] - current w_0 is 8.619972513557173
2023-03-20 04:14:01,093 - [INFO] - E:44|TAU:7.205 10.9, train_time: 31.02, VALID_time: 0.8059, loss: 2.083e+03, emb_loss:0.008431, best_valid(recall@20): 0.07069
valid 	 N@10: 0.04708, R@10: 0.04116, P@10: 0.03678
valid 	 N@20: 0.05773, R@20: 0.07043, P@20: 0.03166
valid 	 N@50: 0.08201, R@50: 0.1361, P@50: 0.02473

6.033980853340449
2023-03-20 04:14:01,147 - [INFO] - current w_0 is 8.619972513557173
2023-03-20 04:14:33,020 - [INFO] - E:45|TAU:7.228 10.9, train_time: 31.03, VALID_time: 0.8424, loss: 2.082e+03, emb_loss:0.008564, best_valid(recall@20): 0.07069
valid 	 N@10: 0.04714, R@10: 0.04111, P@10: 0.03678
valid 	 N@20: 0.05768, R@20: 0.07022, P@20: 0.03159
valid 	 N@50: 0.08195, R@50: 0.1357, P@50: 0.02471

6.033980853340449
2023-03-20 04:14:33,064 - [INFO] - current w_0 is 8.619972513557173
2023-03-20 04:15:04,979 - [INFO] - E:46|TAU:7.212 10.92, train_time: 31.03, VALID_time: 0.8871, loss: 2.081e+03, emb_loss:0.008697, best_valid(recall@20): 0.07069
valid 	 N@10: 0.04741, R@10: 0.04125, P@10: 0.03702
valid 	 N@20: 0.05795, R@20: 0.07058, P@20: 0.03168
valid 	 N@50: 0.08215, R@50: 0.1358, P@50: 0.02473

6.033980853340449
2023-03-20 04:15:05,019 - [INFO] - current w_0 is 8.619972513557173
2023-03-20 04:15:36,778 - [INFO] - E:47|TAU:7.201 10.89, train_time: 31.0, VALID_time: 0.7599, loss: 2.081e+03, emb_loss:0.008829, best_valid(recall@20): 0.07069
valid 	 N@10: 0.04736, R@10: 0.04142, P@10: 0.03711
valid 	 N@20: 0.0578, R@20: 0.07041, P@20: 0.0317
valid 	 N@50: 0.0821, R@50: 0.136, P@50: 0.02475

6.033980853340449
2023-03-20 04:15:36,813 - [INFO] - current w_0 is 8.619972513557173
2023-03-20 04:16:08,641 - [INFO] - E:48|TAU:7.21 10.87, train_time: 30.98, VALID_time: 0.8517, loss: 2.08e+03, emb_loss:0.008959, best_valid(recall@20): 0.07069
valid 	 N@10: 0.04739, R@10: 0.04162, P@10: 0.03714
valid 	 N@20: 0.05784, R@20: 0.07047, P@20: 0.03175
valid 	 N@50: 0.0821, R@50: 0.1361, P@50: 0.02474

6.033980853340449
2023-03-20 04:16:08,683 - [INFO] - current w_0 is 8.619972513557173
2023-03-20 04:16:40,639 - [INFO] - E:49|TAU:7.211 10.86, train_time: 31.01, VALID_time: 0.9461, loss: 2.079e+03, emb_loss:0.009089, best_valid(recall@20): 0.07069
valid 	 N@10: 0.04722, R@10: 0.04136, P@10: 0.037
valid 	 N@20: 0.05787, R@20: 0.07079, P@20: 0.03178
valid 	 N@50: 0.08208, R@50: 0.1361, P@50: 0.02476

6.033980853340449
2023-03-20 04:16:40,707 - [INFO] - current w_0 is 8.619972513557173
2023-03-20 04:17:12,663 - [INFO] - E:50|TAU:7.213 10.89, train_time: 31.01, VALID_time: 0.9443, loss: 2.078e+03, emb_loss:0.009218, best_valid(recall@20): 0.07079
valid 	 N@10: 0.04736, R@10: 0.04164, P@10: 0.03721
valid 	 N@20: 0.05781, R@20: 0.07054, P@20: 0.03176
valid 	 N@50: 0.08204, R@50: 0.1359, P@50: 0.02477

6.033980853340449
2023-03-20 04:17:12,697 - [INFO] - current w_0 is 8.619972513557173
2023-03-20 04:17:44,463 - [INFO] - E:51|TAU:7.205 10.88, train_time: 30.98, VALID_time: 0.7853, loss: 2.078e+03, emb_loss:0.009346, best_valid(recall@20): 0.07079
valid 	 N@10: 0.04745, R@10: 0.04162, P@10: 0.03719
valid 	 N@20: 0.05785, R@20: 0.07051, P@20: 0.0317
valid 	 N@50: 0.08207, R@50: 0.1358, P@50: 0.02472

6.033980853340449
2023-03-20 04:17:44,500 - [INFO] - current w_0 is 8.619972513557173
2023-03-20 04:18:16,468 - [INFO] - E:52|TAU:7.213 10.86, train_time: 31.02, VALID_time: 0.9499, loss: 2.077e+03, emb_loss:0.009472, best_valid(recall@20): 0.07079
valid 	 N@10: 0.0474, R@10: 0.04157, P@10: 0.03712
valid 	 N@20: 0.05784, R@20: 0.07047, P@20: 0.0317
valid 	 N@50: 0.08221, R@50: 0.1362, P@50: 0.02479

6.033980853340449
2023-03-20 04:18:16,508 - [INFO] - current w_0 is 8.619972513557173
2023-03-20 04:18:48,276 - [INFO] - E:53|TAU:7.218 10.91, train_time: 30.95, VALID_time: 0.8162, loss: 2.077e+03, emb_loss:0.009598, best_valid(recall@20): 0.07079
valid 	 N@10: 0.04766, R@10: 0.04186, P@10: 0.03736
valid 	 N@20: 0.058, R@20: 0.07067, P@20: 0.03175
valid 	 N@50: 0.08224, R@50: 0.1361, P@50: 0.02474

6.033980853340449
2023-03-20 04:18:48,318 - [INFO] - current w_0 is 8.619972513557173
2023-03-20 04:19:20,100 - [INFO] - E:54|TAU:7.21 10.88, train_time: 30.97, VALID_time: 0.8061, loss: 2.076e+03, emb_loss:0.009723, best_valid(recall@20): 0.07079
valid 	 N@10: 0.04761, R@10: 0.04168, P@10: 0.03723
valid 	 N@20: 0.058, R@20: 0.07058, P@20: 0.0317
valid 	 N@50: 0.08239, R@50: 0.1363, P@50: 0.02483

6.033980853340449
2023-03-20 04:19:20,140 - [INFO] - current w_0 is 8.619972513557173
2023-03-20 04:19:52,044 - [INFO] - E:55|TAU:7.213 10.84, train_time: 31.0, VALID_time: 0.8993, loss: 2.075e+03, emb_loss:0.009847, best_valid(recall@20): 0.07079
valid 	 N@10: 0.04772, R@10: 0.04177, P@10: 0.03735
valid 	 N@20: 0.05806, R@20: 0.07063, P@20: 0.03179
valid 	 N@50: 0.08233, R@50: 0.1361, P@50: 0.02481

6.033980853340449
2023-03-20 04:19:52,090 - [INFO] - current w_0 is 8.619972513557173
2023-03-20 04:20:23,889 - [INFO] - E:56|TAU:7.218 10.97, train_time: 31.06, VALID_time: 0.7366, loss: 2.075e+03, emb_loss:0.009969, best_valid(recall@20): 0.07079
valid 	 N@10: 0.04771, R@10: 0.0417, P@10: 0.0373
valid 	 N@20: 0.05825, R@20: 0.07101, P@20: 0.03192
valid 	 N@50: 0.08231, R@50: 0.136, P@50: 0.02477

6.033980853340449
2023-03-20 04:20:23,964 - [INFO] - current w_0 is 8.619972513557173
2023-03-20 04:20:55,875 - [INFO] - E:57|TAU:7.212 10.89, train_time: 31.14, VALID_time: 0.7683, loss: 2.074e+03, emb_loss:0.01009, best_valid(recall@20): 0.07101
valid 	 N@10: 0.04757, R@10: 0.04158, P@10: 0.03721
valid 	 N@20: 0.05808, R@20: 0.07079, P@20: 0.0318
valid 	 N@50: 0.08232, R@50: 0.1363, P@50: 0.0248

6.033980853340449
2023-03-20 04:20:55,917 - [INFO] - current w_0 is 8.619972513557173
2023-03-20 04:21:27,726 - [INFO] - E:58|TAU:7.207 10.87, train_time: 30.99, VALID_time: 0.815, loss: 2.074e+03, emb_loss:0.01021, best_valid(recall@20): 0.07101
valid 	 N@10: 0.04764, R@10: 0.04183, P@10: 0.03736
valid 	 N@20: 0.0579, R@20: 0.0706, P@20: 0.03166
valid 	 N@50: 0.08223, R@50: 0.1361, P@50: 0.0248

6.033980853340449
2023-03-20 04:21:27,775 - [INFO] - current w_0 is 8.619972513557173
2023-03-20 04:21:59,677 - [INFO] - E:59|TAU:7.215 10.88, train_time: 31.03, VALID_time: 0.8733, loss: 2.073e+03, emb_loss:0.01033, best_valid(recall@20): 0.07101
valid 	 N@10: 0.04754, R@10: 0.04163, P@10: 0.03715
valid 	 N@20: 0.05813, R@20: 0.07095, P@20: 0.03184
valid 	 N@50: 0.08232, R@50: 0.1361, P@50: 0.0248

6.033980853340449
2023-03-20 04:21:59,721 - [INFO] - current w_0 is 8.619972513557173
2023-03-20 04:22:31,555 - [INFO] - E:60|TAU:7.208 10.85, train_time: 30.99, VALID_time: 0.8417, loss: 2.072e+03, emb_loss:0.01045, best_valid(recall@20): 0.07101
valid 	 N@10: 0.04751, R@10: 0.04156, P@10: 0.03715
valid 	 N@20: 0.05795, R@20: 0.07054, P@20: 0.03171
valid 	 N@50: 0.08232, R@50: 0.1362, P@50: 0.02481

6.033980853340449
2023-03-20 04:22:31,599 - [INFO] - current w_0 is 8.619972513557173
2023-03-20 04:23:03,452 - [INFO] - E:61|TAU:7.207 10.84, train_time: 30.99, VALID_time: 0.8645, loss: 2.072e+03, emb_loss:0.01057, best_valid(recall@20): 0.07101
valid 	 N@10: 0.04759, R@10: 0.04171, P@10: 0.03736
valid 	 N@20: 0.05806, R@20: 0.07088, P@20: 0.03185
valid 	 N@50: 0.08231, R@50: 0.1363, P@50: 0.02481

6.033980853340449
2023-03-20 04:23:03,494 - [INFO] - current w_0 is 8.619972513557173
2023-03-20 04:23:35,347 - [INFO] - E:62|TAU:7.211 10.9, train_time: 31.0, VALID_time: 0.8507, loss: 2.071e+03, emb_loss:0.01068, best_valid(recall@20): 0.07101
valid 	 N@10: 0.0476, R@10: 0.0417, P@10: 0.03726
valid 	 N@20: 0.05808, R@20: 0.07081, P@20: 0.03179
valid 	 N@50: 0.08244, R@50: 0.1365, P@50: 0.02486

6.033980853340449
2023-03-20 04:23:35,382 - [INFO] - current w_0 is 8.619972513557173
2023-03-20 04:24:07,419 - [INFO] - E:63|TAU:7.205 10.88, train_time: 31.03, VALID_time: 1.002, loss: 2.071e+03, emb_loss:0.0108, best_valid(recall@20): 0.07101
valid 	 N@10: 0.04755, R@10: 0.04194, P@10: 0.0374
valid 	 N@20: 0.05792, R@20: 0.07079, P@20: 0.03178
valid 	 N@50: 0.08226, R@50: 0.1364, P@50: 0.02483

6.033980853340449
2023-03-20 04:24:07,462 - [INFO] - current w_0 is 8.619972513557173
2023-03-20 04:24:39,268 - [INFO] - E:64|TAU:7.219 10.89, train_time: 31.02, VALID_time: 0.7853, loss: 2.07e+03, emb_loss:0.01092, best_valid(recall@20): 0.07101
valid 	 N@10: 0.04776, R@10: 0.04192, P@10: 0.03735
valid 	 N@20: 0.05817, R@20: 0.07083, P@20: 0.03182
valid 	 N@50: 0.08242, R@50: 0.1362, P@50: 0.02483

6.033980853340449
2023-03-20 04:24:39,310 - [INFO] - current w_0 is 8.619972513557173
2023-03-20 04:25:11,157 - [INFO] - E:65|TAU:7.216 10.86, train_time: 31.0, VALID_time: 0.8468, loss: 2.07e+03, emb_loss:0.01103, best_valid(recall@20): 0.07101
valid 	 N@10: 0.0478, R@10: 0.04197, P@10: 0.0374
valid 	 N@20: 0.05814, R@20: 0.07072, P@20: 0.03174
valid 	 N@50: 0.08258, R@50: 0.1366, P@50: 0.02488

6.033980853340449
2023-03-20 04:25:11,196 - [INFO] - current w_0 is 8.619972513557173
2023-03-20 04:25:43,003 - [INFO] - E:66|TAU:7.199 10.89, train_time: 31.04, VALID_time: 0.7653, loss: 2.07e+03, emb_loss:0.01114, best_valid(recall@20): 0.07101
valid 	 N@10: 0.04749, R@10: 0.04172, P@10: 0.03712
valid 	 N@20: 0.05817, R@20: 0.071, P@20: 0.03191
valid 	 N@50: 0.08233, R@50: 0.1363, P@50: 0.02481

6.033980853340449
2023-03-20 04:25:43,038 - [INFO] - current w_0 is 8.619972513557173
2023-03-20 04:26:15,094 - [INFO] - E:67|TAU:7.216 10.88, train_time: 31.01, VALID_time: 1.048, loss: 2.069e+03, emb_loss:0.01125, best_valid(recall@20): 0.07101
valid 	 N@10: 0.04754, R@10: 0.04168, P@10: 0.0372
valid 	 N@20: 0.05807, R@20: 0.07083, P@20: 0.03181
valid 	 N@50: 0.08233, R@50: 0.1363, P@50: 0.02482

6.033980853340449
2023-03-20 04:26:15,142 - [INFO] - current w_0 is 8.619972513557173
2023-03-20 04:26:47,023 - [INFO] - E:68|TAU:7.205 10.85, train_time: 31.02, VALID_time: 0.8621, loss: 2.068e+03, emb_loss:0.01137, best_valid(recall@20): 0.07101
valid 	 N@10: 0.0475, R@10: 0.04182, P@10: 0.03727
valid 	 N@20: 0.05793, R@20: 0.07074, P@20: 0.03174
valid 	 N@50: 0.08225, R@50: 0.1363, P@50: 0.02478

6.033980853340449
2023-03-20 04:26:47,077 - [INFO] - current w_0 is 8.619972513557173
2023-03-20 04:27:18,884 - [INFO] - E:69|TAU:7.211 10.88, train_time: 30.95, VALID_time: 0.8581, loss: 2.068e+03, emb_loss:0.01148, best_valid(recall@20): 0.07101
valid 	 N@10: 0.04755, R@10: 0.04158, P@10: 0.03712
valid 	 N@20: 0.05805, R@20: 0.07062, P@20: 0.03173
valid 	 N@50: 0.08242, R@50: 0.1363, P@50: 0.02481

6.033980853340449
2023-03-20 04:27:18,926 - [INFO] - current w_0 is 8.619972513557173
2023-03-20 04:27:50,848 - [INFO] - E:70|TAU:7.222 10.88, train_time: 31.05, VALID_time: 0.8668, loss: 2.068e+03, emb_loss:0.01158, best_valid(recall@20): 0.07101
valid 	 N@10: 0.04772, R@10: 0.04187, P@10: 0.03737
valid 	 N@20: 0.05813, R@20: 0.07081, P@20: 0.0318
valid 	 N@50: 0.08236, R@50: 0.1361, P@50: 0.02482

6.033980853340449
2023-03-20 04:27:50,895 - [INFO] - current w_0 is 8.619972513557173
2023-03-20 04:28:23,183 - [INFO] - E:71|TAU:7.217 10.91, train_time: 31.44, VALID_time: 0.843, loss: 2.067e+03, emb_loss:0.01169, best_valid(recall@20): 0.07101
valid 	 N@10: 0.04764, R@10: 0.0417, P@10: 0.03718
valid 	 N@20: 0.05817, R@20: 0.07076, P@20: 0.0318
valid 	 N@50: 0.0825, R@50: 0.1364, P@50: 0.02482

6.033980853340449
2023-03-20 04:28:23,233 - [INFO] - current w_0 is 8.619972513557173
2023-03-20 04:28:55,228 - [INFO] - E:72|TAU:7.207 10.87, train_time: 31.04, VALID_time: 0.9547, loss: 2.067e+03, emb_loss:0.0118, best_valid(recall@20): 0.07101
valid 	 N@10: 0.04759, R@10: 0.0418, P@10: 0.03721
valid 	 N@20: 0.05802, R@20: 0.07063, P@20: 0.03177
valid 	 N@50: 0.0823, R@50: 0.1361, P@50: 0.0248

6.033980853340449
2023-03-20 04:28:55,272 - [INFO] - current w_0 is 8.619972513557173
2023-03-20 04:29:27,147 - [INFO] - E:73|TAU:7.202 10.89, train_time: 31.0, VALID_time: 0.8755, loss: 2.067e+03, emb_loss:0.01191, best_valid(recall@20): 0.07101
valid 	 N@10: 0.04762, R@10: 0.04164, P@10: 0.03721
valid 	 N@20: 0.05825, R@20: 0.07099, P@20: 0.03192
valid 	 N@50: 0.0824, R@50: 0.1362, P@50: 0.02482

6.033980853340449
2023-03-20 04:29:27,185 - [INFO] - current w_0 is 8.619972513557173
2023-03-20 04:29:58,985 - [INFO] - E:74|TAU:7.216 10.88, train_time: 31.01, VALID_time: 0.7867, loss: 2.066e+03, emb_loss:0.01201, best_valid(recall@20): 0.07101
valid 	 N@10: 0.04757, R@10: 0.04165, P@10: 0.03713
valid 	 N@20: 0.058, R@20: 0.07057, P@20: 0.03174
valid 	 N@50: 0.08233, R@50: 0.1361, P@50: 0.02482

6.033980853340449
2023-03-20 04:29:59,027 - [INFO] - current w_0 is 8.619972513557173
2023-03-20 04:30:30,902 - [INFO] - E:75|TAU:7.204 10.85, train_time: 30.92, VALID_time: 0.955, loss: 2.066e+03, emb_loss:0.01212, best_valid(recall@20): 0.07101
valid 	 N@10: 0.04752, R@10: 0.04154, P@10: 0.03704
valid 	 N@20: 0.05811, R@20: 0.0708, P@20: 0.03178
valid 	 N@50: 0.08238, R@50: 0.1363, P@50: 0.0248

6.033980853340449
2023-03-20 04:30:30,945 - [INFO] - current w_0 is 8.619972513557173
2023-03-20 04:31:02,805 - [INFO] - E:76|TAU:7.217 10.84, train_time: 31.01, VALID_time: 0.8505, loss: 2.066e+03, emb_loss:0.01222, best_valid(recall@20): 0.07101
valid 	 N@10: 0.04751, R@10: 0.04155, P@10: 0.03708
valid 	 N@20: 0.05828, R@20: 0.07108, P@20: 0.03193
valid 	 N@50: 0.08242, R@50: 0.1362, P@50: 0.02481

6.033980853340449
2023-03-20 04:31:02,875 - [INFO] - current w_0 is 8.619972513557173
2023-03-20 04:31:34,888 - [INFO] - E:77|TAU:7.222 10.87, train_time: 31.01, VALID_time: 1.003, loss: 2.065e+03, emb_loss:0.01232, best_valid(recall@20): 0.07108
valid 	 N@10: 0.04757, R@10: 0.04168, P@10: 0.03714
valid 	 N@20: 0.05819, R@20: 0.07091, P@20: 0.03187
valid 	 N@50: 0.08251, R@50: 0.1364, P@50: 0.02487

6.033980853340449
2023-03-20 04:31:34,926 - [INFO] - current w_0 is 8.619972513557173
2023-03-20 04:32:06,769 - [INFO] - E:78|TAU:7.209 10.88, train_time: 30.98, VALID_time: 0.8587, loss: 2.065e+03, emb_loss:0.01242, best_valid(recall@20): 0.07108
valid 	 N@10: 0.04771, R@10: 0.04186, P@10: 0.03724
valid 	 N@20: 0.05845, R@20: 0.07139, P@20: 0.032
valid 	 N@50: 0.08261, R@50: 0.1365, P@50: 0.0249

6.033980853340449
2023-03-20 04:32:06,845 - [INFO] - current w_0 is 8.619972513557173
2023-03-20 04:32:38,677 - [INFO] - E:79|TAU:7.214 10.88, train_time: 31.0, VALID_time: 0.8296, loss: 2.065e+03, emb_loss:0.01252, best_valid(recall@20): 0.07139
valid 	 N@10: 0.04769, R@10: 0.04182, P@10: 0.03723
valid 	 N@20: 0.05833, R@20: 0.07112, P@20: 0.03192
valid 	 N@50: 0.08248, R@50: 0.1362, P@50: 0.02482

6.033980853340449
2023-03-20 04:32:38,719 - [INFO] - current w_0 is 8.619972513557173
2023-03-20 04:33:10,688 - [INFO] - E:80|TAU:7.209 10.88, train_time: 31.03, VALID_time: 0.943, loss: 2.064e+03, emb_loss:0.01262, best_valid(recall@20): 0.07139
valid 	 N@10: 0.04783, R@10: 0.04204, P@10: 0.03743
valid 	 N@20: 0.05829, R@20: 0.07097, P@20: 0.0319
valid 	 N@50: 0.08258, R@50: 0.1365, P@50: 0.02485

6.033980853340449
2023-03-20 04:33:10,737 - [INFO] - current w_0 is 8.619972513557173
2023-03-20 04:33:42,557 - [INFO] - E:81|TAU:7.219 10.88, train_time: 31.0, VALID_time: 0.8188, loss: 2.064e+03, emb_loss:0.01272, best_valid(recall@20): 0.07139
valid 	 N@10: 0.04793, R@10: 0.04206, P@10: 0.03747
valid 	 N@20: 0.05831, R@20: 0.07091, P@20: 0.03185
valid 	 N@50: 0.08254, R@50: 0.1363, P@50: 0.0248

6.033980853340449
2023-03-20 04:33:42,595 - [INFO] - current w_0 is 8.619972513557173
2023-03-20 04:34:14,375 - [INFO] - E:82|TAU:7.213 10.87, train_time: 31.02, VALID_time: 0.7574, loss: 2.064e+03, emb_loss:0.01282, best_valid(recall@20): 0.07139
valid 	 N@10: 0.04788, R@10: 0.04191, P@10: 0.03736
valid 	 N@20: 0.05838, R@20: 0.07102, P@20: 0.03192
valid 	 N@50: 0.08273, R@50: 0.1367, P@50: 0.02493

6.033980853340449
2023-03-20 04:34:14,410 - [INFO] - current w_0 is 8.619972513557173
2023-03-20 04:34:46,514 - [INFO] - E:83|TAU:7.215 10.82, train_time: 30.95, VALID_time: 1.153, loss: 2.063e+03, emb_loss:0.01292, best_valid(recall@20): 0.07139
valid 	 N@10: 0.04766, R@10: 0.0418, P@10: 0.0373
valid 	 N@20: 0.05818, R@20: 0.07081, P@20: 0.03185
valid 	 N@50: 0.08247, R@50: 0.1363, P@50: 0.02485

6.033980853340449
2023-03-20 04:34:46,561 - [INFO] - current w_0 is 8.619972513557173
2023-03-20 04:35:18,454 - [INFO] - E:84|TAU:7.223 10.9, train_time: 31.0, VALID_time: 0.893, loss: 2.063e+03, emb_loss:0.01301, best_valid(recall@20): 0.07139
valid 	 N@10: 0.04781, R@10: 0.04205, P@10: 0.03748
valid 	 N@20: 0.0582, R@20: 0.07085, P@20: 0.03189
valid 	 N@50: 0.08251, R@50: 0.1365, P@50: 0.0249

6.033980853340449
2023-03-20 04:35:18,507 - [INFO] - current w_0 is 8.619972513557173
2023-03-20 04:35:50,358 - [INFO] - E:85|TAU:7.21 10.86, train_time: 31.0, VALID_time: 0.8486, loss: 2.063e+03, emb_loss:0.01311, best_valid(recall@20): 0.07139
valid 	 N@10: 0.04783, R@10: 0.0419, P@10: 0.03741
valid 	 N@20: 0.05833, R@20: 0.07097, P@20: 0.03191
valid 	 N@50: 0.08257, R@50: 0.1364, P@50: 0.02486

6.033980853340449
2023-03-20 04:35:50,401 - [INFO] - current w_0 is 8.619972513557173
2023-03-20 04:36:22,265 - [INFO] - E:86|TAU:7.21 10.86, train_time: 31.07, VALID_time: 0.7954, loss: 2.062e+03, emb_loss:0.0132, best_valid(recall@20): 0.07139
valid 	 N@10: 0.048, R@10: 0.04205, P@10: 0.0375
valid 	 N@20: 0.05838, R@20: 0.07094, P@20: 0.03186
valid 	 N@50: 0.08274, R@50: 0.1366, P@50: 0.0249

6.033980853340449
2023-03-20 04:36:22,300 - [INFO] - current w_0 is 8.619972513557173
2023-03-20 04:36:54,164 - [INFO] - E:87|TAU:7.209 10.91, train_time: 30.99, VALID_time: 0.877, loss: 2.062e+03, emb_loss:0.0133, best_valid(recall@20): 0.07139
valid 	 N@10: 0.04799, R@10: 0.04204, P@10: 0.03736
valid 	 N@20: 0.05841, R@20: 0.07084, P@20: 0.03187
valid 	 N@50: 0.08279, R@50: 0.1366, P@50: 0.02492

6.033980853340449
2023-03-20 04:36:54,206 - [INFO] - current w_0 is 8.619972513557173
2023-03-20 04:37:26,190 - [INFO] - E:88|TAU:7.22 10.85, train_time: 31.03, VALID_time: 0.9569, loss: 2.062e+03, emb_loss:0.01339, best_valid(recall@20): 0.07139
valid 	 N@10: 0.04797, R@10: 0.04197, P@10: 0.03744
valid 	 N@20: 0.05833, R@20: 0.07079, P@20: 0.03183
valid 	 N@50: 0.08265, R@50: 0.1363, P@50: 0.02487

6.033980853340449
2023-03-20 04:37:26,233 - [INFO] - current w_0 is 8.619972513557173
2023-03-20 04:37:58,103 - [INFO] - E:89|TAU:7.217 10.91, train_time: 31.02, VALID_time: 0.8475, loss: 2.061e+03, emb_loss:0.01348, best_valid(recall@20): 0.07139
valid 	 N@10: 0.04816, R@10: 0.04222, P@10: 0.0376
valid 	 N@20: 0.05853, R@20: 0.07107, P@20: 0.03196
valid 	 N@50: 0.08274, R@50: 0.1363, P@50: 0.02489

6.033980853340449
2023-03-20 04:37:58,163 - [INFO] - current w_0 is 8.619972513557173
2023-03-20 04:38:30,250 - [INFO] - E:90|TAU:7.205 10.83, train_time: 31.01, VALID_time: 1.074, loss: 2.061e+03, emb_loss:0.01357, best_valid(recall@20): 0.07139
valid 	 N@10: 0.04807, R@10: 0.0421, P@10: 0.03756
valid 	 N@20: 0.05841, R@20: 0.07097, P@20: 0.03189
valid 	 N@50: 0.0827, R@50: 0.1364, P@50: 0.02491

6.033980853340449
2023-03-20 04:38:30,294 - [INFO] - current w_0 is 8.619972513557173
2023-03-20 04:39:02,132 - [INFO] - E:91|TAU:7.226 10.83, train_time: 31.03, VALID_time: 0.8093, loss: 2.061e+03, emb_loss:0.01366, best_valid(recall@20): 0.07139
valid 	 N@10: 0.04786, R@10: 0.04196, P@10: 0.03738
valid 	 N@20: 0.05836, R@20: 0.07102, P@20: 0.0319
valid 	 N@50: 0.08261, R@50: 0.1364, P@50: 0.02487

6.033980853340449
2023-03-20 04:39:02,166 - [INFO] - current w_0 is 8.619972513557173
2023-03-20 04:39:33,978 - [INFO] - E:92|TAU:7.207 10.85, train_time: 31.01, VALID_time: 0.8, loss: 2.061e+03, emb_loss:0.01375, best_valid(recall@20): 0.07139
valid 	 N@10: 0.04766, R@10: 0.04181, P@10: 0.03734
valid 	 N@20: 0.05814, R@20: 0.07088, P@20: 0.03186
valid 	 N@50: 0.0826, R@50: 0.1368, P@50: 0.02492

6.033980853340449
2023-03-20 04:39:34,024 - [INFO] - current w_0 is 8.619972513557173
2023-03-20 04:40:05,925 - [INFO] - E:93|TAU:7.225 10.87, train_time: 31.02, VALID_time: 0.8793, loss: 2.061e+03, emb_loss:0.01384, best_valid(recall@20): 0.07139
valid 	 N@10: 0.04784, R@10: 0.04214, P@10: 0.03746
valid 	 N@20: 0.05821, R@20: 0.07084, P@20: 0.03189
valid 	 N@50: 0.08263, R@50: 0.1367, P@50: 0.02492

6.033980853340449
2023-03-20 04:40:05,976 - [INFO] - current w_0 is 8.619972513557173
2023-03-20 04:40:37,802 - [INFO] - E:94|TAU:7.219 10.89, train_time: 31.04, VALID_time: 0.787, loss: 2.061e+03, emb_loss:0.01393, best_valid(recall@20): 0.07139
valid 	 N@10: 0.04806, R@10: 0.04215, P@10: 0.0375
valid 	 N@20: 0.05854, R@20: 0.07115, P@20: 0.03199
valid 	 N@50: 0.08276, R@50: 0.1365, P@50: 0.0249

6.033980853340449
2023-03-20 04:40:37,835 - [INFO] - current w_0 is 8.619972513557173
2023-03-20 04:41:09,609 - [INFO] - E:95|TAU:7.223 10.86, train_time: 31.02, VALID_time: 0.7532, loss: 2.06e+03, emb_loss:0.01401, best_valid(recall@20): 0.07139
valid 	 N@10: 0.04803, R@10: 0.04226, P@10: 0.0376
valid 	 N@20: 0.05833, R@20: 0.07096, P@20: 0.03189
valid 	 N@50: 0.08262, R@50: 0.1363, P@50: 0.02486

6.033980853340449
2023-03-20 04:41:09,650 - [INFO] - current w_0 is 8.619972513557173
2023-03-20 04:41:41,497 - [INFO] - E:96|TAU:7.196 10.91, train_time: 30.96, VALID_time: 0.89, loss: 2.06e+03, emb_loss:0.0141, best_valid(recall@20): 0.07139
valid 	 N@10: 0.04808, R@10: 0.04229, P@10: 0.03762
valid 	 N@20: 0.05838, R@20: 0.07097, P@20: 0.03191
valid 	 N@50: 0.08261, R@50: 0.1362, P@50: 0.02486

6.033980853340449
2023-03-20 04:41:41,531 - [INFO] - current w_0 is 8.619972513557173
2023-03-20 04:42:13,320 - [INFO] - E:97|TAU:7.211 10.88, train_time: 31.0, VALID_time: 0.7909, loss: 2.06e+03, emb_loss:0.01418, best_valid(recall@20): 0.07139
valid 	 N@10: 0.0481, R@10: 0.04223, P@10: 0.03765
valid 	 N@20: 0.05833, R@20: 0.07085, P@20: 0.03183
valid 	 N@50: 0.0827, R@50: 0.1365, P@50: 0.02487

6.033980853340449
2023-03-20 04:42:13,360 - [INFO] - current w_0 is 8.619972513557173
2023-03-20 04:42:45,237 - [INFO] - E:98|TAU:7.22 10.88, train_time: 30.99, VALID_time: 0.8862, loss: 2.06e+03, emb_loss:0.01427, best_valid(recall@20): 0.07139
valid 	 N@10: 0.04784, R@10: 0.04191, P@10: 0.03728
valid 	 N@20: 0.05846, R@20: 0.0711, P@20: 0.03196
valid 	 N@50: 0.08274, R@50: 0.1366, P@50: 0.02489

6.033980853340449
2023-03-20 04:42:45,280 - [INFO] - current w_0 is 8.619972513557173
2023-03-20 04:43:17,117 - [INFO] - E:99|TAU:7.212 10.84, train_time: 31.03, VALID_time: 0.8096, loss: 2.059e+03, emb_loss:0.01435, best_valid(recall@20): 0.07139
valid 	 N@10: 0.04795, R@10: 0.04202, P@10: 0.03741
valid 	 N@20: 0.05841, R@20: 0.071, P@20: 0.03188
valid 	 N@50: 0.0828, R@50: 0.1368, P@50: 0.02492

2023-03-20 04:43:17,162 - [INFO] - current w_0 is 9.774979591369629
2023-03-20 04:43:49,317 - [INFO] - E:100|TAU:8.177 12.32, train_time: 31.02, VALID_time: 1.139, loss: 1.942e+03, emb_loss:0.01445, best_valid(recall@20): 0.07139
valid 	 N@10: 0.04795, R@10: 0.04202, P@10: 0.03744
valid 	 N@20: 0.05841, R@20: 0.07096, P@20: 0.03191
valid 	 N@50: 0.08277, R@50: 0.1366, P@50: 0.0249

2023-03-20 04:43:49,355 - [INFO] - current w_0 is 9.96658706665039
2023-03-20 04:44:21,161 - [INFO] - E:101|TAU:8.339 12.38, train_time: 30.98, VALID_time: 0.8297, loss: 1.916e+03, emb_loss:0.01457, best_valid(recall@20): 0.07139
valid 	 N@10: 0.04803, R@10: 0.04216, P@10: 0.03757
valid 	 N@20: 0.05866, R@20: 0.07155, P@20: 0.03213
valid 	 N@50: 0.08272, R@50: 0.1365, P@50: 0.02486

2023-03-20 04:44:21,227 - [INFO] - current w_0 is 10.083133697509766
2023-03-20 04:44:52,946 - [INFO] - E:102|TAU:8.467 12.43, train_time: 30.97, VALID_time: 0.7478, loss: 1.899e+03, emb_loss:0.01467, best_valid(recall@20): 0.07155
valid 	 N@10: 0.048, R@10: 0.04221, P@10: 0.03755
valid 	 N@20: 0.0585, R@20: 0.07126, P@20: 0.03198
valid 	 N@50: 0.08263, R@50: 0.1363, P@50: 0.02484

2023-03-20 04:44:52,984 - [INFO] - current w_0 is 10.157219886779785
2023-03-20 04:45:24,713 - [INFO] - E:103|TAU:8.537 12.44, train_time: 31.01, VALID_time: 0.7176, loss: 1.889e+03, emb_loss:0.01478, best_valid(recall@20): 0.07155
valid 	 N@10: 0.04783, R@10: 0.04203, P@10: 0.03747
valid 	 N@20: 0.05834, R@20: 0.07113, P@20: 0.03194
valid 	 N@50: 0.08246, R@50: 0.1362, P@50: 0.02484

2023-03-20 04:45:24,751 - [INFO] - current w_0 is 10.20968246459961
2023-03-20 04:45:56,560 - [INFO] - E:104|TAU:8.575 12.49, train_time: 31.0, VALID_time: 0.817, loss: 1.883e+03, emb_loss:0.01488, best_valid(recall@20): 0.07155
valid 	 N@10: 0.0481, R@10: 0.04222, P@10: 0.03773
valid 	 N@20: 0.05837, R@20: 0.07091, P@20: 0.03193
valid 	 N@50: 0.08249, R@50: 0.136, P@50: 0.02483

2023-03-20 04:45:56,604 - [INFO] - current w_0 is 10.247605323791504
2023-03-20 04:46:28,323 - [INFO] - E:105|TAU:8.627 12.57, train_time: 31.01, VALID_time: 0.7156, loss: 1.877e+03, emb_loss:0.01497, best_valid(recall@20): 0.07155
valid 	 N@10: 0.04803, R@10: 0.0423, P@10: 0.03774
valid 	 N@20: 0.05816, R@20: 0.07068, P@20: 0.03182
valid 	 N@50: 0.08231, R@50: 0.1358, P@50: 0.02478

2023-03-20 04:46:28,362 - [INFO] - current w_0 is 10.276548385620117
2023-03-20 04:47:00,149 - [INFO] - E:106|TAU:8.66 12.65, train_time: 31.01, VALID_time: 0.7758, loss: 1.873e+03, emb_loss:0.01507, best_valid(recall@20): 0.07155
valid 	 N@10: 0.04791, R@10: 0.04209, P@10: 0.03765
valid 	 N@20: 0.0581, R@20: 0.07068, P@20: 0.03177
valid 	 N@50: 0.08223, R@50: 0.1357, P@50: 0.02477

2023-03-20 04:47:00,191 - [INFO] - current w_0 is 10.297786712646484
2023-03-20 04:47:32,003 - [INFO] - E:107|TAU:8.671 12.66, train_time: 30.91, VALID_time: 0.909, loss: 1.87e+03, emb_loss:0.01516, best_valid(recall@20): 0.07155
valid 	 N@10: 0.04792, R@10: 0.04214, P@10: 0.03757
valid 	 N@20: 0.05809, R@20: 0.0706, P@20: 0.03172
valid 	 N@50: 0.08215, R@50: 0.1355, P@50: 0.02471

2023-03-20 04:47:32,049 - [INFO] - current w_0 is 10.315062522888184
2023-03-20 04:48:03,969 - [INFO] - E:108|TAU:8.715 12.65, train_time: 30.97, VALID_time: 0.9558, loss: 1.868e+03, emb_loss:0.01525, best_valid(recall@20): 0.07155
valid 	 N@10: 0.04784, R@10: 0.04205, P@10: 0.03748
valid 	 N@20: 0.05803, R@20: 0.0706, P@20: 0.03169
valid 	 N@50: 0.08205, R@50: 0.1354, P@50: 0.02468

2023-03-20 04:48:04,004 - [INFO] - current w_0 is 10.328781127929688
2023-03-20 04:48:35,798 - [INFO] - E:109|TAU:8.719 12.68, train_time: 31.0, VALID_time: 0.796, loss: 1.866e+03, emb_loss:0.01534, best_valid(recall@20): 0.07155
valid 	 N@10: 0.04777, R@10: 0.04202, P@10: 0.0375
valid 	 N@20: 0.05803, R@20: 0.07066, P@20: 0.03177
valid 	 N@50: 0.08191, R@50: 0.1352, P@50: 0.02464

2023-03-20 04:48:35,841 - [INFO] - current w_0 is 10.339935302734375
2023-03-20 04:49:07,618 - [INFO] - E:110|TAU:8.715 12.63, train_time: 30.98, VALID_time: 0.804, loss: 1.864e+03, emb_loss:0.01543, best_valid(recall@20): 0.07155
valid 	 N@10: 0.04758, R@10: 0.04176, P@10: 0.03729
valid 	 N@20: 0.05795, R@20: 0.07053, P@20: 0.03176
valid 	 N@50: 0.08186, R@50: 0.1352, P@50: 0.02466

2023-03-20 04:49:07,657 - [INFO] - current w_0 is 10.347825050354004
2023-03-20 04:49:39,392 - [INFO] - E:111|TAU:8.722 12.68, train_time: 30.97, VALID_time: 0.7683, loss: 1.863e+03, emb_loss:0.01552, best_valid(recall@20): 0.07155
valid 	 N@10: 0.0474, R@10: 0.04161, P@10: 0.03718
valid 	 N@20: 0.05771, R@20: 0.07027, P@20: 0.03166
valid 	 N@50: 0.08163, R@50: 0.1349, P@50: 0.02461

2023-03-20 04:49:39,438 - [INFO] - current w_0 is 10.354471206665039
2023-03-20 04:50:11,276 - [INFO] - E:112|TAU:8.745 12.7, train_time: 31.02, VALID_time: 0.8232, loss: 1.862e+03, emb_loss:0.01561, best_valid(recall@20): 0.07155
valid 	 N@10: 0.04763, R@10: 0.04178, P@10: 0.0373
valid 	 N@20: 0.05785, R@20: 0.07035, P@20: 0.03166
valid 	 N@50: 0.08173, R@50: 0.1348, P@50: 0.0246

2023-03-20 04:50:11,322 - [INFO] - current w_0 is 10.360237121582031
2023-03-20 04:50:43,306 - [INFO] - E:113|TAU:8.743 12.68, train_time: 31.02, VALID_time: 0.9656, loss: 1.861e+03, emb_loss:0.0157, best_valid(recall@20): 0.07155
valid 	 N@10: 0.04753, R@10: 0.04162, P@10: 0.03726
valid 	 N@20: 0.05783, R@20: 0.07032, P@20: 0.03166
valid 	 N@50: 0.08173, R@50: 0.1348, P@50: 0.02462

2023-03-20 04:50:43,354 - [INFO] - current w_0 is 10.364614486694336
2023-03-20 04:51:15,185 - [INFO] - E:114|TAU:8.74 12.71, train_time: 30.98, VALID_time: 0.8559, loss: 1.86e+03, emb_loss:0.01579, best_valid(recall@20): 0.07155
valid 	 N@10: 0.04752, R@10: 0.04171, P@10: 0.03723
valid 	 N@20: 0.05781, R@20: 0.0703, P@20: 0.03167
valid 	 N@50: 0.08162, R@50: 0.1345, P@50: 0.02458

2023-03-20 04:51:15,226 - [INFO] - current w_0 is 10.368834495544434
2023-03-20 04:51:47,073 - [INFO] - E:115|TAU:8.754 12.73, train_time: 31.02, VALID_time: 0.8349, loss: 1.859e+03, emb_loss:0.01587, best_valid(recall@20): 0.07155
valid 	 N@10: 0.04755, R@10: 0.04175, P@10: 0.03725
valid 	 N@20: 0.05773, R@20: 0.07012, P@20: 0.03159
valid 	 N@50: 0.08168, R@50: 0.1347, P@50: 0.0246

2023-03-20 04:51:47,117 - [INFO] - current w_0 is 10.372254371643066
2023-03-20 04:52:19,019 - [INFO] - E:116|TAU:8.75 12.71, train_time: 31.12, VALID_time: 0.7868, loss: 1.859e+03, emb_loss:0.01596, best_valid(recall@20): 0.07155
valid 	 N@10: 0.04748, R@10: 0.04158, P@10: 0.0371
valid 	 N@20: 0.05785, R@20: 0.07036, P@20: 0.03163
valid 	 N@50: 0.08161, R@50: 0.1345, P@50: 0.02455

2023-03-20 04:52:19,056 - [INFO] - current w_0 is 10.37376594543457
2023-03-20 04:52:51,124 - [INFO] - E:117|TAU:8.744 12.73, train_time: 31.09, VALID_time: 0.9832, loss: 1.859e+03, emb_loss:0.01604, best_valid(recall@20): 0.07155
valid 	 N@10: 0.04742, R@10: 0.04162, P@10: 0.03719
valid 	 N@20: 0.05773, R@20: 0.07025, P@20: 0.03166
valid 	 N@50: 0.08158, R@50: 0.1346, P@50: 0.02458

2023-03-20 04:52:51,171 - [INFO] - current w_0 is 10.375886917114258
2023-03-20 04:53:23,024 - [INFO] - E:118|TAU:8.761 12.71, train_time: 31.02, VALID_time: 0.8365, loss: 1.858e+03, emb_loss:0.01613, best_valid(recall@20): 0.07155
valid 	 N@10: 0.04747, R@10: 0.04169, P@10: 0.03723
valid 	 N@20: 0.05786, R@20: 0.07044, P@20: 0.03173
valid 	 N@50: 0.08167, R@50: 0.1347, P@50: 0.0246

2023-03-20 04:53:23,069 - [INFO] - current w_0 is 10.378324508666992
2023-03-20 04:53:54,838 - [INFO] - E:119|TAU:8.737 12.7, train_time: 31.0, VALID_time: 0.7758, loss: 1.857e+03, emb_loss:0.01621, best_valid(recall@20): 0.07155
valid 	 N@10: 0.04758, R@10: 0.04179, P@10: 0.03725
valid 	 N@20: 0.05782, R@20: 0.07019, P@20: 0.03161
valid 	 N@50: 0.08167, R@50: 0.1345, P@50: 0.02456

2023-03-20 04:53:54,875 - [INFO] - current w_0 is 10.380569458007812
2023-03-20 04:54:26,727 - [INFO] - E:120|TAU:8.765 12.71, train_time: 30.99, VALID_time: 0.8676, loss: 1.857e+03, emb_loss:0.01629, best_valid(recall@20): 0.07155
valid 	 N@10: 0.04739, R@10: 0.04151, P@10: 0.03711
valid 	 N@20: 0.05774, R@20: 0.07019, P@20: 0.0316
valid 	 N@50: 0.08163, R@50: 0.1346, P@50: 0.02458

2023-03-20 04:54:26,764 - [INFO] - current w_0 is 10.382285118103027
2023-03-20 04:54:58,791 - [INFO] - E:121|TAU:8.776 12.71, train_time: 31.04, VALID_time: 0.9854, loss: 1.857e+03, emb_loss:0.01638, best_valid(recall@20): 0.07155
valid 	 N@10: 0.04769, R@10: 0.04183, P@10: 0.03745
valid 	 N@20: 0.05782, R@20: 0.07019, P@20: 0.03163
valid 	 N@50: 0.08151, R@50: 0.1341, P@50: 0.02453

2023-03-20 04:54:58,838 - [INFO] - current w_0 is 10.384267807006836
2023-03-20 04:55:30,672 - [INFO] - E:122|TAU:8.771 12.72, train_time: 31.03, VALID_time: 0.8105, loss: 1.856e+03, emb_loss:0.01646, best_valid(recall@20): 0.07155
valid 	 N@10: 0.04764, R@10: 0.04187, P@10: 0.03741
valid 	 N@20: 0.05786, R@20: 0.07046, P@20: 0.03169
valid 	 N@50: 0.08141, R@50: 0.134, P@50: 0.02449

2023-03-20 04:55:30,715 - [INFO] - current w_0 is 10.384471893310547
2023-03-20 04:56:03,195 - [INFO] - E:123|TAU:8.768 12.73, train_time: 31.11, VALID_time: 1.373, loss: 1.856e+03, emb_loss:0.01654, best_valid(recall@20): 0.07155
valid 	 N@10: 0.04757, R@10: 0.0418, P@10: 0.03733
valid 	 N@20: 0.05781, R@20: 0.07031, P@20: 0.03168
valid 	 N@50: 0.08151, R@50: 0.1343, P@50: 0.02453

2023-03-20 04:56:03,323 - [INFO] - current w_0 is 10.38552188873291
2023-03-20 04:56:35,337 - [INFO] - E:124|TAU:8.762 12.73, train_time: 31.2, VALID_time: 0.8136, loss: 1.856e+03, emb_loss:0.01662, best_valid(recall@20): 0.07155
valid 	 N@10: 0.04758, R@10: 0.04176, P@10: 0.03732
valid 	 N@20: 0.05772, R@20: 0.07006, P@20: 0.03159
valid 	 N@50: 0.08159, R@50: 0.1345, P@50: 0.02454

2023-03-20 04:56:35,376 - [INFO] - current w_0 is 10.386600494384766
2023-03-20 04:57:07,228 - [INFO] - E:125|TAU:8.761 12.7, train_time: 30.98, VALID_time: 0.8758, loss: 1.855e+03, emb_loss:0.0167, best_valid(recall@20): 0.07155
valid 	 N@10: 0.04755, R@10: 0.04163, P@10: 0.0372
valid 	 N@20: 0.05784, R@20: 0.07026, P@20: 0.03162
valid 	 N@50: 0.08163, R@50: 0.1344, P@50: 0.02456

2023-03-20 04:57:07,268 - [INFO] - current w_0 is 10.387301445007324
2023-03-20 04:57:39,110 - [INFO] - E:126|TAU:8.765 12.74, train_time: 31.05, VALID_time: 0.7957, loss: 1.855e+03, emb_loss:0.01678, best_valid(recall@20): 0.07155
valid 	 N@10: 0.04757, R@10: 0.0416, P@10: 0.0372
valid 	 N@20: 0.05794, R@20: 0.07032, P@20: 0.03172
valid 	 N@50: 0.08167, R@50: 0.1344, P@50: 0.02456

2023-03-20 04:57:39,154 - [INFO] - current w_0 is 10.387743949890137
2023-03-20 04:58:10,972 - [INFO] - E:127|TAU:8.775 12.7, train_time: 31.03, VALID_time: 0.7894, loss: 1.855e+03, emb_loss:0.01686, best_valid(recall@20): 0.07155
valid 	 N@10: 0.04769, R@10: 0.0417, P@10: 0.03725
valid 	 N@20: 0.05794, R@20: 0.07024, P@20: 0.03166
valid 	 N@50: 0.08163, R@50: 0.1342, P@50: 0.02451

2023-03-20 04:58:11,028 - [INFO] - current w_0 is 10.388565063476562
2023-03-20 04:58:42,924 - [INFO] - E:128|TAU:8.767 12.69, train_time: 31.02, VALID_time: 0.8766, loss: 1.854e+03, emb_loss:0.01693, best_valid(recall@20): 0.07155
valid 	 N@10: 0.04769, R@10: 0.04184, P@10: 0.03743
valid 	 N@20: 0.05784, R@20: 0.07025, P@20: 0.03166
valid 	 N@50: 0.08161, R@50: 0.1344, P@50: 0.02456

2023-03-20 04:58:42,966 - [INFO] - current w_0 is 10.38918685913086
2023-03-20 04:59:14,697 - [INFO] - E:129|TAU:8.758 12.7, train_time: 31.02, VALID_time: 0.7148, loss: 1.854e+03, emb_loss:0.01701, best_valid(recall@20): 0.07155
valid 	 N@10: 0.04769, R@10: 0.04178, P@10: 0.0374
valid 	 N@20: 0.05781, R@20: 0.07014, P@20: 0.03163
valid 	 N@50: 0.08151, R@50: 0.1341, P@50: 0.0245

2023-03-20 04:59:14,734 - [INFO] - current w_0 is 10.389444351196289
2023-03-20 04:59:46,522 - [INFO] - E:130|TAU:8.76 12.73, train_time: 31.06, VALID_time: 0.7346, loss: 1.854e+03, emb_loss:0.01709, best_valid(recall@20): 0.07155
valid 	 N@10: 0.04758, R@10: 0.04173, P@10: 0.03729
valid 	 N@20: 0.05774, R@20: 0.07009, P@20: 0.0316
valid 	 N@50: 0.08161, R@50: 0.1346, P@50: 0.02457

2023-03-20 04:59:46,560 - [INFO] - current w_0 is 10.390059471130371
2023-03-20 05:00:18,569 - [INFO] - E:131|TAU:8.776 12.73, train_time: 30.98, VALID_time: 1.032, loss: 1.853e+03, emb_loss:0.01716, best_valid(recall@20): 0.07155
valid 	 N@10: 0.04753, R@10: 0.04177, P@10: 0.03733
valid 	 N@20: 0.05778, R@20: 0.07033, P@20: 0.03169
valid 	 N@50: 0.08148, R@50: 0.1343, P@50: 0.02455

2023-03-20 05:00:18,615 - [INFO] - current w_0 is 10.390644073486328
2023-03-20 05:00:50,477 - [INFO] - E:132|TAU:8.763 12.74, train_time: 31.04, VALID_time: 0.8286, loss: 1.853e+03, emb_loss:0.01724, best_valid(recall@20): 0.07155
valid 	 N@10: 0.04736, R@10: 0.04158, P@10: 0.0372
valid 	 N@20: 0.05767, R@20: 0.07022, P@20: 0.03167
valid 	 N@50: 0.08149, R@50: 0.1345, P@50: 0.02458

2023-03-20 05:00:50,515 - [INFO] - current w_0 is 10.391672134399414
2023-03-20 05:01:22,687 - [INFO] - E:133|TAU:8.769 12.76, train_time: 31.02, VALID_time: 1.156, loss: 1.853e+03, emb_loss:0.01731, best_valid(recall@20): 0.07155
valid 	 N@10: 0.0474, R@10: 0.04158, P@10: 0.03721
valid 	 N@20: 0.05762, R@20: 0.07006, P@20: 0.03157
valid 	 N@50: 0.08148, R@50: 0.1344, P@50: 0.02456

2023-03-20 05:01:22,735 - [INFO] - current w_0 is 10.392402648925781
2023-03-20 05:01:54,586 - [INFO] - E:134|TAU:8.764 12.75, train_time: 31.0, VALID_time: 0.8509, loss: 1.853e+03, emb_loss:0.01739, best_valid(recall@20): 0.07155
valid 	 N@10: 0.04745, R@10: 0.04161, P@10: 0.03727
valid 	 N@20: 0.05768, R@20: 0.0702, P@20: 0.03165
valid 	 N@50: 0.08152, R@50: 0.1346, P@50: 0.02459

2023-03-20 05:01:54,628 - [INFO] - current w_0 is 10.393024444580078
2023-03-20 05:02:26,474 - [INFO] - E:135|TAU:8.772 12.72, train_time: 31.0, VALID_time: 0.8515, loss: 1.852e+03, emb_loss:0.01746, best_valid(recall@20): 0.07155
valid 	 N@10: 0.04745, R@10: 0.04163, P@10: 0.03724
valid 	 N@20: 0.05784, R@20: 0.07047, P@20: 0.03177
valid 	 N@50: 0.08158, R@50: 0.1347, P@50: 0.02459

2023-03-20 05:02:26,521 - [INFO] - current w_0 is 10.392754554748535
2023-03-20 05:02:58,327 - [INFO] - E:136|TAU:8.774 12.72, train_time: 31.01, VALID_time: 0.8036, loss: 1.852e+03, emb_loss:0.01753, best_valid(recall@20): 0.07155
valid 	 N@10: 0.0475, R@10: 0.04164, P@10: 0.03724
valid 	 N@20: 0.05779, R@20: 0.07023, P@20: 0.03168
valid 	 N@50: 0.08154, R@50: 0.1344, P@50: 0.02454

2023-03-20 05:02:58,359 - [INFO] - current w_0 is 10.393071174621582
2023-03-20 05:03:30,208 - [INFO] - E:137|TAU:8.771 12.72, train_time: 31.04, VALID_time: 0.8092, loss: 1.853e+03, emb_loss:0.01761, best_valid(recall@20): 0.07155
valid 	 N@10: 0.04757, R@10: 0.04171, P@10: 0.0372
valid 	 N@20: 0.05783, R@20: 0.07028, P@20: 0.03166
valid 	 N@50: 0.08155, R@50: 0.1343, P@50: 0.02454

2023-03-20 05:03:30,249 - [INFO] - current w_0 is 10.393586158752441
2023-03-20 05:04:01,998 - [INFO] - E:138|TAU:8.785 12.74, train_time: 30.98, VALID_time: 0.7703, loss: 1.852e+03, emb_loss:0.01768, best_valid(recall@20): 0.07155
valid 	 N@10: 0.04763, R@10: 0.04169, P@10: 0.03722
valid 	 N@20: 0.05794, R@20: 0.07023, P@20: 0.03173
valid 	 N@50: 0.08164, R@50: 0.1343, P@50: 0.02455

2023-03-20 05:04:02,035 - [INFO] - current w_0 is 10.393743515014648
2023-03-20 05:04:33,802 - [INFO] - E:139|TAU:8.767 12.74, train_time: 31.0, VALID_time: 0.7697, loss: 1.852e+03, emb_loss:0.01775, best_valid(recall@20): 0.07155
valid 	 N@10: 0.04765, R@10: 0.04179, P@10: 0.0373
valid 	 N@20: 0.05795, R@20: 0.07041, P@20: 0.03175
valid 	 N@50: 0.0816, R@50: 0.1344, P@50: 0.02454

2023-03-20 05:04:33,847 - [INFO] - current w_0 is 10.393509864807129
2023-03-20 05:05:05,664 - [INFO] - E:140|TAU:8.771 12.75, train_time: 31.05, VALID_time: 0.7686, loss: 1.852e+03, emb_loss:0.01782, best_valid(recall@20): 0.07155
valid 	 N@10: 0.04754, R@10: 0.04165, P@10: 0.03727
valid 	 N@20: 0.05784, R@20: 0.07028, P@20: 0.0317
valid 	 N@50: 0.08156, R@50: 0.1344, P@50: 0.02455

2023-03-20 05:05:05,706 - [INFO] - current w_0 is 10.394157409667969
2023-03-20 05:05:37,953 - [INFO] - E:141|TAU:8.762 12.7, train_time: 31.02, VALID_time: 1.233, loss: 1.851e+03, emb_loss:0.01789, best_valid(recall@20): 0.07155
valid 	 N@10: 0.04768, R@10: 0.0418, P@10: 0.03738
valid 	 N@20: 0.05788, R@20: 0.07034, P@20: 0.03165
valid 	 N@50: 0.08161, R@50: 0.1344, P@50: 0.02456

2023-03-20 05:05:37,990 - [INFO] - current w_0 is 10.394963264465332
2023-03-20 05:06:09,731 - [INFO] - E:142|TAU:8.775 12.69, train_time: 30.98, VALID_time: 0.7636, loss: 1.851e+03, emb_loss:0.01796, best_valid(recall@20): 0.07155
valid 	 N@10: 0.04742, R@10: 0.04154, P@10: 0.03723
valid 	 N@20: 0.05778, R@20: 0.07034, P@20: 0.03174
valid 	 N@50: 0.08149, R@50: 0.1344, P@50: 0.02457

2023-03-20 05:06:09,779 - [INFO] - current w_0 is 10.394932746887207
2023-03-20 05:06:41,597 - [INFO] - E:143|TAU:8.769 12.74, train_time: 30.97, VALID_time: 0.8532, loss: 1.851e+03, emb_loss:0.01802, best_valid(recall@20): 0.07155
valid 	 N@10: 0.04746, R@10: 0.04174, P@10: 0.03725
valid 	 N@20: 0.05777, R@20: 0.07039, P@20: 0.0317
valid 	 N@50: 0.0814, R@50: 0.1342, P@50: 0.02452

2023-03-20 05:06:41,640 - [INFO] - current w_0 is 10.395156860351562
2023-03-20 05:07:13,686 - [INFO] - E:144|TAU:8.77 12.71, train_time: 31.0, VALID_time: 1.049, loss: 1.851e+03, emb_loss:0.01809, best_valid(recall@20): 0.07155
valid 	 N@10: 0.04754, R@10: 0.04176, P@10: 0.03727
valid 	 N@20: 0.05781, R@20: 0.07032, P@20: 0.03164
valid 	 N@50: 0.08163, R@50: 0.1346, P@50: 0.02458

2023-03-20 05:07:13,733 - [INFO] - current w_0 is 10.395451545715332
2023-03-20 05:07:45,601 - [INFO] - E:145|TAU:8.781 12.72, train_time: 31.03, VALID_time: 0.8371, loss: 1.851e+03, emb_loss:0.01816, best_valid(recall@20): 0.07155
valid 	 N@10: 0.04767, R@10: 0.04184, P@10: 0.03736
valid 	 N@20: 0.05788, R@20: 0.07028, P@20: 0.03167
valid 	 N@50: 0.08157, R@50: 0.1343, P@50: 0.02451

2023-03-20 05:07:45,644 - [INFO] - current w_0 is 10.395630836486816
2023-03-20 05:08:17,544 - [INFO] - E:146|TAU:8.779 12.69, train_time: 31.12, VALID_time: 0.7847, loss: 1.851e+03, emb_loss:0.01823, best_valid(recall@20): 0.07155
valid 	 N@10: 0.0476, R@10: 0.04172, P@10: 0.03729
valid 	 N@20: 0.05783, R@20: 0.07021, P@20: 0.03161
valid 	 N@50: 0.08165, R@50: 0.1345, P@50: 0.02457

2023-03-20 05:08:17,584 - [INFO] - current w_0 is 10.39566421508789
2023-03-20 05:08:49,562 - [INFO] - E:147|TAU:8.774 12.7, train_time: 31.09, VALID_time: 0.8858, loss: 1.85e+03, emb_loss:0.01829, best_valid(recall@20): 0.07155
valid 	 N@10: 0.04758, R@10: 0.04169, P@10: 0.03729
valid 	 N@20: 0.05771, R@20: 0.07002, P@20: 0.03153
valid 	 N@50: 0.08163, R@50: 0.1345, P@50: 0.02457

2023-03-20 05:08:49,604 - [INFO] - current w_0 is 10.395403861999512
2023-03-20 05:09:21,345 - [INFO] - E:148|TAU:8.787 12.76, train_time: 30.96, VALID_time: 0.78, loss: 1.85e+03, emb_loss:0.01836, best_valid(recall@20): 0.07155
valid 	 N@10: 0.04764, R@10: 0.0418, P@10: 0.03736
valid 	 N@20: 0.05781, R@20: 0.07024, P@20: 0.03159
valid 	 N@50: 0.08165, R@50: 0.1346, P@50: 0.02458

2023-03-20 05:09:21,382 - [INFO] - current w_0 is 10.395798683166504
2023-03-20 05:09:53,212 - [INFO] - E:149|TAU:8.774 12.7, train_time: 30.96, VALID_time: 0.8678, loss: 1.85e+03, emb_loss:0.01842, best_valid(recall@20): 0.07155
valid 	 N@10: 0.04771, R@10: 0.0419, P@10: 0.03736
valid 	 N@20: 0.05785, R@20: 0.07016, P@20: 0.03158
valid 	 N@50: 0.08165, R@50: 0.1344, P@50: 0.02454

2023-03-20 05:09:53,254 - [INFO] - current w_0 is 10.395791053771973
2023-03-20 05:10:24,987 - [INFO] - E:150|TAU:8.777 12.75, train_time: 30.97, VALID_time: 0.7658, loss: 1.85e+03, emb_loss:0.01849, best_valid(recall@20): 0.07155
valid 	 N@10: 0.04765, R@10: 0.04189, P@10: 0.03738
valid 	 N@20: 0.05776, R@20: 0.07013, P@20: 0.0316
valid 	 N@50: 0.08148, R@50: 0.1342, P@50: 0.0245

2023-03-20 05:10:25,026 - [INFO] - current w_0 is 10.395837783813477
2023-03-20 05:10:56,849 - [INFO] - E:151|TAU:8.775 12.72, train_time: 30.93, VALID_time: 0.8931, loss: 1.85e+03, emb_loss:0.01855, best_valid(recall@20): 0.07155
valid 	 N@10: 0.04775, R@10: 0.04183, P@10: 0.03732
valid 	 N@20: 0.05788, R@20: 0.07009, P@20: 0.03158
valid 	 N@50: 0.08166, R@50: 0.1343, P@50: 0.02453

2023-03-20 05:10:56,889 - [INFO] - current w_0 is 10.39572811126709
2023-03-20 05:11:28,659 - [INFO] - E:152|TAU:8.767 12.73, train_time: 31.01, VALID_time: 0.7614, loss: 1.849e+03, emb_loss:0.01861, best_valid(recall@20): 0.07155
valid 	 N@10: 0.04761, R@10: 0.04166, P@10: 0.03719
valid 	 N@20: 0.05786, R@20: 0.07012, P@20: 0.03161
valid 	 N@50: 0.08161, R@50: 0.1342, P@50: 0.02453

2023-03-20 05:11:28,659 - [INFO] - start to test!!

2023-03-20 05:11:29,104 - [INFO] - 
TEST 	 N@10: 0.04803, R@10: 0.04216, P@10: 0.03757
TEST 	 N@20: 0.05866, R@20: 0.07155, P@20: 0.03213
TEST 	 N@50: 0.08272, R@50: 0.1365, P@50: 0.02486

